<?xml version="1.0" encoding="UTF-8"?>
<coverage generated="1773488236461" clover="3.2.0">
  <project timestamp="1773488236461" name="All files">
    <metrics statements="1724" coveredstatements="1394" conditionals="610" coveredconditionals="434" methods="250" coveredmethods="201" elements="2584" coveredelements="2029" complexity="0" loc="1724" ncloc="1724" packages="1" files="23" classes="23"/>
    <file name="adaptive_switch.ts" path="/home/axcpeter/.tikitaka/sdk/src/adaptive_switch.ts">
      <metrics statements="64" coveredstatements="64" conditionals="31" coveredconditionals="29" methods="10" coveredmethods="10"/>
      <line num="4" count="7" type="stmt"/>
      <line num="5" count="7" type="stmt"/>
      <line num="7" count="7" type="cond" truecount="2" falsecount="0"/>
      <line num="8" count="7" type="stmt"/>
      <line num="9" count="7" type="stmt"/>
      <line num="27" count="7" type="stmt"/>
      <line num="34" count="7" type="stmt"/>
      <line num="35" count="32" type="stmt"/>
      <line num="36" count="32" type="stmt"/>
      <line num="37" count="32" type="stmt"/>
      <line num="38" count="32" type="stmt"/>
      <line num="39" count="32" type="stmt"/>
      <line num="40" count="32" type="stmt"/>
      <line num="41" count="32" type="stmt"/>
      <line num="42" count="32" type="stmt"/>
      <line num="43" count="32" type="stmt"/>
      <line num="47" count="32" type="cond" truecount="2" falsecount="0"/>
      <line num="55" count="337" type="stmt"/>
      <line num="56" count="337" type="cond" truecount="3" falsecount="1"/>
      <line num="57" count="337" type="stmt"/>
      <line num="58" count="337" type="cond" truecount="2" falsecount="0"/>
      <line num="62" count="337" type="stmt"/>
      <line num="63" count="337" type="cond" truecount="1" falsecount="0"/>
      <line num="64" count="5" type="stmt"/>
      <line num="65" count="5" type="stmt"/>
      <line num="66" count="5" type="cond" truecount="1" falsecount="0"/>
      <line num="67" count="1" type="stmt"/>
      <line num="69" count="1" type="stmt"/>
      <line num="70" count="1" type="stmt"/>
      <line num="75" count="337" type="stmt"/>
      <line num="76" count="337" type="cond" truecount="1" falsecount="0"/>
      <line num="77" count="72" type="stmt"/>
      <line num="80" count="337" type="cond" truecount="1" falsecount="0"/>
      <line num="81" count="24" type="stmt"/>
      <line num="85" count="4169" type="stmt"/>
      <line num="86" count="337" type="cond" truecount="1" falsecount="1"/>
      <line num="89" count="337" type="cond" truecount="2" falsecount="0"/>
      <line num="93" count="337" type="cond" truecount="5" falsecount="0"/>
      <line num="94" count="35" type="cond" truecount="1" falsecount="0"/>
      <line num="95" count="11" type="stmt"/>
      <line num="97" count="35" type="stmt"/>
      <line num="98" count="35" type="stmt"/>
      <line num="100" count="302" type="cond" truecount="1" falsecount="0"/>
      <line num="101" count="2" type="stmt"/>
      <line num="103" count="302" type="stmt"/>
      <line num="106" count="337" type="stmt"/>
      <line num="115" count="6" type="cond" truecount="2" falsecount="0"/>
      <line num="122" count="23" type="stmt"/>
      <line num="129" count="2" type="stmt"/>
      <line num="130" count="2" type="stmt"/>
      <line num="131" count="2" type="stmt"/>
      <line num="132" count="2" type="stmt"/>
      <line num="140" count="3" type="stmt"/>
      <line num="153" count="3" type="stmt"/>
      <line num="154" count="3" type="cond" truecount="2" falsecount="0"/>
      <line num="155" count="3" type="stmt"/>
      <line num="156" count="3" type="stmt"/>
      <line num="157" count="3" type="stmt"/>
      <line num="158" count="3" type="stmt"/>
      <line num="159" count="3" type="stmt"/>
      <line num="163" count="337" type="cond" truecount="1" falsecount="0"/>
      <line num="164" count="333" type="stmt"/>
      <line num="165" count="934" type="cond" truecount="1" falsecount="0"/>
      <line num="167" count="300" type="stmt"/>
    </file>
    <file name="auto_mint.ts" path="/home/axcpeter/.tikitaka/sdk/src/auto_mint.ts">
      <metrics statements="149" coveredstatements="119" conditionals="46" coveredconditionals="26" methods="15" coveredmethods="14"/>
      <line num="1" count="4" type="stmt"/>
      <line num="2" count="4" type="stmt"/>
      <line num="3" count="4" type="stmt"/>
      <line num="4" count="4" type="stmt"/>
      <line num="5" count="4" type="stmt"/>
      <line num="6" count="4" type="stmt"/>
      <line num="7" count="4" type="stmt"/>
      <line num="8" count="4" type="stmt"/>
      <line num="9" count="4" type="stmt"/>
      <line num="10" count="4" type="stmt"/>
      <line num="13" count="4" type="stmt"/>
      <line num="16" count="4" type="stmt"/>
      <line num="22" count="4" type="stmt"/>
      <line num="27" count="26" type="stmt"/>
      <line num="28" count="26" type="stmt"/>
      <line num="29" count="26" type="stmt"/>
      <line num="30" count="26" type="stmt"/>
      <line num="34" count="26" type="stmt"/>
      <line num="35" count="26" type="stmt"/>
      <line num="36" count="26" type="stmt"/>
      <line num="37" count="26" type="stmt"/>
      <line num="39" count="26" type="stmt"/>
      <line num="42" count="26" type="stmt"/>
      <line num="43" count="26" type="stmt"/>
      <line num="44" count="26" type="stmt"/>
      <line num="48" count="26" type="stmt"/>
      <line num="49" count="26" type="cond" truecount="1" falsecount="0"/>
      <line num="50" count="1" type="stmt"/>
      <line num="53" count="26" type="cond" truecount="1" falsecount="1"/>
      <line num="59" count="12" type="stmt"/>
      <line num="63" count="4" type="stmt"/>
      <line num="67" count="5" type="stmt"/>
      <line num="71" count="2" type="stmt"/>
      <line num="75" count="1" type="stmt"/>
      <line num="82" count="12" type="stmt"/>
      <line num="83" count="12" type="cond" truecount="2" falsecount="0"/>
      <line num="84" count="12" type="cond" truecount="1" falsecount="0"/>
      <line num="86" count="11" type="stmt"/>
      <line num="87" count="11" type="stmt"/>
      <line num="89" count="11" type="stmt"/>
      <line num="91" count="11" type="stmt"/>
      <line num="100" count="11" type="stmt"/>
      <line num="102" count="11" type="cond" truecount="0" falsecount="1"/>
      <line num="103" count="0" type="stmt"/>
      <line num="109" count="0" type="stmt"/>
      <line num="113" count="1" type="stmt"/>
      <line num="114" count="1" type="stmt"/>
      <line num="115" count="1" type="stmt"/>
      <line num="116" count="1" type="cond" truecount="1" falsecount="1"/>
      <line num="117" count="1" type="stmt"/>
      <line num="125" count="10" type="cond" truecount="1" falsecount="0"/>
      <line num="128" count="9" type="cond" truecount="0" falsecount="1"/>
      <line num="129" count="0" type="stmt"/>
      <line num="130" count="0" type="stmt"/>
      <line num="133" count="9" type="stmt"/>
      <line num="134" count="9" type="stmt"/>
      <line num="136" count="9" type="stmt"/>
      <line num="137" count="1" type="cond" truecount="0" falsecount="1"/>
      <line num="138" count="1" type="stmt"/>
      <line num="139" count="1" type="stmt"/>
      <line num="140" count="1" type="stmt"/>
      <line num="141" count="1" type="stmt"/>
      <line num="142" count="1" type="stmt"/>
      <line num="144" count="1" type="cond" truecount="1" falsecount="0"/>
      <line num="145" count="1" type="stmt"/>
      <line num="148" count="0" type="stmt"/>
      <line num="150" count="0" type="cond" truecount="0" falsecount="1"/>
      <line num="151" count="0" type="cond" truecount="0" falsecount="2"/>
      <line num="153" count="0" type="cond" truecount="0" falsecount="2"/>
      <line num="154" count="0" type="cond" truecount="0" falsecount="1"/>
      <line num="155" count="0" type="stmt"/>
      <line num="156" count="0" type="stmt"/>
      <line num="159" count="1" type="stmt"/>
      <line num="163" count="9" type="stmt"/>
      <line num="170" count="33" type="cond" truecount="1" falsecount="0"/>
      <line num="171" count="9" type="stmt"/>
      <line num="172" count="9" type="stmt"/>
      <line num="174" count="33" type="stmt"/>
      <line num="175" count="33" type="stmt"/>
      <line num="183" count="2" type="stmt"/>
      <line num="184" count="2" type="stmt"/>
      <line num="185" count="2" type="stmt"/>
      <line num="192" count="3" type="stmt"/>
      <line num="201" count="10" type="stmt"/>
      <line num="202" count="10" type="cond" truecount="1" falsecount="0"/>
      <line num="203" count="1" type="stmt"/>
      <line num="204" count="1" type="stmt"/>
      <line num="208" count="9" type="cond" truecount="3" falsecount="0"/>
      <line num="209" count="1" type="stmt"/>
      <line num="213" count="8" type="stmt"/>
      <line num="214" count="8" type="cond" truecount="1" falsecount="0"/>
      <line num="215" count="1" type="stmt"/>
      <line num="220" count="7" type="stmt"/>
      <line num="221" count="7" type="stmt"/>
      <line num="236" count="7" type="cond" truecount="1" falsecount="0"/>
      <line num="237" count="7" type="stmt"/>
      <line num="238" count="7" type="stmt"/>
      <line num="244" count="7" type="stmt"/>
      <line num="245" count="7" type="stmt"/>
      <line num="253" count="7" type="stmt"/>
      <line num="256" count="7" type="stmt"/>
      <line num="260" count="7" type="stmt"/>
      <line num="261" count="7" type="stmt"/>
      <line num="266" count="7" type="stmt"/>
      <line num="267" count="7" type="stmt"/>
      <line num="268" count="7" type="cond" truecount="1" falsecount="0"/>
      <line num="269" count="1" type="stmt"/>
      <line num="272" count="7" type="stmt"/>
      <line num="275" count="7" type="cond" truecount="0" falsecount="1"/>
      <line num="276" count="0" type="stmt"/>
      <line num="278" count="7" type="stmt"/>
      <line num="280" count="7" type="stmt"/>
      <line num="284" count="7" type="stmt"/>
      <line num="285" count="7" type="stmt"/>
      <line num="286" count="10" type="stmt"/>
      <line num="287" count="10" type="stmt"/>
      <line num="293" count="6" type="stmt"/>
      <line num="294" count="6" type="stmt"/>
      <line num="296" count="4" type="cond" truecount="1" falsecount="1"/>
      <line num="297" count="4" type="cond" truecount="1" falsecount="0"/>
      <line num="298" count="3" type="stmt"/>
      <line num="299" count="3" type="stmt"/>
      <line num="300" count="3" type="stmt"/>
      <line num="304" count="7" type="cond" truecount="3" falsecount="0"/>
      <line num="305" count="1" type="cond" truecount="1" falsecount="1"/>
      <line num="310" count="6" type="stmt"/>
      <line num="311" count="6" type="cond" truecount="1" falsecount="2"/>
      <line num="312" count="0" type="stmt"/>
      <line num="317" count="0" type="stmt"/>
      <line num="322" count="0" type="stmt"/>
      <line num="323" count="0" type="stmt"/>
      <line num="325" count="0" type="stmt"/>
      <line num="326" count="0" type="stmt"/>
      <line num="328" count="0" type="stmt"/>
      <line num="336" count="0" type="cond" truecount="0" falsecount="2"/>
      <line num="338" count="0" type="stmt"/>
      <line num="343" count="6" type="stmt"/>
      <line num="345" count="6" type="stmt"/>
      <line num="347" count="6" type="cond" truecount="1" falsecount="0"/>
      <line num="348" count="4" type="stmt"/>
      <line num="360" count="0" type="cond" truecount="0" falsecount="1"/>
      <line num="361" count="0" type="stmt"/>
      <line num="365" count="0" type="stmt"/>
      <line num="366" count="0" type="cond" truecount="0" falsecount="1"/>
      <line num="367" count="0" type="stmt"/>
      <line num="370" count="0" type="stmt"/>
      <line num="377" count="0" type="stmt"/>
      <line num="386" count="0" type="stmt"/>
      <line num="393" count="0" type="stmt"/>
    </file>
    <file name="dynamic_fee.ts" path="/home/axcpeter/.tikitaka/sdk/src/dynamic_fee.ts">
      <metrics statements="104" coveredstatements="68" conditionals="51" coveredconditionals="32" methods="13" coveredmethods="11"/>
      <line num="5" count="6" type="stmt"/>
      <line num="6" count="6" type="stmt"/>
      <line num="21" count="6" type="stmt"/>
      <line num="29" count="6" type="stmt"/>
      <line num="56" count="6" type="stmt"/>
      <line num="57" count="27" type="stmt"/>
      <line num="58" count="27" type="stmt"/>
      <line num="59" count="27" type="stmt"/>
      <line num="63" count="6" type="stmt"/>
      <line num="67" count="27" type="cond" truecount="1" falsecount="0"/>
      <line num="68" count="2" type="stmt"/>
      <line num="70" count="25" type="stmt"/>
      <line num="72" count="25" type="cond" truecount="1" falsecount="0"/>
      <line num="73" count="2" type="stmt"/>
      <line num="82" count="3" type="cond" truecount="2" falsecount="0"/>
      <line num="83" count="3" type="cond" truecount="3" falsecount="0"/>
      <line num="84" count="2" type="stmt"/>
      <line num="86" count="1" type="stmt"/>
      <line num="87" count="1" type="stmt"/>
      <line num="95" count="1" type="stmt"/>
      <line num="96" count="1" type="stmt"/>
      <line num="97" count="1" type="stmt"/>
      <line num="98" count="1" type="stmt"/>
      <line num="100" count="1" type="stmt"/>
      <line num="101" count="0" type="stmt"/>
      <line num="102" count="0" type="stmt"/>
      <line num="103" count="0" type="stmt"/>
      <line num="105" count="1" type="cond" truecount="1" falsecount="1"/>
      <line num="106" count="1" type="stmt"/>
      <line num="111" count="1" type="stmt"/>
      <line num="112" count="1" type="stmt"/>
      <line num="116" count="25" type="stmt"/>
      <line num="117" count="25" type="cond" truecount="3" falsecount="0"/>
      <line num="118" count="10" type="stmt"/>
      <line num="121" count="15" type="stmt"/>
      <line num="124" count="15" type="cond" truecount="2" falsecount="2"/>
      <line num="125" count="0" type="stmt"/>
      <line num="126" count="15" type="cond" truecount="2" falsecount="2"/>
      <line num="127" count="0" type="stmt"/>
      <line num="128" count="0" type="stmt"/>
      <line num="130" count="15" type="stmt"/>
      <line num="133" count="15" type="cond" truecount="0" falsecount="1"/>
      <line num="134" count="0" type="stmt"/>
      <line num="135" count="0" type="stmt"/>
      <line num="137" count="0" type="cond" truecount="0" falsecount="1"/>
      <line num="140" count="15" type="stmt"/>
      <line num="141" count="15" type="stmt"/>
      <line num="143" count="0" type="stmt"/>
      <line num="144" count="0" type="stmt"/>
      <line num="152" count="1" type="stmt"/>
      <line num="153" count="1" type="stmt"/>
      <line num="157" count="0" type="cond" truecount="0" falsecount="3"/>
      <line num="158" count="0" type="stmt"/>
      <line num="159" count="0" type="stmt"/>
      <line num="160" count="0" type="stmt"/>
      <line num="161" count="0" type="stmt"/>
      <line num="162" count="0" type="stmt"/>
      <line num="165" count="0" type="stmt"/>
      <line num="166" count="0" type="stmt"/>
      <line num="168" count="0" type="cond" truecount="0" falsecount="2"/>
      <line num="169" count="0" type="stmt"/>
      <line num="174" count="0" type="cond" truecount="0" falsecount="3"/>
      <line num="175" count="0" type="stmt"/>
      <line num="176" count="0" type="stmt"/>
      <line num="177" count="0" type="stmt"/>
      <line num="178" count="0" type="stmt"/>
      <line num="179" count="0" type="stmt"/>
      <line num="182" count="0" type="stmt"/>
      <line num="184" count="0" type="cond" truecount="0" falsecount="1"/>
      <line num="185" count="0" type="stmt"/>
      <line num="188" count="0" type="stmt"/>
      <line num="189" count="0" type="cond" truecount="0" falsecount="1"/>
      <line num="190" count="0" type="stmt"/>
      <line num="193" count="0" type="stmt"/>
      <line num="195" count="0" type="cond" truecount="0" falsecount="2"/>
      <line num="196" count="0" type="stmt"/>
      <line num="201" count="29" type="cond" truecount="2" falsecount="0"/>
      <line num="202" count="2" type="stmt"/>
      <line num="203" count="27" type="cond" truecount="2" falsecount="0"/>
      <line num="204" count="23" type="stmt"/>
      <line num="205" count="4" type="cond" truecount="2" falsecount="0"/>
      <line num="206" count="2" type="stmt"/>
      <line num="208" count="2" type="stmt"/>
      <line num="219" count="19" type="cond" truecount="1" falsecount="0"/>
      <line num="220" count="17" type="cond" truecount="1" falsecount="0"/>
      <line num="222" count="15" type="stmt"/>
      <line num="223" count="15" type="stmt"/>
      <line num="224" count="15" type="stmt"/>
      <line num="226" count="15" type="stmt"/>
      <line num="229" count="15" type="stmt"/>
      <line num="232" count="15" type="stmt"/>
      <line num="234" count="15" type="stmt"/>
      <line num="255" count="9" type="cond" truecount="1" falsecount="0"/>
      <line num="256" count="7" type="cond" truecount="1" falsecount="0"/>
      <line num="258" count="6" type="stmt"/>
      <line num="259" count="6" type="stmt"/>
      <line num="260" count="6" type="stmt"/>
      <line num="262" count="6" type="stmt"/>
      <line num="263" count="6" type="stmt"/>
      <line num="264" count="6" type="stmt"/>
      <line num="266" count="6" type="stmt"/>
      <line num="281" count="2" type="stmt"/>
      <line num="282" count="1" type="stmt"/>
      <line num="283" count="1" type="stmt"/>
    </file>
    <file name="errors.ts" path="/home/axcpeter/.tikitaka/sdk/src/errors.ts">
      <metrics statements="19" coveredstatements="18" conditionals="0" coveredconditionals="0" methods="7" coveredmethods="6"/>
      <line num="4" count="13" type="stmt"/>
      <line num="6" count="68" type="stmt"/>
      <line num="7" count="68" type="stmt"/>
      <line num="8" count="68" type="stmt"/>
      <line num="10" count="68" type="stmt"/>
      <line num="11" count="68" type="stmt"/>
      <line num="12" count="68" type="stmt"/>
      <line num="19" count="13" type="stmt"/>
      <line num="21" count="1" type="stmt"/>
      <line num="28" count="13" type="stmt"/>
      <line num="30" count="16" type="stmt"/>
      <line num="37" count="13" type="stmt"/>
      <line num="39" count="11" type="stmt"/>
      <line num="46" count="13" type="stmt"/>
      <line num="48" count="33" type="stmt"/>
      <line num="55" count="13" type="stmt"/>
      <line num="57" count="7" type="stmt"/>
      <line num="64" count="13" type="stmt"/>
      <line num="66" count="0" type="stmt"/>
    </file>
    <file name="evm_connector.ts" path="/home/axcpeter/.tikitaka/sdk/src/evm_connector.ts">
      <metrics statements="126" coveredstatements="94" conditionals="71" coveredconditionals="60" methods="25" coveredmethods="19"/>
      <line num="4" count="6" type="stmt"/>
      <line num="6" count="6" type="stmt"/>
      <line num="7" count="6" type="stmt"/>
      <line num="17" count="6" type="stmt"/>
      <line num="18" count="65" type="stmt"/>
      <line num="19" count="65" type="stmt"/>
      <line num="20" count="65" type="stmt"/>
      <line num="21" count="65" type="stmt"/>
      <line num="22" count="65" type="stmt"/>
      <line num="25" count="6" type="stmt"/>
      <line num="33" count="4" type="stmt"/>
      <line num="35" count="4" type="stmt"/>
      <line num="43" count="39" type="cond" truecount="3" falsecount="0"/>
      <line num="45" count="36" type="stmt"/>
      <line num="46" count="36" type="stmt"/>
      <line num="47" count="36" type="cond" truecount="2" falsecount="0"/>
      <line num="48" count="34" type="cond" truecount="3" falsecount="0"/>
      <line num="49" count="3" type="stmt"/>
      <line num="51" count="31" type="stmt"/>
      <line num="54" count="2" type="cond" truecount="2" falsecount="0"/>
      <line num="57" count="33" type="stmt"/>
      <line num="58" count="32" type="stmt"/>
      <line num="60" count="4" type="cond" truecount="3" falsecount="0"/>
      <line num="61" count="1" type="cond" truecount="1" falsecount="1"/>
      <line num="71" count="6" type="stmt"/>
      <line num="77" count="25" type="cond" truecount="1" falsecount="0"/>
      <line num="78" count="21" type="cond" truecount="3" falsecount="0"/>
      <line num="79" count="19" type="stmt"/>
      <line num="86" count="2" type="cond" truecount="1" falsecount="0"/>
      <line num="87" count="1" type="cond" truecount="3" falsecount="0"/>
      <line num="88" count="0" type="stmt"/>
      <line num="95" count="1" type="cond" truecount="1" falsecount="0"/>
      <line num="97" count="0" type="stmt"/>
      <line num="99" count="0" type="stmt"/>
      <line num="101" count="0" type="stmt"/>
      <line num="103" count="0" type="stmt"/>
      <line num="107" count="0" type="stmt"/>
      <line num="108" count="0" type="stmt"/>
      <line num="110" count="0" type="cond" truecount="0" falsecount="1"/>
      <line num="111" count="0" type="stmt"/>
      <line num="113" count="0" type="cond" truecount="0" falsecount="3"/>
      <line num="114" count="0" type="stmt"/>
      <line num="115" count="0" type="stmt"/>
      <line num="123" count="8" type="cond" truecount="1" falsecount="0"/>
      <line num="124" count="6" type="cond" truecount="3" falsecount="0"/>
      <line num="126" count="4" type="stmt"/>
      <line num="127" count="4" type="cond" truecount="1" falsecount="0"/>
      <line num="128" count="1" type="stmt"/>
      <line num="131" count="4" type="stmt"/>
      <line num="132" count="3" type="stmt"/>
      <line num="135" count="3" type="stmt"/>
      <line num="136" count="3" type="cond" truecount="1" falsecount="0"/>
      <line num="137" count="2" type="stmt"/>
      <line num="139" count="2" type="stmt"/>
      <line num="140" count="2" type="stmt"/>
      <line num="148" count="5" type="cond" truecount="1" falsecount="0"/>
      <line num="150" count="3" type="stmt"/>
      <line num="151" count="3" type="stmt"/>
      <line num="152" count="2" type="stmt"/>
      <line num="153" count="2" type="cond" truecount="1" falsecount="0"/>
      <line num="154" count="1" type="stmt"/>
      <line num="156" count="2" type="stmt"/>
      <line num="157" count="2" type="stmt"/>
      <line num="165" count="7" type="cond" truecount="1" falsecount="0"/>
      <line num="166" count="5" type="stmt"/>
      <line num="167" count="5" type="stmt"/>
      <line num="169" count="4" type="stmt"/>
      <line num="170" count="4" type="stmt"/>
      <line num="184" count="3" type="cond" truecount="1" falsecount="0"/>
      <line num="185" count="1" type="cond" truecount="3" falsecount="0"/>
      <line num="187" count="0" type="stmt"/>
      <line num="190" count="0" type="stmt"/>
      <line num="194" count="0" type="stmt"/>
      <line num="196" count="0" type="stmt"/>
      <line num="198" count="0" type="stmt"/>
      <line num="200" count="0" type="stmt"/>
      <line num="204" count="0" type="stmt"/>
      <line num="205" count="0" type="stmt"/>
      <line num="206" count="0" type="cond" truecount="0" falsecount="1"/>
      <line num="207" count="0" type="stmt"/>
      <line num="209" count="0" type="cond" truecount="0" falsecount="3"/>
      <line num="210" count="0" type="stmt"/>
      <line num="211" count="0" type="stmt"/>
      <line num="224" count="6" type="cond" truecount="1" falsecount="0"/>
      <line num="225" count="1" type="stmt"/>
      <line num="228" count="6" type="cond" truecount="1" falsecount="0"/>
      <line num="229" count="5" type="cond" truecount="1" falsecount="0"/>
      <line num="230" count="4" type="stmt"/>
      <line num="231" count="0" type="stmt"/>
      <line num="233" count="4" type="stmt"/>
      <line num="235" count="4" type="stmt"/>
      <line num="236" count="4" type="stmt"/>
      <line num="238" count="5" type="cond" truecount="1" falsecount="0"/>
      <line num="239" count="1" type="stmt"/>
      <line num="240" count="0" type="stmt"/>
      <line num="242" count="1" type="stmt"/>
      <line num="243" count="1" type="stmt"/>
      <line num="244" count="1" type="stmt"/>
      <line num="248" count="6" type="cond" truecount="1" falsecount="2"/>
      <line num="249" count="0" type="stmt"/>
      <line num="250" count="0" type="stmt"/>
      <line num="252" count="0" type="stmt"/>
      <line num="253" count="0" type="stmt"/>
      <line num="254" count="0" type="stmt"/>
      <line num="257" count="6" type="stmt"/>
      <line num="264" count="4" type="stmt"/>
      <line num="265" count="2" type="stmt"/>
      <line num="267" count="4" type="stmt"/>
      <line num="268" count="4" type="stmt"/>
      <line num="275" count="3" type="cond" truecount="1" falsecount="0"/>
      <line num="277" count="2" type="stmt"/>
      <line num="278" count="2" type="cond" truecount="1" falsecount="0"/>
      <line num="280" count="1" type="stmt"/>
      <line num="293" count="3" type="cond" truecount="1" falsecount="0"/>
      <line num="294" count="2" type="stmt"/>
      <line num="295" count="2" type="cond" truecount="2" falsecount="0"/>
      <line num="302" count="3" type="cond" truecount="1" falsecount="0"/>
      <line num="303" count="1" type="stmt"/>
      <line num="310" count="3" type="cond" truecount="1" falsecount="0"/>
      <line num="311" count="1" type="stmt"/>
      <line num="318" count="8" type="cond" truecount="3" falsecount="0"/>
      <line num="319" count="6" type="stmt"/>
      <line num="320" count="6" type="cond" truecount="1" falsecount="0"/>
      <line num="321" count="3" type="cond" truecount="4" falsecount="0"/>
      <line num="322" count="1" type="cond" truecount="1" falsecount="0"/>
      <line num="324" count="2" type="cond" truecount="2" falsecount="0"/>
    </file>
    <file name="golay.ts" path="/home/axcpeter/.tikitaka/sdk/src/golay.ts">
      <metrics statements="81" coveredstatements="76" conditionals="21" coveredconditionals="14" methods="7" coveredmethods="7"/>
      <line num="9" count="13" type="stmt"/>
      <line num="17" count="13" type="stmt"/>
      <line num="22" count="13" type="stmt"/>
      <line num="31" count="41" type="stmt"/>
      <line num="32" count="41" type="stmt"/>
      <line num="33" count="41" type="stmt"/>
      <line num="34" count="220" type="stmt"/>
      <line num="35" count="220" type="stmt"/>
      <line num="37" count="41" type="stmt"/>
      <line num="44" count="7138" type="stmt"/>
      <line num="45" count="7138" type="stmt"/>
      <line num="46" count="85656" type="cond" truecount="1" falsecount="0"/>
      <line num="47" count="33376" type="stmt"/>
      <line num="50" count="7138" type="stmt"/>
      <line num="58" count="1" type="stmt"/>
      <line num="59" count="1" type="stmt"/>
      <line num="60" count="12" type="cond" truecount="1" falsecount="0"/>
      <line num="61" count="6" type="stmt"/>
      <line num="64" count="1" type="stmt"/>
      <line num="68" count="1832" type="stmt"/>
      <line num="69" count="1832" type="stmt"/>
      <line num="76" count="5306" type="stmt"/>
      <line num="77" count="5306" type="stmt"/>
      <line num="80" count="5306" type="stmt"/>
      <line num="82" count="5306" type="cond" truecount="1" falsecount="0"/>
      <line num="85" count="4" type="cond" truecount="1" falsecount="0"/>
      <line num="86" count="1" type="stmt"/>
      <line num="90" count="3" type="stmt"/>
      <line num="91" count="21" type="cond" truecount="1" falsecount="0"/>
      <line num="92" count="2" type="stmt"/>
      <line num="97" count="1" type="stmt"/>
      <line num="100" count="1" type="cond" truecount="0" falsecount="1"/>
      <line num="101" count="0" type="stmt"/>
      <line num="106" count="1" type="stmt"/>
      <line num="107" count="12" type="cond" truecount="0" falsecount="1"/>
      <line num="108" count="0" type="stmt"/>
      <line num="109" count="0" type="stmt"/>
      <line num="113" count="1" type="stmt"/>
      <line num="116" count="13" type="stmt"/>
      <line num="118" count="163" type="stmt"/>
      <line num="119" count="163" type="stmt"/>
      <line num="122" count="163" type="stmt"/>
      <line num="123" count="916" type="stmt"/>
      <line num="124" count="916" type="cond" truecount="1" falsecount="1"/>
      <line num="125" count="916" type="cond" truecount="2" falsecount="0"/>
      <line num="128" count="916" type="stmt"/>
      <line num="129" count="916" type="stmt"/>
      <line num="130" count="916" type="stmt"/>
      <line num="131" count="916" type="stmt"/>
      <line num="132" count="916" type="stmt"/>
      <line num="134" count="916" type="cond" truecount="1" falsecount="0"/>
      <line num="136" count="916" type="stmt"/>
      <line num="137" count="916" type="stmt"/>
      <line num="138" count="916" type="stmt"/>
      <line num="139" count="916" type="stmt"/>
      <line num="140" count="916" type="stmt"/>
      <line num="143" count="163" type="stmt"/>
      <line num="146" count="13" type="stmt"/>
      <line num="148" count="2072" type="cond" truecount="0" falsecount="1"/>
      <line num="149" count="0" type="stmt"/>
      <line num="151" count="2072" type="stmt"/>
      <line num="152" count="2072" type="stmt"/>
      <line num="153" count="2072" type="stmt"/>
      <line num="154" count="2072" type="stmt"/>
      <line num="155" count="2072" type="stmt"/>
      <line num="157" count="2072" type="stmt"/>
      <line num="158" count="2653" type="stmt"/>
      <line num="159" count="2653" type="stmt"/>
      <line num="160" count="2653" type="stmt"/>
      <line num="161" count="2653" type="cond" truecount="1" falsecount="0"/>
      <line num="163" count="2653" type="cond" truecount="1" falsecount="0"/>
      <line num="164" count="2653" type="stmt"/>
      <line num="166" count="2653" type="cond" truecount="1" falsecount="1"/>
      <line num="167" count="2653" type="stmt"/>
      <line num="168" count="2653" type="stmt"/>
      <line num="169" count="2653" type="stmt"/>
      <line num="170" count="2653" type="cond" truecount="0" falsecount="1"/>
      <line num="172" count="2653" type="cond" truecount="1" falsecount="0"/>
      <line num="173" count="2653" type="cond" truecount="1" falsecount="0"/>
      <line num="175" count="0" type="cond" truecount="0" falsecount="1"/>
      <line num="179" count="2072" type="stmt"/>
    </file>
    <file name="grg_forward.ts" path="/home/axcpeter/.tikitaka/sdk/src/grg_forward.ts">
      <metrics statements="44" coveredstatements="44" conditionals="11" coveredconditionals="11" methods="6" coveredmethods="6"/>
      <line num="1" count="12" type="stmt"/>
      <line num="2" count="12" type="stmt"/>
      <line num="3" count="12" type="stmt"/>
      <line num="4" count="12" type="stmt"/>
      <line num="6" count="12" type="stmt"/>
      <line num="20" count="32" type="cond" truecount="1" falsecount="0"/>
      <line num="21" count="31" type="stmt"/>
      <line num="22" count="31" type="cond" truecount="1" falsecount="0"/>
      <line num="24" count="30" type="stmt"/>
      <line num="25" count="30" type="stmt"/>
      <line num="26" count="1441" type="stmt"/>
      <line num="27" count="1441" type="stmt"/>
      <line num="28" count="5821" type="stmt"/>
      <line num="29" count="1441" type="stmt"/>
      <line num="30" count="5764" type="stmt"/>
      <line num="33" count="30" type="stmt"/>
      <line num="34" count="30" type="stmt"/>
      <line num="35" count="13026" type="cond" truecount="1" falsecount="0"/>
      <line num="37" count="30" type="stmt"/>
      <line num="42" count="28" type="stmt"/>
      <line num="50" count="377" type="cond" truecount="4" falsecount="0"/>
      <line num="51" count="2" type="stmt"/>
      <line num="53" count="375" type="stmt"/>
      <line num="56" count="375" type="stmt"/>
      <line num="61" count="157" type="stmt"/>
      <line num="64" count="157" type="stmt"/>
      <line num="65" count="157" type="stmt"/>
      <line num="66" count="157" type="stmt"/>
      <line num="68" count="157" type="stmt"/>
      <line num="69" count="157" type="stmt"/>
      <line num="70" count="157" type="stmt"/>
      <line num="71" count="157" type="stmt"/>
      <line num="76" count="27" type="cond" truecount="1" falsecount="0"/>
      <line num="77" count="1" type="stmt"/>
      <line num="79" count="26" type="stmt"/>
      <line num="81" count="26" type="stmt"/>
      <line num="82" count="26" type="stmt"/>
      <line num="83" count="26" type="stmt"/>
      <line num="84" count="26" type="stmt"/>
      <line num="85" count="26" type="stmt"/>
      <line num="86" count="26" type="stmt"/>
      <line num="87" count="26" type="stmt"/>
      <line num="88" count="26" type="stmt"/>
      <line num="89" count="156" type="stmt"/>
    </file>
    <file name="grg_inverse.ts" path="/home/axcpeter/.tikitaka/sdk/src/grg_inverse.ts">
      <metrics statements="60" coveredstatements="59" conditionals="20" coveredconditionals="16" methods="6" coveredmethods="6"/>
      <line num="1" count="9" type="stmt"/>
      <line num="2" count="9" type="stmt"/>
      <line num="3" count="9" type="stmt"/>
      <line num="4" count="9" type="stmt"/>
      <line num="5" count="9" type="stmt"/>
      <line num="7" count="9" type="stmt"/>
      <line num="11" count="2084" type="cond" truecount="1" falsecount="0"/>
      <line num="14" count="2083" type="stmt"/>
      <line num="15" count="2083" type="stmt"/>
      <line num="18" count="2083" type="stmt"/>
      <line num="19" count="2083" type="stmt"/>
      <line num="20" count="2083" type="stmt"/>
      <line num="22" count="2083" type="cond" truecount="1" falsecount="0"/>
      <line num="23" count="17" type="stmt"/>
      <line num="27" count="2066" type="stmt"/>
      <line num="28" count="2066" type="cond" truecount="0" falsecount="1"/>
      <line num="29" count="0" type="stmt"/>
      <line num="31" count="2066" type="stmt"/>
      <line num="36" count="348" type="stmt"/>
      <line num="41" count="9" type="stmt"/>
      <line num="53" count="347" type="cond" truecount="1" falsecount="0"/>
      <line num="54" count="346" type="stmt"/>
      <line num="55" count="346" type="stmt"/>
      <line num="58" count="346" type="stmt"/>
      <line num="59" count="35521" type="stmt"/>
      <line num="62" count="346" type="stmt"/>
      <line num="63" count="346" type="stmt"/>
      <line num="64" count="346" type="stmt"/>
      <line num="66" count="5287" type="cond" truecount="3" falsecount="0"/>
      <line num="69" count="5285" type="stmt"/>
      <line num="70" count="5285" type="cond" truecount="2" falsecount="0"/>
      <line num="71" count="5179" type="stmt"/>
      <line num="72" count="5179" type="stmt"/>
      <line num="73" count="5179" type="cond" truecount="0" falsecount="1"/>
      <line num="75" count="5285" type="cond" truecount="3" falsecount="0"/>
      <line num="78" count="5285" type="cond" truecount="1" falsecount="0"/>
      <line num="79" count="4943" type="stmt"/>
      <line num="80" count="4943" type="stmt"/>
      <line num="81" count="19772" type="stmt"/>
      <line num="83" count="4943" type="stmt"/>
      <line num="84" count="4943" type="stmt"/>
      <line num="86" count="346" type="stmt"/>
      <line num="90" count="344" type="stmt"/>
      <line num="91" count="344" type="stmt"/>
      <line num="92" count="344" type="stmt"/>
      <line num="93" count="2064" type="stmt"/>
      <line num="94" count="2064" type="stmt"/>
      <line num="96" count="16" type="stmt"/>
      <line num="99" count="344" type="stmt"/>
      <line num="102" count="341" type="cond" truecount="0" falsecount="1"/>
      <line num="103" count="341" type="stmt"/>
      <line num="104" count="341" type="stmt"/>
      <line num="106" count="341" type="stmt"/>
      <line num="107" count="341" type="stmt"/>
      <line num="109" count="341" type="cond" truecount="0" falsecount="1"/>
      <line num="110" count="341" type="stmt"/>
      <line num="111" count="4535" type="cond" truecount="1" falsecount="0"/>
      <line num="113" count="336" type="stmt"/>
      <line num="115" count="3" type="stmt"/>
      <line num="116" count="3" type="stmt"/>
    </file>
    <file name="grg_pipeline.ts" path="/home/axcpeter/.tikitaka/sdk/src/grg_pipeline.ts">
      <metrics statements="33" coveredstatements="28" conditionals="2" coveredconditionals="1" methods="3" coveredmethods="3"/>
      <line num="1" count="2" type="stmt"/>
      <line num="2" count="2" type="stmt"/>
      <line num="3" count="2" type="stmt"/>
      <line num="5" count="2" type="stmt"/>
      <line num="7" count="2" type="stmt"/>
      <line num="14" count="5" type="cond" truecount="0" falsecount="1"/>
      <line num="15" count="0" type="stmt"/>
      <line num="17" count="5" type="stmt"/>
      <line num="18" count="5" type="stmt"/>
      <line num="19" count="5" type="stmt"/>
      <line num="20" count="5" type="stmt"/>
      <line num="21" count="5" type="stmt"/>
      <line num="23" count="0" type="stmt"/>
      <line num="24" count="0" type="stmt"/>
      <line num="33" count="3" type="stmt"/>
      <line num="34" count="3" type="stmt"/>
      <line num="35" count="3" type="stmt"/>
      <line num="36" count="3" type="stmt"/>
      <line num="37" count="18" type="stmt"/>
      <line num="38" count="18" type="stmt"/>
      <line num="40" count="0" type="stmt"/>
      <line num="41" count="0" type="stmt"/>
      <line num="44" count="3" type="stmt"/>
      <line num="47" count="3" type="stmt"/>
      <line num="48" count="3" type="stmt"/>
      <line num="50" count="3" type="stmt"/>
      <line num="51" count="3" type="stmt"/>
      <line num="54" count="3" type="cond" truecount="1" falsecount="0"/>
      <line num="55" count="1" type="stmt"/>
      <line num="58" count="2" type="stmt"/>
      <line num="59" count="2" type="stmt"/>
      <line num="61" count="1" type="stmt"/>
      <line num="62" count="1" type="stmt"/>
    </file>
    <file name="index.ts" path="/home/axcpeter/.tikitaka/sdk/src/index.ts">
      <metrics statements="22" coveredstatements="22" conditionals="0" coveredconditionals="0" methods="0" coveredmethods="0"/>
      <line num="2" count="1" type="stmt"/>
      <line num="3" count="1" type="stmt"/>
      <line num="4" count="1" type="stmt"/>
      <line num="5" count="1" type="stmt"/>
      <line num="6" count="1" type="stmt"/>
      <line num="7" count="1" type="stmt"/>
      <line num="8" count="1" type="stmt"/>
      <line num="9" count="1" type="stmt"/>
      <line num="10" count="1" type="stmt"/>
      <line num="11" count="1" type="stmt"/>
      <line num="12" count="1" type="stmt"/>
      <line num="13" count="1" type="stmt"/>
      <line num="14" count="1" type="stmt"/>
      <line num="15" count="1" type="stmt"/>
      <line num="16" count="1" type="stmt"/>
      <line num="17" count="1" type="stmt"/>
      <line num="18" count="1" type="stmt"/>
      <line num="19" count="1" type="stmt"/>
      <line num="20" count="1" type="stmt"/>
      <line num="21" count="1" type="stmt"/>
      <line num="22" count="1" type="stmt"/>
      <line num="23" count="1" type="stmt"/>
    </file>
    <file name="logger.ts" path="/home/axcpeter/.tikitaka/sdk/src/logger.ts">
      <metrics statements="44" coveredstatements="33" conditionals="13" coveredconditionals="7" methods="12" coveredmethods="9"/>
      <line num="3" count="23" type="cond" truecount="2" falsecount="0"/>
      <line num="4" count="23" type="stmt"/>
      <line num="5" count="23" type="stmt"/>
      <line num="6" count="23" type="stmt"/>
      <line num="7" count="23" type="stmt"/>
      <line num="8" count="23" type="stmt"/>
      <line num="23" count="23" type="stmt"/>
      <line num="34" count="23" type="stmt"/>
      <line num="35" count="343" type="cond" truecount="3" falsecount="1"/>
      <line num="37" count="0" type="stmt"/>
      <line num="38" count="0" type="stmt"/>
      <line num="40" count="291" type="stmt"/>
      <line num="41" count="291" type="stmt"/>
      <line num="43" count="45" type="stmt"/>
      <line num="44" count="45" type="stmt"/>
      <line num="46" count="7" type="stmt"/>
      <line num="47" count="7" type="stmt"/>
      <line num="51" count="23" type="stmt"/>
      <line num="53" count="23" type="stmt"/>
      <line num="54" count="23" type="stmt"/>
      <line num="58" count="23" type="stmt"/>
      <line num="62" count="23" type="cond" truecount="1" falsecount="0"/>
      <line num="63" count="23" type="stmt"/>
      <line num="65" count="23" type="stmt"/>
      <line num="80" count="0" type="cond" truecount="0" falsecount="1"/>
      <line num="81" count="0" type="stmt"/>
      <line num="83" count="0" type="cond" truecount="0" falsecount="1"/>
      <line num="84" count="0" type="stmt"/>
      <line num="93" count="0" type="stmt"/>
      <line num="97" count="343" type="stmt"/>
      <line num="98" count="343" type="stmt"/>
      <line num="102" count="343" type="cond" truecount="0" falsecount="1"/>
      <line num="103" count="343" type="stmt"/>
      <line num="104" count="343" type="stmt"/>
      <line num="108" count="291" type="stmt"/>
      <line num="112" count="45" type="stmt"/>
      <line num="116" count="7" type="stmt"/>
      <line num="117" count="7" type="cond" truecount="0" falsecount="1"/>
      <line num="118" count="0" type="stmt"/>
      <line num="119" count="0" type="cond" truecount="0" falsecount="1"/>
      <line num="120" count="0" type="stmt"/>
      <line num="123" count="7" type="stmt"/>
      <line num="127" count="0" type="stmt"/>
      <line num="131" count="23" type="stmt"/>
    </file>
    <file name="networks.ts" path="/home/axcpeter/.tikitaka/sdk/src/networks.ts">
      <metrics statements="4" coveredstatements="4" conditionals="0" coveredconditionals="0" methods="0" coveredmethods="0"/>
      <line num="32" count="3" type="stmt"/>
      <line num="40" count="3" type="stmt"/>
      <line num="48" count="3" type="stmt"/>
      <line num="56" count="3" type="stmt"/>
    </file>
    <file name="pool_registry.ts" path="/home/axcpeter/.tikitaka/sdk/src/pool_registry.ts">
      <metrics statements="57" coveredstatements="40" conditionals="31" coveredconditionals="19" methods="11" coveredmethods="6"/>
      <line num="1" count="4" type="stmt"/>
      <line num="7" count="4" type="stmt"/>
      <line num="9" count="4" type="stmt"/>
      <line num="10" count="12" type="stmt"/>
      <line num="12" count="4" type="stmt"/>
      <line num="13" count="12" type="stmt"/>
      <line num="21" count="9" type="cond" truecount="2" falsecount="1"/>
      <line num="22" count="9" type="stmt"/>
      <line num="23" count="9" type="cond" truecount="1" falsecount="0"/>
      <line num="25" count="9" type="cond" truecount="0" falsecount="1"/>
      <line num="26" count="0" type="stmt"/>
      <line num="28" count="9" type="stmt"/>
      <line num="41" count="5" type="cond" truecount="2" falsecount="1"/>
      <line num="43" count="5" type="cond" truecount="3" falsecount="1"/>
      <line num="44" count="0" type="stmt"/>
      <line num="48" count="5" type="cond" truecount="0" falsecount="1"/>
      <line num="49" count="0" type="stmt"/>
      <line num="52" count="5" type="stmt"/>
      <line num="53" count="5" type="stmt"/>
      <line num="54" count="5" type="stmt"/>
      <line num="63" count="5" type="cond" truecount="0" falsecount="1"/>
      <line num="64" count="0" type="stmt"/>
      <line num="65" count="0" type="cond" truecount="0" falsecount="1"/>
      <line num="67" count="5" type="stmt"/>
      <line num="69" count="5" type="stmt"/>
      <line num="79" count="3" type="cond" truecount="2" falsecount="1"/>
      <line num="80" count="3" type="stmt"/>
      <line num="81" count="3" type="stmt"/>
      <line num="82" count="3" type="stmt"/>
      <line num="91" count="6" type="cond" truecount="2" falsecount="1"/>
      <line num="92" count="6" type="stmt"/>
      <line num="93" count="6" type="stmt"/>
      <line num="94" count="6" type="cond" truecount="1" falsecount="0"/>
      <line num="95" count="1" type="stmt"/>
      <line num="97" count="5" type="stmt"/>
      <line num="106" count="3" type="cond" truecount="2" falsecount="1"/>
      <line num="107" count="3" type="stmt"/>
      <line num="108" count="3" type="stmt"/>
      <line num="109" count="3" type="cond" truecount="1" falsecount="0"/>
      <line num="110" count="3" type="stmt"/>
      <line num="120" count="2" type="cond" truecount="2" falsecount="1"/>
      <line num="121" count="2" type="stmt"/>
      <line num="122" count="2" type="stmt"/>
      <line num="123" count="2" type="cond" truecount="1" falsecount="0"/>
      <line num="124" count="2" type="stmt"/>
      <line num="133" count="0" type="stmt"/>
      <line num="141" count="0" type="stmt"/>
      <line num="147" count="0" type="stmt"/>
      <line num="151" count="0" type="stmt"/>
      <line num="158" count="0" type="stmt"/>
      <line num="159" count="0" type="stmt"/>
      <line num="160" count="0" type="stmt"/>
      <line num="161" count="0" type="stmt"/>
      <line num="167" count="0" type="cond" truecount="0" falsecount="1"/>
      <line num="168" count="0" type="stmt"/>
      <line num="169" count="0" type="stmt"/>
      <line num="172" count="0" type="stmt"/>
    </file>
    <file name="pot_signer.ts" path="/home/axcpeter/.tikitaka/sdk/src/pot_signer.ts">
      <metrics statements="31" coveredstatements="23" conditionals="10" coveredconditionals="9" methods="8" coveredmethods="5"/>
      <line num="3" count="6" type="stmt"/>
      <line num="4" count="6" type="stmt"/>
      <line num="12" count="6" type="stmt"/>
      <line num="18" count="51" type="cond" truecount="2" falsecount="0"/>
      <line num="20" count="2" type="stmt"/>
      <line num="21" count="2" type="stmt"/>
      <line num="22" count="2" type="stmt"/>
      <line num="25" count="49" type="stmt"/>
      <line num="26" count="49" type="stmt"/>
      <line num="27" count="49" type="stmt"/>
      <line num="29" count="51" type="stmt"/>
      <line num="34" count="23" type="stmt"/>
      <line num="39" count="5" type="stmt"/>
      <line num="48" count="20" type="cond" truecount="2" falsecount="0"/>
      <line num="49" count="20" type="stmt"/>
      <line num="50" count="20" type="stmt"/>
      <line num="69" count="0" type="stmt"/>
      <line num="70" count="0" type="stmt"/>
      <line num="78" count="0" type="cond" truecount="0" falsecount="1"/>
      <line num="79" count="0" type="stmt"/>
      <line num="81" count="0" type="stmt"/>
      <line num="82" count="0" type="stmt"/>
      <line num="83" count="0" type="stmt"/>
      <line num="91" count="0" type="stmt"/>
      <line num="95" count="15" type="cond" truecount="3" falsecount="0"/>
      <line num="96" count="13" type="stmt"/>
      <line num="97" count="13" type="cond" truecount="2" falsecount="0"/>
      <line num="98" count="13" type="stmt"/>
      <line num="99" count="13" type="stmt"/>
      <line num="104" count="12" type="stmt"/>
      <line num="106" count="1" type="stmt"/>
    </file>
    <file name="protocol_fee.ts" path="/home/axcpeter/.tikitaka/sdk/src/protocol_fee.ts">
      <metrics statements="79" coveredstatements="78" conditionals="25" coveredconditionals="21" methods="12" coveredmethods="12"/>
      <line num="1" count="6" type="stmt"/>
      <line num="3" count="6" type="stmt"/>
      <line num="20" count="6" type="stmt"/>
      <line num="21" count="15" type="stmt"/>
      <line num="24" count="15" type="stmt"/>
      <line num="25" count="6" type="stmt"/>
      <line num="28" count="15" type="stmt"/>
      <line num="29" count="15" type="stmt"/>
      <line num="33" count="15" type="stmt"/>
      <line num="34" count="15" type="stmt"/>
      <line num="35" count="15" type="cond" truecount="1" falsecount="0"/>
      <line num="36" count="4" type="cond" truecount="1" falsecount="0"/>
      <line num="37" count="1" type="stmt"/>
      <line num="38" count="1" type="stmt"/>
      <line num="40" count="3" type="stmt"/>
      <line num="44" count="13" type="stmt"/>
      <line num="45" count="13" type="stmt"/>
      <line num="49" count="28" type="stmt"/>
      <line num="50" count="28" type="cond" truecount="3" falsecount="0"/>
      <line num="52" count="14" type="stmt"/>
      <line num="54" count="14" type="stmt"/>
      <line num="56" count="14" type="stmt"/>
      <line num="57" count="4" type="cond" truecount="0" falsecount="1"/>
      <line num="58" count="0" type="stmt"/>
      <line num="62" count="14" type="cond" truecount="1" falsecount="0"/>
      <line num="63" count="3" type="stmt"/>
      <line num="64" count="1" type="stmt"/>
      <line num="65" count="1" type="stmt"/>
      <line num="66" count="1" type="stmt"/>
      <line num="76" count="6" type="stmt"/>
      <line num="77" count="15" type="stmt"/>
      <line num="83" count="15" type="stmt"/>
      <line num="87" count="15" type="cond" truecount="3" falsecount="0"/>
      <line num="88" count="3" type="stmt"/>
      <line num="90" count="12" type="stmt"/>
      <line num="91" count="12" type="stmt"/>
      <line num="92" count="11" type="stmt"/>
      <line num="93" count="11" type="stmt"/>
      <line num="94" count="11" type="cond" truecount="2" falsecount="0"/>
      <line num="102" count="2" type="stmt"/>
      <line num="103" count="2" type="stmt"/>
      <line num="104" count="2" type="cond" truecount="1" falsecount="0"/>
      <line num="105" count="1" type="stmt"/>
      <line num="110" count="7" type="cond" truecount="1" falsecount="0"/>
      <line num="112" count="6" type="stmt"/>
      <line num="116" count="6" type="stmt"/>
      <line num="117" count="6" type="stmt"/>
      <line num="135" count="8" type="stmt"/>
      <line num="136" count="8" type="stmt"/>
      <line num="139" count="4" type="stmt"/>
      <line num="140" count="4" type="stmt"/>
      <line num="147" count="4" type="stmt"/>
      <line num="149" count="4" type="stmt"/>
      <line num="150" count="4" type="stmt"/>
      <line num="152" count="4" type="cond" truecount="1" falsecount="1"/>
      <line num="171" count="3" type="stmt"/>
      <line num="172" count="3" type="stmt"/>
      <line num="175" count="3" type="stmt"/>
      <line num="176" count="3" type="stmt"/>
      <line num="183" count="2" type="stmt"/>
      <line num="185" count="2" type="stmt"/>
      <line num="186" count="2" type="stmt"/>
      <line num="188" count="1" type="cond" truecount="1" falsecount="1"/>
      <line num="196" count="4" type="stmt"/>
      <line num="210" count="11" type="cond" truecount="1" falsecount="0"/>
      <line num="211" count="1" type="stmt"/>
      <line num="215" count="10" type="stmt"/>
      <line num="216" count="10" type="cond" truecount="1" falsecount="0"/>
      <line num="217" count="1" type="stmt"/>
      <line num="220" count="9" type="stmt"/>
      <line num="221" count="9" type="stmt"/>
      <line num="228" count="9" type="stmt"/>
      <line num="237" count="9" type="stmt"/>
      <line num="244" count="9" type="stmt"/>
      <line num="245" count="9" type="stmt"/>
      <line num="246" count="8" type="cond" truecount="1" falsecount="0"/>
      <line num="247" count="1" type="stmt"/>
      <line num="249" count="7" type="stmt"/>
      <line num="251" count="2" type="cond" truecount="1" falsecount="1"/>
    </file>
    <file name="reed_solomon.ts" path="/home/axcpeter/.tikitaka/sdk/src/reed_solomon.ts">
      <metrics statements="122" coveredstatements="121" conditionals="30" coveredconditionals="23" methods="7" coveredmethods="7"/>
      <line num="1" count="13" type="stmt"/>
      <line num="2" count="13" type="stmt"/>
      <line num="3" count="13" type="stmt"/>
      <line num="4" count="13" type="stmt"/>
      <line num="11" count="13" type="stmt"/>
      <line num="14" count="400" type="cond" truecount="1" falsecount="0"/>
      <line num="15" count="12" type="stmt"/>
      <line num="16" count="12" type="stmt"/>
      <line num="17" count="3060" type="stmt"/>
      <line num="18" count="3060" type="stmt"/>
      <line num="19" count="3060" type="stmt"/>
      <line num="20" count="3060" type="cond" truecount="1" falsecount="0"/>
      <line num="21" count="1536" type="stmt"/>
      <line num="24" count="12" type="stmt"/>
      <line num="25" count="12" type="stmt"/>
      <line num="26" count="12" type="stmt"/>
      <line num="30" count="29353" type="cond" truecount="3" falsecount="0"/>
      <line num="31" count="9761" type="stmt"/>
      <line num="35" count="369" type="cond" truecount="0" falsecount="1"/>
      <line num="36" count="369" type="cond" truecount="1" falsecount="0"/>
      <line num="37" count="283" type="stmt"/>
      <line num="41" count="375" type="stmt"/>
      <line num="42" count="375" type="stmt"/>
      <line num="43" count="375" type="stmt"/>
      <line num="44" count="1500" type="stmt"/>
      <line num="45" count="1500" type="stmt"/>
      <line num="46" count="6000" type="stmt"/>
      <line num="48" count="1500" type="stmt"/>
      <line num="49" count="6000" type="cond" truecount="2" falsecount="0"/>
      <line num="53" count="375" type="stmt"/>
      <line num="54" count="1500" type="stmt"/>
      <line num="55" count="1500" type="cond" truecount="2" falsecount="0"/>
      <line num="56" count="44" type="stmt"/>
      <line num="58" count="1500" type="cond" truecount="0" falsecount="1"/>
      <line num="60" count="1500" type="cond" truecount="1" falsecount="0"/>
      <line num="61" count="27" type="stmt"/>
      <line num="62" count="27" type="stmt"/>
      <line num="63" count="27" type="stmt"/>
      <line num="66" count="1500" type="stmt"/>
      <line num="67" count="1500" type="cond" truecount="1" falsecount="0"/>
      <line num="68" count="59" type="stmt"/>
      <line num="69" count="369" type="stmt"/>
      <line num="73" count="1500" type="stmt"/>
      <line num="74" count="6000" type="cond" truecount="3" falsecount="0"/>
      <line num="75" count="201" type="stmt"/>
      <line num="76" count="201" type="stmt"/>
      <line num="77" count="1321" type="stmt"/>
      <line num="83" count="375" type="stmt"/>
      <line num="84" count="375" type="stmt"/>
      <line num="85" count="1500" type="stmt"/>
      <line num="86" count="1500" type="stmt"/>
      <line num="87" count="6000" type="stmt"/>
      <line num="90" count="375" type="stmt"/>
      <line num="99" count="396" type="stmt"/>
      <line num="100" count="396" type="stmt"/>
      <line num="101" count="396" type="cond" truecount="1" falsecount="0"/>
      <line num="103" count="12" type="stmt"/>
      <line num="104" count="12" type="stmt"/>
      <line num="105" count="72" type="stmt"/>
      <line num="106" count="72" type="stmt"/>
      <line num="107" count="72" type="stmt"/>
      <line num="108" count="288" type="cond" truecount="2" falsecount="0"/>
      <line num="109" count="72" type="stmt"/>
      <line num="111" count="216" type="stmt"/>
      <line num="116" count="12" type="stmt"/>
      <line num="117" count="12" type="stmt"/>
      <line num="118" count="48" type="stmt"/>
      <line num="121" count="12" type="stmt"/>
      <line num="123" count="12" type="stmt"/>
      <line num="124" count="12" type="stmt"/>
      <line num="125" count="72" type="stmt"/>
      <line num="126" count="72" type="stmt"/>
      <line num="127" count="288" type="stmt"/>
      <line num="128" count="288" type="stmt"/>
      <line num="129" count="1152" type="stmt"/>
      <line num="131" count="288" type="stmt"/>
      <line num="135" count="12" type="stmt"/>
      <line num="136" count="12" type="stmt"/>
      <line num="140" count="33" type="stmt"/>
      <line num="141" count="33" type="stmt"/>
      <line num="142" count="33" type="stmt"/>
      <line num="143" count="33" type="stmt"/>
      <line num="145" count="33" type="stmt"/>
      <line num="147" count="33" type="stmt"/>
      <line num="148" count="33" type="stmt"/>
      <line num="149" count="198" type="stmt"/>
      <line num="152" count="33" type="stmt"/>
      <line num="153" count="132" type="stmt"/>
      <line num="156" count="33" type="stmt"/>
      <line num="157" count="483" type="stmt"/>
      <line num="158" count="966" type="stmt"/>
      <line num="159" count="966" type="stmt"/>
      <line num="160" count="3864" type="stmt"/>
      <line num="162" count="966" type="stmt"/>
      <line num="166" count="33" type="stmt"/>
      <line num="184" count="367" type="stmt"/>
      <line num="185" count="367" type="stmt"/>
      <line num="187" count="367" type="cond" truecount="0" falsecount="1"/>
      <line num="188" count="0" type="stmt"/>
      <line num="191" count="367" type="stmt"/>
      <line num="192" count="367" type="stmt"/>
      <line num="193" count="367" type="stmt"/>
      <line num="194" count="1503" type="cond" truecount="3" falsecount="0"/>
      <line num="195" count="1458" type="stmt"/>
      <line num="196" count="1458" type="stmt"/>
      <line num="197" count="1458" type="cond" truecount="1" falsecount="0"/>
      <line num="201" count="367" type="cond" truecount="1" falsecount="0"/>
      <line num="202" count="4" type="stmt"/>
      <line num="205" count="363" type="stmt"/>
      <line num="206" count="363" type="stmt"/>
      <line num="207" count="363" type="stmt"/>
      <line num="208" count="363" type="stmt"/>
      <line num="209" count="1452" type="stmt"/>
      <line num="212" count="363" type="stmt"/>
      <line num="213" count="363" type="stmt"/>
      <line num="215" count="363" type="stmt"/>
      <line num="216" count="1425" type="stmt"/>
      <line num="217" count="5700" type="stmt"/>
      <line num="218" count="5700" type="stmt"/>
      <line num="219" count="22800" type="stmt"/>
      <line num="221" count="5700" type="stmt"/>
      <line num="225" count="363" type="stmt"/>
    </file>
    <file name="signer.ts" path="/home/axcpeter/.tikitaka/sdk/src/signer.ts">
      <metrics statements="164" coveredstatements="58" conditionals="46" coveredconditionals="23" methods="32" coveredmethods="13"/>
      <line num="1" count="4" type="stmt"/>
      <line num="2" count="4" type="stmt"/>
      <line num="7" count="4" type="cond" truecount="2" falsecount="0"/>
      <line num="8" count="4" type="stmt"/>
      <line num="9" count="4" type="stmt"/>
      <line num="10" count="4" type="stmt"/>
      <line num="11" count="4" type="stmt"/>
      <line num="26" count="4" type="stmt"/>
      <line num="27" count="9" type="stmt"/>
      <line num="30" count="3" type="stmt"/>
      <line num="37" count="4" type="stmt"/>
      <line num="39" count="5" type="stmt"/>
      <line num="46" count="4" type="stmt"/>
      <line num="48" count="1" type="stmt"/>
      <line num="55" count="4" type="stmt"/>
      <line num="57" count="0" type="stmt"/>
      <line num="64" count="4" type="stmt"/>
      <line num="66" count="3" type="stmt"/>
      <line num="79" count="0" type="stmt"/>
      <line num="82" count="0" type="cond" truecount="0" falsecount="1"/>
      <line num="83" count="0" type="stmt"/>
      <line num="87" count="0" type="cond" truecount="0" falsecount="1"/>
      <line num="88" count="0" type="stmt"/>
      <line num="89" count="0" type="cond" truecount="0" falsecount="1"/>
      <line num="90" count="0" type="stmt"/>
      <line num="91" count="0" type="cond" truecount="0" falsecount="3"/>
      <line num="92" count="0" type="stmt"/>
      <line num="93" count="0" type="stmt"/>
      <line num="94" count="0" type="cond" truecount="0" falsecount="1"/>
      <line num="95" count="0" type="stmt"/>
      <line num="97" count="0" type="stmt"/>
      <line num="101" count="0" type="stmt"/>
      <line num="102" count="0" type="cond" truecount="0" falsecount="1"/>
      <line num="103" count="0" type="stmt"/>
      <line num="106" count="0" type="stmt"/>
      <line num="107" count="0" type="cond" truecount="0" falsecount="1"/>
      <line num="108" count="0" type="stmt"/>
      <line num="109" count="0" type="stmt"/>
      <line num="112" count="0" type="stmt"/>
      <line num="113" count="0" type="cond" truecount="0" falsecount="1"/>
      <line num="114" count="0" type="stmt"/>
      <line num="115" count="0" type="stmt"/>
      <line num="116" count="0" type="cond" truecount="0" falsecount="1"/>
      <line num="118" count="0" type="stmt"/>
      <line num="119" count="0" type="cond" truecount="0" falsecount="3"/>
      <line num="120" count="0" type="stmt"/>
      <line num="122" count="0" type="stmt"/>
      <line num="129" count="0" type="cond" truecount="0" falsecount="1"/>
      <line num="131" count="0" type="stmt"/>
      <line num="132" count="0" type="cond" truecount="0" falsecount="1"/>
      <line num="133" count="0" type="stmt"/>
      <line num="134" count="0" type="stmt"/>
      <line num="135" count="0" type="stmt"/>
      <line num="136" count="0" type="cond" truecount="0" falsecount="1"/>
      <line num="137" count="0" type="stmt"/>
      <line num="139" count="0" type="cond" truecount="0" falsecount="1"/>
      <line num="140" count="0" type="stmt"/>
      <line num="141" count="0" type="stmt"/>
      <line num="142" count="0" type="stmt"/>
      <line num="143" count="0" type="cond" truecount="0" falsecount="1"/>
      <line num="145" count="0" type="stmt"/>
      <line num="155" count="2" type="stmt"/>
      <line num="158" count="2" type="stmt"/>
      <line num="159" count="2" type="stmt"/>
      <line num="162" count="2" type="stmt"/>
      <line num="166" count="0" type="cond" truecount="0" falsecount="1"/>
      <line num="169" count="0" type="stmt"/>
      <line num="170" count="0" type="stmt"/>
      <line num="171" count="0" type="stmt"/>
      <line num="173" count="0" type="stmt"/>
      <line num="174" count="0" type="stmt"/>
      <line num="175" count="0" type="stmt"/>
      <line num="176" count="0" type="stmt"/>
      <line num="180" count="0" type="stmt"/>
      <line num="181" count="0" type="stmt"/>
      <line num="185" count="0" type="stmt"/>
      <line num="186" count="0" type="stmt"/>
      <line num="187" count="0" type="stmt"/>
      <line num="189" count="0" type="stmt"/>
      <line num="190" count="0" type="stmt"/>
      <line num="192" count="0" type="stmt"/>
      <line num="193" count="0" type="stmt"/>
      <line num="197" count="0" type="stmt"/>
      <line num="198" count="0" type="stmt"/>
      <line num="203" count="0" type="stmt"/>
      <line num="204" count="0" type="stmt"/>
      <line num="211" count="0" type="stmt"/>
      <line num="212" count="0" type="stmt"/>
      <line num="213" count="0" type="stmt"/>
      <line num="215" count="0" type="stmt"/>
      <line num="216" count="0" type="stmt"/>
      <line num="217" count="0" type="stmt"/>
      <line num="218" count="0" type="cond" truecount="0" falsecount="1"/>
      <line num="219" count="0" type="stmt"/>
      <line num="222" count="0" type="stmt"/>
      <line num="226" count="0" type="stmt"/>
      <line num="234" count="1" type="stmt"/>
      <line num="237" count="1" type="stmt"/>
      <line num="238" count="1" type="stmt"/>
      <line num="241" count="1" type="stmt"/>
      <line num="245" count="0" type="cond" truecount="0" falsecount="1"/>
      <line num="247" count="0" type="stmt"/>
      <line num="248" count="0" type="stmt"/>
      <line num="249" count="0" type="stmt"/>
      <line num="250" count="0" type="stmt"/>
      <line num="251" count="0" type="stmt"/>
      <line num="252" count="0" type="stmt"/>
      <line num="253" count="0" type="stmt"/>
      <line num="257" count="0" type="stmt"/>
      <line num="261" count="0" type="stmt"/>
      <line num="262" count="0" type="stmt"/>
      <line num="263" count="0" type="stmt"/>
      <line num="265" count="0" type="stmt"/>
      <line num="266" count="0" type="stmt"/>
      <line num="268" count="0" type="stmt"/>
      <line num="269" count="0" type="stmt"/>
      <line num="273" count="0" type="stmt"/>
      <line num="274" count="0" type="stmt"/>
      <line num="278" count="0" type="stmt"/>
      <line num="280" count="0" type="stmt"/>
      <line num="287" count="0" type="stmt"/>
      <line num="288" count="0" type="stmt"/>
      <line num="290" count="0" type="stmt"/>
      <line num="291" count="0" type="stmt"/>
      <line num="292" count="0" type="stmt"/>
      <line num="293" count="0" type="cond" truecount="0" falsecount="1"/>
      <line num="294" count="0" type="stmt"/>
      <line num="297" count="0" type="stmt"/>
      <line num="301" count="0" type="stmt"/>
      <line num="308" count="4" type="stmt"/>
      <line num="309" count="25" type="cond" truecount="5" falsecount="0"/>
      <line num="311" count="11" type="stmt"/>
      <line num="312" count="11" type="cond" truecount="3" falsecount="0"/>
      <line num="313" count="2" type="stmt"/>
      <line num="315" count="11" type="cond" truecount="1" falsecount="0"/>
      <line num="317" count="8" type="cond" truecount="1" falsecount="0"/>
      <line num="318" count="8" type="cond" truecount="1" falsecount="0"/>
      <line num="320" count="5" type="stmt"/>
      <line num="321" count="5" type="stmt"/>
      <line num="326" count="2" type="stmt"/>
      <line num="327" count="2" type="stmt"/>
      <line num="329" count="1" type="stmt"/>
      <line num="334" count="1" type="stmt"/>
      <line num="341" count="1" type="stmt"/>
      <line num="345" count="2" type="stmt"/>
      <line num="349" count="9" type="cond" truecount="2" falsecount="0"/>
      <line num="350" count="2" type="stmt"/>
      <line num="352" count="4" type="stmt"/>
      <line num="353" count="2" type="cond" truecount="2" falsecount="0"/>
      <line num="354" count="2" type="stmt"/>
      <line num="355" count="2" type="stmt"/>
      <line num="357" count="0" type="stmt"/>
      <line num="359" count="7" type="cond" truecount="1" falsecount="0"/>
      <line num="360" count="6" type="cond" truecount="5" falsecount="0"/>
      <line num="361" count="5" type="stmt"/>
      <line num="363" count="1" type="stmt"/>
      <line num="365" count="2" type="stmt"/>
      <line num="366" count="1" type="stmt"/>
      <line num="367" count="1" type="stmt"/>
      <line num="374" count="1" type="stmt"/>
      <line num="375" count="1" type="stmt"/>
      <line num="377" count="0" type="stmt"/>
      <line num="380" count="1" type="stmt"/>
      <line num="385" count="2" type="stmt"/>
    </file>
    <file name="time_synthesis.ts" path="/home/axcpeter/.tikitaka/sdk/src/time_synthesis.ts">
      <metrics statements="225" coveredstatements="196" conditionals="62" coveredconditionals="45" methods="32" coveredmethods="29"/>
      <line num="1" count="4" type="stmt"/>
      <line num="2" count="4" type="stmt"/>
      <line num="3" count="4" type="stmt"/>
      <line num="4" count="4" type="stmt"/>
      <line num="5" count="4" type="stmt"/>
      <line num="7" count="4" type="stmt"/>
      <line num="8" count="4" type="stmt"/>
      <line num="15" count="4" type="stmt"/>
      <line num="17" count="4" type="stmt"/>
      <line num="18" count="8" type="cond" truecount="1" falsecount="0"/>
      <line num="21" count="1" type="stmt"/>
      <line num="22" count="1" type="stmt"/>
      <line num="23" count="1" type="stmt"/>
      <line num="26" count="1" type="stmt"/>
      <line num="28" count="1" type="stmt"/>
      <line num="30" count="1" type="stmt"/>
      <line num="31" count="0" type="stmt"/>
      <line num="32" count="0" type="stmt"/>
      <line num="35" count="1" type="stmt"/>
      <line num="36" count="0" type="stmt"/>
      <line num="37" count="0" type="stmt"/>
      <line num="38" count="0" type="stmt"/>
      <line num="41" count="1" type="stmt"/>
      <line num="42" count="1" type="stmt"/>
      <line num="43" count="1" type="stmt"/>
      <line num="44" count="1" type="stmt"/>
      <line num="46" count="1" type="cond" truecount="0" falsecount="1"/>
      <line num="47" count="0" type="stmt"/>
      <line num="48" count="0" type="stmt"/>
      <line num="51" count="1" type="stmt"/>
      <line num="52" count="1" type="cond" truecount="2" falsecount="1"/>
      <line num="53" count="0" type="stmt"/>
      <line num="54" count="0" type="stmt"/>
      <line num="58" count="1" type="stmt"/>
      <line num="59" count="1" type="stmt"/>
      <line num="60" count="1" type="cond" truecount="0" falsecount="1"/>
      <line num="61" count="0" type="stmt"/>
      <line num="62" count="0" type="stmt"/>
      <line num="64" count="1" type="stmt"/>
      <line num="67" count="1" type="stmt"/>
      <line num="68" count="1" type="stmt"/>
      <line num="69" count="1" type="cond" truecount="0" falsecount="1"/>
      <line num="70" count="0" type="stmt"/>
      <line num="71" count="0" type="stmt"/>
      <line num="73" count="1" type="stmt"/>
      <line num="76" count="1" type="stmt"/>
      <line num="77" count="1" type="stmt"/>
      <line num="80" count="1" type="stmt"/>
      <line num="81" count="1" type="stmt"/>
      <line num="83" count="1" type="stmt"/>
      <line num="84" count="1" type="stmt"/>
      <line num="86" count="1" type="stmt"/>
      <line num="94" count="1" type="stmt"/>
      <line num="95" count="1" type="stmt"/>
      <line num="96" count="1" type="cond" truecount="0" falsecount="1"/>
      <line num="97" count="0" type="stmt"/>
      <line num="98" count="0" type="stmt"/>
      <line num="99" count="0" type="stmt"/>
      <line num="103" count="0" type="stmt"/>
      <line num="104" count="0" type="stmt"/>
      <line num="105" count="0" type="cond" truecount="0" falsecount="2"/>
      <line num="125" count="4" type="stmt"/>
      <line num="126" count="32" type="stmt"/>
      <line num="129" count="3" type="stmt"/>
      <line num="130" count="3" type="stmt"/>
      <line num="131" count="3" type="stmt"/>
      <line num="132" count="0" type="stmt"/>
      <line num="139" count="3" type="stmt"/>
      <line num="140" count="1" type="stmt"/>
      <line num="141" count="1" type="stmt"/>
      <line num="142" count="1" type="stmt"/>
      <line num="143" count="1" type="cond" truecount="0" falsecount="1"/>
      <line num="144" count="0" type="stmt"/>
      <line num="149" count="0" type="stmt"/>
      <line num="151" count="1" type="stmt"/>
      <line num="152" count="1" type="stmt"/>
      <line num="153" count="1" type="stmt"/>
      <line num="155" count="1" type="stmt"/>
      <line num="156" count="1" type="stmt"/>
      <line num="163" count="3" type="stmt"/>
      <line num="164" count="2" type="stmt"/>
      <line num="165" count="2" type="stmt"/>
      <line num="171" count="3" type="stmt"/>
      <line num="176" count="4" type="stmt"/>
      <line num="177" count="21" type="stmt"/>
      <line num="180" count="21" type="stmt"/>
      <line num="181" count="21" type="stmt"/>
      <line num="182" count="21" type="stmt"/>
      <line num="185" count="21" type="cond" truecount="2" falsecount="0"/>
      <line num="187" count="21" type="stmt"/>
      <line num="188" count="39" type="cond" truecount="2" falsecount="0"/>
      <line num="190" count="18" type="stmt"/>
      <line num="191" count="21" type="cond" truecount="2" falsecount="0"/>
      <line num="193" count="7" type="stmt"/>
      <line num="194" count="7" type="stmt"/>
      <line num="195" count="14" type="cond" truecount="4" falsecount="0"/>
      <line num="196" count="10" type="stmt"/>
      <line num="197" count="4" type="cond" truecount="1" falsecount="0"/>
      <line num="198" count="3" type="stmt"/>
      <line num="204" count="1" type="stmt"/>
      <line num="205" count="1" type="cond" truecount="1" falsecount="0"/>
      <line num="206" count="0" type="stmt"/>
      <line num="210" count="5" type="stmt"/>
      <line num="212" count="16" type="stmt"/>
      <line num="214" count="5" type="stmt"/>
      <line num="215" count="16" type="cond" truecount="2" falsecount="0"/>
      <line num="216" count="8" type="stmt"/>
      <line num="218" count="8" type="stmt"/>
      <line num="222" count="5" type="cond" truecount="1" falsecount="0"/>
      <line num="223" count="1" type="stmt"/>
      <line num="226" count="4" type="cond" truecount="1" falsecount="0"/>
      <line num="227" count="1" type="stmt"/>
      <line num="228" count="1" type="stmt"/>
      <line num="237" count="6" type="cond" truecount="3" falsecount="1"/>
      <line num="243" count="3" type="cond" truecount="2" falsecount="0"/>
      <line num="244" count="2" type="stmt"/>
      <line num="245" count="2" type="stmt"/>
      <line num="246" count="2" type="stmt"/>
      <line num="248" count="1" type="stmt"/>
      <line num="249" count="1" type="stmt"/>
      <line num="250" count="1" type="stmt"/>
      <line num="251" count="1" type="stmt"/>
      <line num="254" count="3" type="stmt"/>
      <line num="267" count="4" type="stmt"/>
      <line num="268" count="9" type="stmt"/>
      <line num="270" count="4" type="stmt"/>
      <line num="271" count="9" type="cond" truecount="1" falsecount="0"/>
      <line num="272" count="6" type="stmt"/>
      <line num="276" count="4" type="cond" truecount="1" falsecount="0"/>
      <line num="277" count="1" type="stmt"/>
      <line num="280" count="3" type="cond" truecount="2" falsecount="2"/>
      <line num="286" count="3" type="cond" truecount="2" falsecount="0"/>
      <line num="287" count="1" type="stmt"/>
      <line num="288" count="1" type="stmt"/>
      <line num="289" count="1" type="stmt"/>
      <line num="290" count="2" type="cond" truecount="2" falsecount="0"/>
      <line num="291" count="1" type="stmt"/>
      <line num="292" count="1" type="stmt"/>
      <line num="293" count="1" type="stmt"/>
      <line num="295" count="1" type="stmt"/>
      <line num="296" count="1" type="stmt"/>
      <line num="297" count="1" type="stmt"/>
      <line num="298" count="1" type="stmt"/>
      <line num="301" count="6" type="stmt"/>
      <line num="309" count="3" type="stmt"/>
      <line num="310" count="3" type="stmt"/>
      <line num="312" count="3" type="stmt"/>
      <line num="324" count="3" type="cond" truecount="0" falsecount="1"/>
      <line num="325" count="0" type="stmt"/>
      <line num="328" count="3" type="stmt"/>
      <line num="346" count="9" type="cond" truecount="1" falsecount="0"/>
      <line num="347" count="6" type="cond" truecount="1" falsecount="0"/>
      <line num="348" count="1" type="stmt"/>
      <line num="352" count="11" type="cond" truecount="1" falsecount="0"/>
      <line num="353" count="10" type="cond" truecount="1" falsecount="0"/>
      <line num="357" count="9" type="stmt"/>
      <line num="358" count="9" type="stmt"/>
      <line num="359" count="12" type="cond" truecount="2" falsecount="1"/>
      <line num="360" count="0" type="stmt"/>
      <line num="363" count="9" type="stmt"/>
      <line num="366" count="9" type="cond" truecount="1" falsecount="0"/>
      <line num="367" count="1" type="stmt"/>
      <line num="368" count="1" type="stmt"/>
      <line num="372" count="8" type="stmt"/>
      <line num="374" count="8" type="cond" truecount="0" falsecount="1"/>
      <line num="375" count="0" type="stmt"/>
      <line num="376" count="0" type="cond" truecount="0" falsecount="1"/>
      <line num="379" count="8" type="cond" truecount="1" falsecount="0"/>
      <line num="380" count="1" type="stmt"/>
      <line num="381" count="1" type="stmt"/>
      <line num="383" count="7" type="cond" truecount="0" falsecount="1"/>
      <line num="385" count="0" type="stmt"/>
      <line num="386" count="0" type="cond" truecount="0" falsecount="1"/>
      <line num="388" count="7" type="stmt"/>
      <line num="390" count="7" type="stmt"/>
      <line num="391" count="10" type="cond" truecount="2" falsecount="0"/>
      <line num="392" count="10" type="cond" truecount="1" falsecount="0"/>
      <line num="393" count="1" type="stmt"/>
      <line num="394" count="1" type="stmt"/>
      <line num="397" count="6" type="stmt"/>
      <line num="404" count="1" type="stmt"/>
      <line num="422" count="1" type="stmt"/>
      <line num="423" count="17" type="cond" truecount="2" falsecount="0"/>
      <line num="431" count="1" type="stmt"/>
      <line num="432" count="1" type="stmt"/>
      <line num="436" count="2" type="stmt"/>
      <line num="448" count="1" type="stmt"/>
      <line num="451" count="1" type="stmt"/>
      <line num="452" count="1" type="stmt"/>
      <line num="453" count="2" type="stmt"/>
      <line num="456" count="1" type="stmt"/>
      <line num="457" count="1" type="stmt"/>
      <line num="459" count="1" type="stmt"/>
      <line num="460" count="1" type="stmt"/>
      <line num="461" count="1" type="stmt"/>
      <line num="462" count="1" type="stmt"/>
      <line num="463" count="1" type="stmt"/>
      <line num="464" count="1" type="stmt"/>
      <line num="467" count="1" type="stmt"/>
      <line num="468" count="1" type="stmt"/>
      <line num="470" count="1" type="stmt"/>
      <line num="472" count="1" type="stmt"/>
      <line num="473" count="2" type="stmt"/>
      <line num="474" count="2" type="stmt"/>
      <line num="475" count="2" type="stmt"/>
      <line num="476" count="2" type="stmt"/>
      <line num="479" count="1" type="stmt"/>
      <line num="486" count="1" type="stmt"/>
      <line num="487" count="1" type="stmt"/>
      <line num="488" count="1" type="stmt"/>
      <line num="489" count="1" type="stmt"/>
      <line num="490" count="1" type="stmt"/>
      <line num="491" count="1" type="stmt"/>
      <line num="492" count="1" type="stmt"/>
      <line num="495" count="1" type="stmt"/>
      <line num="496" count="1" type="stmt"/>
      <line num="498" count="1" type="stmt"/>
      <line num="500" count="1" type="stmt"/>
      <line num="501" count="1" type="stmt"/>
      <line num="502" count="2" type="stmt"/>
      <line num="503" count="2" type="stmt"/>
      <line num="504" count="2" type="stmt"/>
      <line num="505" count="2" type="stmt"/>
      <line num="506" count="2" type="stmt"/>
      <line num="509" count="1" type="stmt"/>
    </file>
    <file name="ttt_builder.ts" path="/home/axcpeter/.tikitaka/sdk/src/ttt_builder.ts">
      <metrics statements="37" coveredstatements="35" conditionals="14" coveredconditionals="9" methods="5" coveredmethods="5"/>
      <line num="3" count="3" type="stmt"/>
      <line num="4" count="3" type="stmt"/>
      <line num="5" count="3" type="stmt"/>
      <line num="6" count="3" type="stmt"/>
      <line num="7" count="3" type="stmt"/>
      <line num="9" count="3" type="stmt"/>
      <line num="10" count="8" type="stmt"/>
      <line num="12" count="8" type="stmt"/>
      <line num="16" count="8" type="cond" truecount="1" falsecount="1"/>
      <line num="17" count="8" type="stmt"/>
      <line num="31" count="3" type="stmt"/>
      <line num="34" count="3" type="stmt"/>
      <line num="36" count="3" type="stmt"/>
      <line num="44" count="3" type="stmt"/>
      <line num="46" count="3" type="stmt"/>
      <line num="54" count="3" type="stmt"/>
      <line num="58" count="3" type="cond" truecount="1" falsecount="1"/>
      <line num="59" count="3" type="stmt"/>
      <line num="63" count="3" type="stmt"/>
      <line num="64" count="3" type="cond" truecount="1" falsecount="1"/>
      <line num="65" count="3" type="cond" truecount="0" falsecount="1"/>
      <line num="66" count="0" type="stmt"/>
      <line num="67" count="0" type="stmt"/>
      <line num="70" count="3" type="cond" truecount="1" falsecount="0"/>
      <line num="71" count="1" type="stmt"/>
      <line num="75" count="2" type="stmt"/>
      <line num="76" count="2" type="cond" truecount="1" falsecount="1"/>
      <line num="77" count="2" type="stmt"/>
      <line num="79" count="2" type="stmt"/>
      <line num="81" count="2" type="stmt"/>
      <line num="89" count="23" type="stmt"/>
      <line num="91" count="23" type="stmt"/>
      <line num="92" count="23" type="stmt"/>
      <line num="94" count="23" type="stmt"/>
      <line num="95" count="23" type="stmt"/>
      <line num="102" count="4" type="stmt"/>
      <line num="109" count="4" type="stmt"/>
    </file>
    <file name="ttt_client.ts" path="/home/axcpeter/.tikitaka/sdk/src/ttt_client.ts">
      <metrics statements="185" coveredstatements="161" conditionals="88" coveredconditionals="78" methods="30" coveredmethods="25"/>
      <line num="1" count="3" type="stmt"/>
      <line num="2" count="3" type="stmt"/>
      <line num="3" count="3" type="stmt"/>
      <line num="4" count="3" type="stmt"/>
      <line num="5" count="3" type="stmt"/>
      <line num="6" count="3" type="stmt"/>
      <line num="7" count="3" type="stmt"/>
      <line num="8" count="3" type="stmt"/>
      <line num="28" count="3" type="stmt"/>
      <line num="32" count="46" type="stmt"/>
      <line num="33" count="46" type="stmt"/>
      <line num="34" count="46" type="stmt"/>
      <line num="35" count="46" type="stmt"/>
      <line num="36" count="46" type="stmt"/>
      <line num="37" count="46" type="stmt"/>
      <line num="38" count="46" type="stmt"/>
      <line num="40" count="46" type="stmt"/>
      <line num="41" count="46" type="stmt"/>
      <line num="42" count="46" type="stmt"/>
      <line num="45" count="46" type="stmt"/>
      <line num="46" count="46" type="stmt"/>
      <line num="47" count="46" type="cond" truecount="2" falsecount="0"/>
      <line num="48" count="46" type="stmt"/>
      <line num="49" count="46" type="stmt"/>
      <line num="52" count="46" type="stmt"/>
      <line num="53" count="1" type="stmt"/>
      <line num="54" count="1" type="stmt"/>
      <line num="55" count="1" type="stmt"/>
      <line num="56" count="1" type="stmt"/>
      <line num="59" count="1" type="stmt"/>
      <line num="62" count="1" type="stmt"/>
      <line num="66" count="46" type="stmt"/>
      <line num="67" count="1" type="stmt"/>
      <line num="68" count="1" type="stmt"/>
      <line num="71" count="46" type="stmt"/>
      <line num="72" count="1" type="stmt"/>
      <line num="73" count="1" type="cond" truecount="0" falsecount="1"/>
      <line num="74" count="0" type="stmt"/>
      <line num="76" count="1" type="stmt"/>
      <line num="84" count="0" type="stmt"/>
      <line num="91" count="1" type="stmt"/>
      <line num="99" count="12" type="cond" truecount="3" falsecount="0"/>
      <line num="100" count="11" type="cond" truecount="2" falsecount="0"/>
      <line num="101" count="11" type="stmt"/>
      <line num="105" count="12" type="cond" truecount="1" falsecount="0"/>
      <line num="106" count="1" type="stmt"/>
      <line num="112" count="11" type="cond" truecount="2" falsecount="0"/>
      <line num="113" count="11" type="cond" truecount="1" falsecount="0"/>
      <line num="114" count="1" type="stmt"/>
      <line num="115" count="1" type="stmt"/>
      <line num="119" count="10" type="cond" truecount="1" falsecount="0"/>
      <line num="120" count="2" type="cond" truecount="3" falsecount="0"/>
      <line num="121" count="2" type="stmt"/>
      <line num="126" count="8" type="cond" truecount="3" falsecount="0"/>
      <line num="127" count="1" type="stmt"/>
      <line num="128" count="1" type="stmt"/>
      <line num="133" count="7" type="cond" truecount="2" falsecount="0"/>
      <line num="134" count="6" type="stmt"/>
      <line num="135" count="1" type="cond" truecount="1" falsecount="1"/>
      <line num="136" count="1" type="stmt"/>
      <line num="138" count="0" type="stmt"/>
      <line num="142" count="7" type="stmt"/>
      <line num="143" count="7" type="stmt"/>
      <line num="146" count="7" type="cond" truecount="2" falsecount="0"/>
      <line num="147" count="7" type="cond" truecount="0" falsecount="1"/>
      <line num="148" count="0" type="stmt"/>
      <line num="152" count="7" type="stmt"/>
      <line num="159" count="7" type="stmt"/>
      <line num="160" count="7" type="cond" truecount="3" falsecount="0"/>
      <line num="161" count="2" type="stmt"/>
      <line num="163" count="5" type="stmt"/>
      <line num="169" count="5" type="stmt"/>
      <line num="170" count="5" type="cond" truecount="3" falsecount="0"/>
      <line num="171" count="1" type="stmt"/>
      <line num="173" count="4" type="stmt"/>
      <line num="180" count="4" type="stmt"/>
      <line num="181" count="4" type="stmt"/>
      <line num="183" count="4" type="cond" truecount="0" falsecount="1"/>
      <line num="184" count="0" type="stmt"/>
      <line num="185" count="0" type="stmt"/>
      <line num="186" count="0" type="stmt"/>
      <line num="187" count="0" type="stmt"/>
      <line num="191" count="4" type="stmt"/>
      <line num="198" count="6" type="cond" truecount="1" falsecount="0"/>
      <line num="200" count="5" type="stmt"/>
      <line num="203" count="5" type="stmt"/>
      <line num="206" count="5" type="stmt"/>
      <line num="209" count="5" type="stmt"/>
      <line num="210" count="5" type="stmt"/>
      <line num="212" count="5" type="stmt"/>
      <line num="219" count="25" type="cond" truecount="1" falsecount="0"/>
      <line num="221" count="24" type="stmt"/>
      <line num="222" count="24" type="stmt"/>
      <line num="223" count="24" type="stmt"/>
      <line num="225" count="24" type="stmt"/>
      <line num="226" count="24" type="stmt"/>
      <line num="229" count="24" type="stmt"/>
      <line num="232" count="24" type="cond" truecount="2" falsecount="1"/>
      <line num="233" count="0" type="stmt"/>
      <line num="237" count="24" type="cond" truecount="1" falsecount="0"/>
      <line num="238" count="4" type="stmt"/>
      <line num="241" count="4" type="stmt"/>
      <line num="245" count="24" type="stmt"/>
      <line num="247" count="0" type="stmt"/>
      <line num="248" count="0" type="stmt"/>
      <line num="249" count="0" type="cond" truecount="0" falsecount="1"/>
      <line num="254" count="0" type="stmt"/>
      <line num="255" count="0" type="stmt"/>
      <line num="258" count="0" type="stmt"/>
      <line num="262" count="24" type="stmt"/>
      <line num="263" count="24" type="stmt"/>
      <line num="265" count="0" type="stmt"/>
      <line num="266" count="0" type="stmt"/>
      <line num="267" count="0" type="stmt"/>
      <line num="268" count="0" type="stmt"/>
      <line num="276" count="3" type="cond" truecount="1" falsecount="0"/>
      <line num="277" count="1" type="stmt"/>
      <line num="280" count="2" type="stmt"/>
      <line num="281" count="2" type="stmt"/>
      <line num="288" count="2" type="stmt"/>
      <line num="296" count="1" type="stmt"/>
      <line num="297" count="1" type="stmt"/>
      <line num="298" count="1" type="stmt"/>
      <line num="305" count="1" type="stmt"/>
      <line num="312" count="1" type="stmt"/>
      <line num="319" count="2" type="stmt"/>
      <line num="327" count="2" type="stmt"/>
      <line num="331" count="11" type="stmt"/>
      <line num="332" count="11" type="stmt"/>
      <line num="339" count="8" type="stmt"/>
      <line num="346" count="7" type="stmt"/>
      <line num="347" count="7" type="cond" truecount="1" falsecount="0"/>
      <line num="348" count="1" type="stmt"/>
      <line num="357" count="10" type="stmt"/>
      <line num="358" count="10" type="stmt"/>
      <line num="359" count="10" type="stmt"/>
      <line num="360" count="10" type="stmt"/>
      <line num="363" count="10" type="cond" truecount="3" falsecount="0"/>
      <line num="364" count="9" type="stmt"/>
      <line num="365" count="9" type="stmt"/>
      <line num="366" count="6" type="stmt"/>
      <line num="368" count="3" type="stmt"/>
      <line num="369" count="3" type="stmt"/>
      <line num="374" count="10" type="cond" truecount="3" falsecount="0"/>
      <line num="375" count="9" type="stmt"/>
      <line num="376" count="9" type="stmt"/>
      <line num="377" count="9" type="stmt"/>
      <line num="378" count="9" type="stmt"/>
      <line num="379" count="9" type="cond" truecount="1" falsecount="0"/>
      <line num="380" count="2" type="stmt"/>
      <line num="383" count="0" type="stmt"/>
      <line num="388" count="10" type="stmt"/>
      <line num="389" count="10" type="stmt"/>
      <line num="392" count="7" type="stmt"/>
      <line num="395" count="6" type="cond" truecount="5" falsecount="0"/>
      <line num="396" count="5" type="stmt"/>
      <line num="398" count="1" type="stmt"/>
      <line num="399" count="1" type="stmt"/>
      <line num="404" count="4" type="stmt"/>
      <line num="405" count="4" type="stmt"/>
      <line num="409" count="10" type="stmt"/>
      <line num="410" count="10" type="cond" truecount="2" falsecount="0"/>
      <line num="411" count="10" type="cond" truecount="3" falsecount="0"/>
      <line num="412" count="1" type="stmt"/>
      <line num="416" count="10" type="cond" truecount="2" falsecount="0"/>
      <line num="417" count="3" type="stmt"/>
      <line num="421" count="10" type="stmt"/>
      <line num="424" count="10" type="stmt"/>
      <line num="425" count="11" type="stmt"/>
      <line num="428" count="10" type="cond" truecount="4" falsecount="0"/>
      <line num="430" count="10" type="stmt"/>
      <line num="464" count="3" type="cond" truecount="3" falsecount="0"/>
      <line num="465" count="1" type="stmt"/>
      <line num="468" count="2" type="stmt"/>
      <line num="469" count="2" type="cond" truecount="0" falsecount="1"/>
      <line num="470" count="0" type="stmt"/>
      <line num="473" count="2" type="stmt"/>
      <line num="474" count="2" type="stmt"/>
      <line num="475" count="2" type="stmt"/>
      <line num="477" count="2" type="stmt"/>
      <line num="478" count="2" type="cond" truecount="0" falsecount="1"/>
      <line num="479" count="0" type="stmt"/>
      <line num="480" count="0" type="stmt"/>
      <line num="485" count="0" type="stmt"/>
      <line num="489" count="2" type="stmt"/>
    </file>
    <file name="types.ts" path="/home/axcpeter/.tikitaka/sdk/src/types.ts">
      <metrics statements="1" coveredstatements="1" conditionals="0" coveredconditionals="0" methods="0" coveredmethods="0"/>
      <line num="9" count="6" type="stmt"/>
    </file>
    <file name="v4_hook.ts" path="/home/axcpeter/.tikitaka/sdk/src/v4_hook.ts">
      <metrics statements="42" coveredstatements="37" conditionals="19" coveredconditionals="8" methods="5" coveredmethods="5"/>
      <line num="1" count="3" type="stmt"/>
      <line num="6" count="3" type="stmt"/>
      <line num="20" count="3" type="stmt"/>
      <line num="26" count="6" type="stmt"/>
      <line num="30" count="6" type="stmt"/>
      <line num="45" count="6" type="stmt"/>
      <line num="46" count="6" type="stmt"/>
      <line num="47" count="6" type="stmt"/>
      <line num="48" count="6" type="stmt"/>
      <line num="49" count="6" type="stmt"/>
      <line num="50" count="6" type="stmt"/>
      <line num="58" count="4" type="stmt"/>
      <line num="60" count="4" type="stmt"/>
      <line num="63" count="4" type="cond" truecount="1" falsecount="0"/>
      <line num="64" count="4" type="stmt"/>
      <line num="65" count="4" type="stmt"/>
      <line num="69" count="4" type="stmt"/>
      <line num="71" count="4" type="stmt"/>
      <line num="73" count="3" type="cond" truecount="1" falsecount="0"/>
      <line num="74" count="1" type="stmt"/>
      <line num="80" count="2" type="stmt"/>
      <line num="82" count="2" type="cond" truecount="2" falsecount="1"/>
      <line num="83" count="1" type="cond" truecount="1" falsecount="1"/>
      <line num="88" count="2" type="stmt"/>
      <line num="89" count="2" type="stmt"/>
      <line num="103" count="2" type="stmt"/>
      <line num="106" count="2" type="stmt"/>
      <line num="107" count="2" type="stmt"/>
      <line num="109" count="2" type="stmt"/>
      <line num="110" count="2" type="stmt"/>
      <line num="113" count="2" type="cond" truecount="1" falsecount="5"/>
      <line num="114" count="0" type="stmt"/>
      <line num="115" count="0" type="stmt"/>
      <line num="117" count="0" type="cond" truecount="0" falsecount="2"/>
      <line num="121" count="0" type="stmt"/>
      <line num="122" count="0" type="cond" truecount="0" falsecount="2"/>
      <line num="125" count="2" type="stmt"/>
      <line num="126" count="2" type="stmt"/>
      <line num="129" count="2" type="stmt"/>
      <line num="130" count="2" type="stmt"/>
      <line num="138" count="1" type="stmt"/>
      <line num="145" count="4" type="stmt"/>
    </file>
    <file name="x402_enforcer.ts" path="/home/axcpeter/.tikitaka/sdk/src/x402_enforcer.ts">
      <metrics statements="31" coveredstatements="15" conditionals="19" coveredconditionals="3" methods="4" coveredmethods="3"/>
      <line num="7" count="3" type="stmt"/>
      <line num="18" count="3" type="stmt"/>
      <line num="25" count="3" type="stmt"/>
      <line num="28" count="11" type="cond" truecount="1" falsecount="1"/>
      <line num="29" count="11" type="stmt"/>
      <line num="30" count="11" type="stmt"/>
      <line num="61" count="9" type="stmt"/>
      <line num="64" count="9" type="cond" truecount="0" falsecount="1"/>
      <line num="65" count="0" type="cond" truecount="0" falsecount="3"/>
      <line num="66" count="0" type="stmt"/>
      <line num="68" count="0" type="stmt"/>
      <line num="69" count="0" type="cond" truecount="0" falsecount="1"/>
      <line num="70" count="0" type="stmt"/>
      <line num="76" count="9" type="cond" truecount="1" falsecount="0"/>
      <line num="77" count="3" type="stmt"/>
      <line num="80" count="6" type="stmt"/>
      <line num="81" count="6" type="stmt"/>
      <line num="83" count="6" type="stmt"/>
      <line num="105" count="0" type="stmt"/>
      <line num="106" count="0" type="stmt"/>
      <line num="108" count="0" type="stmt"/>
      <line num="109" count="0" type="stmt"/>
      <line num="112" count="0" type="cond" truecount="0" falsecount="6"/>
      <line num="113" count="0" type="stmt"/>
      <line num="114" count="0" type="stmt"/>
      <line num="116" count="0" type="cond" truecount="0" falsecount="2"/>
      <line num="120" count="0" type="stmt"/>
      <line num="122" count="0" type="cond" truecount="0" falsecount="2"/>
      <line num="123" count="0" type="stmt"/>
      <line num="131" count="2" type="stmt"/>
      <line num="132" count="2" type="stmt"/>
    </file>
  </project>
</coverage>
