{"/home/axcpeter/.tikitaka/sdk/src/adaptive_switch.ts": {"path":"/home/axcpeter/.tikitaka/sdk/src/adaptive_switch.ts","statementMap":{"0":{"start":{"line":4,"column":0},"end":{"line":4,"column":43}},"1":{"start":{"line":5,"column":0},"end":{"line":5,"column":34}},"2":{"start":{"line":7,"column":0},"end":{"line":7,"column":null}},"3":{"start":{"line":8,"column":2},"end":{"line":8,"column":null}},"4":{"start":{"line":9,"column":2},"end":{"line":9,"column":null}},"5":{"start":{"line":24,"column":18},"end":{"line":24,"column":21}},"6":{"start":{"line":27,"column":23},"end":{"line":27,"column":25}},"7":{"start":{"line":28,"column":22},"end":{"line":28,"column":25}},"8":{"start":{"line":29,"column":31},"end":{"line":29,"column":33}},"9":{"start":{"line":30,"column":38},"end":{"line":30,"column":55}},"10":{"start":{"line":31,"column":22},"end":{"line":31,"column":24}},"11":{"start":{"line":32,"column":28},"end":{"line":32,"column":29}},"12":{"start":{"line":39,"column":23},"end":{"line":39,"column":81}},"13":{"start":{"line":40,"column":22},"end":{"line":40,"column":76}},"14":{"start":{"line":41,"column":21},"end":{"line":41,"column":44}},"15":{"start":{"line":45,"column":24},"end":{"line":45,"column":75}},"16":{"start":{"line":46,"column":4},"end":{"line":53,"column":5}},"17":{"start":{"line":47,"column":6},"end":{"line":47,"column":66}},"18":{"start":{"line":48,"column":6},"end":{"line":48,"column":25}},"19":{"start":{"line":49,"column":6},"end":{"line":52,"column":7}},"20":{"start":{"line":50,"column":8},"end":{"line":50,"column":90}},"21":{"start":{"line":51,"column":8},"end":{"line":51,"column":33}},"22":{"start":{"line":56,"column":4},"end":{"line":56,"column":34}},"23":{"start":{"line":57,"column":4},"end":{"line":59,"column":5}},"24":{"start":{"line":58,"column":6},"end":{"line":58,"column":27}},"25":{"start":{"line":61,"column":4},"end":{"line":63,"column":5}},"26":{"start":{"line":62,"column":6},"end":{"line":62,"column":29}},"27":{"start":{"line":66,"column":23},"end":{"line":66,"column":57}},"28":{"start":{"line":66,"column":48},"end":{"line":66,"column":49}},"29":{"start":{"line":67,"column":22},"end":{"line":67,"column":84}},"30":{"start":{"line":70,"column":4},"end":{"line":80,"column":5}},"31":{"start":{"line":71,"column":6},"end":{"line":73,"column":7}},"32":{"start":{"line":72,"column":8},"end":{"line":72,"column":111}},"33":{"start":{"line":74,"column":6},"end":{"line":74,"column":44}},"34":{"start":{"line":76,"column":6},"end":{"line":78,"column":7}},"35":{"start":{"line":77,"column":8},"end":{"line":77,"column":145}},"36":{"start":{"line":79,"column":6},"end":{"line":79,"column":43}},"37":{"start":{"line":82,"column":4},"end":{"line":82,"column":28}},"38":{"start":{"line":91,"column":4},"end":{"line":91,"column":63}},"39":{"start":{"line":98,"column":4},"end":{"line":98,"column":28}},"40":{"start":{"line":105,"column":4},"end":{"line":105,"column":22}},"41":{"start":{"line":106,"column":4},"end":{"line":106,"column":41}},"42":{"start":{"line":107,"column":4},"end":{"line":107,"column":29}},"43":{"start":{"line":111,"column":4},"end":{"line":111,"column":63}},"44":{"start":{"line":111,"column":50},"end":{"line":111,"column":63}},"45":{"start":{"line":112,"column":4},"end":{"line":114,"column":5}},"46":{"start":{"line":112,"column":17},"end":{"line":112,"column":18}},"47":{"start":{"line":113,"column":6},"end":{"line":113,"column":57}},"48":{"start":{"line":113,"column":44},"end":{"line":113,"column":57}},"49":{"start":{"line":115,"column":4},"end":{"line":115,"column":16}},"50":{"start":{"line":26,"column":0},"end":{"line":26,"column":13}}},"fnMap":{"0":{"name":"(anonymous_0)","decl":{"start":{"line":7,"column":0},"end":{"line":7,"column":12}},"loc":{"start":{"line":7,"column":24},"end":{"line":10,"column":1}}},"1":{"name":"(anonymous_1)","decl":{"start":{"line":37,"column":2},"end":{"line":37,"column":13}},"loc":{"start":{"line":37,"column":48},"end":{"line":83,"column":3}}},"2":{"name":"(anonymous_2)","decl":{"start":{"line":66,"column":43},"end":{"line":66,"column":44}},"loc":{"start":{"line":66,"column":48},"end":{"line":66,"column":49}}},"3":{"name":"(anonymous_3)","decl":{"start":{"line":90,"column":2},"end":{"line":90,"column":16}},"loc":{"start":{"line":90,"column":16},"end":{"line":92,"column":3}}},"4":{"name":"(anonymous_4)","decl":{"start":{"line":97,"column":2},"end":{"line":97,"column":16}},"loc":{"start":{"line":97,"column":16},"end":{"line":99,"column":3}}},"5":{"name":"(anonymous_5)","decl":{"start":{"line":104,"column":2},"end":{"line":104,"column":7}},"loc":{"start":{"line":104,"column":7},"end":{"line":108,"column":3}}},"6":{"name":"(anonymous_6)","decl":{"start":{"line":110,"column":10},"end":{"line":110,"column":33}},"loc":{"start":{"line":110,"column":77},"end":{"line":116,"column":3}}}},"branchMap":{"0":{"loc":{"start":{"line":7,"column":12},"end":{"line":7,"column":null}},"type":"binary-expr","locations":[{"start":{"line":7,"column":12},"end":{"line":7,"column":24}},{"start":{"line":7,"column":24},"end":{"line":7,"column":null}}]},"1":{"loc":{"start":{"line":41,"column":21},"end":{"line":41,"column":44}},"type":"binary-expr","locations":[{"start":{"line":41,"column":21},"end":{"line":41,"column":31}},{"start":{"line":41,"column":35},"end":{"line":41,"column":44}}]},"2":{"loc":{"start":{"line":46,"column":4},"end":{"line":53,"column":5}},"type":"if","locations":[{"start":{"line":46,"column":4},"end":{"line":53,"column":5}}]},"3":{"loc":{"start":{"line":49,"column":6},"end":{"line":52,"column":7}},"type":"if","locations":[{"start":{"line":49,"column":6},"end":{"line":52,"column":7}}]},"4":{"loc":{"start":{"line":57,"column":4},"end":{"line":59,"column":5}},"type":"if","locations":[{"start":{"line":57,"column":4},"end":{"line":59,"column":5}}]},"5":{"loc":{"start":{"line":61,"column":4},"end":{"line":63,"column":5}},"type":"if","locations":[{"start":{"line":61,"column":4},"end":{"line":63,"column":5}}]},"6":{"loc":{"start":{"line":67,"column":22},"end":{"line":67,"column":84}},"type":"cond-expr","locations":[{"start":{"line":67,"column":48},"end":{"line":67,"column":80}},{"start":{"line":67,"column":83},"end":{"line":67,"column":84}}]},"7":{"loc":{"start":{"line":70,"column":4},"end":{"line":80,"column":5}},"type":"if","locations":[{"start":{"line":70,"column":4},"end":{"line":80,"column":5}},{"start":{"line":75,"column":11},"end":{"line":80,"column":5}}]},"8":{"loc":{"start":{"line":70,"column":8},"end":{"line":70,"column":106}},"type":"binary-expr","locations":[{"start":{"line":70,"column":8},"end":{"line":70,"column":45}},{"start":{"line":70,"column":49},"end":{"line":70,"column":76}},{"start":{"line":70,"column":80},"end":{"line":70,"column":106}}]},"9":{"loc":{"start":{"line":71,"column":6},"end":{"line":73,"column":7}},"type":"if","locations":[{"start":{"line":71,"column":6},"end":{"line":73,"column":7}}]},"10":{"loc":{"start":{"line":76,"column":6},"end":{"line":78,"column":7}},"type":"if","locations":[{"start":{"line":76,"column":6},"end":{"line":78,"column":7}}]},"11":{"loc":{"start":{"line":91,"column":11},"end":{"line":91,"column":62}},"type":"cond-expr","locations":[{"start":{"line":91,"column":53},"end":{"line":91,"column":56}},{"start":{"line":91,"column":59},"end":{"line":91,"column":62}}]},"12":{"loc":{"start":{"line":111,"column":4},"end":{"line":111,"column":63}},"type":"if","locations":[{"start":{"line":111,"column":4},"end":{"line":111,"column":63}}]},"13":{"loc":{"start":{"line":113,"column":6},"end":{"line":113,"column":57}},"type":"if","locations":[{"start":{"line":113,"column":6},"end":{"line":113,"column":57}}]}},"s":{"0":5,"1":5,"2":5,"3":5,"4":5,"5":5,"6":24,"7":24,"8":24,"9":24,"10":24,"11":24,"12":190,"13":190,"14":190,"15":190,"16":190,"17":4,"18":4,"19":4,"20":0,"21":0,"22":190,"23":190,"24":41,"25":190,"26":0,"27":190,"28":2299,"29":190,"30":190,"31":8,"32":6,"33":8,"34":182,"35":1,"36":182,"37":190,"38":7,"39":7,"40":0,"41":0,"42":0,"43":190,"44":3,"45":187,"46":187,"47":496,"48":33,"49":154,"50":5},"f":{"0":5,"1":190,"2":2299,"3":7,"4":7,"5":0,"6":190},"b":{"0":[5,5],"1":[190,154],"2":[4],"3":[0],"4":[41],"5":[0],"6":[190,0],"7":[8,182],"8":[190,48,8],"9":[6],"10":[1],"11":[2,5],"12":[3],"13":[33]}}
,"/home/axcpeter/.tikitaka/sdk/src/auto_mint.ts": {"path":"/home/axcpeter/.tikitaka/sdk/src/auto_mint.ts","statementMap":{"0":{"start":{"line":1,"column":0},"end":{"line":1,"column":32}},"1":{"start":{"line":2,"column":0},"end":{"line":2,"column":49}},"2":{"start":{"line":3,"column":0},"end":{"line":3,"column":65}},"3":{"start":{"line":4,"column":0},"end":{"line":4,"column":47}},"4":{"start":{"line":5,"column":0},"end":{"line":5,"column":54}},"5":{"start":{"line":6,"column":0},"end":{"line":6,"column":68}},"6":{"start":{"line":7,"column":0},"end":{"line":7,"column":34}},"7":{"start":{"line":18,"column":54},"end":{"line":18,"column":58}},"8":{"start":{"line":19,"column":41},"end":{"line":19,"column":45}},"9":{"start":{"line":20,"column":31},"end":{"line":20,"column":36}},"10":{"start":{"line":21,"column":34},"end":{"line":21,"column":39}},"11":{"start":{"line":23,"column":47},"end":{"line":23,"column":51}},"12":{"start":{"line":26,"column":4},"end":{"line":26,"column":25}},"13":{"start":{"line":27,"column":4},"end":{"line":27,"column":76}},"14":{"start":{"line":28,"column":4},"end":{"line":31,"column":7}},"15":{"start":{"line":32,"column":4},"end":{"line":32,"column":43}},"16":{"start":{"line":36,"column":4},"end":{"line":36,"column":29}},"17":{"start":{"line":40,"column":4},"end":{"line":40,"column":35}},"18":{"start":{"line":47,"column":4},"end":{"line":77,"column":5}},"19":{"start":{"line":48,"column":6},"end":{"line":48,"column":82}},"20":{"start":{"line":49,"column":6},"end":{"line":49,"column":55}},"21":{"start":{"line":51,"column":6},"end":{"line":51,"column":68}},"22":{"start":{"line":53,"column":21},"end":{"line":59,"column":8}},"23":{"start":{"line":60,"column":6},"end":{"line":60,"column":76}},"24":{"start":{"line":62,"column":6},"end":{"line":69,"column":7}},"25":{"start":{"line":63,"column":8},"end":{"line":68,"column":10}},"26":{"start":{"line":72,"column":6},"end":{"line":72,"column":45}},"27":{"start":{"line":73,"column":6},"end":{"line":73,"column":31}},"28":{"start":{"line":74,"column":6},"end":{"line":74,"column":31}},"29":{"start":{"line":75,"column":6},"end":{"line":75,"column":82}},"30":{"start":{"line":76,"column":6},"end":{"line":76,"column":18}},"31":{"start":{"line":84,"column":4},"end":{"line":84,"column":31}},"32":{"start":{"line":84,"column":24},"end":{"line":84,"column":31}},"33":{"start":{"line":87,"column":4},"end":{"line":90,"column":5}},"34":{"start":{"line":88,"column":6},"end":{"line":88,"column":32}},"35":{"start":{"line":89,"column":6},"end":{"line":89,"column":24}},"36":{"start":{"line":92,"column":21},"end":{"line":92,"column":52}},"37":{"start":{"line":93,"column":4},"end":{"line":93,"column":26}},"38":{"start":{"line":95,"column":4},"end":{"line":106,"column":17}},"39":{"start":{"line":96,"column":6},"end":{"line":96,"column":36}},"40":{"start":{"line":96,"column":29},"end":{"line":96,"column":36}},"41":{"start":{"line":97,"column":6},"end":{"line":97,"column":31}},"42":{"start":{"line":98,"column":6},"end":{"line":105,"column":7}},"43":{"start":{"line":99,"column":8},"end":{"line":99,"column":30}},"44":{"start":{"line":102,"column":8},"end":{"line":102,"column":65}},"45":{"start":{"line":104,"column":8},"end":{"line":104,"column":34}},"46":{"start":{"line":108,"column":4},"end":{"line":108,"column":88}},"47":{"start":{"line":115,"column":4},"end":{"line":118,"column":5}},"48":{"start":{"line":116,"column":6},"end":{"line":116,"column":32}},"49":{"start":{"line":117,"column":6},"end":{"line":117,"column":24}},"50":{"start":{"line":119,"column":4},"end":{"line":119,"column":27}},"51":{"start":{"line":120,"column":4},"end":{"line":120,"column":43}},"52":{"start":{"line":129,"column":24},"end":{"line":129,"column":61}},"53":{"start":{"line":130,"column":4},"end":{"line":133,"column":5}},"54":{"start":{"line":131,"column":6},"end":{"line":131,"column":86}},"55":{"start":{"line":132,"column":6},"end":{"line":132,"column":13}},"56":{"start":{"line":136,"column":4},"end":{"line":138,"column":5}},"57":{"start":{"line":137,"column":6},"end":{"line":137,"column":139}},"58":{"start":{"line":141,"column":16},"end":{"line":141,"column":62}},"59":{"start":{"line":142,"column":4},"end":{"line":144,"column":5}},"60":{"start":{"line":143,"column":6},"end":{"line":143,"column":74}},"61":{"start":{"line":145,"column":20},"end":{"line":150,"column":null}},"62":{"start":{"line":148,"column":10},"end":{"line":148,"column":62}},"63":{"start":{"line":155,"column":20},"end":{"line":159,"column":null}},"64":{"start":{"line":163,"column":27},"end":{"line":163,"column":82}},"65":{"start":{"line":167,"column":20},"end":{"line":167,"column":27}},"66":{"start":{"line":170,"column":4},"end":{"line":172,"column":5}},"67":{"start":{"line":171,"column":6},"end":{"line":171,"column":68}},"68":{"start":{"line":173,"column":22},"end":{"line":173,"column":58}},"69":{"start":{"line":175,"column":4},"end":{"line":175,"column":120}},"70":{"start":{"line":177,"column":20},"end":{"line":181,"column":null}},"71":{"start":{"line":186,"column":4},"end":{"line":204,"column":5}},"72":{"start":{"line":187,"column":6},"end":{"line":203,"column":7}},"73":{"start":{"line":188,"column":22},"end":{"line":188,"column":71}},"74":{"start":{"line":189,"column":25},"end":{"line":189,"column":61}},"75":{"start":{"line":191,"column":26},"end":{"line":191,"column":84}},"76":{"start":{"line":192,"column":21},"end":{"line":192,"column":57}},"77":{"start":{"line":194,"column":8},"end":{"line":200,"column":10}},"78":{"start":{"line":202,"column":8},"end":{"line":202,"column":92}},"79":{"start":{"line":206,"column":4},"end":{"line":206,"column":115}},"80":{"start":{"line":208,"column":4},"end":{"line":217,"column":5}},"81":{"start":{"line":209,"column":6},"end":{"line":216,"column":9}},"82":{"start":{"line":221,"column":4},"end":{"line":223,"column":5}},"83":{"start":{"line":222,"column":6},"end":{"line":222,"column":68}},"84":{"start":{"line":225,"column":19},"end":{"line":230,"column":6}},"85":{"start":{"line":232,"column":18},"end":{"line":239,"column":6}},"86":{"start":{"line":241,"column":18},"end":{"line":246,"column":6}},"87":{"start":{"line":248,"column":4},"end":{"line":248,"column":71}},"88":{"start":{"line":13,"column":0},"end":{"line":13,"column":13}}},"fnMap":{"0":{"name":"(anonymous_0)","decl":{"start":{"line":25,"column":2},"end":{"line":25,"column":14}},"loc":{"start":{"line":25,"column":36},"end":{"line":33,"column":3}}},"1":{"name":"(anonymous_1)","decl":{"start":{"line":35,"column":9},"end":{"line":35,"column":24}},"loc":{"start":{"line":35,"column":24},"end":{"line":37,"column":3}}},"2":{"name":"(anonymous_2)","decl":{"start":{"line":39,"column":9},"end":{"line":39,"column":18}},"loc":{"start":{"line":39,"column":57},"end":{"line":41,"column":3}}},"3":{"name":"(anonymous_3)","decl":{"start":{"line":46,"column":2},"end":{"line":46,"column":7}},"loc":{"start":{"line":46,"column":18},"end":{"line":78,"column":3}}},"4":{"name":"(anonymous_4)","decl":{"start":{"line":83,"column":2},"end":{"line":83,"column":7}},"loc":{"start":{"line":83,"column":7},"end":{"line":109,"column":3}}},"5":{"name":"(anonymous_5)","decl":{"start":{"line":95,"column":29},"end":{"line":95,"column":34}},"loc":{"start":{"line":95,"column":40},"end":{"line":106,"column":5}}},"6":{"name":"(anonymous_6)","decl":{"start":{"line":114,"column":2},"end":{"line":114,"column":6}},"loc":{"start":{"line":114,"column":6},"end":{"line":121,"column":3}}},"7":{"name":"(anonymous_7)","decl":{"start":{"line":127,"column":2},"end":{"line":127,"column":7}},"loc":{"start":{"line":127,"column":16},"end":{"line":218,"column":3}}},"8":{"name":"(anonymous_8)","decl":{"start":{"line":147,"column":28},"end":{"line":147,"column":29}},"loc":{"start":{"line":148,"column":10},"end":{"line":148,"column":62}}},"9":{"name":"(anonymous_9)","decl":{"start":{"line":220,"column":10},"end":{"line":220,"column":15}},"loc":{"start":{"line":220,"column":87},"end":{"line":249,"column":3}}}},"branchMap":{"0":{"loc":{"start":{"line":30,"column":24},"end":{"line":30,"column":57}},"type":"binary-expr","locations":[{"start":{"line":30,"column":24},"end":{"line":30,"column":47}},{"start":{"line":30,"column":51},"end":{"line":30,"column":57}}]},"1":{"loc":{"start":{"line":62,"column":6},"end":{"line":69,"column":7}},"type":"if","locations":[{"start":{"line":62,"column":6},"end":{"line":69,"column":7}}]},"2":{"loc":{"start":{"line":84,"column":4},"end":{"line":84,"column":31}},"type":"if","locations":[{"start":{"line":84,"column":4},"end":{"line":84,"column":31}}]},"3":{"loc":{"start":{"line":87,"column":4},"end":{"line":90,"column":5}},"type":"if","locations":[{"start":{"line":87,"column":4},"end":{"line":90,"column":5}}]},"4":{"loc":{"start":{"line":96,"column":6},"end":{"line":96,"column":36}},"type":"if","locations":[{"start":{"line":96,"column":6},"end":{"line":96,"column":36}}]},"5":{"loc":{"start":{"line":115,"column":4},"end":{"line":118,"column":5}},"type":"if","locations":[{"start":{"line":115,"column":4},"end":{"line":118,"column":5}}]},"6":{"loc":{"start":{"line":130,"column":4},"end":{"line":133,"column":5}},"type":"if","locations":[{"start":{"line":130,"column":4},"end":{"line":133,"column":5}}]},"7":{"loc":{"start":{"line":136,"column":4},"end":{"line":138,"column":5}},"type":"if","locations":[{"start":{"line":136,"column":4},"end":{"line":138,"column":5}}]},"8":{"loc":{"start":{"line":136,"column":8},"end":{"line":136,"column":65}},"type":"binary-expr","locations":[{"start":{"line":136,"column":8},"end":{"line":136,"column":36}},{"start":{"line":136,"column":40},"end":{"line":136,"column":65}}]},"9":{"loc":{"start":{"line":142,"column":4},"end":{"line":144,"column":5}},"type":"if","locations":[{"start":{"line":142,"column":4},"end":{"line":144,"column":5}}]},"10":{"loc":{"start":{"line":148,"column":10},"end":{"line":148,"column":62}},"type":"cond-expr","locations":[{"start":{"line":148,"column":38},"end":{"line":148,"column":54}},{"start":{"line":148,"column":57},"end":{"line":148,"column":62}}]},"11":{"loc":{"start":{"line":170,"column":4},"end":{"line":172,"column":5}},"type":"if","locations":[{"start":{"line":170,"column":4},"end":{"line":172,"column":5}}]},"12":{"loc":{"start":{"line":186,"column":4},"end":{"line":204,"column":5}},"type":"if","locations":[{"start":{"line":186,"column":4},"end":{"line":204,"column":5}}]},"13":{"loc":{"start":{"line":186,"column":8},"end":{"line":186,"column":60}},"type":"binary-expr","locations":[{"start":{"line":186,"column":8},"end":{"line":186,"column":25}},{"start":{"line":186,"column":29},"end":{"line":186,"column":60}}]},"14":{"loc":{"start":{"line":208,"column":4},"end":{"line":217,"column":5}},"type":"if","locations":[{"start":{"line":208,"column":4},"end":{"line":217,"column":5}}]},"15":{"loc":{"start":{"line":221,"column":4},"end":{"line":223,"column":5}},"type":"if","locations":[{"start":{"line":221,"column":4},"end":{"line":223,"column":5}}]}},"s":{"0":3,"1":3,"2":3,"3":3,"4":3,"5":3,"6":3,"7":4,"8":4,"9":4,"10":4,"11":4,"12":4,"13":4,"14":4,"15":4,"16":10,"17":1,"18":3,"19":3,"20":3,"21":3,"22":3,"23":3,"24":3,"25":0,"26":0,"27":0,"28":0,"29":0,"30":0,"31":1,"32":0,"33":1,"34":0,"35":0,"36":1,"37":1,"38":1,"39":0,"40":0,"41":0,"42":0,"43":0,"44":0,"45":0,"46":1,"47":1,"48":1,"49":1,"50":1,"51":1,"52":2,"53":2,"54":0,"55":0,"56":2,"57":0,"58":2,"59":2,"60":0,"61":2,"62":30,"63":2,"64":2,"65":2,"66":2,"67":0,"68":2,"69":2,"70":2,"71":2,"72":0,"73":0,"74":0,"75":0,"76":0,"77":0,"78":0,"79":2,"80":2,"81":1,"82":0,"83":0,"84":0,"85":0,"86":0,"87":0,"88":3},"f":{"0":4,"1":10,"2":1,"3":3,"4":1,"5":0,"6":1,"7":2,"8":30,"9":0},"b":{"0":[4,3],"1":[0],"2":[0],"3":[0],"4":[0],"5":[1],"6":[0],"7":[0],"8":[2,2],"9":[0],"10":[6,24],"11":[0],"12":[0],"13":[2,0],"14":[1],"15":[0]}}
,"/home/axcpeter/.tikitaka/sdk/src/dynamic_fee.ts": {"path":"/home/axcpeter/.tikitaka/sdk/src/dynamic_fee.ts","statementMap":{"0":{"start":{"line":5,"column":0},"end":{"line":5,"column":59}},"1":{"start":{"line":6,"column":0},"end":{"line":6,"column":34}},"2":{"start":{"line":10,"column":13},"end":{"line":15,"column":2}},"3":{"start":{"line":18,"column":13},"end":{"line":23,"column":2}},"4":{"start":{"line":46,"column":68},"end":{"line":46,"column":72}},"5":{"start":{"line":47,"column":45},"end":{"line":47,"column":49}},"6":{"start":{"line":51,"column":4},"end":{"line":51,"column":25}},"7":{"start":{"line":55,"column":4},"end":{"line":55,"column":69}},"8":{"start":{"line":55,"column":17},"end":{"line":55,"column":69}},"9":{"start":{"line":56,"column":4},"end":{"line":56,"column":48}},"10":{"start":{"line":60,"column":16},"end":{"line":60,"column":26}},"11":{"start":{"line":61,"column":4},"end":{"line":63,"column":5}},"12":{"start":{"line":62,"column":6},"end":{"line":62,"column":35}},"13":{"start":{"line":65,"column":4},"end":{"line":85,"column":5}},"14":{"start":{"line":67,"column":6},"end":{"line":73,"column":7}},"15":{"start":{"line":68,"column":8},"end":{"line":68,"column":47}},"16":{"start":{"line":69,"column":13},"end":{"line":73,"column":7}},"17":{"start":{"line":70,"column":8},"end":{"line":70,"column":49}},"18":{"start":{"line":72,"column":8},"end":{"line":72,"column":45}},"19":{"start":{"line":75,"column":6},"end":{"line":78,"column":7}},"20":{"start":{"line":76,"column":8},"end":{"line":76,"column":75}},"21":{"start":{"line":77,"column":8},"end":{"line":77,"column":45}},"22":{"start":{"line":80,"column":6},"end":{"line":80,"column":50}},"23":{"start":{"line":81,"column":6},"end":{"line":81,"column":19}},"24":{"start":{"line":83,"column":6},"end":{"line":83,"column":69}},"25":{"start":{"line":84,"column":6},"end":{"line":84,"column":42}},"26":{"start":{"line":89,"column":4},"end":{"line":89,"column":88}},"27":{"start":{"line":89,"column":52},"end":{"line":89,"column":88}},"28":{"start":{"line":90,"column":25},"end":{"line":90,"column":153}},"29":{"start":{"line":91,"column":4},"end":{"line":101,"column":5}},"30":{"start":{"line":92,"column":23},"end":{"line":92,"column":89}},"31":{"start":{"line":93,"column":21},"end":{"line":93,"column":119}},"32":{"start":{"line":94,"column":29},"end":{"line":94,"column":60}},"33":{"start":{"line":97,"column":26},"end":{"line":97,"column":90}},"34":{"start":{"line":98,"column":6},"end":{"line":98,"column":25}},"35":{"start":{"line":100,"column":6},"end":{"line":100,"column":42}},"36":{"start":{"line":105,"column":4},"end":{"line":105,"column":90}},"37":{"start":{"line":105,"column":54},"end":{"line":105,"column":90}},"38":{"start":{"line":106,"column":20},"end":{"line":106,"column":166}},"39":{"start":{"line":107,"column":22},"end":{"line":107,"column":32}},"40":{"start":{"line":108,"column":4},"end":{"line":126,"column":5}},"41":{"start":{"line":109,"column":23},"end":{"line":109,"column":86}},"42":{"start":{"line":110,"column":38},"end":{"line":110,"column":70}},"43":{"start":{"line":113,"column":18},"end":{"line":113,"column":55}},"44":{"start":{"line":114,"column":6},"end":{"line":116,"column":7}},"45":{"start":{"line":115,"column":8},"end":{"line":115,"column":49}},"46":{"start":{"line":118,"column":20},"end":{"line":118,"column":41}},"47":{"start":{"line":119,"column":6},"end":{"line":121,"column":7}},"48":{"start":{"line":120,"column":8},"end":{"line":120,"column":61}},"49":{"start":{"line":123,"column":6},"end":{"line":123,"column":19}},"50":{"start":{"line":125,"column":6},"end":{"line":125,"column":42}},"51":{"start":{"line":130,"column":4},"end":{"line":138,"column":5}},"52":{"start":{"line":131,"column":6},"end":{"line":131,"column":60}},"53":{"start":{"line":132,"column":11},"end":{"line":138,"column":5}},"54":{"start":{"line":133,"column":6},"end":{"line":133,"column":54}},"55":{"start":{"line":134,"column":11},"end":{"line":138,"column":5}},"56":{"start":{"line":135,"column":6},"end":{"line":135,"column":54}},"57":{"start":{"line":137,"column":6},"end":{"line":137,"column":56}},"58":{"start":{"line":148,"column":4},"end":{"line":148,"column":83}},"59":{"start":{"line":148,"column":24},"end":{"line":148,"column":83}},"60":{"start":{"line":149,"column":4},"end":{"line":149,"column":85}},"61":{"start":{"line":149,"column":31},"end":{"line":149,"column":85}},"62":{"start":{"line":151,"column":24},"end":{"line":151,"column":51}},"63":{"start":{"line":152,"column":22},"end":{"line":152,"column":42}},"64":{"start":{"line":153,"column":20},"end":{"line":153,"column":48}},"65":{"start":{"line":155,"column":25},"end":{"line":155,"column":54}},"66":{"start":{"line":158,"column":22},"end":{"line":158,"column":65}},"67":{"start":{"line":161,"column":27},"end":{"line":161,"column":68}},"68":{"start":{"line":163,"column":4},"end":{"line":174,"column":6}},"69":{"start":{"line":184,"column":4},"end":{"line":184,"column":83}},"70":{"start":{"line":184,"column":24},"end":{"line":184,"column":83}},"71":{"start":{"line":185,"column":4},"end":{"line":185,"column":85}},"72":{"start":{"line":185,"column":31},"end":{"line":185,"column":85}},"73":{"start":{"line":187,"column":24},"end":{"line":187,"column":51}},"74":{"start":{"line":188,"column":22},"end":{"line":188,"column":42}},"75":{"start":{"line":189,"column":20},"end":{"line":189,"column":48}},"76":{"start":{"line":191,"column":25},"end":{"line":191,"column":54}},"77":{"start":{"line":192,"column":22},"end":{"line":192,"column":65}},"78":{"start":{"line":193,"column":27},"end":{"line":193,"column":68}},"79":{"start":{"line":195,"column":4},"end":{"line":206,"column":6}},"80":{"start":{"line":210,"column":17},"end":{"line":210,"column":61}},"81":{"start":{"line":211,"column":28},"end":{"line":211,"column":63}},"82":{"start":{"line":212,"column":4},"end":{"line":216,"column":6}},"83":{"start":{"line":45,"column":0},"end":{"line":45,"column":13}},"84":{"start":{"line":224,"column":35},"end":{"line":224,"column":37}},"85":{"start":{"line":225,"column":30},"end":{"line":225,"column":40}},"86":{"start":{"line":232,"column":4},"end":{"line":232,"column":38}},"87":{"start":{"line":233,"column":4},"end":{"line":233,"column":40}},"88":{"start":{"line":234,"column":4},"end":{"line":234,"column":48}},"89":{"start":{"line":247,"column":16},"end":{"line":247,"column":26}},"90":{"start":{"line":248,"column":4},"end":{"line":251,"column":5}},"91":{"start":{"line":249,"column":6},"end":{"line":249,"column":31}},"92":{"start":{"line":250,"column":6},"end":{"line":250,"column":27}},"93":{"start":{"line":253,"column":16},"end":{"line":253,"column":72}},"94":{"start":{"line":254,"column":19},"end":{"line":254,"column":32}},"95":{"start":{"line":256,"column":4},"end":{"line":258,"column":5}},"96":{"start":{"line":257,"column":6},"end":{"line":257,"column":74}},"97":{"start":{"line":260,"column":20},"end":{"line":260,"column":61}},"98":{"start":{"line":261,"column":34},"end":{"line":261,"column":75}},"99":{"start":{"line":263,"column":4},"end":{"line":274,"column":5}},"100":{"start":{"line":264,"column":6},"end":{"line":264,"column":37}},"101":{"start":{"line":265,"column":27},"end":{"line":265,"column":92}},"102":{"start":{"line":266,"column":6},"end":{"line":266,"column":87}},"103":{"start":{"line":267,"column":11},"end":{"line":274,"column":5}},"104":{"start":{"line":268,"column":25},"end":{"line":268,"column":56}},"105":{"start":{"line":269,"column":6},"end":{"line":269,"column":51}},"106":{"start":{"line":270,"column":27},"end":{"line":270,"column":92}},"107":{"start":{"line":271,"column":6},"end":{"line":271,"column":117}},"108":{"start":{"line":273,"column":6},"end":{"line":273,"column":79}},"109":{"start":{"line":220,"column":0},"end":{"line":220,"column":13}}},"fnMap":{"0":{"name":"(anonymous_0)","decl":{"start":{"line":50,"column":2},"end":{"line":50,"column":14}},"loc":{"start":{"line":50,"column":39},"end":{"line":52,"column":3}}},"1":{"name":"(anonymous_1)","decl":{"start":{"line":54,"column":2},"end":{"line":54,"column":7}},"loc":{"start":{"line":54,"column":30},"end":{"line":57,"column":3}}},"2":{"name":"(anonymous_2)","decl":{"start":{"line":59,"column":2},"end":{"line":59,"column":7}},"loc":{"start":{"line":59,"column":22},"end":{"line":86,"column":3}}},"3":{"name":"(anonymous_3)","decl":{"start":{"line":88,"column":10},"end":{"line":88,"column":15}},"loc":{"start":{"line":88,"column":33},"end":{"line":102,"column":3}}},"4":{"name":"(anonymous_4)","decl":{"start":{"line":104,"column":10},"end":{"line":104,"column":15}},"loc":{"start":{"line":104,"column":35},"end":{"line":127,"column":3}}},"5":{"name":"(anonymous_5)","decl":{"start":{"line":129,"column":2},"end":{"line":129,"column":12}},"loc":{"start":{"line":129,"column":32},"end":{"line":139,"column":3}}},"6":{"name":"(anonymous_6)","decl":{"start":{"line":141,"column":2},"end":{"line":141,"column":7}},"loc":{"start":{"line":145,"column":74},"end":{"line":175,"column":3}}},"7":{"name":"(anonymous_7)","decl":{"start":{"line":177,"column":2},"end":{"line":177,"column":7}},"loc":{"start":{"line":181,"column":74},"end":{"line":207,"column":3}}},"8":{"name":"(anonymous_8)","decl":{"start":{"line":209,"column":2},"end":{"line":209,"column":7}},"loc":{"start":{"line":209,"column":69},"end":{"line":217,"column":3}}},"9":{"name":"(anonymous_9)","decl":{"start":{"line":227,"column":2},"end":{"line":227,"column":14}},"loc":{"start":{"line":231,"column":3},"end":{"line":235,"column":3}}},"10":{"name":"(anonymous_10)","decl":{"start":{"line":237,"column":2},"end":{"line":237,"column":7}},"loc":{"start":{"line":240,"column":23},"end":{"line":275,"column":3}}}},"branchMap":{"0":{"loc":{"start":{"line":55,"column":4},"end":{"line":55,"column":69}},"type":"if","locations":[{"start":{"line":55,"column":4},"end":{"line":55,"column":69}}]},"1":{"loc":{"start":{"line":61,"column":4},"end":{"line":63,"column":5}},"type":"if","locations":[{"start":{"line":61,"column":4},"end":{"line":63,"column":5}}]},"2":{"loc":{"start":{"line":61,"column":8},"end":{"line":61,"column":90}},"type":"binary-expr","locations":[{"start":{"line":61,"column":8},"end":{"line":61,"column":23}},{"start":{"line":61,"column":27},"end":{"line":61,"column":90}}]},"3":{"loc":{"start":{"line":67,"column":6},"end":{"line":73,"column":7}},"type":"if","locations":[{"start":{"line":67,"column":6},"end":{"line":73,"column":7}},{"start":{"line":69,"column":13},"end":{"line":73,"column":7}}]},"4":{"loc":{"start":{"line":67,"column":10},"end":{"line":67,"column":50}},"type":"binary-expr","locations":[{"start":{"line":67,"column":10},"end":{"line":67,"column":33}},{"start":{"line":67,"column":37},"end":{"line":67,"column":50}}]},"5":{"loc":{"start":{"line":69,"column":13},"end":{"line":73,"column":7}},"type":"if","locations":[{"start":{"line":69,"column":13},"end":{"line":73,"column":7}},{"start":{"line":71,"column":13},"end":{"line":73,"column":7}}]},"6":{"loc":{"start":{"line":69,"column":17},"end":{"line":69,"column":59}},"type":"binary-expr","locations":[{"start":{"line":69,"column":17},"end":{"line":69,"column":42}},{"start":{"line":69,"column":46},"end":{"line":69,"column":59}}]},"7":{"loc":{"start":{"line":75,"column":6},"end":{"line":78,"column":7}},"type":"if","locations":[{"start":{"line":75,"column":6},"end":{"line":78,"column":7}}]},"8":{"loc":{"start":{"line":89,"column":4},"end":{"line":89,"column":88}},"type":"if","locations":[{"start":{"line":89,"column":4},"end":{"line":89,"column":88}}]},"9":{"loc":{"start":{"line":89,"column":8},"end":{"line":89,"column":50}},"type":"binary-expr","locations":[{"start":{"line":89,"column":8},"end":{"line":89,"column":22}},{"start":{"line":89,"column":26},"end":{"line":89,"column":50}}]},"10":{"loc":{"start":{"line":105,"column":4},"end":{"line":105,"column":90}},"type":"if","locations":[{"start":{"line":105,"column":4},"end":{"line":105,"column":90}}]},"11":{"loc":{"start":{"line":105,"column":8},"end":{"line":105,"column":52}},"type":"binary-expr","locations":[{"start":{"line":105,"column":8},"end":{"line":105,"column":22}},{"start":{"line":105,"column":26},"end":{"line":105,"column":52}}]},"12":{"loc":{"start":{"line":114,"column":6},"end":{"line":116,"column":7}},"type":"if","locations":[{"start":{"line":114,"column":6},"end":{"line":116,"column":7}}]},"13":{"loc":{"start":{"line":119,"column":6},"end":{"line":121,"column":7}},"type":"if","locations":[{"start":{"line":119,"column":6},"end":{"line":121,"column":7}}]},"14":{"loc":{"start":{"line":130,"column":4},"end":{"line":138,"column":5}},"type":"if","locations":[{"start":{"line":130,"column":4},"end":{"line":138,"column":5}},{"start":{"line":132,"column":11},"end":{"line":138,"column":5}}]},"15":{"loc":{"start":{"line":132,"column":11},"end":{"line":138,"column":5}},"type":"if","locations":[{"start":{"line":132,"column":11},"end":{"line":138,"column":5}},{"start":{"line":134,"column":11},"end":{"line":138,"column":5}}]},"16":{"loc":{"start":{"line":134,"column":11},"end":{"line":138,"column":5}},"type":"if","locations":[{"start":{"line":134,"column":11},"end":{"line":138,"column":5}},{"start":{"line":136,"column":11},"end":{"line":138,"column":5}}]},"17":{"loc":{"start":{"line":143,"column":4},"end":{"line":143,"column":25}},"type":"default-arg","locations":[{"start":{"line":143,"column":24},"end":{"line":143,"column":25}}]},"18":{"loc":{"start":{"line":144,"column":4},"end":{"line":144,"column":29}},"type":"default-arg","locations":[{"start":{"line":144,"column":23},"end":{"line":144,"column":29}}]},"19":{"loc":{"start":{"line":145,"column":4},"end":{"line":145,"column":74}},"type":"default-arg","locations":[{"start":{"line":145,"column":30},"end":{"line":145,"column":74}}]},"20":{"loc":{"start":{"line":148,"column":4},"end":{"line":148,"column":83}},"type":"if","locations":[{"start":{"line":148,"column":4},"end":{"line":148,"column":83}}]},"21":{"loc":{"start":{"line":149,"column":4},"end":{"line":149,"column":85}},"type":"if","locations":[{"start":{"line":149,"column":4},"end":{"line":149,"column":85}}]},"22":{"loc":{"start":{"line":179,"column":4},"end":{"line":179,"column":25}},"type":"default-arg","locations":[{"start":{"line":179,"column":24},"end":{"line":179,"column":25}}]},"23":{"loc":{"start":{"line":180,"column":4},"end":{"line":180,"column":29}},"type":"default-arg","locations":[{"start":{"line":180,"column":23},"end":{"line":180,"column":29}}]},"24":{"loc":{"start":{"line":181,"column":4},"end":{"line":181,"column":74}},"type":"default-arg","locations":[{"start":{"line":181,"column":30},"end":{"line":181,"column":74}}]},"25":{"loc":{"start":{"line":184,"column":4},"end":{"line":184,"column":83}},"type":"if","locations":[{"start":{"line":184,"column":4},"end":{"line":184,"column":83}}]},"26":{"loc":{"start":{"line":185,"column":4},"end":{"line":185,"column":85}},"type":"if","locations":[{"start":{"line":185,"column":4},"end":{"line":185,"column":85}}]},"27":{"loc":{"start":{"line":209,"column":48},"end":{"line":209,"column":69}},"type":"default-arg","locations":[{"start":{"line":209,"column":68},"end":{"line":209,"column":69}}]},"28":{"loc":{"start":{"line":248,"column":4},"end":{"line":251,"column":5}},"type":"if","locations":[{"start":{"line":248,"column":4},"end":{"line":251,"column":5}}]},"29":{"loc":{"start":{"line":256,"column":4},"end":{"line":258,"column":5}},"type":"if","locations":[{"start":{"line":256,"column":4},"end":{"line":258,"column":5}}]},"30":{"loc":{"start":{"line":263,"column":4},"end":{"line":274,"column":5}},"type":"if","locations":[{"start":{"line":263,"column":4},"end":{"line":274,"column":5}},{"start":{"line":267,"column":11},"end":{"line":274,"column":5}}]},"31":{"loc":{"start":{"line":267,"column":11},"end":{"line":274,"column":5}},"type":"if","locations":[{"start":{"line":267,"column":11},"end":{"line":274,"column":5}},{"start":{"line":272,"column":11},"end":{"line":274,"column":5}}]}},"s":{"0":3,"1":3,"2":3,"3":3,"4":1,"5":1,"6":1,"7":1,"8":0,"9":1,"10":1,"11":1,"12":0,"13":1,"14":1,"15":0,"16":1,"17":0,"18":1,"19":1,"20":0,"21":0,"22":1,"23":1,"24":0,"25":0,"26":0,"27":0,"28":0,"29":0,"30":0,"31":0,"32":0,"33":0,"34":0,"35":0,"36":0,"37":0,"38":0,"39":0,"40":0,"41":0,"42":0,"43":0,"44":0,"45":0,"46":0,"47":0,"48":0,"49":0,"50":0,"51":1,"52":0,"53":1,"54":1,"55":0,"56":0,"57":0,"58":1,"59":0,"60":1,"61":0,"62":1,"63":1,"64":1,"65":1,"66":1,"67":1,"68":1,"69":0,"70":0,"71":0,"72":0,"73":0,"74":0,"75":0,"76":0,"77":0,"78":0,"79":0,"80":0,"81":0,"82":0,"83":3,"84":0,"85":0,"86":0,"87":0,"88":0,"89":0,"90":0,"91":0,"92":0,"93":0,"94":0,"95":0,"96":0,"97":0,"98":0,"99":0,"100":0,"101":0,"102":0,"103":0,"104":0,"105":0,"106":0,"107":0,"108":0,"109":3},"f":{"0":1,"1":1,"2":1,"3":0,"4":0,"5":1,"6":1,"7":0,"8":0,"9":0,"10":0},"b":{"0":[0],"1":[0],"2":[1,0],"3":[0,1],"4":[1,0],"5":[0,1],"6":[1,0],"7":[0],"8":[0],"9":[0,0],"10":[0],"11":[0,0],"12":[0],"13":[0],"14":[0,1],"15":[1,0],"16":[0,0],"17":[1],"18":[1],"19":[1],"20":[0],"21":[0],"22":[0],"23":[0],"24":[0],"25":[0],"26":[0],"27":[0],"28":[0],"29":[0],"30":[0,0],"31":[0,0]}}
,"/home/axcpeter/.tikitaka/sdk/src/evm_connector.ts": {"path":"/home/axcpeter/.tikitaka/sdk/src/evm_connector.ts","statementMap":{"0":{"start":{"line":4,"column":0},"end":{"line":4,"column":87}},"1":{"start":{"line":6,"column":0},"end":{"line":6,"column":34}},"2":{"start":{"line":17,"column":45},"end":{"line":17,"column":49}},"3":{"start":{"line":18,"column":34},"end":{"line":18,"column":38}},"4":{"start":{"line":19,"column":41},"end":{"line":19,"column":45}},"5":{"start":{"line":20,"column":49},"end":{"line":20,"column":53}},"6":{"start":{"line":28,"column":4},"end":{"line":28,"column":88}},"7":{"start":{"line":28,"column":47},"end":{"line":28,"column":88}},"8":{"start":{"line":29,"column":4},"end":{"line":31,"column":5}},"9":{"start":{"line":30,"column":6},"end":{"line":30,"column":86}},"10":{"start":{"line":33,"column":4},"end":{"line":40,"column":5}},"11":{"start":{"line":34,"column":6},"end":{"line":34,"column":50}},"12":{"start":{"line":35,"column":6},"end":{"line":35,"column":58}},"13":{"start":{"line":36,"column":22},"end":{"line":36,"column":54}},"14":{"start":{"line":37,"column":6},"end":{"line":37,"column":69}},"15":{"start":{"line":39,"column":6},"end":{"line":39,"column":67}},"16":{"start":{"line":47,"column":4},"end":{"line":47,"column":65}},"17":{"start":{"line":47,"column":22},"end":{"line":47,"column":65}},"18":{"start":{"line":48,"column":4},"end":{"line":48,"column":110}},"19":{"start":{"line":48,"column":48},"end":{"line":48,"column":110}},"20":{"start":{"line":49,"column":4},"end":{"line":49,"column":63}},"21":{"start":{"line":56,"column":4},"end":{"line":56,"column":65}},"22":{"start":{"line":56,"column":22},"end":{"line":56,"column":65}},"23":{"start":{"line":57,"column":4},"end":{"line":57,"column":110}},"24":{"start":{"line":57,"column":48},"end":{"line":57,"column":110}},"25":{"start":{"line":58,"column":4},"end":{"line":58,"column":71}},"26":{"start":{"line":65,"column":4},"end":{"line":65,"column":68}},"27":{"start":{"line":65,"column":27},"end":{"line":65,"column":68}},"28":{"start":{"line":67,"column":20},"end":{"line":67,"column":70}},"29":{"start":{"line":69,"column":4},"end":{"line":84,"column":5}},"30":{"start":{"line":71,"column":23},"end":{"line":71,"column":85}},"31":{"start":{"line":74,"column":17},"end":{"line":76,"column":8}},"32":{"start":{"line":78,"column":6},"end":{"line":78,"column":58}},"33":{"start":{"line":79,"column":22},"end":{"line":79,"column":37}},"34":{"start":{"line":80,"column":6},"end":{"line":80,"column":22}},"35":{"start":{"line":82,"column":21},"end":{"line":82,"column":52}},"36":{"start":{"line":83,"column":6},"end":{"line":83,"column":54}},"37":{"start":{"line":91,"column":4},"end":{"line":91,"column":68}},"38":{"start":{"line":91,"column":27},"end":{"line":91,"column":68}},"39":{"start":{"line":92,"column":4},"end":{"line":92,"column":96}},"40":{"start":{"line":92,"column":38},"end":{"line":92,"column":96}},"41":{"start":{"line":94,"column":4},"end":{"line":104,"column":5}},"42":{"start":{"line":95,"column":6},"end":{"line":97,"column":7}},"43":{"start":{"line":96,"column":8},"end":{"line":96,"column":67}},"44":{"start":{"line":98,"column":17},"end":{"line":98,"column":65}},"45":{"start":{"line":99,"column":22},"end":{"line":99,"column":37}},"46":{"start":{"line":100,"column":6},"end":{"line":100,"column":22}},"47":{"start":{"line":102,"column":21},"end":{"line":102,"column":52}},"48":{"start":{"line":103,"column":6},"end":{"line":103,"column":54}},"49":{"start":{"line":111,"column":4},"end":{"line":111,"column":68}},"50":{"start":{"line":111,"column":27},"end":{"line":111,"column":68}},"51":{"start":{"line":113,"column":4},"end":{"line":120,"column":5}},"52":{"start":{"line":114,"column":17},"end":{"line":114,"column":72}},"53":{"start":{"line":115,"column":22},"end":{"line":115,"column":37}},"54":{"start":{"line":116,"column":6},"end":{"line":116,"column":37}},"55":{"start":{"line":118,"column":21},"end":{"line":118,"column":52}},"56":{"start":{"line":119,"column":6},"end":{"line":119,"column":54}},"57":{"start":{"line":127,"column":4},"end":{"line":127,"column":68}},"58":{"start":{"line":127,"column":27},"end":{"line":127,"column":68}},"59":{"start":{"line":128,"column":4},"end":{"line":133,"column":5}},"60":{"start":{"line":129,"column":6},"end":{"line":129,"column":61}},"61":{"start":{"line":131,"column":21},"end":{"line":131,"column":52}},"62":{"start":{"line":132,"column":6},"end":{"line":132,"column":63}},"63":{"start":{"line":146,"column":4},"end":{"line":146,"column":65}},"64":{"start":{"line":146,"column":22},"end":{"line":146,"column":65}},"65":{"start":{"line":147,"column":4},"end":{"line":147,"column":126}},"66":{"start":{"line":147,"column":60},"end":{"line":147,"column":126}},"67":{"start":{"line":149,"column":4},"end":{"line":149,"column":97}},"68":{"start":{"line":152,"column":26},"end":{"line":154,"column":6}},"69":{"start":{"line":156,"column":27},"end":{"line":156,"column":89}},"70":{"start":{"line":158,"column":4},"end":{"line":172,"column":5}},"71":{"start":{"line":160,"column":23},"end":{"line":160,"column":103}},"72":{"start":{"line":162,"column":17},"end":{"line":164,"column":8}},"73":{"start":{"line":166,"column":6},"end":{"line":166,"column":52}},"74":{"start":{"line":167,"column":22},"end":{"line":167,"column":37}},"75":{"start":{"line":168,"column":6},"end":{"line":168,"column":22}},"76":{"start":{"line":170,"column":21},"end":{"line":170,"column":52}},"77":{"start":{"line":171,"column":6},"end":{"line":171,"column":54}},"78":{"start":{"line":183,"column":4},"end":{"line":194,"column":5}},"79":{"start":{"line":184,"column":6},"end":{"line":188,"column":7}},"80":{"start":{"line":185,"column":8},"end":{"line":187,"column":11}},"81":{"start":{"line":186,"column":10},"end":{"line":186,"column":51}},"82":{"start":{"line":189,"column":6},"end":{"line":193,"column":7}},"83":{"start":{"line":190,"column":8},"end":{"line":192,"column":11}},"84":{"start":{"line":191,"column":10},"end":{"line":191,"column":59}},"85":{"start":{"line":196,"column":4},"end":{"line":200,"column":5}},"86":{"start":{"line":197,"column":6},"end":{"line":199,"column":9}},"87":{"start":{"line":198,"column":8},"end":{"line":198,"column":56}},"88":{"start":{"line":202,"column":4},"end":{"line":202,"column":58}},"89":{"start":{"line":209,"column":4},"end":{"line":209,"column":66}},"90":{"start":{"line":209,"column":24},"end":{"line":209,"column":66}},"91":{"start":{"line":211,"column":18},"end":{"line":211,"column":56}},"92":{"start":{"line":212,"column":4},"end":{"line":212,"column":63}},"93":{"start":{"line":212,"column":16},"end":{"line":212,"column":63}},"94":{"start":{"line":214,"column":4},"end":{"line":220,"column":6}},"95":{"start":{"line":227,"column":4},"end":{"line":227,"column":66}},"96":{"start":{"line":227,"column":24},"end":{"line":227,"column":66}},"97":{"start":{"line":228,"column":18},"end":{"line":228,"column":86}},"98":{"start":{"line":229,"column":4},"end":{"line":229,"column":43}},"99":{"start":{"line":236,"column":4},"end":{"line":236,"column":66}},"100":{"start":{"line":236,"column":24},"end":{"line":236,"column":66}},"101":{"start":{"line":237,"column":4},"end":{"line":237,"column":25}},"102":{"start":{"line":244,"column":4},"end":{"line":244,"column":62}},"103":{"start":{"line":244,"column":22},"end":{"line":244,"column":62}},"104":{"start":{"line":245,"column":4},"end":{"line":245,"column":23}},"105":{"start":{"line":252,"column":4},"end":{"line":252,"column":42}},"106":{"start":{"line":252,"column":22},"end":{"line":252,"column":42}},"107":{"start":{"line":253,"column":4},"end":{"line":253,"column":68}},"108":{"start":{"line":253,"column":42},"end":{"line":253,"column":68}},"109":{"start":{"line":254,"column":4},"end":{"line":254,"column":44}},"110":{"start":{"line":254,"column":23},"end":{"line":254,"column":44}},"111":{"start":{"line":255,"column":4},"end":{"line":255,"column":31}},"112":{"start":{"line":16,"column":0},"end":{"line":16,"column":13}}},"fnMap":{"0":{"name":"(anonymous_0)","decl":{"start":{"line":22,"column":2},"end":{"line":22,"column":17}},"loc":{"start":{"line":22,"column":2},"end":{"line":22,"column":18}}},"1":{"name":"(anonymous_1)","decl":{"start":{"line":27,"column":2},"end":{"line":27,"column":7}},"loc":{"start":{"line":27,"column":50},"end":{"line":41,"column":3}}},"2":{"name":"(anonymous_2)","decl":{"start":{"line":46,"column":2},"end":{"line":46,"column":16}},"loc":{"start":{"line":46,"column":44},"end":{"line":50,"column":3}}},"3":{"name":"(anonymous_3)","decl":{"start":{"line":55,"column":2},"end":{"line":55,"column":27}},"loc":{"start":{"line":55,"column":55},"end":{"line":59,"column":3}}},"4":{"name":"(anonymous_4)","decl":{"start":{"line":64,"column":2},"end":{"line":64,"column":7}},"loc":{"start":{"line":64,"column":71},"end":{"line":85,"column":3}}},"5":{"name":"(anonymous_5)","decl":{"start":{"line":90,"column":2},"end":{"line":90,"column":7}},"loc":{"start":{"line":90,"column":77},"end":{"line":105,"column":3}}},"6":{"name":"(anonymous_6)","decl":{"start":{"line":110,"column":2},"end":{"line":110,"column":7}},"loc":{"start":{"line":110,"column":66},"end":{"line":121,"column":3}}},"7":{"name":"(anonymous_7)","decl":{"start":{"line":126,"column":2},"end":{"line":126,"column":7}},"loc":{"start":{"line":126,"column":51},"end":{"line":134,"column":3}}},"8":{"name":"(anonymous_8)","decl":{"start":{"line":139,"column":2},"end":{"line":139,"column":7}},"loc":{"start":{"line":144,"column":24},"end":{"line":173,"column":3}}},"9":{"name":"(anonymous_9)","decl":{"start":{"line":178,"column":2},"end":{"line":178,"column":7}},"loc":{"start":{"line":182,"column":3},"end":{"line":203,"column":3}}},"10":{"name":"(anonymous_10)","decl":{"start":{"line":185,"column":41},"end":{"line":185,"column":42}},"loc":{"start":{"line":185,"column":65},"end":{"line":187,"column":9}}},"11":{"name":"(anonymous_11)","decl":{"start":{"line":190,"column":41},"end":{"line":190,"column":42}},"loc":{"start":{"line":190,"column":73},"end":{"line":192,"column":9}}},"12":{"name":"(anonymous_12)","decl":{"start":{"line":197,"column":50},"end":{"line":197,"column":51}},"loc":{"start":{"line":197,"column":75},"end":{"line":199,"column":7}}},"13":{"name":"(anonymous_13)","decl":{"start":{"line":208,"column":2},"end":{"line":208,"column":7}},"loc":{"start":{"line":208,"column":36},"end":{"line":221,"column":3}}},"14":{"name":"(anonymous_14)","decl":{"start":{"line":226,"column":2},"end":{"line":226,"column":7}},"loc":{"start":{"line":226,"column":30},"end":{"line":230,"column":3}}},"15":{"name":"(anonymous_15)","decl":{"start":{"line":235,"column":2},"end":{"line":235,"column":13}},"loc":{"start":{"line":235,"column":13},"end":{"line":238,"column":3}}},"16":{"name":"(anonymous_16)","decl":{"start":{"line":243,"column":2},"end":{"line":243,"column":11}},"loc":{"start":{"line":243,"column":11},"end":{"line":246,"column":3}}},"17":{"name":"(anonymous_17)","decl":{"start":{"line":251,"column":10},"end":{"line":251,"column":29}},"loc":{"start":{"line":251,"column":40},"end":{"line":256,"column":3}}}},"branchMap":{"0":{"loc":{"start":{"line":28,"column":4},"end":{"line":28,"column":88}},"type":"if","locations":[{"start":{"line":28,"column":4},"end":{"line":28,"column":88}}]},"1":{"loc":{"start":{"line":28,"column":8},"end":{"line":28,"column":45}},"type":"binary-expr","locations":[{"start":{"line":28,"column":8},"end":{"line":28,"column":15}},{"start":{"line":28,"column":19},"end":{"line":28,"column":45}}]},"2":{"loc":{"start":{"line":29,"column":4},"end":{"line":31,"column":5}},"type":"if","locations":[{"start":{"line":29,"column":4},"end":{"line":31,"column":5}}]},"3":{"loc":{"start":{"line":29,"column":8},"end":{"line":29,"column":113}},"type":"binary-expr","locations":[{"start":{"line":29,"column":8},"end":{"line":29,"column":19}},{"start":{"line":29,"column":23},"end":{"line":29,"column":53}},{"start":{"line":29,"column":57},"end":{"line":29,"column":85}},{"start":{"line":29,"column":89},"end":{"line":29,"column":113}}]},"4":{"loc":{"start":{"line":47,"column":4},"end":{"line":47,"column":65}},"type":"if","locations":[{"start":{"line":47,"column":4},"end":{"line":47,"column":65}}]},"5":{"loc":{"start":{"line":48,"column":4},"end":{"line":48,"column":110}},"type":"if","locations":[{"start":{"line":48,"column":4},"end":{"line":48,"column":110}}]},"6":{"loc":{"start":{"line":48,"column":8},"end":{"line":48,"column":46}},"type":"binary-expr","locations":[{"start":{"line":48,"column":8},"end":{"line":48,"column":16}},{"start":{"line":48,"column":20},"end":{"line":48,"column":46}}]},"7":{"loc":{"start":{"line":56,"column":4},"end":{"line":56,"column":65}},"type":"if","locations":[{"start":{"line":56,"column":4},"end":{"line":56,"column":65}}]},"8":{"loc":{"start":{"line":57,"column":4},"end":{"line":57,"column":110}},"type":"if","locations":[{"start":{"line":57,"column":4},"end":{"line":57,"column":110}}]},"9":{"loc":{"start":{"line":57,"column":8},"end":{"line":57,"column":46}},"type":"binary-expr","locations":[{"start":{"line":57,"column":8},"end":{"line":57,"column":16}},{"start":{"line":57,"column":20},"end":{"line":57,"column":46}}]},"10":{"loc":{"start":{"line":65,"column":4},"end":{"line":65,"column":68}},"type":"if","locations":[{"start":{"line":65,"column":4},"end":{"line":65,"column":68}}]},"11":{"loc":{"start":{"line":91,"column":4},"end":{"line":91,"column":68}},"type":"if","locations":[{"start":{"line":91,"column":4},"end":{"line":91,"column":68}}]},"12":{"loc":{"start":{"line":92,"column":4},"end":{"line":92,"column":96}},"type":"if","locations":[{"start":{"line":92,"column":4},"end":{"line":92,"column":96}}]},"13":{"loc":{"start":{"line":92,"column":8},"end":{"line":92,"column":36}},"type":"binary-expr","locations":[{"start":{"line":92,"column":8},"end":{"line":92,"column":11}},{"start":{"line":92,"column":15},"end":{"line":92,"column":36}}]},"14":{"loc":{"start":{"line":95,"column":6},"end":{"line":97,"column":7}},"type":"if","locations":[{"start":{"line":95,"column":6},"end":{"line":97,"column":7}}]},"15":{"loc":{"start":{"line":111,"column":4},"end":{"line":111,"column":68}},"type":"if","locations":[{"start":{"line":111,"column":4},"end":{"line":111,"column":68}}]},"16":{"loc":{"start":{"line":127,"column":4},"end":{"line":127,"column":68}},"type":"if","locations":[{"start":{"line":127,"column":4},"end":{"line":127,"column":68}}]},"17":{"loc":{"start":{"line":146,"column":4},"end":{"line":146,"column":65}},"type":"if","locations":[{"start":{"line":146,"column":4},"end":{"line":146,"column":65}}]},"18":{"loc":{"start":{"line":147,"column":4},"end":{"line":147,"column":126}},"type":"if","locations":[{"start":{"line":147,"column":4},"end":{"line":147,"column":126}}]},"19":{"loc":{"start":{"line":147,"column":8},"end":{"line":147,"column":58}},"type":"binary-expr","locations":[{"start":{"line":147,"column":8},"end":{"line":147,"column":22}},{"start":{"line":147,"column":26},"end":{"line":147,"column":58}}]},"20":{"loc":{"start":{"line":183,"column":4},"end":{"line":194,"column":5}},"type":"if","locations":[{"start":{"line":183,"column":4},"end":{"line":194,"column":5}}]},"21":{"loc":{"start":{"line":184,"column":6},"end":{"line":188,"column":7}},"type":"if","locations":[{"start":{"line":184,"column":6},"end":{"line":188,"column":7}}]},"22":{"loc":{"start":{"line":189,"column":6},"end":{"line":193,"column":7}},"type":"if","locations":[{"start":{"line":189,"column":6},"end":{"line":193,"column":7}}]},"23":{"loc":{"start":{"line":196,"column":4},"end":{"line":200,"column":5}},"type":"if","locations":[{"start":{"line":196,"column":4},"end":{"line":200,"column":5}}]},"24":{"loc":{"start":{"line":196,"column":8},"end":{"line":196,"column":60}},"type":"binary-expr","locations":[{"start":{"line":196,"column":8},"end":{"line":196,"column":32}},{"start":{"line":196,"column":36},"end":{"line":196,"column":60}}]},"25":{"loc":{"start":{"line":209,"column":4},"end":{"line":209,"column":66}},"type":"if","locations":[{"start":{"line":209,"column":4},"end":{"line":209,"column":66}}]},"26":{"loc":{"start":{"line":212,"column":4},"end":{"line":212,"column":63}},"type":"if","locations":[{"start":{"line":212,"column":4},"end":{"line":212,"column":63}}]},"27":{"loc":{"start":{"line":227,"column":4},"end":{"line":227,"column":66}},"type":"if","locations":[{"start":{"line":227,"column":4},"end":{"line":227,"column":66}}]},"28":{"loc":{"start":{"line":229,"column":11},"end":{"line":229,"column":42}},"type":"cond-expr","locations":[{"start":{"line":229,"column":19},"end":{"line":229,"column":37}},{"start":{"line":229,"column":40},"end":{"line":229,"column":42}}]},"29":{"loc":{"start":{"line":236,"column":4},"end":{"line":236,"column":66}},"type":"if","locations":[{"start":{"line":236,"column":4},"end":{"line":236,"column":66}}]},"30":{"loc":{"start":{"line":244,"column":4},"end":{"line":244,"column":62}},"type":"if","locations":[{"start":{"line":244,"column":4},"end":{"line":244,"column":62}}]},"31":{"loc":{"start":{"line":252,"column":4},"end":{"line":252,"column":42}},"type":"if","locations":[{"start":{"line":252,"column":4},"end":{"line":252,"column":42}}]},"32":{"loc":{"start":{"line":253,"column":4},"end":{"line":253,"column":68}},"type":"if","locations":[{"start":{"line":253,"column":4},"end":{"line":253,"column":68}}]},"33":{"loc":{"start":{"line":253,"column":8},"end":{"line":253,"column":40}},"type":"binary-expr","locations":[{"start":{"line":253,"column":8},"end":{"line":253,"column":18}},{"start":{"line":253,"column":22},"end":{"line":253,"column":40}}]},"34":{"loc":{"start":{"line":254,"column":4},"end":{"line":254,"column":44}},"type":"if","locations":[{"start":{"line":254,"column":4},"end":{"line":254,"column":44}}]}},"s":{"0":3,"1":3,"2":1,"3":1,"4":1,"5":1,"6":0,"7":0,"8":0,"9":0,"10":0,"11":0,"12":0,"13":0,"14":0,"15":0,"16":0,"17":0,"18":0,"19":0,"20":0,"21":0,"22":0,"23":0,"24":0,"25":0,"26":0,"27":0,"28":0,"29":0,"30":0,"31":0,"32":0,"33":0,"34":0,"35":0,"36":0,"37":0,"38":0,"39":0,"40":0,"41":0,"42":0,"43":0,"44":0,"45":0,"46":0,"47":0,"48":0,"49":0,"50":0,"51":0,"52":0,"53":0,"54":0,"55":0,"56":0,"57":0,"58":0,"59":0,"60":0,"61":0,"62":0,"63":0,"64":0,"65":0,"66":0,"67":0,"68":0,"69":0,"70":0,"71":0,"72":0,"73":0,"74":0,"75":0,"76":0,"77":0,"78":0,"79":0,"80":0,"81":0,"82":0,"83":0,"84":0,"85":0,"86":0,"87":0,"88":0,"89":0,"90":0,"91":0,"92":0,"93":0,"94":0,"95":0,"96":0,"97":0,"98":0,"99":0,"100":0,"101":0,"102":0,"103":0,"104":0,"105":0,"106":0,"107":0,"108":0,"109":0,"110":0,"111":0,"112":3},"f":{"0":1,"1":0,"2":0,"3":0,"4":0,"5":0,"6":0,"7":0,"8":0,"9":0,"10":0,"11":0,"12":0,"13":0,"14":0,"15":0,"16":0,"17":0},"b":{"0":[0],"1":[0,0],"2":[0],"3":[0,0,0,0],"4":[0],"5":[0],"6":[0,0],"7":[0],"8":[0],"9":[0,0],"10":[0],"11":[0],"12":[0],"13":[0,0],"14":[0],"15":[0],"16":[0],"17":[0],"18":[0],"19":[0,0],"20":[0],"21":[0],"22":[0],"23":[0],"24":[0,0],"25":[0],"26":[0],"27":[0],"28":[0,0],"29":[0],"30":[0],"31":[0],"32":[0],"33":[0,0],"34":[0]}}
,"/home/axcpeter/.tikitaka/sdk/src/golay.ts": {"path":"/home/axcpeter/.tikitaka/sdk/src/golay.ts","statementMap":{"0":{"start":{"line":91,"column":0},"end":{"line":91,"column":16}},"1":{"start":{"line":121,"column":0},"end":{"line":121,"column":16}},"2":{"start":{"line":7,"column":10},"end":{"line":10,"column":2}},"3":{"start":{"line":12,"column":21},"end":{"line":15,"column":2}},"4":{"start":{"line":21,"column":16},"end":{"line":21,"column":17}},"5":{"start":{"line":22,"column":15},"end":{"line":22,"column":24}},"6":{"start":{"line":23,"column":4},"end":{"line":26,"column":5}},"7":{"start":{"line":24,"column":8},"end":{"line":24,"column":27}},"8":{"start":{"line":25,"column":8},"end":{"line":25,"column":16}},"9":{"start":{"line":27,"column":4},"end":{"line":27,"column":17}},"10":{"start":{"line":34,"column":14},"end":{"line":34,"column":15}},"11":{"start":{"line":35,"column":4},"end":{"line":39,"column":5}},"12":{"start":{"line":35,"column":17},"end":{"line":35,"column":18}},"13":{"start":{"line":36,"column":8},"end":{"line":38,"column":9}},"14":{"start":{"line":37,"column":12},"end":{"line":37,"column":24}},"15":{"start":{"line":40,"column":4},"end":{"line":40,"column":23}},"16":{"start":{"line":44,"column":19},"end":{"line":44,"column":41}},"17":{"start":{"line":45,"column":4},"end":{"line":45,"column":42}},"18":{"start":{"line":52,"column":14},"end":{"line":52,"column":38}},"19":{"start":{"line":53,"column":16},"end":{"line":53,"column":32}},"20":{"start":{"line":56,"column":14},"end":{"line":56,"column":34}},"21":{"start":{"line":58,"column":4},"end":{"line":58,"column":73}},"22":{"start":{"line":58,"column":17},"end":{"line":58,"column":73}},"23":{"start":{"line":61,"column":4},"end":{"line":63,"column":5}},"24":{"start":{"line":62,"column":8},"end":{"line":62,"column":72}},"25":{"start":{"line":66,"column":4},"end":{"line":70,"column":5}},"26":{"start":{"line":66,"column":17},"end":{"line":66,"column":18}},"27":{"start":{"line":67,"column":8},"end":{"line":69,"column":9}},"28":{"start":{"line":68,"column":12},"end":{"line":68,"column":105}},"29":{"start":{"line":73,"column":15},"end":{"line":73,"column":27}},"30":{"start":{"line":76,"column":4},"end":{"line":78,"column":5}},"31":{"start":{"line":77,"column":8},"end":{"line":77,"column":78}},"32":{"start":{"line":81,"column":4},"end":{"line":86,"column":5}},"33":{"start":{"line":81,"column":17},"end":{"line":81,"column":18}},"34":{"start":{"line":82,"column":8},"end":{"line":85,"column":9}},"35":{"start":{"line":83,"column":28},"end":{"line":83,"column":37}},"36":{"start":{"line":84,"column":12},"end":{"line":84,"column":98}},"37":{"start":{"line":88,"column":4},"end":{"line":88,"column":59}},"38":{"start":{"line":93,"column":16},"end":{"line":93,"column":62}},"39":{"start":{"line":94,"column":17},"end":{"line":94,"column":18}},"40":{"start":{"line":97,"column":4},"end":{"line":117,"column":5}},"41":{"start":{"line":97,"column":17},"end":{"line":97,"column":18}},"42":{"start":{"line":98,"column":19},"end":{"line":98,"column":26}},"43":{"start":{"line":99,"column":19},"end":{"line":99,"column":56}},"44":{"start":{"line":100,"column":19},"end":{"line":100,"column":56}},"45":{"start":{"line":103,"column":19},"end":{"line":103,"column":40}},"46":{"start":{"line":104,"column":19},"end":{"line":104,"column":33}},"47":{"start":{"line":105,"column":8},"end":{"line":105,"column":42}},"48":{"start":{"line":106,"column":8},"end":{"line":106,"column":41}},"49":{"start":{"line":107,"column":8},"end":{"line":107,"column":34}},"50":{"start":{"line":109,"column":8},"end":{"line":116,"column":9}},"51":{"start":{"line":111,"column":23},"end":{"line":111,"column":46}},"52":{"start":{"line":112,"column":23},"end":{"line":112,"column":37}},"53":{"start":{"line":113,"column":12},"end":{"line":113,"column":46}},"54":{"start":{"line":114,"column":12},"end":{"line":114,"column":45}},"55":{"start":{"line":115,"column":12},"end":{"line":115,"column":38}},"56":{"start":{"line":118,"column":4},"end":{"line":118,"column":15}},"57":{"start":{"line":123,"column":4},"end":{"line":125,"column":5}},"58":{"start":{"line":124,"column":8},"end":{"line":124,"column":84}},"59":{"start":{"line":126,"column":19},"end":{"line":126,"column":49}},"60":{"start":{"line":127,"column":16},"end":{"line":127,"column":38}},"61":{"start":{"line":128,"column":17},"end":{"line":128,"column":18}},"62":{"start":{"line":129,"column":25},"end":{"line":129,"column":26}},"63":{"start":{"line":130,"column":27},"end":{"line":130,"column":32}},"64":{"start":{"line":132,"column":4},"end":{"line":152,"column":5}},"65":{"start":{"line":132,"column":17},"end":{"line":132,"column":18}},"66":{"start":{"line":133,"column":19},"end":{"line":133,"column":78}},"67":{"start":{"line":134,"column":21},"end":{"line":134,"column":35}},"68":{"start":{"line":135,"column":8},"end":{"line":135,"column":41}},"69":{"start":{"line":136,"column":8},"end":{"line":136,"column":56}},"70":{"start":{"line":136,"column":32},"end":{"line":136,"column":56}},"71":{"start":{"line":138,"column":8},"end":{"line":138,"column":68}},"72":{"start":{"line":138,"column":29},"end":{"line":138,"column":68}},"73":{"start":{"line":139,"column":24},"end":{"line":139,"column":46}},"74":{"start":{"line":141,"column":8},"end":{"line":151,"column":9}},"75":{"start":{"line":142,"column":23},"end":{"line":142,"column":86}},"76":{"start":{"line":143,"column":25},"end":{"line":143,"column":39}},"77":{"start":{"line":144,"column":12},"end":{"line":144,"column":45}},"78":{"start":{"line":145,"column":12},"end":{"line":145,"column":60}},"79":{"start":{"line":145,"column":36},"end":{"line":145,"column":60}},"80":{"start":{"line":147,"column":12},"end":{"line":147,"column":75}},"81":{"start":{"line":147,"column":33},"end":{"line":147,"column":75}},"82":{"start":{"line":148,"column":12},"end":{"line":148,"column":65}},"83":{"start":{"line":148,"column":33},"end":{"line":148,"column":65}},"84":{"start":{"line":150,"column":12},"end":{"line":150,"column":57}},"85":{"start":{"line":150,"column":33},"end":{"line":150,"column":57}},"86":{"start":{"line":154,"column":4},"end":{"line":154,"column":85}}},"fnMap":{"0":{"name":"weight","decl":{"start":{"line":20,"column":9},"end":{"line":20,"column":15}},"loc":{"start":{"line":20,"column":25},"end":{"line":28,"column":1}}},"1":{"name":"multiplyP","decl":{"start":{"line":33,"column":9},"end":{"line":33,"column":18}},"loc":{"start":{"line":33,"column":28},"end":{"line":41,"column":1}}},"2":{"name":"encodeWord","decl":{"start":{"line":43,"column":9},"end":{"line":43,"column":19}},"loc":{"start":{"line":43,"column":31},"end":{"line":46,"column":1}}},"3":{"name":"decodeWord","decl":{"start":{"line":51,"column":9},"end":{"line":51,"column":19}},"loc":{"start":{"line":51,"column":36},"end":{"line":89,"column":1}}},"4":{"name":"golayEncode","decl":{"start":{"line":91,"column":16},"end":{"line":91,"column":27}},"loc":{"start":{"line":91,"column":44},"end":{"line":119,"column":1}}},"5":{"name":"golayDecode","decl":{"start":{"line":121,"column":16},"end":{"line":121,"column":27}},"loc":{"start":{"line":121,"column":47},"end":{"line":155,"column":1}}}},"branchMap":{"0":{"loc":{"start":{"line":36,"column":8},"end":{"line":38,"column":9}},"type":"if","locations":[{"start":{"line":36,"column":8},"end":{"line":38,"column":9}}]},"1":{"loc":{"start":{"line":58,"column":4},"end":{"line":58,"column":73}},"type":"if","locations":[{"start":{"line":58,"column":4},"end":{"line":58,"column":73}}]},"2":{"loc":{"start":{"line":61,"column":4},"end":{"line":63,"column":5}},"type":"if","locations":[{"start":{"line":61,"column":4},"end":{"line":63,"column":5}}]},"3":{"loc":{"start":{"line":67,"column":8},"end":{"line":69,"column":9}},"type":"if","locations":[{"start":{"line":67,"column":8},"end":{"line":69,"column":9}}]},"4":{"loc":{"start":{"line":76,"column":4},"end":{"line":78,"column":5}},"type":"if","locations":[{"start":{"line":76,"column":4},"end":{"line":78,"column":5}}]},"5":{"loc":{"start":{"line":82,"column":8},"end":{"line":85,"column":9}},"type":"if","locations":[{"start":{"line":82,"column":8},"end":{"line":85,"column":9}}]},"6":{"loc":{"start":{"line":99,"column":19},"end":{"line":99,"column":56}},"type":"cond-expr","locations":[{"start":{"line":99,"column":41},"end":{"line":99,"column":52}},{"start":{"line":99,"column":55},"end":{"line":99,"column":56}}]},"7":{"loc":{"start":{"line":100,"column":19},"end":{"line":100,"column":56}},"type":"cond-expr","locations":[{"start":{"line":100,"column":41},"end":{"line":100,"column":52}},{"start":{"line":100,"column":55},"end":{"line":100,"column":56}}]},"8":{"loc":{"start":{"line":109,"column":8},"end":{"line":116,"column":9}},"type":"if","locations":[{"start":{"line":109,"column":8},"end":{"line":116,"column":9}}]},"9":{"loc":{"start":{"line":123,"column":4},"end":{"line":125,"column":5}},"type":"if","locations":[{"start":{"line":123,"column":4},"end":{"line":125,"column":5}}]},"10":{"loc":{"start":{"line":136,"column":8},"end":{"line":136,"column":56}},"type":"if","locations":[{"start":{"line":136,"column":8},"end":{"line":136,"column":56}}]},"11":{"loc":{"start":{"line":138,"column":8},"end":{"line":138,"column":68}},"type":"if","locations":[{"start":{"line":138,"column":8},"end":{"line":138,"column":68}}]},"12":{"loc":{"start":{"line":141,"column":8},"end":{"line":151,"column":9}},"type":"if","locations":[{"start":{"line":141,"column":8},"end":{"line":151,"column":9}},{"start":{"line":149,"column":15},"end":{"line":151,"column":9}}]},"13":{"loc":{"start":{"line":145,"column":12},"end":{"line":145,"column":60}},"type":"if","locations":[{"start":{"line":145,"column":12},"end":{"line":145,"column":60}}]},"14":{"loc":{"start":{"line":147,"column":12},"end":{"line":147,"column":75}},"type":"if","locations":[{"start":{"line":147,"column":12},"end":{"line":147,"column":75}}]},"15":{"loc":{"start":{"line":148,"column":12},"end":{"line":148,"column":65}},"type":"if","locations":[{"start":{"line":148,"column":12},"end":{"line":148,"column":65}}]},"16":{"loc":{"start":{"line":150,"column":12},"end":{"line":150,"column":57}},"type":"if","locations":[{"start":{"line":150,"column":12},"end":{"line":150,"column":57}}]}},"s":{"0":6,"1":6,"2":6,"3":6,"4":41,"5":41,"6":41,"7":219,"8":219,"9":41,"10":3581,"11":3581,"12":3581,"13":42972,"14":15667,"15":3581,"16":146,"17":146,"18":3434,"19":3434,"20":3434,"21":3434,"22":3430,"23":4,"24":1,"25":3,"26":3,"27":21,"28":2,"29":1,"30":1,"31":0,"32":1,"33":1,"34":12,"35":0,"36":0,"37":1,"38":48,"39":48,"40":48,"41":48,"42":73,"43":73,"44":73,"45":73,"46":73,"47":73,"48":73,"49":73,"50":73,"51":73,"52":73,"53":73,"54":73,"55":73,"56":48,"57":1152,"58":0,"59":1152,"60":1152,"61":1152,"62":1152,"63":1152,"64":1152,"65":1152,"66":1717,"67":1717,"68":1717,"69":1717,"70":1,"71":1717,"72":1717,"73":1717,"74":1717,"75":1717,"76":1717,"77":1717,"78":1717,"79":0,"80":1717,"81":1717,"82":1717,"83":1717,"84":0,"85":0,"86":1152},"f":{"0":41,"1":3581,"2":146,"3":3434,"4":48,"5":1152},"b":{"0":[15667],"1":[3430],"2":[1],"3":[2],"4":[0],"5":[0],"6":[73,0],"7":[73,0],"8":[73],"9":[0],"10":[1],"11":[1717],"12":[1717,0],"13":[0],"14":[1717],"15":[1717],"16":[0]}}
,"/home/axcpeter/.tikitaka/sdk/src/grg_forward.ts": {"path":"/home/axcpeter/.tikitaka/sdk/src/grg_forward.ts","statementMap":{"0":{"start":{"line":1,"column":0},"end":{"line":1,"column":36}},"1":{"start":{"line":2,"column":0},"end":{"line":2,"column":38}},"2":{"start":{"line":8,"column":14},"end":{"line":8,"column":26}},"3":{"start":{"line":9,"column":4},"end":{"line":9,"column":70}},"4":{"start":{"line":9,"column":30},"end":{"line":9,"column":70}},"5":{"start":{"line":11,"column":15},"end":{"line":11,"column":17}},"6":{"start":{"line":12,"column":4},"end":{"line":16,"column":5}},"7":{"start":{"line":13,"column":16},"end":{"line":13,"column":36}},"8":{"start":{"line":14,"column":16},"end":{"line":14,"column":24}},"9":{"start":{"line":15,"column":6},"end":{"line":15,"column":67}},"10":{"start":{"line":18,"column":18},"end":{"line":18,"column":20}},"11":{"start":{"line":19,"column":4},"end":{"line":21,"column":5}},"12":{"start":{"line":19,"column":17},"end":{"line":19,"column":18}},"13":{"start":{"line":20,"column":6},"end":{"line":20,"column":71}},"14":{"start":{"line":22,"column":4},"end":{"line":22,"column":33}},"15":{"start":{"line":28,"column":25},"end":{"line":28,"column":56}},"16":{"start":{"line":29,"column":22},"end":{"line":29,"column":53}},"17":{"start":{"line":30,"column":33},"end":{"line":30,"column":35}},"18":{"start":{"line":32,"column":4},"end":{"line":36,"column":5}},"19":{"start":{"line":32,"column":17},"end":{"line":32,"column":18}},"20":{"start":{"line":33,"column":20},"end":{"line":33,"column":45}},"21":{"start":{"line":34,"column":6},"end":{"line":34,"column":64}},"22":{"start":{"line":35,"column":6},"end":{"line":35,"column":25}},"23":{"start":{"line":38,"column":4},"end":{"line":48,"column":5}},"24":{"start":{"line":38,"column":17},"end":{"line":38,"column":18}},"25":{"start":{"line":39,"column":21},"end":{"line":39,"column":46}},"26":{"start":{"line":40,"column":6},"end":{"line":46,"column":7}},"27":{"start":{"line":40,"column":19},"end":{"line":40,"column":20}},"28":{"start":{"line":41,"column":18},"end":{"line":41,"column":19}},"29":{"start":{"line":42,"column":8},"end":{"line":44,"column":9}},"30":{"start":{"line":42,"column":21},"end":{"line":42,"column":22}},"31":{"start":{"line":43,"column":10},"end":{"line":43,"column":30}},"32":{"start":{"line":45,"column":8},"end":{"line":45,"column":24}},"33":{"start":{"line":47,"column":6},"end":{"line":47,"column":26}},"34":{"start":{"line":49,"column":4},"end":{"line":49,"column":18}},"35":{"start":{"line":54,"column":20},"end":{"line":54,"column":37}},"36":{"start":{"line":57,"column":17},"end":{"line":57,"column":75}},"37":{"start":{"line":58,"column":21},"end":{"line":58,"column":40}},"38":{"start":{"line":60,"column":18},"end":{"line":60,"column":52}},"39":{"start":{"line":61,"column":4},"end":{"line":61,"column":23}},"40":{"start":{"line":62,"column":4},"end":{"line":62,"column":40}},"41":{"start":{"line":63,"column":4},"end":{"line":63,"column":17}},"42":{"start":{"line":67,"column":23},"end":{"line":67,"column":46}},"43":{"start":{"line":69,"column":20},"end":{"line":69,"column":57}},"44":{"start":{"line":70,"column":4},"end":{"line":70,"column":44}},"45":{"start":{"line":71,"column":4},"end":{"line":71,"column":44}},"46":{"start":{"line":72,"column":4},"end":{"line":72,"column":43}},"47":{"start":{"line":73,"column":4},"end":{"line":73,"column":36}},"48":{"start":{"line":74,"column":4},"end":{"line":74,"column":31}},"49":{"start":{"line":75,"column":19},"end":{"line":75,"column":47}},"50":{"start":{"line":76,"column":4},"end":{"line":76,"column":55}},"51":{"start":{"line":76,"column":27},"end":{"line":76,"column":53}},"52":{"start":{"line":4,"column":0},"end":{"line":4,"column":13}}},"fnMap":{"0":{"name":"(anonymous_0)","decl":{"start":{"line":7,"column":2},"end":{"line":7,"column":8}},"loc":{"start":{"line":7,"column":54},"end":{"line":23,"column":3}}},"1":{"name":"(anonymous_1)","decl":{"start":{"line":26,"column":2},"end":{"line":26,"column":8}},"loc":{"start":{"line":26,"column":80},"end":{"line":50,"column":3}}},"2":{"name":"(anonymous_2)","decl":{"start":{"line":53,"column":2},"end":{"line":53,"column":8}},"loc":{"start":{"line":53,"column":44},"end":{"line":64,"column":3}}},"3":{"name":"(anonymous_3)","decl":{"start":{"line":66,"column":2},"end":{"line":66,"column":8}},"loc":{"start":{"line":66,"column":32},"end":{"line":77,"column":3}}},"4":{"name":"(anonymous_4)","decl":{"start":{"line":76,"column":22},"end":{"line":76,"column":23}},"loc":{"start":{"line":76,"column":27},"end":{"line":76,"column":53}}}},"branchMap":{"0":{"loc":{"start":{"line":7,"column":40},"end":{"line":7,"column":54}},"type":"default-arg","locations":[{"start":{"line":7,"column":52},"end":{"line":7,"column":54}}]},"1":{"loc":{"start":{"line":9,"column":4},"end":{"line":9,"column":70}},"type":"if","locations":[{"start":{"line":9,"column":4},"end":{"line":9,"column":70}}]},"2":{"loc":{"start":{"line":26,"column":42},"end":{"line":26,"column":60}},"type":"default-arg","locations":[{"start":{"line":26,"column":59},"end":{"line":26,"column":60}}]},"3":{"loc":{"start":{"line":26,"column":62},"end":{"line":26,"column":80}},"type":"default-arg","locations":[{"start":{"line":26,"column":79},"end":{"line":26,"column":80}}]}},"s":{"0":4,"1":4,"2":7,"3":7,"4":0,"5":7,"6":7,"7":104,"8":104,"9":104,"10":7,"11":7,"12":7,"13":96,"14":7,"15":7,"16":7,"17":7,"18":7,"19":7,"20":28,"21":28,"22":28,"23":7,"24":7,"25":14,"26":14,"27":14,"28":66,"29":66,"30":66,"31":264,"32":66,"33":14,"34":7,"35":42,"36":42,"37":42,"38":42,"39":42,"40":42,"41":42,"42":7,"43":7,"44":7,"45":7,"46":7,"47":7,"48":7,"49":7,"50":7,"51":42,"52":4},"f":{"0":7,"1":7,"2":42,"3":7,"4":42},"b":{"0":[7],"1":[0],"2":[7],"3":[7]}}
,"/home/axcpeter/.tikitaka/sdk/src/grg_inverse.ts": {"path":"/home/axcpeter/.tikitaka/sdk/src/grg_inverse.ts","statementMap":{"0":{"start":{"line":1,"column":0},"end":{"line":1,"column":36}},"1":{"start":{"line":2,"column":0},"end":{"line":2,"column":38}},"2":{"start":{"line":3,"column":0},"end":{"line":3,"column":34}},"3":{"start":{"line":9,"column":4},"end":{"line":9,"column":77}},"4":{"start":{"line":9,"column":25},"end":{"line":9,"column":77}},"5":{"start":{"line":12,"column":20},"end":{"line":12,"column":53}},"6":{"start":{"line":13,"column":21},"end":{"line":13,"column":51}},"7":{"start":{"line":16,"column":17},"end":{"line":16,"column":75}},"8":{"start":{"line":17,"column":21},"end":{"line":17,"column":40}},"9":{"start":{"line":19,"column":4},"end":{"line":21,"column":5}},"10":{"start":{"line":20,"column":6},"end":{"line":20,"column":72}},"11":{"start":{"line":24,"column":16},"end":{"line":24,"column":36}},"12":{"start":{"line":25,"column":4},"end":{"line":27,"column":5}},"13":{"start":{"line":26,"column":6},"end":{"line":26,"column":89}},"14":{"start":{"line":28,"column":4},"end":{"line":28,"column":20}},"15":{"start":{"line":33,"column":22},"end":{"line":33,"column":38}},"16":{"start":{"line":34,"column":19},"end":{"line":34,"column":61}},"17":{"start":{"line":35,"column":4},"end":{"line":37,"column":5}},"18":{"start":{"line":35,"column":17},"end":{"line":35,"column":18}},"19":{"start":{"line":36,"column":6},"end":{"line":36,"column":43}},"20":{"start":{"line":38,"column":4},"end":{"line":38,"column":18}},"21":{"start":{"line":43,"column":14},"end":{"line":43,"column":26}},"22":{"start":{"line":44,"column":15},"end":{"line":44,"column":17}},"23":{"start":{"line":45,"column":4},"end":{"line":47,"column":5}},"24":{"start":{"line":46,"column":6},"end":{"line":46,"column":48}},"25":{"start":{"line":49,"column":19},"end":{"line":49,"column":21}},"26":{"start":{"line":50,"column":12},"end":{"line":50,"column":13}},"27":{"start":{"line":51,"column":4},"end":{"line":64,"column":5}},"28":{"start":{"line":52,"column":14},"end":{"line":52,"column":15}},"29":{"start":{"line":53,"column":6},"end":{"line":56,"column":7}},"30":{"start":{"line":54,"column":8},"end":{"line":54,"column":12}},"31":{"start":{"line":55,"column":8},"end":{"line":55,"column":12}},"32":{"start":{"line":57,"column":6},"end":{"line":57,"column":31}},"33":{"start":{"line":57,"column":27},"end":{"line":57,"column":31}},"34":{"start":{"line":59,"column":19},"end":{"line":59,"column":43}},"35":{"start":{"line":60,"column":6},"end":{"line":60,"column":33}},"36":{"start":{"line":60,"column":27},"end":{"line":60,"column":33}},"37":{"start":{"line":61,"column":16},"end":{"line":61,"column":33}},"38":{"start":{"line":62,"column":6},"end":{"line":62,"column":29}},"39":{"start":{"line":63,"column":6},"end":{"line":63,"column":13}},"40":{"start":{"line":65,"column":4},"end":{"line":65,"column":34}},"41":{"start":{"line":69,"column":4},"end":{"line":89,"column":5}},"42":{"start":{"line":70,"column":28},"end":{"line":70,"column":79}},"43":{"start":{"line":70,"column":52},"end":{"line":70,"column":78}},"44":{"start":{"line":71,"column":22},"end":{"line":71,"column":56}},"45":{"start":{"line":74,"column":6},"end":{"line":74,"column":43}},"46":{"start":{"line":74,"column":30},"end":{"line":74,"column":43}},"47":{"start":{"line":75,"column":22},"end":{"line":75,"column":94}},"48":{"start":{"line":76,"column":25},"end":{"line":76,"column":44}},"49":{"start":{"line":78,"column":22},"end":{"line":78,"column":51}},"50":{"start":{"line":79,"column":20},"end":{"line":79,"column":48}},"51":{"start":{"line":81,"column":6},"end":{"line":81,"column":53}},"52":{"start":{"line":81,"column":40},"end":{"line":81,"column":53}},"53":{"start":{"line":82,"column":6},"end":{"line":84,"column":7}},"54":{"start":{"line":82,"column":19},"end":{"line":82,"column":20}},"55":{"start":{"line":83,"column":8},"end":{"line":83,"column":47}},"56":{"start":{"line":83,"column":34},"end":{"line":83,"column":47}},"57":{"start":{"line":85,"column":6},"end":{"line":85,"column":18}},"58":{"start":{"line":87,"column":6},"end":{"line":87,"column":61}},"59":{"start":{"line":88,"column":6},"end":{"line":88,"column":19}},"60":{"start":{"line":5,"column":0},"end":{"line":5,"column":13}}},"fnMap":{"0":{"name":"(anonymous_0)","decl":{"start":{"line":8,"column":2},"end":{"line":8,"column":8}},"loc":{"start":{"line":8,"column":44},"end":{"line":29,"column":3}}},"1":{"name":"(anonymous_1)","decl":{"start":{"line":32,"column":2},"end":{"line":32,"column":8}},"loc":{"start":{"line":32,"column":72},"end":{"line":39,"column":3}}},"2":{"name":"(anonymous_2)","decl":{"start":{"line":42,"column":2},"end":{"line":42,"column":8}},"loc":{"start":{"line":42,"column":54},"end":{"line":66,"column":3}}},"3":{"name":"(anonymous_3)","decl":{"start":{"line":68,"column":2},"end":{"line":68,"column":8}},"loc":{"start":{"line":68,"column":62},"end":{"line":90,"column":3}}},"4":{"name":"(anonymous_4)","decl":{"start":{"line":70,"column":47},"end":{"line":70,"column":48}},"loc":{"start":{"line":70,"column":52},"end":{"line":70,"column":78}}}},"branchMap":{"0":{"loc":{"start":{"line":9,"column":4},"end":{"line":9,"column":77}},"type":"if","locations":[{"start":{"line":9,"column":4},"end":{"line":9,"column":77}}]},"1":{"loc":{"start":{"line":19,"column":4},"end":{"line":21,"column":5}},"type":"if","locations":[{"start":{"line":19,"column":4},"end":{"line":21,"column":5}}]},"2":{"loc":{"start":{"line":25,"column":4},"end":{"line":27,"column":5}},"type":"if","locations":[{"start":{"line":25,"column":4},"end":{"line":27,"column":5}}]},"3":{"loc":{"start":{"line":32,"column":46},"end":{"line":32,"column":72}},"type":"default-arg","locations":[{"start":{"line":32,"column":71},"end":{"line":32,"column":72}}]},"4":{"loc":{"start":{"line":42,"column":40},"end":{"line":42,"column":54}},"type":"default-arg","locations":[{"start":{"line":42,"column":52},"end":{"line":42,"column":54}}]},"5":{"loc":{"start":{"line":57,"column":6},"end":{"line":57,"column":31}},"type":"if","locations":[{"start":{"line":57,"column":6},"end":{"line":57,"column":31}}]},"6":{"loc":{"start":{"line":60,"column":6},"end":{"line":60,"column":33}},"type":"if","locations":[{"start":{"line":60,"column":6},"end":{"line":60,"column":33}}]},"7":{"loc":{"start":{"line":74,"column":6},"end":{"line":74,"column":43}},"type":"if","locations":[{"start":{"line":74,"column":6},"end":{"line":74,"column":43}}]},"8":{"loc":{"start":{"line":81,"column":6},"end":{"line":81,"column":53}},"type":"if","locations":[{"start":{"line":81,"column":6},"end":{"line":81,"column":53}}]},"9":{"loc":{"start":{"line":83,"column":8},"end":{"line":83,"column":47}},"type":"if","locations":[{"start":{"line":83,"column":8},"end":{"line":83,"column":47}}]}},"s":{"0":5,"1":5,"2":5,"3":1148,"4":0,"5":1148,"6":1148,"7":1148,"8":1148,"9":1148,"10":2,"11":1146,"12":1146,"13":0,"14":1146,"15":191,"16":191,"17":191,"18":191,"19":764,"20":191,"21":191,"22":191,"23":191,"24":2656,"25":191,"26":191,"2
[...]
":58,"column":6},"end":{"line":58,"column":114}},"22":{"start":{"line":61,"column":4},"end":{"line":63,"column":5}},"23":{"start":{"line":62,"column":6},"end":{"line":62,"column":128}},"24":{"start":{"line":66,"column":20},"end":{"line":66,"column":65}},"25":{"start":{"line":67,"column":22},"end":{"line":67,"column":57}},"26":{"start":{"line":68,"column":4},"end":{"line":68,"column":62}},"27":{"start":{"line":70,"column":4},"end":{"line":70,"column":31}},"28":{"start":{"line":72,"column":4},"end":{"line":72,"column":103}},"29":{"start":{"line":80,"column":4},"end":{"line":80,"column":85}},"30":{"start":{"line":82,"column":19},"end":{"line":82,"column":72}},"31":{"start":{"line":83,"column":4},"end":{"line":83,"column":23}},"32":{"start":{"line":85,"column":4},"end":{"line":85,"column":74}},"33":{"start":{"line":86,"column":4},"end":{"line":86,"column":21}},"34":{"start":{"line":93,"column":4},"end":{"line":93,"column":21}},"35":{"start":{"line":100,"column":4},"end":{"line":100,"column":27}},"36":{"start":{"line":9,"column":0},"end":{"line":9,"column":13}}},"fnMap":{"0":{"name":"(anonymous_0)","decl":{"start":{"line":15,"column":2},"end":{"line":15,"column":14}},"loc":{"start":{"line":15,"column":38},"end":{"line":18,"column":3}}},"1":{"name":"(anonymous_1)","decl":{"start":{"line":23,"column":2},"end":{"line":23,"column":7}},"loc":{"start":{"line":23,"column":126},"end":{"line":39,"column":3}}},"2":{"name":"(anonymous_2)","decl":{"start":{"line":45,"column":2},"end":{"line":45,"column":7}},"loc":{"start":{"line":45,"column":62},"end":{"line":73,"column":3}}},"3":{"name":"(anonymous_3)","decl":{"start":{"line":79,"column":2},"end":{"line":79,"column":7}},"loc":{"start":{"line":79,"column":58},"end":{"line":87,"column":3}}},"4":{"name":"(anonymous_4)","decl":{"start":{"line":92,"column":2},"end":{"line":92,"column":9}},"loc":{"start":{"line":92,"column":9},"end":{"line":94,"column":3}}},"5":{"name":"(anonymous_5)","decl":{"start":{"line":99,"column":2},"end":{"line":99,"column":12}},"loc":{"start":{"line":99,"column":12},"end":{"line":101,"column":3}}}},"branchMap":{"0":{"loc":{"start":{"line":16,"column":21},"end":{"line":16,"column":52}},"type":"binary-expr","locations":[{"start":{"line":16,"column":21},"end":{"line":16,"column":30}},{"start":{"line":16,"column":34},"end":{"line":16,"column":52}}]},"1":{"loc":{"start":{"line":23,"column":57},"end":{"line":23,"column":126}},"type":"default-arg","locations":[{"start":{"line":23,"column":82},"end":{"line":23,"column":126}}]},"2":{"loc":{"start":{"line":45,"column":37},"end":{"line":45,"column":62}},"type":"default-arg","locations":[{"start":{"line":45,"column":52},"end":{"line":45,"column":62}}]},"3":{"loc":{"start":{"line":50,"column":26},"end":{"line":50,"column":56}},"type":"binary-expr","locations":[{"start":{"line":50,"column":26},"end":{"line":50,"column":46}},{"start":{"line":50,"column":50},"end":{"line":50,"column":56}}]},"4":{"loc":{"start":{"line":55,"column":4},"end":{"line":59,"column":5}},"type":"if","locations":[{"start":{"line":55,"column":4},"end":{"line":59,"column":5}}]},"5":{"loc":{"start":{"line":61,"column":4},"end":{"line":63,"column":5}},"type":"if","locations":[{"start":{"line":61,"column":4},"end":{"line":63,"column":5}}]},"6":{"loc":{"start":{"line":67,"column":22},"end":{"line":67,"column":57}},"type":"binary-expr","locations":[{"start":{"line":67,"column":22},"end":{"line":67,"column":52}},{"start":{"line":67,"column":56},"end":{"line":67,"column":57}}]}},"s":{"0":3,"1":3,"2":3,"3":3,"4":3,"5":8,"6":8,"7":8,"8":8,"9":3,"10":3,"11":3,"12":3,"13":3,"14":3,"15":3,"16":3,"17":3,"18":3,"19":0,"20":0,"21":0,"22":3,"23":1,"24":2,"25":2,"26":2,"27":2,"28":2,"29":23,"30":23,"31":23,"32":23,"33":23,"34":4,"35":4,"36":3},"f":{"0":8,"1":3,"2":3,"3":23,"4":4,"5":4},"b":{"0":[8,0],"1":[3],"2":[1],"3":[3,0],"4":[0],"5":[1],"6":[2,0]}}
,"/home/axcpeter/.tikitaka/sdk/src/ttt_client.ts": {"path":"/home/axcpeter/.tikitaka/sdk/src/ttt_client.ts","statementMap":{"0":{"start":{"line":1,"column":0},"end":{"line":1,"column":32}},"1":{"start":{"line":2,"column":0},"end":{"line":2,"column":45}},"2":{"start":{"line":4,"column":0},"end":{"line":4,"column":34}},"3":{"start":{"line":5,"column":0},"end":{"line":5,"column":47}},"4":{"start":{"line":15,"column":35},"end":{"line":15,"column":40}},"5":{"start":{"line":16,"column":30},"end":{"line":16,"column":31}},"6":{"start":{"line":17,"column":34},"end":{"line":17,"column":36}},"7":{"start":{"line":18,"column":41},"end":{"line":18,"column":45}},"8":{"start":{"line":19,"column":39},"end":{"line":19,"column":43}},"9":{"start":{"line":22,"column":4},"end":{"line":22,"column":25}},"10":{"start":{"line":23,"column":4},"end":{"line":23,"column":53}},"11":{"start":{"line":24,"column":4},"end":{"line":24,"column":43}},"12":{"start":{"line":27,"column":4},"end":{"line":34,"column":7}},"13":{"start":{"line":28,"column":6},"end":{"line":28,"column":23}},"14":{"start":{"line":29,"column":6},"end":{"line":29,"column":51}},"15":{"start":{"line":30,"column":6},"end":{"line":30,"column":40}},"16":{"start":{"line":33,"column":6},"end":{"line":33,"column":64}},"17":{"start":{"line":41,"column":4},"end":{"line":41,"column":35}},"18":{"start":{"line":41,"column":28},"end":{"line":41,"column":35}},"19":{"start":{"line":43,"column":4},"end":{"line":85,"column":5}},"20":{"start":{"line":44,"column":6},"end":{"line":44,"column":82}},"21":{"start":{"line":45,"column":6},"end":{"line":45,"column":45}},"22":{"start":{"line":47,"column":24},"end":{"line":47,"column":61}},"23":{"start":{"line":48,"column":6},"end":{"line":48,"column":87}},"24":{"start":{"line":51,"column":6},"end":{"line":51,"column":89}},"25":{"start":{"line":54,"column":6},"end":{"line":59,"column":7}},"26":{"start":{"line":55,"column":31},"end":{"line":57,"column":10}},"27":{"start":{"line":58,"column":8},"end":{"line":58,"column":93}},"28":{"start":{"line":62,"column":6},"end":{"line":76,"column":9}},"29":{"start":{"line":64,"column":10},"end":{"line":64,"column":103}},"30":{"start":{"line":65,"column":10},"end":{"line":67,"column":11}},"31":{"start":{"line":70,"column":10},"end":{"line":70,"column":122}},"32":{"start":{"line":71,"column":10},"end":{"line":71,"column":72}},"33":{"start":{"line":74,"column":10},"end":{"line":74,"column":107}},"34":{"start":{"line":78,"column":6},"end":{"line":78,"column":32}},"35":{"start":{"line":79,"column":6},"end":{"line":79,"column":62}},"36":{"start":{"line":81,"column":6},"end":{"line":81,"column":33}},"37":{"start":{"line":82,"column":6},"end":{"line":82,"column":25}},"38":{"start":{"line":83,"column":6},"end":{"line":83,"column":85}},"39":{"start":{"line":84,"column":6},"end":{"line":84,"column":18}},"40":{"start":{"line":92,"column":4},"end":{"line":94,"column":5}},"41":{"start":{"line":93,"column":6},"end":{"line":93,"column":75}},"42":{"start":{"line":96,"column":4},"end":{"line":96,"column":32}},"43":{"start":{"line":97,"column":4},"end":{"line":97,"column":81}},"44":{"start":{"line":104,"column":4},"end":{"line":104,"column":31}},"45":{"start":{"line":111,"column":4},"end":{"line":111,"column":41}},"46":{"start":{"line":118,"column":4},"end":{"line":118,"column":55}},"47":{"start":{"line":133,"column":4},"end":{"line":135,"column":5}},"48":{"start":{"line":134,"column":6},"end":{"line":134,"column":71}},"49":{"start":{"line":137,"column":21},"end":{"line":137,"column":41}},"50":{"start":{"line":138,"column":4},"end":{"line":140,"column":5}},"51":{"start":{"line":139,"column":6},"end":{"line":139,"column":58}},"52":{"start":{"line":142,"column":20},"end":{"line":142,"column":66}},"53":{"start":{"line":143,"column":29},"end":{"line":143,"column":56}},"54":{"start":{"line":145,"column":21},"end":{"line":145,"column":23}},"55":{"start":{"line":146,"column":4},"end":{"line":158,"column":5}},"56":{"start":{"line":147,"column":6},"end":{"line":154,"column":7}},"57":{"start":{"line":148,"column":8},"end":{"line":151,"column":10}},"58":{"start":{"line":153,"column":8},"end":{"line":153,"column":70}},"59":{"start":{"line":160,"column":4},"end":{"line":168,"column":6}},"60":{"start":{"line":11,"column":0},"end":{"line":11,"column":13}}},"fnMap":{"0":{"name":"(anonymous_0)","decl":{"start":{"line":21,"column":2},"end":{"line":21,"column":14}},"loc":{"start":{"line":21,"column":36},"end":{"line":35,"column":3}}},"1":{"name":"(anonymous_1)","decl":{"start":{"line":27,"column":34},"end":{"line":27,"column":35}},"loc":{"start":{"line":27,"column":45},"end":{"line":34,"column":5}}},"2":{"name":"(anonymous_2)","decl":{"start":{"line":40,"column":2},"end":{"line":40,"column":7}},"loc":{"start":{"line":40,"column":18},"end":{"line":86,"column":3}}},"3":{"name":"(anonymous_3)","decl":{"start":{"line":63,"column":18},"end":{"line":63,"column":19}},"loc":{"start":{"line":63,"column":42},"end":{"line":68,"column":9}}},"4":{"name":"(anonymous_4)","decl":{"start":{"line":69,"column":18},"end":{"line":69,"column":19}},"loc":{"start":{"line":69,"column":50},"end":{"line":72,"column":9}}},"5":{"name":"(anonymous_5)","decl":{"start":{"line":73,"column":24},"end":{"line":73,"column":25}},"loc":{"start":{"line":73,"column":49},"end":{"line":75,"column":9}}},"6":{"name":"(anonymous_6)","decl":{"start":{"line":91,"column":2},"end":{"line":91,"column":15}},"loc":{"start":{"line":91,"column":15},"end":{"line":98,"column":3}}},"7":{"name":"(anonymous_7)","decl":{"start":{"line":103,"column":2},"end":{"line":103,"column":14}},"loc":{"start":{"line":103,"column":14},"end":{"line":105,"column":3}}},"8":{"name":"(anonymous_8)","decl":{"start":{"line":110,"column":2},"end":{"line":110,"column":11}},"loc":{"start":{"line":110,"column":11},"end":{"line":112,"column":3}}},"9":{"name":"(anonymous_9)","decl":{"start":{"line":117,"column":2},"end":{"line":117,"column":14}},"loc":{"start":{"line":117,"column":34},"end":{"line":119,"column":3}}},"10":{"name":"(anonymous_10)","decl":{"start":{"line":124,"column":2},"end":{"line":124,"column":7}},"loc":{"start":{"line":124,"column":17},"end":{"line":169,"column":3}}}},"branchMap":{"0":{"loc":{"start":{"line":41,"column":4},"end":{"line":41,"column":35}},"type":"if","locations":[{"start":{"line":41,"column":4},"end":{"line":41,"column":35}}]},"1":{"loc":{"start":{"line":54,"column":6},"end":{"line":59,"column":7}},"type":"if","locations":[{"start":{"line":54,"column":6},"end":{"line":59,"column":7}}]},"2":{"loc":{"start":{"line":65,"column":10},"end":{"line":67,"column":11}},"type":"if","locations":[{"start":{"line":65,"column":10},"end":{"line":67,"column":11}}]},"3":{"loc":{"start":{"line":92,"column":4},"end":{"line":94,"column":5}},"type":"if","locations":[{"start":{"line":92,"column":4},"end":{"line":94,"column":5}}]},"4":{"loc":{"start":{"line":133,"column":4},"end":{"line":135,"column":5}},"type":"if","locations":[{"start":{"line":133,"column":4},"end":{"line":135,"column":5}}]},"5":{"loc":{"start":{"line":133,"column":8},"end":{"line":133,"column":43}},"type":"binary-expr","locations":[{"start":{"line":133,"column":8},"end":{"line":133,"column":27}},{"start":{"line":133,"column":31},"end":{"line":133,"column":43}}]},"6":{"loc":{"start":{"line":138,"column":4},"end":{"line":140,"column":5}},"type":"if","locations":[{"start":{"line":138,"column":4},"end":{"line":140,"column":5}}]},"7":{"loc":{"start":{"line":146,"column":4},"end":{"line":158,"column":5}},"type":"if","locations":[{"start":{"line":146,"column":4},"end":{"line":158,"column":5}},{"start":{"line":155,"column":11},"end":{"line":158,"column":5}}]}},"s":{"0":2,"1":2,"2":2,"3":2,"4":2,"5":2,"6":2,"7":2,"8":2,"9":2,"10":2,"11":2,"12":2,"13":0,"14":0,"15":0,"16":0,"17":2,"18":0,"19":2,"20":2,"21":2,"22":2,"23":2,"24":2,"25":2,"26":0,"27":0,"28":2,"29":0,"30":0,"31":0,"32":0,"33":0,"34":2,"35":2,"36":0,"37":0,"38":0,"39":0,"40":1,"41":0,"42":1,"43":1,"44":1,"45":0,"46":0,"47":1,"48":0,"49":1,"50":1,"51":0,"52":1,"53":1,"54":1,"55":1,"56":0,"57":0,"58":0,"59":1,"60":2},"f":{"0":2,"1":0,"2":2,"3":0,"4":0,"5":0,"6":1,"7":1,"8":0,"9":0,"10":1},"b":{"0":[0],"1":[0],"2":[0],"3":[0],"4":[0],"5":[1,1],"6":[0],"7":[0,1]}}
,"/home/axcpeter/.tikitaka/sdk/src/types.ts": {"path":"/home/axcpeter/.tikitaka/sdk/src/types.ts","statementMap":{"0":{"start":{"line":5,"column":13},"end":{"line":10,"column":2}}},"fnMap":{},"branchMap":{},"s":{"0":3},"f":{},"b":{}}
,"/home/axcpeter/.tikitaka/sdk/src/v4_hook.ts": {"path":"/home/axcpeter/.tikitaka/sdk/src/v4_hook.ts","statementMap":{"0":{"start":{"line":1,"column":0},"end":{"line":1,"column":32}},"1":{"start":{"line":4,"column":0},"end":{"line":4,"column":34}},"2":{"start":{"line":16,"column":48},"end":{"line":16,"column":52}},"3":{"start":{"line":18,"column":18},"end":{"line":23,"column":4}},"4":{"start":{"line":32,"column":4},"end":{"line":32,"column":37}},"5":{"start":{"line":33,"column":4},"end":{"line":33,"column":35}},"6":{"start":{"line":34,"column":4},"end":{"line":34,"column":43}},"7":{"start":{"line":35,"column":4},"end":{"line":35,"column":39}},"8":{"start":{"line":36,"column":4},"end":{"line":36,"column":33}},"9":{"start":{"line":44,"column":4},"end":{"line":44,"column":82}},"10":{"start":{"line":46,"column":21},"end":{"line":46,"column":52}},"11":{"start":{"line":49,"column":4},"end":{"line":52,"column":5}},"12":{"start":{"line":50,"column":21},"end":{"line":50,"column":75}},"13":{"start":{"line":51,"column":6},"end":{"line":51,"column":85}},"14":{"start":{"line":55,"column":4},"end":{"line":69,"column":5}},"15":{"start":{"line":56,"column":30},"end":{"line":56,"column":77}},"16":{"start":{"line":58,"column":6},"end":{"line":63,"column":7}},"17":{"start":{"line":59,"column":8},"end":{"line":62,"column":10}},"18":{"start":{"line":65,"column":6},"end":{"line":65,"column":94}},"19":{"start":{"line":67,"column":6},"end":{"line":67,"column":74}},"20":{"start":{"line":67,"column":62},"end":{"line":67,"column":74}},"21":{"start":{"line":68,"column":6},"end":{"line":68,"column":87}},"22":{"start":{"line":73,"column":4},"end":{"line":73,"column":53}},"23":{"start":{"line":74,"column":4},"end":{"line":74,"column":96}},"24":{"start":{"line":82,"column":4},"end":{"line":82,"column":81}},"25":{"start":{"line":85,"column":4},"end":{"line":94,"column":5}},"26":{"start":{"line":86,"column":22},"end":{"line":86,"column":97}},"27":{"start":{"line":88,"column":6},"end":{"line":88,"column":67}},"28":{"start":{"line":89,"column":6},"end":{"line":89,"column":111}},"29":{"start":{"line":91,"column":6},"end":{"line":91,"column":34}},"30":{"start":{"line":92,"column":6},"end":{"line":92,"column":83}},"31":{"start":{"line":93,"column":6},"end":{"line":93,"column":91}},"32":{"start":{"line":96,"column":4},"end":{"line":96,"column":31}},"33":{"start":{"line":97,"column":4},"end":{"line":97,"column":65}},"34":{"start":{"line":100,"column":33},"end":{"line":100,"column":45}},"35":{"start":{"line":101,"column":4},"end":{"line":101,"column":87}},"36":{"start":{"line":109,"column":4},"end":{"line":109,"column":28}},"37":{"start":{"line":116,"column":4},"end":{"line":121,"column":6}},"38":{"start":{"line":10,"column":0},"end":{"line":10,"column":13}}},"fnMap":{"0":{"name":"(anonymous_0)","decl":{"start":{"line":25,"column":2},"end":{"line":25,"column":null}},"loc":{"start":{"line":30,"column":49},"end":{"line":37,"column":3}}},"1":{"name":"(anonymous_1)","decl":{"start":{"line":43,"column":2},"end":{"line":43,"column":7}},"loc":{"start":{"line":43,"column":43},"end":{"line":75,"column":3}}},"2":{"name":"(anonymous_2)","decl":{"start":{"line":81,"column":2},"end":{"line":81,"column":7}},"loc":{"start":{"line":81,"column":41},"end":{"line":102,"column":3}}},"3":{"name":"(anonymous_3)","decl":{"start":{"line":108,"column":2},"end":{"line":108,"column":16}},"loc":{"start":{"line":108,"column":16},"end":{"line":110,"column":3}}},"4":{"name":"(anonymous_4)","decl":{"start":{"line":115,"column":2},"end":{"line":115,"column":10}},"loc":{"start":{"line":115,"column":10},"end":{"line":122,"column":3}}}},"branchMap":{"0":{"loc":{"start":{"line":29,"column":4},"end":{"line":29,"column":52}},"type":"default-arg","locations":[{"start":{"line":29,"column":28},"end":{"line":29,"column":52}}]},"1":{"loc":{"start":{"line":30,"column":4},"end":{"line":30,"column":49}},"type":"default-arg","locations":[{"start":{"line":30,"column":25},"end":{"line":30,"column":49}}]},"2":{"loc":{"start":{"line":49,"column":4},"end":{"line":52,"column":5}},"type":"if","locations":[{"start":{"line":49,"column":4},"end":{"line":52,"column":5}}]},"3":{"loc":{"start":{"line":58,"column":6},"end":{"line":63,"column":7}},"type":"if","locations":[{"start":{"line":58,"column":6},"end":{"line":63,"column":7}}]},"4":{"loc":{"start":{"line":67,"column":6},"end":{"line":67,"column":74}},"type":"if","locations":[{"start":{"line":67,"column":6},"end":{"line":67,"column":74}}]}},"s":{"0":3,"1":3,"2":6,"3":6,"4":6,"5":6,"6":6,"7":6,"8":6,"9":4,"10":4,"11":4,"12":4,"13":4,"14":4,"15":4,"16":3,"17":1,"18":2,"19":2,"20":1,"21":1,"22":2,"23":2,"24":2,"25":2,"26":2,"27":2,"28":2,"29":0,"30":0,"31":0,"32":2,"33":2,"34":2,"35":2,"36":1,"37":4,"38":3},"f":{"0":6,"1":4,"2":2,"3":1,"4":4},"b":{"0":[6],"1":[6],"2":[4],"3":[1],"4":[1]}}
,"/home/axcpeter/.tikitaka/sdk/src/x402_enforcer.ts": {"path":"/home/axcpeter/.tikitaka/sdk/src/x402_enforcer.ts","statementMap":{"0":{"start":{"line":6,"column":0},"end":{"line":6,"column":34}},"1":{"start":{"line":17,"column":41},"end":{"line":22,"column":2}},"2":{"start":{"line":27,"column":20},"end":{"line":27,"column":48}},"3":{"start":{"line":28,"column":20},"end":{"line":28,"column":61}},"4":{"start":{"line":29,"column":4},"end":{"line":29,"column":29}},"5":{"start":{"line":42,"column":17},"end":{"line":42,"column":52}},"6":{"start":{"line":44,"column":4},"end":{"line":46,"column":5}},"7":{"start":{"line":45,"column":6},"end":{"line":45,"column":115}},"8":{"start":{"line":48,"column":23},"end":{"line":48,"column":37}},"9":{"start":{"line":49,"column":4},"end":{"line":49,"column":106}},"10":{"start":{"line":51,"column":4},"end":{"line":55,"column":6}},"11":{"start":{"line":68,"column":4},"end":{"line":68,"column":81}},"12":{"start":{"line":69,"column":17},"end":{"line":69,"column":52}},"13":{"start":{"line":71,"column":4},"end":{"line":77,"column":5}},"14":{"start":{"line":72,"column":22},"end":{"line":72,"column":66}},"15":{"start":{"line":73,"column":6},"end":{"line":73,"column":26}},"16":{"start":{"line":75,"column":6},"end":{"line":75,"column":75}},"17":{"start":{"line":76,"column":6},"end":{"line":76,"column":18}},"18":{"start":{"line":84,"column":17},"end":{"line":84,"column":52}},"19":{"start":{"line":85,"column":4},"end":{"line":85,"column":30}},"20":{"start":{"line":24,"column":0},"end":{"line":24,"column":13}}},"fnMap":{"0":{"name":"(anonymous_0)","decl":{"start":{"line":26,"column":10},"end":{"line":26,"column":16}},"loc":{"start":{"line":26,"column":72},"end":{"line":30,"column":3}}},"1":{"name":"(anonymous_1)","decl":{"start":{"line":35,"column":2},"end":{"line":35,"column":8}},"loc":{"start":{"line":40,"column":22},"end":{"line":56,"column":3}}},"2":{"name":"(anonymous_2)","decl":{"start":{"line":61,"column":2},"end":{"line":61,"column":8}},"loc":{"start":{"line":66,"column":16},"end":{"line":78,"column":3}}},"3":{"name":"(anonymous_3)","decl":{"start":{"line":83,"column":2},"end":{"line":83,"column":8}},"loc":{"start":{"line":83,"column":107},"end":{"line":86,"column":3}}}},"branchMap":{"0":{"loc":{"start":{"line":27,"column":20},"end":{"line":27,"column":48}},"type":"binary-expr","locations":[{"start":{"line":27,"column":20},"end":{"line":27,"column":34}},{"start":{"line":27,"column":38},"end":{"line":27,"column":48}}]},"1":{"loc":{"start":{"line":44,"column":4},"end":{"line":46,"column":5}},"type":"if","locations":[{"start":{"line":44,"column":4},"end":{"line":46,"column":5}}]}},"s":{"0":2,"1":2,"2":6,"3":6,"4":6,"5":6,"6":6,"7":2,"8":4,"9":4,"10":4,"11":0,"12":0,"13":0,"14":0,"15":0,"16":0,"17":0,"18":0,"19":0,"20":2},"f":{"0":6,"1":6,"2":0,"3":0},"b":{"0":[6,0],"1":[2]}}
}
