{"/home/axcpeter/.tikitaka/sdk/src/adaptive_switch.ts": {"path":"/home/axcpeter/.tikitaka/sdk/src/adaptive_switch.ts","statementMap":{"0":{"start":{"line":4,"column":0},"end":{"line":4,"column":43}},"1":{"start":{"line":5,"column":0},"end":{"line":5,"column":34}},"2":{"start":{"line":7,"column":0},"end":{"line":7,"column":null}},"3":{"start":{"line":8,"column":2},"end":{"line":8,"column":null}},"4":{"start":{"line":9,"column":2},"end":{"line":9,"column":null}},"5":{"start":{"line":27,"column":13},"end":{"line":32,"column":2}},"6":{"start":{"line":35,"column":23},"end":{"line":35,"column":25}},"7":{"start":{"line":36,"column":22},"end":{"line":36,"column":25}},"8":{"start":{"line":37,"column":31},"end":{"line":37,"column":33}},"9":{"start":{"line":38,"column":38},"end":{"line":38,"column":55}},"10":{"start":{"line":39,"column":22},"end":{"line":39,"column":24}},"11":{"start":{"line":40,"column":28},"end":{"line":40,"column":29}},"12":{"start":{"line":41,"column":32},"end":{"line":41,"column":33}},"13":{"start":{"line":42,"column":32},"end":{"line":42,"column":36}},"14":{"start":{"line":43,"column":35},"end":{"line":43,"column":39}},"15":{"start":{"line":47,"column":4},"end":{"line":47,"column":47}},"16":{"start":{"line":55,"column":23},"end":{"line":55,"column":81}},"17":{"start":{"line":56,"column":22},"end":{"line":56,"column":89}},"18":{"start":{"line":57,"column":22},"end":{"line":57,"column":76}},"19":{"start":{"line":58,"column":21},"end":{"line":58,"column":44}},"20":{"start":{"line":62,"column":24},"end":{"line":62,"column":97}},"21":{"start":{"line":63,"column":4},"end":{"line":72,"column":5}},"22":{"start":{"line":64,"column":6},"end":{"line":64,"column":66}},"23":{"start":{"line":65,"column":6},"end":{"line":65,"column":25}},"24":{"start":{"line":66,"column":6},"end":{"line":71,"column":7}},"25":{"start":{"line":67,"column":8},"end":{"line":67,"column":90}},"26":{"start":{"line":69,"column":8},"end":{"line":69,"column":77}},"27":{"start":{"line":70,"column":8},"end":{"line":70,"column":78}},"28":{"start":{"line":75,"column":4},"end":{"line":75,"column":34}},"29":{"start":{"line":76,"column":4},"end":{"line":78,"column":5}},"30":{"start":{"line":77,"column":6},"end":{"line":77,"column":27}},"31":{"start":{"line":80,"column":4},"end":{"line":82,"column":5}},"32":{"start":{"line":81,"column":6},"end":{"line":81,"column":29}},"33":{"start":{"line":85,"column":23},"end":{"line":85,"column":57}},"34":{"start":{"line":85,"column":48},"end":{"line":85,"column":49}},"35":{"start":{"line":86,"column":22},"end":{"line":86,"column":84}},"36":{"start":{"line":89,"column":31},"end":{"line":91,"column":32}},"37":{"start":{"line":93,"column":4},"end":{"line":104,"column":5}},"38":{"start":{"line":94,"column":6},"end":{"line":96,"column":7}},"39":{"start":{"line":95,"column":8},"end":{"line":95,"column":177}},"40":{"start":{"line":97,"column":6},"end":{"line":97,"column":44}},"41":{"start":{"line":98,"column":6},"end":{"line":98,"column":35}},"42":{"start":{"line":100,"column":6},"end":{"line":102,"column":7}},"43":{"start":{"line":101,"column":8},"end":{"line":101,"column":217}},"44":{"start":{"line":103,"column":6},"end":{"line":103,"column":43}},"45":{"start":{"line":106,"column":4},"end":{"line":106,"column":28}},"46":{"start":{"line":115,"column":4},"end":{"line":115,"column":63}},"47":{"start":{"line":122,"column":4},"end":{"line":122,"column":28}},"48":{"start":{"line":129,"column":4},"end":{"line":129,"column":22}},"49":{"start":{"line":130,"column":4},"end":{"line":130,"column":41}},"50":{"start":{"line":131,"column":4},"end":{"line":131,"column":29}},"51":{"start":{"line":132,"column":4},"end":{"line":132,"column":33}},"52":{"start":{"line":140,"column":4},"end":{"line":146,"column":7}},"53":{"start":{"line":153,"column":17},"end":{"line":153,"column":33}},"54":{"start":{"line":154,"column":21},"end":{"line":154,"column":77}},"55":{"start":{"line":155,"column":4},"end":{"line":155,"column":36}},"56":{"start":{"line":156,"column":4},"end":{"line":156,"column":44}},"57":{"start":{"line":157,"column":4},"end":{"line":157,"column":60}},"58":{"start":{"line":158,"column":4},"end":{"line":158,"column":52}},"59":{"start":{"line":159,"column":4},"end":{"line":159,"column":20}},"60":{"start":{"line":163,"column":4},"end":{"line":163,"column":63}},"61":{"start":{"line":163,"column":50},"end":{"line":163,"column":63}},"62":{"start":{"line":164,"column":4},"end":{"line":166,"column":5}},"63":{"start":{"line":164,"column":17},"end":{"line":164,"column":18}},"64":{"start":{"line":165,"column":6},"end":{"line":165,"column":57}},"65":{"start":{"line":165,"column":44},"end":{"line":165,"column":57}},"66":{"start":{"line":167,"column":4},"end":{"line":167,"column":16}},"67":{"start":{"line":34,"column":0},"end":{"line":34,"column":13}}},"fnMap":{"0":{"name":"(anonymous_0)","decl":{"start":{"line":7,"column":0},"end":{"line":7,"column":12}},"loc":{"start":{"line":7,"column":24},"end":{"line":10,"column":1}}},"1":{"name":"(anonymous_1)","decl":{"start":{"line":46,"column":2},"end":{"line":46,"column":14}},"loc":{"start":{"line":46,"column":46},"end":{"line":48,"column":3}}},"2":{"name":"(anonymous_2)","decl":{"start":{"line":53,"column":2},"end":{"line":53,"column":13}},"loc":{"start":{"line":53,"column":101},"end":{"line":107,"column":3}}},"3":{"name":"(anonymous_3)","decl":{"start":{"line":85,"column":43},"end":{"line":85,"column":44}},"loc":{"start":{"line":85,"column":48},"end":{"line":85,"column":49}}},"4":{"name":"(anonymous_4)","decl":{"start":{"line":114,"column":2},"end":{"line":114,"column":16}},"loc":{"start":{"line":114,"column":16},"end":{"line":116,"column":3}}},"5":{"name":"(anonymous_5)","decl":{"start":{"line":121,"column":2},"end":{"line":121,"column":16}},"loc":{"start":{"line":121,"column":16},"end":{"line":123,"column":3}}},"6":{"name":"(anonymous_6)","decl":{"start":{"line":128,"column":2},"end":{"line":128,"column":7}},"loc":{"start":{"line":128,"column":7},"end":{"line":133,"column":3}}},"7":{"name":"(anonymous_7)","decl":{"start":{"line":139,"column":2},"end":{"line":139,"column":11}},"loc":{"start":{"line":139,"column":11},"end":{"line":147,"column":3}}},"8":{"name":"(anonymous_8)","decl":{"start":{"line":152,"column":2},"end":{"line":152,"column":8}},"loc":{"start":{"line":152,"column":33},"end":{"line":160,"column":3}}},"9":{"name":"(anonymous_9)","decl":{"start":{"line":162,"column":10},"end":{"line":162,"column":33}},"loc":{"start":{"line":162,"column":77},"end":{"line":168,"column":3}}}},"branchMap":{"0":{"loc":{"start":{"line":7,"column":12},"end":{"line":7,"column":null}},"type":"binary-expr","locations":[{"start":{"line":7,"column":12},"end":{"line":7,"column":24}},{"start":{"line":7,"column":24},"end":{"line":7,"column":null}}]},"1":{"loc":{"start":{"line":47,"column":21},"end":{"line":47,"column":46}},"type":"binary-expr","locations":[{"start":{"line":47,"column":21},"end":{"line":47,"column":39}},{"start":{"line":47,"column":43},"end":{"line":47,"column":46}}]},"2":{"loc":{"start":{"line":56,"column":22},"end":{"line":56,"column":89}},"type":"cond-expr","locations":[{"start":{"line":56,"column":30},"end":{"line":56,"column":71}},{"start":{"line":56,"column":75},"end":{"line":56,"column":89}}]},"3":{"loc":{"start":{"line":56,"column":30},"end":{"line":56,"column":71}},"type":"binary-expr","locations":[{"start":{"line":56,"column":30},"end":{"line":56,"column":53}},{"start":{"line":56,"column":57},"end":{"line":56,"column":71}}]},"4":{"loc":{"start":{"line":58,"column":21},"end":{"line":58,"column":44}},"type":"binary-expr","locations":[{"start":{"line":58,"column":21},"end":{"line":58,"column":31}},{"start":{"line":58,"column":35},"end":{"line":58,"column":44}}]},"5":{"loc":{"start":{"line":63,"column":4},"end":{"line":72,"column":5}},"type":"if","locations":[{"start":{"line":63,"column":4},"end":{"line":72,"column":5}}]},"6":{"loc":{"start":{"line":66,"column":6},"end":{"line":71,"column":7}},"type":"if","locations":[{"start":{"line":66,"column":6},"end":{"line":71,"column":7}}]},"7":{"loc":{"start":{"line":76,"column":4},"end":{"line":78,"column":5}},"type":"if","locations":[{"start":{"line":76,"column":4},"end":{"line":78,"column":5}}]},"8":{"loc":{"start":{"line":80,"column":4},"end":{"line":82,"column":5}},"type":"if","locations":[{"start":{"line":80,"column":4},"end":{"line":82,"column":5}}]},"9":{"loc":{"start":{"line":86,"column":22},"end":{"line":86,"column":84}},"type":"cond-expr","locations":[{"start":{"line":86,"column":48},"end":{"line":86,"column":80}},{"start":{"line":86,"column":83},"end":{"line":86,"column":84}}]},"10":{"loc":{"start":{"line":89,"column":31},"end":{"line":91,"column":32}},"type":"cond-expr","locations":[{"start":{"line":90,"column":8},"end":{"line":90,"column":35}},{"start":{"line":91,"column":8},"end":{"line":91,"column":32}}]},"11":{"loc":{"start":{"line":93,"column":4},"end":{"line":104,"column":5}},"type":"if","locations":[{"start":{"line":93,"column":4},"end":{"line":104,"column":5}},{"start":{"line":99,"column":11},"end":{"line":104,"column":5}}]},"12":{"loc":{"start":{"line":93,"column":8},"end":{"line":93,"column":110}},"type":"binary-expr","locations":[{"start":{"line":93,"column":8},"end":{"line":93,"column":45}},{"start":{"line":93,"column":49},"end":{"line":93,"column":80}},{"start":{"line":93,"column":84},"end":{"line":93,"column":110}}]},"13":{"loc":{"start":{"line":94,"column":6},"end":{"line":96,"column":7}},"type":"if","locations":[{"start":{"line":94,"column":6},"end":{"line":96,"column":7}}]},"14":{"loc":{"start":{"line":100,"column":6},"end":{"line":102,"column":7}},"type":"if","locations":[{"start":{"line":100,"column":6},"end":{"line":102,"column":7}}]},"15":{"loc":{"start":{"line":115,"column":11},"end":{"line":115,"column":62}},"type":"cond-expr","locations":[{"start":{"line":115,"column":53},"end":{"line":115,"column":56}},{"start":{"line":115,"column":59},"end":{"line":115,"column":62}}]},"16":{"loc":{"start":{"line":154,"column":53},"end":{"line":154,"column":74}},"type":"binary-expr","locations":[{"start":{"line":154,"column":53},"end":{"line":154,"column":67}},{"start":{"line":154,"column":71},"end":{"line":154,"column":74}}]},"17":{"loc":{"start":{"line":163,"column":4},"end":{"line":163,"column":63}},"type":"if","locations":[{"start":{"line":163,"column":4},"end":{"line":163,"column":63}}]},"18":{"loc":{"start":{"line":165,"column":6},"end":{"line":165,"column":57}},"type":"if","locations":[{"start":{"line":165,"column":6},"end":{"line":165,"column":57}}]}},"s":{"0":7,"1":7,"2":7,"3":7,"4":7,"5":7,"6":32,"7":32,"8":32,"9":32,"10":32,"11":32,"12":32,"13":32,"14":32,"15":32,"16":337,"17":337,"18":337,"19":337,"20":337,"21":337,"22":5,"23":5,"24":5,"25":1,"26":1,"27":1,"28":337,"29":337,"30":72,"31":337,"32":24,"33":337,"34":4169,"35":337,"36":337,"37":337,"38":35,"39":11,"40":35,"41":35,"42":302,"43":2,"44":302,"45":337,"46":6,"47":23,"48":2,"49":2,"50":2,"51":2,"52":3,"53":3,"54":3,"55":3,"56":3,"57":3,"58":3,"59":3,"60":337,"61":4,"62":333,"63":333,"64":934,"65":33,"66":300,"67":7},"f":{"0":7,"1":32,"2":337,"3":4169,"4":6,"5":23,"6":2,"7":3,"8":3,"9":337},"b":{"0":[7,7],"1":[32,28],"2":[40,297],"3":[40,0],"4":[337,300],"5":[5],"6":[1],"7":[72],"8":[24],"9":[337,0],"10":[26,311],"11":[35,302],"12":[337,85,43],"13":[11],"14":[2],"15":[3,3],"16":[3,2],"17":[4],"18":[33]}}
,"/home/axcpeter/.tikitaka/sdk/src/auto_mint.ts": {"path":"/home/axcpeter/.tikitaka/sdk/src/auto_mint.ts","statementMap":{"0":{"start":{"line":1,"column":0},"end":{"line":1,"column":40}},"1":{"start":{"line":2,"column":0},"end":{"line":2,"column":49}},"2":{"start":{"line":3,"column":0},"end":{"line":3,"column":65}},"3":{"start":{"line":4,"column":0},"end":{"line":4,"column":47}},"4":{"start":{"line":5,"column":0},"end":{"line":5,"column":54}},"5":{"start":{"line":6,"column":0},"end":{"line":6,"column":41}},"6":{"start":{"line":7,"column":0},"end":{"line":7,"column":43}},"7":{"start":{"line":8,"column":0},"end":{"line":8,"column":68}},"8":{"start":{"line":9,"column":0},"end":{"line":9,"column":34}},"9":{"start":{"line":10,"column":0},"end":{"line":10,"column":94}},"10":{"start":{"line":13,"column":30},"end":{"line":13,"column":31}},"11":{"start":{"line":16,"column":29},"end":{"line":16,"column":47}},"12":{"start":{"line":27,"column":54},"end":{"line":27,"column":58}},"13":{"start":{"line":28,"column":41},"end":{"line":28,"column":45}},"14":{"start":{"line":29,"column":31},"end":{"line":29,"column":36}},"15":{"start":{"line":30,"column":34},"end":{"line":30,"column":39}},"16":{"start":{"line":34,"column":40},"end":{"line":34,"column":44}},"17":{"start":{"line":35,"column":40},"end":{"line":35,"column":41}},"18":{"start":{"line":36,"column":43},"end":{"line":36,"column":44}},"19":{"start":{"line":37,"column":40},"end":{"line":37,"column":44}},"20":{"start":{"line":39,"column":30},"end":{"line":39,"column":48}},"21":{"start":{"line":42,"column":4},"end":{"line":42,"column":25}},"22":{"start":{"line":43,"column":4},"end":{"line":43,"column":76}},"23":{"start":{"line":44,"column":4},"end":{"line":47,"column":7}},"24":{"start":{"line":48,"column":4},"end":{"line":48,"column":43}},"25":{"start":{"line":49,"column":4},"end":{"line":51,"column":5}},"26":{"start":{"line":50,"column":6},"end":{"line":50,"column":40}},"27":{"start":{"line":53,"column":4},"end":{"line":55,"column":24}},"28":{"start":{"line":59,"column":4},"end":{"line":59,"column":29}},"29":{"start":{"line":63,"column":4},"end":{"line":63,"column":30}},"30":{"start":{"line":67,"column":4},"end":{"line":67,"column":35}},"31":{"start":{"line":71,"column":4},"end":{"line":71,"column":38}},"32":{"start":{"line":75,"column":4},"end":{"line":75,"column":38}},"33":{"start":{"line":82,"column":4},"end":{"line":118,"column":5}},"34":{"start":{"line":83,"column":26},"end":{"line":83,"column":70}},"35":{"start":{"line":84,"column":6},"end":{"line":84,"column":229}},"36":{"start":{"line":84,"column":24},"end":{"line":84,"column":229}},"37":{"start":{"line":86,"column":6},"end":{"line":86,"column":71}},"38":{"start":{"line":87,"column":6},"end":{"line":87,"column":55}},"39":{"start":{"line":89,"column":6},"end":{"line":89,"column":56}},"40":{"start":{"line":91,"column":21},"end":{"line":99,"column":8}},"41":{"start":{"line":100,"column":6},"end":{"line":100,"column":76}},"42":{"start":{"line":102,"column":6},"end":{"line":110,"column":7}},"43":{"start":{"line":103,"column":8},"end":{"line":108,"column":10}},"44":{"start":{"line":109,"column":8},"end":{"line":109,"column":50}},"45":{"start":{"line":113,"column":6},"end":{"line":113,"column":45}},"46":{"start":{"line":114,"column":6},"end":{"line":114,"column":31}},"47":{"start":{"line":115,"column":6},"end":{"line":115,"column":31}},"48":{"start":{"line":116,"column":6},"end":{"line":116,"column":125}},"49":{"start":{"line":117,"column":6},"end":{"line":117,"column":18}},"50":{"start":{"line":125,"column":4},"end":{"line":125,"column":31}},"51":{"start":{"line":125,"column":24},"end":{"line":125,"column":31}},"52":{"start":{"line":128,"column":4},"end":{"line":131,"column":5}},"53":{"start":{"line":129,"column":6},"end":{"line":129,"column":32}},"54":{"start":{"line":130,"column":6},"end":{"line":130,"column":24}},"55":{"start":{"line":133,"column":21},"end":{"line":133,"column":52}},"56":{"start":{"line":134,"column":4},"end":{"line":134,"column":26}},"57":{"start":{"line":136,"column":4},"end":{"line":161,"column":17}},"58":{"start":{"line":137,"column":6},"end":{"line":137,"column":36}},"59":{"start":{"line":137,"column":29},"end":{"line":137,"column":36}},"60":{"start":{"line":138,"column":6},"end":{"line":138,"column":31}},"61":{"start":{"line":139,"column":24},"end":{"line":139,"column":34}},"62":{"start":{"line":140,"column":6},"end":{"line":160,"column":7}},"63":{"start":{"line":141,"column":8},"end":{"line":141,"column":30}},"64":{"start":{"line":142,"column":8},"end":{"line":142,"column":37}},"65":{"start":{"line":144,"column":8},"end":{"line":146,"column":9}},"66":{"start":{"line":145,"column":10},"end":{"line":145,"column":57}},"67":{"start":{"line":148,"column":8},"end":{"line":148,"column":35}},"68":{"start":{"line":150,"column":8},"end":{"line":152,"column":9}},"69":{"start":{"line":151,"column":10},"end":{"line":151,"column":92}},"70":{"start":{"line":153,"column":8},"end":{"line":153,"column":169}},"71":{"start":{"line":154,"column":8},"end":{"line":157,"column":9}},"72":{"start":{"line":155,"column":10},"end":{"line":155,"column":146}},"73":{"start":{"line":156,"column":10},"end":{"line":156,"column":22}},"74":{"start":{"line":159,"column":8},"end":{"line":159,"column":34}},"75":{"start":{"line":163,"column":4},"end":{"line":163,"column":88}},"76":{"start":{"line":170,"column":4},"end":{"line":173,"column":5}},"77":{"start":{"line":171,"column":6},"end":{"line":171,"column":32}},"78":{"start":{"line":172,"column":6},"end":{"line":172,"column":24}},"79":{"start":{"line":174,"column":4},"end":{"line":174,"column":27}},"80":{"start":{"line":175,"column":4},"end":{"line":175,"column":43}},"81":{"start":{"line":183,"column":4},"end":{"line":183,"column":33}},"82":{"start":{"line":184,"column":4},"end":{"line":184,"column":70}},"83":{"start":{"line":185,"column":4},"end":{"line":185,"column":17}},"84":{"start":{"line":192,"column":4},"end":{"line":192,"column":59}},"85":{"start":{"line":192,"column":34},"end":{"line":192,"column":57}},"86":{"start":{"line":201,"column":24},"end":{"line":201,"column":61}},"87":{"start":{"line":202,"column":4},"end":{"line":205,"column":5}},"88":{"start":{"line":203,"column":6},"end":{"line":203,"column":86}},"89":{"start":{"line":204,"column":6},"end":{"line":204,"column":13}},"90":{"start":{"line":208,"column":4},"end":{"line":210,"column":5}},"91":{"start":{"line":209,"column":6},"end":{"line":209,"column":203}},"92":{"start":{"line":213,"column":16},"end":{"line":213,"column":62}},"93":{"start":{"line":214,"column":4},"end":{"line":216,"column":5}},"94":{"start":{"line":215,"column":6},"end":{"line":215,"column":202}},"95":{"start":{"line":220,"column":22},"end":{"line":220,"column":69}},"96":{"start":{"line":221,"column":20},"end":{"line":232,"column":null}},"97":{"start":{"line":236,"column":4},"end":{"line":239,"column":5}},"98":{"start":{"line":237,"column":6},"end":{"line":237,"column":60}},"99":{"start":{"line":238,"column":6},"end":{"line":238,"column":106}},"100":{"start":{"line":244,"column":24},"end":{"line":244,"column":38}},"101":{"start":{"line":244,"column":40},"end":{"line":244,"column":57}},"102":{"start":{"line":245,"column":20},"end":{"line":249,"column":null}},"103":{"start":{"line":253,"column":27},"end":{"line":253,"column":82}},"104":{"start":{"line":256,"column":23},"end":{"line":258,"column":null}},"105":{"start":{"line":260,"column":21},"end":{"line":260,"column":31}},"106":{"start":{"line":261,"column":22},"end":{"line":264,"column":null}},"107":{"start":{"line":266,"column":23},"end":{"line":266,"column":44}},"108":{"start":{"line":267,"column":4},"end":{"line":267,"column":72}},"109":{"start":{"line":268,"column":4},"end":{"line":270,"column":5}},"110":{"start":{"line":269,"column":6},"end":{"line":269,"column":144}},"111":{"start":{"line":272,"column":20},"end":{"line":272,"column":62}},"112":{"start":{"line":275,"column":4},"end":{"line":277,"column":5}},"113":{"start":{"line":276,"column":6},"end":{"line":276,"column":144}},"114":{"start":{"line":278,"column":22},"end":{"line":278,"column":58}},"115":{"start":{"line":280,"column":4},"end":{"line":280,"column":120}},"116":{"start":{"line":284,"column":34},"end":{"line":284,"column":38}},"117":{"start":{"line":285,"column":4},"end":{"line":303,"column":5}},"118":{"start":{"line":285,"column":23},"end":{"line":285,"column":24}},"119":{"start":{"line":286,"column":6},"end":{"line":302,"column":7}},"120":{"start":{"line":287,"column":8},"end":{"line":292,"column":10}},"121":{"start":{"line":293,"column":8},"end":{"line":293,"column":25}},"122":{"start":{"line":294,"column":8},"end":{"line":294,"column":14}},"123":{"start":{"line":296,"column":8},"end":{"line":296,"column":72}},"124":{"start":{"line":297,"column":8},"end":{"line":301,"column":9}},"125":{"start":{"line":298,"column":26},"end":{"line":298,"column":55}},"126":{"start":{"line":299,"column":10},"end":{"line":299,"column":144}},"127":{"start":{"line":300,"column":10},"end":{"line":300,"column":36}},"128":{"start":{"line":304,"column":4},"end":{"line":306,"column":5}},"129":{"start":{"line":305,"column":6},"end":{"line":305,"column":79}},"130":{"start":{"line":310,"column":24},"end":{"line":310,"column":53}},"131":{"start":{"line":311,"column":4},"end":{"line":340,"column":5}},"132":{"start":{"line":312,"column":6},"end":{"line":339,"column":7}},"133":{"start":{"line":317,"column":28},"end":{"line":320,"column":null}},"134":{"start":{"line":322,"column":22},"end":{"line":322,"column":67}},"135":{"start":{"line":323,"column":25},"end":{"line":323,"column":61}},"136":{"start":{"line":325,"column":26},"end":{"line":325,"column":84}},"137":{"start":{"line":326,"column":21},"end":{"line":326,"column":30}},"138":{"start":{"line":328,"column":8},"end":{"line":334,"column":10}},"139":{"start":{"line":336,"column":8},"end":{"line":336,"column":141}},"140":{"start":{"line":338,"column":8},"end":{"line":338,"column":27}},"141":{"start":{"line":343,"column":4},"end":{"line":343,"column":150}},"142":{"start":{"line":345,"column":4},"end":{"line":345,"column":99}},"143":{"start":{"line":347,"column":4},"end":{"line":356,"column":5}},"144":{"start":{"line":348,"column":6},"end":{"line":355,"column":9}},"145":{"start":{"line":360,"column":4},"end":{"line":362,"column":5}},"146":{"start":{"line":361,"column":6},"end":{"line":361,"column":140}},"147":{"start":{"line":365,"column":19},"end":{"line":365,"column":43}},"148":{"start":{"line":366,"column":4},"end":{"line":368,"column":5}},"149":{"start":{"line":367,"column":6},"end":{"line":367,"column":233}},"150":{"start":{"line":370,"column":19},"end":{"line":375,"column":6}},"151":{"start":{"line":377,"column":18},"end":{"line":384,"column":6}},"152":{"start":{"line":386,"column":18},"end":{"line":391,"column":6}},"153":{"start":{"line":393,"column":4},"end":{"line":393,"column":60}},"154":{"start":{"line":22,"column":0},"end":{"line":22,"column":13}}},"fnMap":{"0":{"name":"(anonymous_0)","decl":{"start":{"line":41,"column":2},"end":{"line":41,"column":14}},"loc":{"start":{"line":41,"column":36},"end":{"line":56,"column":3}}},"1":{"name":"(anonymous_1)","decl":{"start":{"line":58,"column":9},"end":{"line":58,"column":24}},"loc":{"start":{"line":58,"column":24},"end":{"line":60,"column":3}}},"2":{"name":"(anonymous_2)","decl":{"start":{"line":62,"column":9},"end":{"line":62,"column":25}},"loc":{"start":{"line":62,"column":25},"end":{"line":64,"column":3}}},"3":{"name":"(anonymous_3)","decl":{"start":{"line":66,"column":9},"end":{"line":66,"column":18}},"loc":{"start":{"line":66,"column":57},"end":{"line":68,"column":3}}},"4":{"name":"(anonymous_4)","decl":{"start":{"line":70,"column":9},"end":{"line":70,"column":21}},"loc":{"start":{"line":70,"column":54},"end":{"line":72,"column":3}}},"5":{"name":"(anonymous_5)","decl":{"start":{"line":74,"column":9},"end":{"line":74,"column":21}},"loc":{"start":{"line":74,"column":52},"end":{"line":76,"column":3}}},"6":{"name":"(anonymous_6)","decl":{"start":{"line":81,"column":2},"end":{"line":81,"column":7}},"loc":{"start":{"line":81,"column":18},"end":{"line":119,"column":3}}},"7":{"name":"(anonymous_7)","decl":{"start":{"line":124,"column":2},"end":{"line":124,"column":7}},"loc":{"start":{"line":124,"column":7},"end":{"line":164,"column":3}}},"8":{"name":"(anonymous_8)","decl":{"start":{"line":136,"column":29},"end":{"line":136,"column":34}},"loc":{"start":{"line":136,"column":40},"end":{"line":161,"column":5}}},"9":{"name":"(anonymous_9)","decl":{"start":{"line":169,"column":2},"end":{"line":169,"column":6}},"loc":{"start":{"line":169,"column":6},"end":{"line":176,"column":3}}},"10":{"name":"(anonymous_10)","decl":{"start":{"line":182,"column":2},"end":{"line":182,"column":8}},"loc":{"start":{"line":182,"column":8},"end":{"line":186,"column":3}}},"11":{"name":"(anonymous_11)","decl":{"start":{"line":191,"column":10},"end":{"line":191,"column":15}},"loc":{"start":{"line":191,"column":26},"end":{"line":193,"column":3}}},"12":{"name":"(anonymous_12)","decl":{"start":{"line":192,"column":23},"end":{"line":192,"column":30}},"loc":{"start":{"line":192,"column":34},"end":{"line":192,"column":57}}},"13":{"name":"(anonymous_13)","decl":{"start":{"line":199,"column":2},"end":{"line":199,"column":7}},"loc":{"start":{"line":199,"column":16},"end":{"line":357,"column":3}}},"14":{"name":"(anonymous_14)","decl":{"start":{"line":359,"column":10},"end":{"line":359,"column":15}},"loc":{"start":{"line":359,"column":87},"end":{"line":394,"column":3}}}},"branchMap":{"0":{"loc":{"start":{"line":46,"column":24},"end":{"line":46,"column":57}},"type":"binary-expr","locations":[{"start":{"line":46,"column":24},"end":{"line":46,"column":47}},{"start":{"line":46,"column":51},"end":{"line":46,"column":57}}]},"1":{"loc":{"start":{"line":49,"column":4},"end":{"line":51,"column":5}},"type":"if","locations":[{"start":{"line":49,"column":4},"end":{"line":51,"column":5}}]},"2":{"loc":{"start":{"line":53,"column":21},"end":{"line":55,"column":23}},"type":"cond-expr","locations":[{"start":{"line":54,"column":8},"end":{"line":54,"column":55}},{"start":{"line":55,"column":8},"end":{"line":55,"column":23}}]},"3":{"loc":{"start":{"line":83,"column":26},"end":{"line":83,"column":70}},"type":"binary-expr","locations":[{"start":{"line":83,"column":26},"end":{"line":83,"column":44}},{"start":{"line":83,"column":48},"end":{"line":83,"column":70}}]},"4":{"loc":{"start":{"line":84,"column":6},"end":{"line":84,"column":229}},"type":"if","locations":[{"start":{"line":84,"column":6},"end":{"line":84,"column":229}}]},"5":{"loc":{"start":{"line":102,"column":6},"end":{"line":110,"column":7}},"type":"if","locations":[{"start":{"line":102,"column":6},"end":{"line":110,"column":7}}]},"6":{"loc":{"start":{"line":116,"column":75},"end":{"line":116,"column":121}},"type":"cond-expr","locations":[{"start":{"line":116,"column":100},"end":{"line":116,"column":113}},{"start":{"line":116,"column":116},"end":{"line":116,"column":121}}]},"7":{"loc":{"start":{"line":125,"column":4},"end":{"line":125,"column":31}},"type":"if","locations":[{"start":{"line":125,"column":4},"end":{"line":125,"column":31}}]},"8":{"loc":{"start":{"line":128,"column":4},"end":{"line":131,"column":5}},"type":"if","locations":[{"start":{"line":128,"column":4},"end":{"line":131,"column":5}}]},"9":{"loc":{"start":{"line":137,"column":6},"end":{"line":137,"column":36}},"type":"if","locations":[{"start":{"line":137,"column":6},"end":{"line":137,"column":36}}]},"10":{"loc":{"start":{"line":144,"column":8},"end":{"line":146,"column":9}},"type":"if","locations":[{"start":{"line":144,"column":8},"end":{"line":146,"column":9}}]},"11":{"loc":{"start":{"line":150,"column":8},"end":{"line":152,"column":9}},"type":"if","locations":[{"start":{"line":150,"column":8},"end":{"line":152,"column":9}}]},"12":{"loc":{"start":{"line":151,"column":33},"end":{"line":151,"column":90}},"type":"cond-expr","locations":[{"start":{"line":151,"column":58},"end":{"line":151,"column":63}},{"start":{"line":151,"column":66},"end":{"line":151,"column":90}}]},"13":{"loc":{"start":{"line":153,"column":119},"end":{"line":153,"column":165}},"type":"cond-expr","locations":[{"start":{"line":153,"column":144},"end":{"line":153,"column":157}},{"start":{"line":153,"column":160},"end":{"line":153,"column":165}}]},"14":{"loc":{"start":{"line":154,"column":8},"end":{"line":157,"column":9}},"type":"if","locations":[{"start":{"line":154,"column":8},"end":{"line":157,"column":9}}]},"15":{"loc":{"start":{"line":170,"column":4},"end":{"line":173,"column":5}},"type":"if","locations":[{"start":{"line":170,"column":4},"end":{"line":173,"column":5}}]},"16":{"loc":{"start":{"line":202,"column":4},"end":{"line":205,"column":5}},"type":"if","locations":[{"start":{"line":202,"column":4},"end":{"line":205,"column":5}}]},"17":{"loc":{"start":{"line":208,"column":4},"end":{"line":210,"column":5}},"type":"if","locations":[{"start":{"line":208,"column":4},"end":{"line":210,"column":5}}]},"18":{"loc":{"start":{"line":208,"column":8},"end":{"line":208,"column":65}},"type":"binary-expr","locations":[{"start":{"line":208,"column":8},"end":{"line":208,"column":36}},{"start":{"line":208,"column":40},"end":{"line":208,"column":65}}]},"19":{"loc":{"start":{"line":214,"column":4},"end":{"line":216,"column":5}},"type":"if","locations":[{"start":{"line":214,"column":4},"end":{"line":216,"column":5}}]},"20":{"loc":{"start":{"line":236,"column":4},"end":{"line":239,"column":5}},"type":"if","locations":[{"start":{"line":236,"column":4},"end":{"line":239,"column":5}}]},"21":{"loc":{"start":{"line":268,"column":4},"end":{"line":270,"column":5}},"type":"if","locations":[{"start":{"line":268,"column":4},"end":{"line":270,"column":5}}]},"22":{"loc":{"start":{"line":275,"column":4},"end":{"line":277,"column":5}},"type":"if","locations":[{"start":{"line":275,"column":4},"end":{"line":277,"column":5}}]},"23":{"loc":{"start":{"line":296,"column":20},"end":{"line":296,"column":71}},"type":"cond-expr","locations":[{"start":{"line":296,"column":43},"end":{"line":296,"column":46}},{"start":{"line":296,"column":49},"end":{"line":296,"column":71}}]},"24":{"loc":{"start":{"line":297,"column":8},"end":{"line":301,"column":9}},"type":"if","locations":[{"start":{"line":297,"column":8},"end":{"line":301,"column":9}}]},"25":{"loc":{"start":{"line":304,"column":4},"end":{"line":306,"column":5}},"type":"if","locations":[{"start":{"line":304,"column":4},"end":{"line":306,"column":5}}]},"26":{"loc":{"start":{"line":304,"column":8},"end":{"line":304,"column":29}},"type":"binary-expr","locations":[{"start":{"line":304,"column":8},"end":{"line":304,"column":17}},{"start":{"line":304,"column":21},"end":{"line":304,"column":29}}]},"27":{"loc":{"start":{"line":305,"column":12},"end":{"line":305,"column":78}},"type":"binary-expr","locations":[{"start":{"line":305,"column":12},"end":{"line":305,"column":21}},{"start":{"line":305,"column":25},"end":{"line":305,"column":78}}]},"28":{"loc":{"start":{"line":311,"column":4},"end":{"line":340,"column":5}},"type":"if","locations":[{"start":{"line":311,"column":4},"end":{"line":340,"column":5}}]},"29":{"loc":{"start":{"line":311,"column":8},"end":{"line":311,"column":60}},"type":"binary-expr","locations":[{"start":{"line":311,"column":8},"end":{"line":311,"column":25}},{"start":{"line":311,"column":29},"end":{"line":311,"column":60}}]},"30":{"loc":{"start":{"line":336,"column":82},"end":{"line":336,"column":137}},"type":"cond-expr","locations":[{"start":{"line":336,"column":110},"end":{"line":336,"column":126}},{"start":{"line":336,"column":129},"end":{"line":336,"column":137}}]},"31":{"loc":{"start":{"line":347,"column":4},"end":{"line":356,"column":5}},"type":"if","locations":[{"start":{"line":347,"column":4},"end":{"line":356,"column":5}}]},"32":{"loc":{"start":{"line":360,"column":4},"end":{"line":362,"column":5}},"type":"if","locations":[{"start":{"line":360,"column":4},"end":{"line":362,"column":5}}]},"33":{"loc":{"start":{"line":366,"column":4},"end":{"line":368,"column":5}},"type":"if","locations":[{"start":{"line":366,"column":4},"end":{"line":368,"column":5}}]}},"s":{"0":4,"1":4,"2":4,"3":4,"4":4,"5":4,"6":4,"7":4,"8":4,"9":4,"10":4,"11":4,"12":26,"13":26,"14":26,"15":26,"16":26,"17":26,"18":26,"19":26,"20":26,"21":26,"22":26,"23":26,"24":26,"25":26,"26":1,"27":26,"28":12,"29":4,"30":5,"31":2,"32":1,"33":12,"34":12,"35":12,"36":1,"37":11,"38":11,"39":11,"40":11,"41":11,"42":11,"43":0,"44":0,"45":1,"46":1,"47":1,"48":1,"49":1,"50":10,"51":1,"52":9,"53":0,"54":0,"55":9,"56":9,"57":9,"58":1,"59":0,"60":1,"61":1,"62":1,"63":1,"64":1,"65":1,"66":1,"67":0,"68":0,"69":0,"70":0,"71":0,"72":0,"73":0,"74":1,"75":9,"76":33,"77":9,"78":9,"79":33,"80":33,"81":2,"82":2,"83":2,"84":3,"85":3,"86":10,"87":10,"88":1,"89":1,"90":9,"91":1,"92":8,"93":8,"94":1,"95":7,"96":7,"97":7,"98":7,"99":7,"100":7,"101":7,"102":7,"103":7,"104":7,"105":7,"106":7,"107":7,"108":7,"109":7,"110":1,"111":7,"112":7,"113":0,"114":7,"115":7,"116":7,"117":7,"118":7,"119":10,"120":10,"121":6,"122":6,"123":4,"124":4,"125":3,"126":3,"127":3,"128":7,"129":1,"130":6,"131":6,"132":0,"133":0,"134":0,"135":0,"136":0,"137":0,"138":0,"139":0,"140":0,"141":6,"142":6,"143":6,"144":4,"145":0,"146":0,"147":0,"148":0,"149":0,"150":0,"151":0,"152":0,"153":0,"154":4},"f":{"0":26,"1":12,"2":4,"3":5,"4":2,"5":1,"6":12,"7":10,"8":1,"9":33,"10":2,"11":3,"12":3,"13":10,"14":0},"b":{"0":[26,25],"1":[1],"2":[0,26],"3":[12,12],"4":[1],"5":[0],"6":[1,0],"7":[1],"8":[0],"9":[0],"10":[1],"11":[0],"12":[0,0],"13":[0,0],"14":[0],"15":[9],"16":[1],"17":[1],"18":[9,8],"19":[1],"20":[7],"21":[1],"22":[0],"23":[4,0],"24":[3],"25":[1],"26":[7,6],"27":[1,0],"28":[0],"29":[6,0],"30":[0,0],"31":[4],"32":[0],"33":[0]}}
,"/home/axcpeter/.tikitaka/sdk/src/dynamic_fee.ts": {"path":"/home/axcpeter/.tikitaka/sdk/src/dynamic_fee.ts","statementMap":{"0":{"start":{"line":5,"column":0},"end":{"line":5,"column":59}},"1":{"start":{"line":6,"column":0},"end":{"line":6,"column":34}},"2":{"start":{"line":21,"column":13},"end":{"line":26,"column":2}},"3":{"start":{"line":29,"column":13},"end":{"line":34,"column":2}},"4":{"start":{"line":57,"column":68},"end":{"line":57,"column":72}},"5":{"start":{"line":58,"column":45},"end":{"line":58,"column":49}},"6":{"start":{"line":59,"column":30},"end":{"line":59,"column":32}},"7":{"start":{"line":63,"column":53},"end":{"line":63,"column":57}},"8":{"start":{"line":67,"column":4},"end":{"line":69,"column":5}},"9":{"start":{"line":68,"column":6},"end":{"line":68,"column":100}},"10":{"start":{"line":70,"column":4},"end":{"line":70,"column":25}},"11":{"start":{"line":72,"column":4},"end":{"line":74,"column":5}},"12":{"start":{"line":73,"column":6},"end":{"line":73,"column":170}},"13":{"start":{"line":82,"column":17},"end":{"line":82,"column":58}},"14":{"start":{"line":83,"column":4},"end":{"line":85,"column":5}},"15":{"start":{"line":83,"column":45},"end":{"line":83,"column":47}},"16":{"start":{"line":84,"column":6},"end":{"line":84,"column":77}},"17":{"start":{"line":86,"column":4},"end":{"line":86,"column":41}},"18":{"start":{"line":86,"column":36},"end":{"line":86,"column":39}},"19":{"start":{"line":87,"column":4},"end":{"line":87,"column":31}},"20":{"start":{"line":95,"column":34},"end":{"line":95,"column":38}},"21":{"start":{"line":96,"column":4},"end":{"line":108,"column":5}},"22":{"start":{"line":97,"column":6},"end":{"line":107,"column":7}},"23":{"start":{"line":98,"column":25},"end":{"line":98,"column":49}},"24":{"start":{"line":100,"column":8},"end":{"line":100,"column":36}},"25":{"start":{"line":101,"column":8},"end":{"line":101,"column":33}},"26":{"start":{"line":102,"column":8},"end":{"line":102,"column":61}},"27":{"start":{"line":103,"column":8},"end":{"line":103,"column":15}},"28":{"start":{"line":105,"column":8},"end":{"line":105,"column":72}},"29":{"start":{"line":106,"column":8},"end":{"line":106,"column":91}},"30":{"start":{"line":111,"column":4},"end":{"line":111,"column":57}},"31":{"start":{"line":112,"column":4},"end":{"line":112,"column":100}},"32":{"start":{"line":116,"column":16},"end":{"line":116,"column":26}},"33":{"start":{"line":117,"column":4},"end":{"line":119,"column":5}},"34":{"start":{"line":118,"column":6},"end":{"line":118,"column":35}},"35":{"start":{"line":121,"column":4},"end":{"line":145,"column":5}},"36":{"start":{"line":124,"column":6},"end":{"line":131,"column":7}},"37":{"start":{"line":125,"column":8},"end":{"line":125,"column":49}},"38":{"start":{"line":126,"column":13},"end":{"line":131,"column":7}},"39":{"start":{"line":127,"column":8},"end":{"line":127,"column":142}},"40":{"start":{"line":128,"column":8},"end":{"line":128,"column":47}},"41":{"start":{"line":130,"column":8},"end":{"line":130,"column":45}},"42":{"start":{"line":133,"column":6},"end":{"line":138,"column":7}},"43":{"start":{"line":134,"column":8},"end":{"line":134,"column":107}},"44":{"start":{"line":135,"column":8},"end":{"line":135,"column":45}},"45":{"start":{"line":137,"column":8},"end":{"line":137,"column":113}},"46":{"start":{"line":137,"column":25},"end":{"line":137,"column":113}},"47":{"start":{"line":140,"column":6},"end":{"line":140,"column":50}},"48":{"start":{"line":141,"column":6},"end":{"line":141,"column":19}},"49":{"start":{"line":143,"column":6},"end":{"line":143,"column":69}},"50":{"start":{"line":144,"column":6},"end":{"line":144,"column":42}},"51":{"start":{"line":152,"column":4},"end":{"line":152,"column":27}},"52":{"start":{"line":153,"column":4},"end":{"line":153,"column":56}},"53":{"start":{"line":157,"column":4},"end":{"line":157,"column":88}},"54":{"start":{"line":157,"column":52},"end":{"line":157,"column":88}},"55":{"start":{"line":158,"column":25},"end":{"line":158,"column":153}},"56":{"start":{"line":159,"column":4},"end":{"line":170,"column":5}},"57":{"start":{"line":160,"column":23},"end":{"line":160,"column":89}},"58":{"start":{"line":161,"column":21},"end":{"line":161,"column":119}},"59":{"start":{"line":162,"column":29},"end":{"line":162,"column":60}},"60":{"start":{"line":165,"column":26},"end":{"line":165,"column":90}},"61":{"start":{"line":166,"column":6},"end":{"line":166,"column":25}},"62":{"start":{"line":168,"column":6},"end":{"line":168,"column":128}},"63":{"start":{"line":169,"column":6},"end":{"line":169,"column":42}},"64":{"start":{"line":174,"column":4},"end":{"line":174,"column":90}},"65":{"start":{"line":174,"column":54},"end":{"line":174,"column":90}},"66":{"start":{"line":175,"column":20},"end":{"line":175,"column":166}},"67":{"start":{"line":176,"column":22},"end":{"line":176,"column":32}},"68":{"start":{"line":177,"column":4},"end":{"line":197,"column":5}},"69":{"start":{"line":178,"column":23},"end":{"line":178,"column":86}},"70":{"start":{"line":179,"column":38},"end":{"line":179,"column":70}},"71":{"start":{"line":182,"column":18},"end":{"line":182,"column":55}},"72":{"start":{"line":184,"column":6},"end":{"line":186,"column":7}},"73":{"start":{"line":185,"column":8},"end":{"line":185,"column":58}},"74":{"start":{"line":188,"column":20},"end":{"line":188,"column":41}},"75":{"start":{"line":189,"column":6},"end":{"line":191,"column":7}},"76":{"start":{"line":190,"column":8},"end":{"line":190,"column":61}},"77":{"start":{"line":193,"column":6},"end":{"line":193,"column":19}},"78":{"start":{"line":195,"column":6},"end":{"line":195,"column":130}},"79":{"start":{"line":196,"column":6},"end":{"line":196,"column":42}},"80":{"start":{"line":201,"column":4},"end":{"line":209,"column":5}},"81":{"start":{"line":202,"column":6},"end":{"line":202,"column":60}},"82":{"start":{"line":203,"column":11},"end":{"line":209,"column":5}},"83":{"start":{"line":204,"column":6},"end":{"line":204,"column":54}},"84":{"start":{"line":205,"column":11},"end":{"line":209,"column":5}},"85":{"start":{"line":206,"column":6},"end":{"line":206,"column":54}},"86":{"start":{"line":208,"column":6},"end":{"line":208,"column":56}},"87":{"start":{"line":219,"column":4},"end":{"line":219,"column":83}},"88":{"start":{"line":219,"column":24},"end":{"line":219,"column":83}},"89":{"start":{"line":220,"column":4},"end":{"line":220,"column":85}},"90":{"start":{"line":220,"column":31},"end":{"line":220,"column":85}},"91":{"start":{"line":222,"column":24},"end":{"line":222,"column":51}},"92":{"start":{"line":223,"column":22},"end":{"line":223,"column":42}},"93":{"start":{"line":224,"column":20},"end":{"line":224,"column":48}},"94":{"start":{"line":226,"column":25},"end":{"line":226,"column":54}},"95":{"start":{"line":229,"column":22},"end":{"line":229,"column":65}},"96":{"start":{"line":232,"column":27},"end":{"line":232,"column":68}},"97":{"start":{"line":234,"column":4},"end":{"line":245,"column":6}},"98":{"start":{"line":255,"column":4},"end":{"line":255,"column":83}},"99":{"start":{"line":255,"column":24},"end":{"line":255,"column":83}},"100":{"start":{"line":256,"column":4},"end":{"line":256,"column":85}},"101":{"start":{"line":256,"column":31},"end":{"line":256,"column":85}},"102":{"start":{"line":258,"column":24},"end":{"line":258,"column":51}},"103":{"start":{"line":259,"column":22},"end":{"line":259,"column":42}},"104":{"start":{"line":260,"column":20},"end":{"line":260,"column":48}},"105":{"start":{"line":262,"column":25},"end":{"line":262,"column":54}},"106":{"start":{"line":263,"column":22},"end":{"line":263,"column":65}},"107":{"start":{"line":264,"column":27},"end":{"line":264,"column":68}},"108":{"start":{"line":266,"column":4},"end":{"line":277,"column":6}},"109":{"start":{"line":281,"column":17},"end":{"line":281,"column":61}},"110":{"start":{"line":282,"column":28},"end":{"line":282,"column":63}},"111":{"start":{"line":283,"column":4},"end":{"line":287,"column":6}},"112":{"start":{"line":56,"column":0},"end":{"line":56,"column":13}}},"fnMap":{"0":{"name":"(anonymous_0)","decl":{"start":{"line":65,"column":2},"end":{"line":65,"column":14}},"loc":{"start":{"line":65,"column":39},"end":{"line":75,"column":3}}},"1":{"name":"(anonymous_1)","decl":{"start":{"line":81,"column":2},"end":{"line":81,"column":7}},"loc":{"start":{"line":81,"column":41},"end":{"line":88,"column":3}}},"2":{"name":"(anonymous_2)","decl":{"start":{"line":83,"column":40},"end":{"line":83,"column":41}},"loc":{"start":{"line":83,"column":45},"end":{"line":83,"column":47}}},"3":{"name":"(anonymous_3)","decl":{"start":{"line":86,"column":31},"end":{"line":86,"column":32}},"loc":{"start":{"line":86,"column":36},"end":{"line":86,"column":39}}},"4":{"name":"(anonymous_4)","decl":{"start":{"line":94,"column":10},"end":{"line":94,"column":15}},"loc":{"start":{"line":94,"column":29},"end":{"line":113,"column":3}}},"5":{"name":"(anonymous_5)","decl":{"start":{"line":115,"column":2},"end":{"line":115,"column":7}},"loc":{"start":{"line":115,"column":22},"end":{"line":146,"column":3}}},"6":{"name":"(anonymous_6)","decl":{"start":{"line":151,"column":2},"end":{"line":151,"column":17}},"loc":{"start":{"line":151,"column":17},"end":{"line":154,"column":3}}},"7":{"name":"(anonymous_7)","decl":{"start":{"line":156,"column":10},"end":{"line":156,"column":15}},"loc":{"start":{"line":156,"column":33},"end":{"line":171,"column":3}}},"8":{"name":"(anonymous_8)","decl":{"start":{"line":173,"column":10},"end":{"line":173,"column":15}},"loc":{"start":{"line":173,"column":35},"end":{"line":198,"column":3}}},"9":{"name":"(anonymous_9)","decl":{"start":{"line":200,"column":2},"end":{"line":200,"column":12}},"loc":{"start":{"line":200,"column":32},"end":{"line":210,"column":3}}},"10":{"name":"(anonymous_10)","decl":{"start":{"line":212,"column":2},"end":{"line":212,"column":7}},"loc":{"start":{"line":216,"column":74},"end":{"line":246,"column":3}}},"11":{"name":"(anonymous_11)","decl":{"start":{"line":248,"column":2},"end":{"line":248,"column":7}},"loc":{"start":{"line":252,"column":74},"end":{"line":278,"column":3}}},"12":{"name":"(anonymous_12)","decl":{"start":{"line":280,"column":2},"end":{"line":280,"column":7}},"loc":{"start":{"line":280,"column":69},"end":{"line":288,"column":3}}}},"branchMap":{"0":{"loc":{"start":{"line":67,"column":4},"end":{"line":69,"column":5}},"type":"if","locations":[{"start":{"line":67,"column":4},"end":{"line":69,"column":5}}]},"1":{"loc":{"start":{"line":72,"column":4},"end":{"line":74,"column":5}},"type":"if","locations":[{"start":{"line":72,"column":4},"end":{"line":74,"column":5}}]},"2":{"loc":{"start":{"line":82,"column":17},"end":{"line":82,"column":58}},"type":"cond-expr","locations":[{"start":{"line":82,"column":41},"end":{"line":82,"column":47}},{"start":{"line":82,"column":50},"end":{"line":82,"column":58}}]},"3":{"loc":{"start":{"line":83,"column":4},"end":{"line":85,"column":5}},"type":"if","locations":[{"start":{"line":83,"column":4},"end":{"line":85,"column":5}}]},"4":{"loc":{"start":{"line":83,"column":8},"end":{"line":83,"column":48}},"type":"binary-expr","locations":[{"start":{"line":83,"column":8},"end":{"line":83,"column":25}},{"start":{"line":83,"column":29},"end":{"line":83,"column":48}}]},"5":{"loc":{"start":{"line":105,"column":20},"end":{"line":105,"column":71}},"type":"cond-expr","locations":[{"start":{"line":105,"column":43},"end":{"line":105,"column":46}},{"start":{"line":105,"column":49},"end":{"line":105,"column":71}}]},"6":{"loc":{"start":{"line":117,"column":4},"end":{"line":119,"column":5}},"type":"if","locations":[{"start":{"line":117,"column":4},"end":{"line":119,"column":5}}]},"7":{"loc":{"start":{"line":117,"column":8},"end":{"line":117,"column":90}},"type":"binary-expr","locations":[{"start":{"line":117,"column":8},"end":{"line":117,"column":23}},{"start":{"line":117,"column":27},"end":{"line":117,"column":90}}]},"8":{"loc":{"start":{"line":124,"column":6},"end":{"line":131,"column":7}},"type":"if","locations":[{"start":{"line":124,"column":6},"end":{"line":131,"column":7}},{"start":{"line":126,"column":13},"end":{"line":131,"column":7}}]},"9":{"loc":{"start":{"line":124,"column":10},"end":{"line":124,"column":52}},"type":"binary-expr","locations":[{"start":{"line":124,"column":10},"end":{"line":124,"column":35}},{"start":{"line":124,"column":39},"end":{"line":124,"column":52}}]},"10":{"loc":{"start":{"line":126,"column":13},"end":{"line":131,"column":7}},"type":"if","locations":[{"start":{"line":126,"column":13},"end":{"line":131,"column":7}},{"start":{"line":129,"column":13},"end":{"line":131,"column":7}}]},"11":{"loc":{"start":{"line":126,"column":17},"end":{"line":126,"column":57}},"type":"binary-expr","locations":[{"start":{"line":126,"column":17},"end":{"line":126,"column":40}},{"start":{"line":126,"column":44},"end":{"line":126,"column":57}}]},"12":{"loc":{"start":{"line":133,"column":6},"end":{"line":138,"column":7}},"type":"if","locations":[{"start":{"line":133,"column":6},"end":{"line":138,"column":7}}]},"13":{"loc":{"start":{"line":137,"column":8},"end":{"line":137,"column":113}},"type":"if","locations":[{"start":{"line":137,"column":8},"end":{"line":137,"column":113}}]},"14":{"loc":{"start":{"line":157,"column":4},"end":{"line":157,"column":88}},"type":"if","locations":[{"start":{"line":157,"column":4},"end":{"line":157,"column":88}}]},"15":{"loc":{"start":{"line":157,"column":8},"end":{"line":157,"column":50}},"type":"binary-expr","locations":[{"start":{"line":157,"column":8},"end":{"line":157,"column":22}},{"start":{"line":157,"column":26},"end":{"line":157,"column":50}}]},"16":{"loc":{"start":{"line":168,"column":78},"end":{"line":168,"column":124}},"type":"cond-expr","locations":[{"start":{"line":168,"column":103},"end":{"line":168,"column":116}},{"start":{"line":168,"column":119},"end":{"line":168,"column":124}}]},"17":{"loc":{"start":{"line":174,"column":4},"end":{"line":174,"column":90}},"type":"if","locations":[{"start":{"line":174,"column":4},"end":{"line":174,"column":90}}]},"18":{"loc":{"start":{"line":174,"column":8},"end":{"line":174,"column":52}},"type":"binary-expr","locations":[{"start":{"line":174,"column":8},"end":{"line":174,"column":22}},{"start":{"line":174,"column":26},"end":{"line":174,"column":52}}]},"19":{"loc":{"start":{"line":184,"column":6},"end":{"line":186,"column":7}},"type":"if","locations":[{"start":{"line":184,"column":6},"end":{"line":186,"column":7}}]},"20":{"loc":{"start":{"line":189,"column":6},"end":{"line":191,"column":7}},"type":"if","locations":[{"start":{"line":189,"column":6},"end":{"line":191,"column":7}}]},"21":{"loc":{"start":{"line":195,"column":80},"end":{"line":195,"column":126}},"type":"cond-expr","locations":[{"start":{"line":195,"column":105},"end":{"line":195,"column":118}},{"start":{"line":195,"column":121},"end":{"line":195,"column":126}}]},"22":{"loc":{"start":{"line":201,"column":4},"end":{"line":209,"column":5}},"type":"if","locations":[{"start":{"line":201,"column":4},"end":{"line":209,"column":5}},{"start":{"line":203,"column":11},"end":{"line":209,"column":5}}]},"23":{"loc":{"start":{"line":203,"column":11},"end":{"line":209,"column":5}},"type":"if","locations":[{"start":{"line":203,"column":11},"end":{"line":209,"column":5}},{"start":{"line":205,"column":11},"end":{"line":209,"column":5}}]},"24":{"loc":{"start":{"line":205,"column":11},"end":{"line":209,"column":5}},"type":"if","locations":[{"start":{"line":205,"column":11},"end":{"line":209,"column":5}},{"start":{"line":207,"column":11},"end":{"line":209,"column":5}}]},"25":{"loc":{"start":{"line":214,"column":4},"end":{"line":214,"column":25}},"type":"default-arg","locations":[{"start":{"line":214,"column":24},"end":{"line":214,"column":25}}]},"26":{"loc":{"start":{"line":215,"column":4},"end":{"line":215,"column":29}},"type":"default-arg","locations":[{"start":{"line":215,"column":23},"end":{"line":215,"column":29}}]},"27":{"loc":{"start":{"line":216,"column":4},"end":{"line":216,"column":74}},"type":"default-arg","locations":[{"start":{"line":216,"column":30},"end":{"line":216,"column":74}}]},"28":{"loc":{"start":{"line":219,"column":4},"end":{"line":219,"column":83}},"type":"if","locations":[{"start":{"line":219,"column":4},"end":{"line":219,"column":83}}]},"29":{"loc":{"start":{"line":220,"column":4},"end":{"line":220,"column":85}},"type":"if","locations":[{"start":{"line":220,"column":4},"end":{"line":220,"column":85}}]},"30":{"loc":{"start":{"line":250,"column":4},"end":{"line":250,"column":25}},"type":"default-arg","locations":[{"start":{"line":250,"column":24},"end":{"line":250,"column":25}}]},"31":{"loc":{"start":{"line":251,"column":4},"end":{"line":251,"column":29}},"type":"default-arg","locations":[{"start":{"line":251,"column":23},"end":{"line":251,"column":29}}]},"32":{"loc":{"start":{"line":252,"column":4},"end":{"line":252,"column":74}},"type":"default-arg","locations":[{"start":{"line":252,"column":30},"end":{"line":252,"column":74}}]},"33":{"loc":{"start":{"line":255,"column":4},"end":{"line":255,"column":83}},"type":"if","locations":[{"start":{"line":255,"column":4},"end":{"line":255,"column":83}}]},"34":{"loc":{"start":{"line":256,"column":4},"end":{"line":256,"column":85}},"type":"if","locations":[{"start":{"line":256,"column":4},"end":{"line":256,"column":85}}]},"35":{"loc":{"start":{"line":280,"column":48},"end":{"line":280,"column":69}},"type":"default-arg","locations":[{"start":{"line":280,"column":68},"end":{"line":280,"column":69}}]}},"s":{"0":6,"1":6,"2":6,"3":6,"4":27,"5":27,"6":27,"7":6,"8":27,"9":2,"10":25,"11":25,"12":2,"13":3,"14":3,"15":3,"16":2,"17":1,"18":1,"19":1,"20":1,"21":1,"22":1,"23":1,"24":1,"25":0,"26":0,"27":0,"28":1,"29":1,"30":1,"31":1,"32":25,"33":25,"34":10,"35":15,"36":15,"37":0,"38":15,"39":0,"40":0,"41":15,"42":15,"43":0,"44":0,"45":0,"46":0,"47":15,"48":15,"49":0,"50":0,"51":1,"52":1,"53":0,"54":0,"55":0,"56":0,"57":0,"58":0,"59":0,"60":0,"61":0,"62":0,"63":0,"64":0,"65":0,"66":0,"67":0,"68":0,"69":0,"70":0,"71":0,"72":0,"73":0,"74":0,"75":0,"76":0,"77":0,"78":0,"79":0,"80":29,"81":2,"82":27,"83":23,"84":4,"85":2,"86":2,"87":19,"88":2,"89":17,"90":2,"91":15,"92":15,"93":15,"94":15,"95":15,"96":15,"97":15,"98":9,"99":2,"100":7,"101":1,"102":6,"103":6,"104":6,"105":6,"106":6,"107":6,"108":6,"109":2,"110":1,"111":1,"112":6},"f":{"0":27,"1":3,"2":3,"3":1,"4":1,"5":25,"6":1,"7":0,"8":0,"9":29,"10":19,"11":9,"12":2},"b":{"0":[2],"1":[2],"2":[2,1],"3":[2],"4":[3,2],"5":[0,1],"6":[10],"7":[25,10],"8":[0,15],"9":[15,0],"10":[0,15],"11":[15,0],"12":[0],"13":[0],"14":[0],"15":[0,0],"16":[0,0],"17":[0],"18":[0,0],"19":[0],"20":[0],"21":[0,0],"22":[2,27],"23":[23,4],"24":[2,2],"25":[13],"26":[19],"27":[19],"28":[2],"29":[2],"30":[6],"31":[9],"32":[9],"33":[2],"34":[1],"35":[2]}}
,"/home/axcpeter/.tikitaka/sdk/src/errors.ts": {"path":"/home/axcpeter/.tikitaka/sdk/src/errors.ts","statementMap":{"0":{"start":{"line":10,"column":4},"end":{"line":10,"column":57}},"1":{"start":{"line":6,"column":20},"end":{"line":6,"column":35}},"2":{"start":{"line":7,"column":20},"end":{"line":7,"column":34}},"3":{"start":{"line":8,"column":20},"end":{"line":8,"column":31}},"4":{"start":{"line":11,"column":4},"end":{"line":11,"column":38}},"5":{"start":{"line":12,"column":4},"end":{"line":12,"column":54}},"6":{"start":{"line":4,"column":0},"end":{"line":4,"column":13}},"7":{"start":{"line":21,"column":4},"end":{"line":21,"column":32}},"8":{"start":{"line":19,"column":0},"end":{"line":19,"column":13}},"9":{"start":{"line":30,"column":4},"end":{"line":30,"column":32}},"10":{"start":{"line":28,"column":0},"end":{"line":28,"column":13}},"11":{"start":{"line":39,"column":4},"end":{"line":39,"column":32}},"12":{"start":{"line":37,"column":0},"end":{"line":37,"column":13}},"13":{"start":{"line":48,"column":4},"end":{"line":48,"column":32}},"14":{"start":{"line":46,"column":0},"end":{"line":46,"column":13}},"15":{"start":{"line":57,"column":4},"end":{"line":57,"column":32}},"16":{"start":{"line":55,"column":0},"end":{"line":55,"column":13}},"17":{"start":{"line":66,"column":4},"end":{"line":66,"column":32}},"18":{"start":{"line":64,"column":0},"end":{"line":64,"column":13}}},"fnMap":{"0":{"name":"(anonymous_0)","decl":{"start":{"line":5,"column":2},"end":{"line":5,"column":null}},"loc":{"start":{"line":8,"column":31},"end":{"line":13,"column":3}}},"1":{"name":"(anonymous_1)","decl":{"start":{"line":20,"column":2},"end":{"line":20,"column":14}},"loc":{"start":{"line":20,"column":58},"end":{"line":22,"column":3}}},"2":{"name":"(anonymous_2)","decl":{"start":{"line":29,"column":2},"end":{"line":29,"column":14}},"loc":{"start":{"line":29,"column":58},"end":{"line":31,"column":3}}},"3":{"name":"(anonymous_3)","decl":{"start":{"line":38,"column":2},"end":{"line":38,"column":14}},"loc":{"start":{"line":38,"column":58},"end":{"line":40,"column":3}}},"4":{"name":"(anonymous_4)","decl":{"start":{"line":47,"column":2},"end":{"line":47,"column":14}},"loc":{"start":{"line":47,"column":58},"end":{"line":49,"column":3}}},"5":{"name":"(anonymous_5)","decl":{"start":{"line":56,"column":2},"end":{"line":56,"column":14}},"loc":{"start":{"line":56,"column":58},"end":{"line":58,"column":3}}},"6":{"name":"(anonymous_6)","decl":{"start":{"line":65,"column":2},"end":{"line":65,"column":14}},"loc":{"start":{"line":65,"column":58},"end":{"line":67,"column":3}}}},"branchMap":{},"s":{"0":68,"1":68,"2":68,"3":68,"4":68,"5":68,"6":13,"7":1,"8":13,"9":16,"10":13,"11":11,"12":13,"13":33,"14":13,"15":7,"16":13,"17":0,"18":13},"f":{"0":68,"1":1,"2":16,"3":11,"4":33,"5":7,"6":0},"b":{}}
,"/home/axcpeter/.tikitaka/sdk/src/evm_connector.ts": {"path":"/home/axcpeter/.tikitaka/sdk/src/evm_connector.ts","statementMap":{"0":{"start":{"line":4,"column":0},"end":{"line":4,"column":87}},"1":{"start":{"line":6,"column":0},"end":{"line":6,"column":34}},"2":{"start":{"line":7,"column":0},"end":{"line":7,"column":61}},"3":{"start":{"line":18,"column":45},"end":{"line":18,"column":49}},"4":{"start":{"line":19,"column":34},"end":{"line":19,"column":38}},"5":{"start":{"line":20,"column":41},"end":{"line":20,"column":45}},"6":{"start":{"line":21,"column":49},"end":{"line":21,"column":53}},"7":{"start":{"line":22,"column":43},"end":{"line":22,"column":45}},"8":{"start":{"line":25,"column":43},"end":{"line":25,"column":47}},"9":{"start":{"line":33,"column":4},"end":{"line":36,"column":7}},"10":{"start":{"line":35,"column":40},"end":{"line":35,"column":211}},"11":{"start":{"line":35,"column":57},"end":{"line":35,"column":206}},"12":{"start":{"line":43,"column":4},"end":{"line":43,"column":204}},"13":{"start":{"line":43,"column":47},"end":{"line":43,"column":204}},"14":{"start":{"line":45,"column":4},"end":{"line":62,"column":5}},"15":{"start":{"line":46,"column":6},"end":{"line":46,"column":50}},"16":{"start":{"line":47,"column":6},"end":{"line":55,"column":7}},"17":{"start":{"line":48,"column":8},"end":{"line":50,"column":9}},"18":{"start":{"line":49,"column":10},"end":{"line":49,"column":163}},"19":{"start":{"line":51,"column":8},"end":{"line":51,"column":68}},"20":{"start":{"line":54,"column":8},"end":{"line":54,"column":93}},"21":{"start":{"line":57,"column":22},"end":{"line":57,"column":54}},"22":{"start":{"line":58,"column":6},"end":{"line":58,"column":69}},"23":{"start":{"line":60,"column":6},"end":{"line":60,"column":93}},"24":{"start":{"line":60,"column":81},"end":{"line":60,"column":93}},"25":{"start":{"line":61,"column":6},"end":{"line":61,"column":164}},"26":{"start":{"line":71,"column":4},"end":{"line":71,"column":98}},"27":{"start":{"line":77,"column":4},"end":{"line":77,"column":176}},"28":{"start":{"line":77,"column":22},"end":{"line":77,"column":176}},"29":{"start":{"line":78,"column":4},"end":{"line":78,"column":222}},"30":{"start":{"line":78,"column":48},"end":{"line":78,"column":222}},"31":{"start":{"line":79,"column":4},"end":{"line":79,"column":63}},"32":{"start":{"line":86,"column":4},"end":{"line":86,"column":176}},"33":{"start":{"line":86,"column":22},"end":{"line":86,"column":176}},"34":{"start":{"line":87,"column":4},"end":{"line":87,"column":222}},"35":{"start":{"line":87,"column":48},"end":{"line":87,"column":222}},"36":{"start":{"line":88,"column":4},"end":{"line":88,"column":71}},"37":{"start":{"line":95,"column":4},"end":{"line":95,"column":176}},"38":{"start":{"line":95,"column":27},"end":{"line":95,"column":176}},"39":{"start":{"line":97,"column":20},"end":{"line":97,"column":70}},"40":{"start":{"line":99,"column":4},"end":{"line":116,"column":5}},"41":{"start":{"line":101,"column":23},"end":{"line":101,"column":103}},"42":{"start":{"line":103,"column":17},"end":{"line":105,"column":8}},"43":{"start":{"line":107,"column":6},"end":{"line":107,"column":58}},"44":{"start":{"line":108,"column":22},"end":{"line":108,"column":37}},"45":{"start":{"line":110,"column":6},"end":{"line":110,"column":169}},"46":{"start":{"line":110,"column":20},"end":{"line":110,"column":169}},"47":{"start":{"line":111,"column":6},"end":{"line":111,"column":21}},"48":{"start":{"line":113,"column":6},"end":{"line":113,"column":93}},"49":{"start":{"line":113,"column":81},"end":{"line":113,"column":93}},"50":{"start":{"line":114,"column":21},"end":{"line":114,"column":52}},"51":{"start":{"line":115,"column":6},"end":{"line":115,"column":110}},"52":{"start":{"line":123,"column":4},"end":{"line":123,"column":153}},"53":{"start":{"line":123,"column":27},"end":{"line":123,"column":153}},"54":{"start":{"line":124,"column":4},"end":{"line":124,"column":186}},"55":{"start":{"line":124,"column":38},"end":{"line":124,"column":186}},"56":{"start":{"line":126,"column":4},"end":{"line":141,"column":5}},"57":{"start":{"line":127,"column":6},"end":{"line":129,"column":7}},"58":{"start":{"line":128,"column":8},"end":{"line":128,"column":67}},"59":{"start":{"line":131,"column":23},"end":{"line":131,"column":101}},"60":{"start":{"line":132,"column":17},"end":{"line":134,"column":8}},"61":{"start":{"line":135,"column":22},"end":{"line":135,"column":37}},"62":{"start":{"line":136,"column":6},"end":{"line":136,"column":159}},"63":{"start":{"line":136,"column":20},"end":{"line":136,"column":159}},"64":{"start":{"line":137,"column":6},"end":{"line":137,"column":21}},"65":{"start":{"line":139,"column":21},"end":{"line":139,"column":52}},"66":{"start":{"line":140,"column":6},"end":{"line":140,"column":117}},"67":{"start":{"line":148,"column":4},"end":{"line":148,"column":153}},"68":{"start":{"line":148,"column":27},"end":{"line":148,"column":153}},"69":{"start":{"line":150,"column":4},"end":{"line":158,"column":5}},"70":{"start":{"line":151,"column":17},"end":{"line":151,"column":72}},"71":{"start":{"line":152,"column":22},"end":{"line":152,"column":37}},"72":{"start":{"line":153,"column":6},"end":{"line":153,"column":138}},"73":{"start":{"line":153,"column":20},"end":{"line":153,"column":138}},"74":{"start":{"line":154,"column":6},"end":{"line":154,"column":36}},"75":{"start":{"line":156,"column":21},"end":{"line":156,"column":52}},"76":{"start":{"line":157,"column":6},"end":{"line":157,"column":84}},"77":{"start":{"line":165,"column":4},"end":{"line":165,"column":162}},"78":{"start":{"line":165,"column":27},"end":{"line":165,"column":162}},"79":{"start":{"line":166,"column":4},"end":{"line":171,"column":5}},"80":{"start":{"line":167,"column":6},"end":{"line":167,"column":61}},"81":{"start":{"line":169,"column":21},"end":{"line":169,"column":52}},"82":{"start":{"line":170,"column":6},"end":{"line":170,"column":117}},"83":{"start":{"line":184,"column":4},"end":{"line":184,"column":120}},"84":{"start":{"line":184,"column":22},"end":{"line":184,"column":120}},"85":{"start":{"line":185,"column":4},"end":{"line":185,"column":200}},"86":{"start":{"line":185,"column":60},"end":{"line":185,"column":200}},"87":{"start":{"line":187,"column":4},"end":{"line":187,"column":97}},"88":{"start":{"line":190,"column":26},"end":{"line":192,"column":6}},"89":{"start":{"line":194,"column":27},"end":{"line":194,"column":89}},"90":{"start":{"line":196,"column":4},"end":{"line":212,"column":5}},"91":{"start":{"line":198,"column":23},"end":{"line":198,"column":121}},"92":{"start":{"line":200,"column":17},"end":{"line":202,"column":8}},"93":{"start":{"line":204,"column":6},"end":{"line":204,"column":52}},"94":{"start":{"line":205,"column":22},"end":{"line":205,"column":37}},"95":{"start":{"line":206,"column":6},"end":{"line":206,"column":114}},"96":{"start":{"line":206,"column":20},"end":{"line":206,"column":114}},"97":{"start":{"line":207,"column":6},"end":{"line":207,"column":21}},"98":{"start":{"line":209,"column":6},"end":{"line":209,"column":93}},"99":{"start":{"line":209,"column":81},"end":{"line":209,"column":93}},"100":{"start":{"line":210,"column":21},"end":{"line":210,"column":52}},"101":{"start":{"line":211,"column":6},"end":{"line":211,"column":101}},"102":{"start":{"line":224,"column":4},"end":{"line":226,"column":5}},"103":{"start":{"line":225,"column":6},"end":{"line":225,"column":28}},"104":{"start":{"line":228,"column":4},"end":{"line":246,"column":5}},"105":{"start":{"line":229,"column":6},"end":{"line":237,"column":7}},"106":{"start":{"line":230,"column":24},"end":{"line":232,"column":9}},"107":{"start":{"line":231,"column":10},"end":{"line":231,"column":51}},"108":{"start":{"line":233,"column":8},"end":{"line":233,"column":50}},"109":{"start":{"line":235,"column":25},"end":{"line":235,"column":41}},"110":{"start":{"line":236,"column":8},"end":{"line":236,"column":75}},"111":{"start":{"line":236,"column":39},"end":{"line":236,"column":73}},"112":{"start":{"line":238,"column":6},"end":{"line":245,"column":7}},"113":{"start":{"line":239,"column":24},"end":{"line":241,"column":9}},"114":{"start":{"line":240,"column":10},"end":{"line":240,"column":59}},"115":{"start":{"line":242,"column":8},"end":{"line":242,"column":50}},"116":{"start":{"line":243,"column":25},"end":{"line":243,"column":41}},"117":{"start":{"line":244,"column":8},"end":{"line":244,"column":75}},"118":{"start":{"line":244,"column":39},"end":{"line":244,"column":73}},"119":{"start":{"line":248,"column":4},"end":{"line":255,"column":5}},"120":{"start":{"line":249,"column":22},"end":{"line":251,"column":7}},"121":{"start":{"line":250,"column":8},"end":{"line":250,"column":56}},"122":{"start":{"line":252,"column":6},"end":{"line":252,"column":59}},"123":{"start":{"line":253,"column":23},"end":{"line":253,"column":47}},"124":{"start":{"line":254,"column":6},"end":{"line":254,"column":76}},"125":{"start":{"line":254,"column":37},"end":{"line":254,"column":74}},"126":{"start":{"line":257,"column":4},"end":{"line":257,"column":58}},"127":{"start":{"line":264,"column":4},"end":{"line":266,"column":5}},"128":{"start":{"line":265,"column":6},"end":{"line":265,"column":54}},"129":{"start":{"line":265,"column":12},"end":{"line":265,"column":20}},"130":{"start":{"line":267,"column":4},"end":{"line":267,"column":29}},"131":{"start":{"line":268,"column":4},"end":{"line":268,"column":58}},"132":{"start":{"line":275,"column":4},"end":{"line":275,"column":125}},"133":{"start":{"line":275,"column":24},"end":{"line":275,"column":125}},"134":{"start":{"line":277,"column":18},"end":{"line":277,"column":56}},"135":{"start":{"line":278,"column":4},"end":{"line":278,"column":147}},"136":{"start":{"line":278,"column":16},"end":{"line":278,"column":147}},"137":{"start":{"line":280,"column":4},"end":{"line":286,"column":6}},"138":{"start":{"line":293,"column":4},"end":{"line":293,"column":125}},"139":{"start":{"line":293,"column":24},"end":{"line":293,"column":125}},"140":{"start":{"line":294,"column":18},"end":{"line":294,"column":86}},"141":{"start":{"line":295,"column":4},"end":{"line":295,"column":43}},"142":{"start":{"line":302,"column":4},"end":{"line":302,"column":125}},"143":{"start":{"line":302,"column":24},"end":{"line":302,"column":125}},"144":{"start":{"line":303,"column":4},"end":{"line":303,"column":25}},"145":{"start":{"line":310,"column":4},"end":{"line":310,"column":116}},"146":{"start":{"line":310,"column":22},"end":{"line":310,"column":116}},"147":{"start":{"line":311,"column":4},"end":{"line":311,"column":23}},"148":{"start":{"line":318,"column":4},"end":{"line":323,"column":5}},"149":{"start":{"line":319,"column":16},"end":{"line":319,"column":48}},"150":{"start":{"line":320,"column":6},"end":{"line":320,"column":56}},"151":{"start":{"line":320,"column":40},"end":{"line":320,"column":56}},"152":{"start":{"line":321,"column":6},"end":{"line":321,"column":176}},"153":{"start":{"line":321,"column":115},"end":{"line":321,"column":176}},"154":{"start":{"line":322,"column":6},"end":{"line":322,"column":58}},"155":{"start":{"line":322,"column":41},"end":{"line":322,"column":58}},"156":{"start":{"line":324,"column":4},"end":{"line":324,"column":48}},"157":{"start":{"line":17,"column":0},"end":{"line":17,"column":13}}},"fnMap":{"0":{"name":"(anonymous_0)","decl":{"start":{"line":27,"column":2},"end":{"line":27,"column":17}},"loc":{"start":{"line":27,"column":2},"end":{"line":27,"column":18}}},"1":{"name":"(anonymous_1)","decl":{"start":{"line":32,"column":10},"end":{"line":32,"column":15}},"loc":{"start":{"line":32,"column":92},"end":{"line":37,"column":3}}},"2":{"name":"(anonymous_2)","decl":{"start":{"line":35,"column":25},"end":{"line":35,"column":26}},"loc":{"start":{"line":35,"column":40},"end":{"line":35,"column":211}}},"3":{"name":"(anonymous_3)","decl":{"start":{"line":35,"column":51},"end":{"line":35,"column":54}},"loc":{"start":{"line":35,"column":57},"end":{"line":35,"column":206}}},"4":{"name":"(anonymous_4)","decl":{"start":{"line":42,"column":2},"end":{"line":42,"column":7}},"loc":{"start":{"line":42,"column":60},"end":{"line":63,"column":3}}},"5":{"name":"(anonymous_5)","decl":{"start":{"line":76,"column":2},"end":{"line":76,"column":16}},"loc":{"start":{"line":76,"column":44},"end":{"line":80,"column":3}}},"6":{"name":"(anonymous_6)","decl":{"start":{"line":85,"column":2},"end":{"line":85,"column":27}},"loc":{"start":{"line":85,"column":55},"end":{"line":89,"column":3}}},"7":{"name":"(anonymous_7)","decl":{"start":{"line":94,"column":2},"end":{"line":94,"column":7}},"loc":{"start":{"line":94,"column":71},"end":{"line":117,"column":3}}},"8":{"name":"(anonymous_8)","decl":{"start":{"line":122,"column":2},"end":{"line":122,"column":7}},"loc":{"start":{"line":122,"column":77},"end":{"line":142,"column":3}}},"9":{"name":"(anonymous_9)","decl":{"start":{"line":147,"column":2},"end":{"line":147,"column":7}},"loc":{"start":{"line":147,"column":66},"end":{"line":159,"column":3}}},"10":{"name":"(anonymous_10)","decl":{"start":{"line":164,"column":2},"end":{"line":164,"column":7}},"loc":{"start":{"line":164,"column":51},"end":{"line":172,"column":3}}},"11":{"name":"(anonymous_11)","decl":{"start":{"line":177,"column":2},"end":{"line":177,"column":7}},"loc":{"start":{"line":182,"column":24},"end":{"line":213,"column":3}}},"12":{"name":"(anonymous_12)","decl":{"start":{"line":218,"column":2},"end":{"line":218,"column":7}},"loc":{"start":{"line":222,"column":3},"end":{"line":258,"column":3}}},"13":{"name":"(anonymous_13)","decl":{"start":{"line":230,"column":24},"end":{"line":230,"column":25}},"loc":{"start":{"line":230,"column":72},"end":{"line":232,"column":9}}},"14":{"name":"(anonymous_14)","decl":{"start":{"line":236,"column":33},"end":{"line":236,"column":36}},"loc":{"start":{"line":236,"column":39},"end":{"line":236,"column":73}}},"15":{"name":"(anonymous_15)","decl":{"start":{"line":239,"column":24},"end":{"line":239,"column":25}},"loc":{"start":{"line":239,"column":88},"end":{"line":241,"column":9}}},"16":{"name":"(anonymous_16)","decl":{"start":{"line":244,"column":33},"end":{"line":244,"column":36}},"loc":{"start":{"line":244,"column":39},"end":{"line":244,"column":73}}},"17":{"name":"(anonymous_17)","decl":{"start":{"line":249,"column":22},"end":{"line":249,"column":23}},"loc":{"start":{"line":249,"column":71},"end":{"line":251,"column":7}}},"18":{"name":"(anonymous_18)","decl":{"start":{"line":254,"column":31},"end":{"line":254,"column":34}},"loc":{"start":{"line":254,"column":37},"end":{"line":254,"column":74}}},"19":{"name":"(anonymous_19)","decl":{"start":{"line":263,"column":2},"end":{"line":263,"column":16}},"loc":{"start":{"line":263,"column":16},"end":{"line":269,"column":3}}},"20":{"name":"(anonymous_20)","decl":{"start":{"line":274,"column":2},"end":{"line":274,"column":7}},"loc":{"start":{"line":274,"column":36},"end":{"line":287,"column":3}}},"21":{"name":"(anonymous_21)","decl":{"start":{"line":292,"column":2},"end":{"line":292,"column":7}},"loc":{"start":{"line":292,"column":30},"end":{"line":296,"column":3}}},"22":{"name":"(anonymous_22)","decl":{"start":{"line":301,"column":2},"end":{"line":301,"column":13}},"loc":{"start":{"line":301,"column":13},"end":{"line":304,"column":3}}},"23":{"name":"(anonymous_23)","decl":{"start":{"line":309,"column":2},"end":{"line":309,"column":11}},"loc":{"start":{"line":309,"column":11},"end":{"line":312,"column":3}}},"24":{"name":"(anonymous_24)","decl":{"start":{"line":317,"column":10},"end":{"line":317,"column":29}},"loc":{"start":{"line":317,"column":44},"end":{"line":325,"column":3}}}},"branchMap":{"0":{"loc":{"start":{"line":32,"column":52},"end":{"line":32,"column":92}},"type":"default-arg","locations":[{"start":{"line":32,"column":65},"end":{"line":32,"column":92}}]},"1":{"loc":{"start":{"line":43,"column":4},"end":{"line":43,"column":204}},"type":"if","locations":[{"start":{"line":43,"column":4},"end":{"line":43,"column":204}}]},"2":{"loc":{"start":{"line":43,"column":8},"end":{"line":43,"column":45}},"type":"binary-expr","locations":[{"start":{"line":43,"column":8},"end":{"line":43,"column":15}},{"start":{"line":43,"column":19},"end":{"line":43,"column":45}}]},"3":{"loc":{"start":{"line":47,"column":6},"end":{"line":55,"column":7}},"type":"if","locations":[{"start":{"line":47,"column":6},"end":{"line":55,"column":7}},{"start":{"line":52,"column":13},"end":{"line":55,"column":7}}]},"4":{"loc":{"start":{"line":48,"column":8},"end":{"line":50,"column":9}},"type":"if","locations":[{"start":{"line":48,"column":8},"end":{"line":50,"column":9}}]},"5":{"loc":{"start":{"line":48,"column":12},"end":{"line":48,"column":70}},"type":"binary-expr","locations":[{"start":{"line":48,"column":12},"end":{"line":48,"column":41}},{"start":{"line":48,"column":45},"end":{"line":48,"column":70}}]},"6":{"loc":{"start":{"line":54,"column":22},"end":{"line":54,"column":92}},"type":"cond-expr","locations":[{"start":{"line":54,"column":44},"end":{"line":54,"column":78}},{"start":{"line":54,"column":81},"end":{"line":54,"column":92}}]},"7":{"loc":{"start":{"line":60,"column":6},"end":{"line":60,"column":93}},"type":"if","locations":[{"start":{"line":60,"column":6},"end":{"line":60,"column":93}}]},"8":{"loc":{"start":{"line":60,"column":10},"end":{"line":60,"column":79}},"type":"binary-expr","locations":[{"start":{"line":60,"column":10},"end":{"line":60,"column":43}},{"start":{"line":60,"column":47},"end":{"line":60,"column":79}}]},"9":{"loc":{"start":{"line":61,"column":59},"end":{"line":61,"column":113}},"type":"cond-expr","locations":[{"start":{"line":61,"column":84},"end":{"line":61,"column":97}},{"start":{"line":61,"column":100},"end":{"line":61,"column":113}}]},"10":{"loc":{"start":{"line":77,"column":4},"end":{"line":77,"column":176}},"type":"if","locations":[{"start":{"line":77,"column":4},"end":{"line":77,"column":176}}]},"11":{"loc":{"start":{"line":78,"column":4},"end":{"line":78,"column":222}},"type":"if","locations":[{"start":{"line":78,"column":4},"end":{"line":78,"column":222}}]},"12":{"loc":{"start":{"line":78,"column":8},"end":{"line":78,"column":46}},"type":"binary-expr","locations":[{"start":{"line":78,"column":8},"end":{"line":78,"column":16}},{"start":{"line":78,"column":20},"end":{"line":78,"column":46}}]},"13":{"loc":{"start":{"line":86,"column":4},"end":{"line":86,"column":176}},"type":"if","locations":[{"start":{"line":86,"column":4},"end":{"line":86,"column":176}}]},"14":{"loc":{"start":{"line":87,"column":4},"end":{"line":87,"column":222}},"type":"if","locations":[{"start":{"line":87,"column":4},"end":{"line":87,"column":222}}]},"15":{"loc":{"start":{"line":87,"column":8},"end":{"line":87,"column":46}},"type":"binary-expr","locations":[{"start":{"line":87,"column":8},"end":{"line":87,"column":16}},{"start":{"line":87,"column":20},"end":{"line":87,"column":46}}]},"16":{"loc":{"start":{"line":95,"column":4},"end":{"line":95,"column":176}},"type":"if","locations":[{"start":{"line":95,"column":4},"end":{"line":95,"column":176}}]},"17":{"loc":{"start":{"line":110,"column":6},"end":{"line":110,"column":169}},"type":"if","locations":[{"start":{"line":110,"column":6},"end":{"line":110,"column":169}}]},"18":{"loc":{"start":{"line":113,"column":6},"end":{"line":113,"column":93}},"type":"if","locations":[{"start":{"line":113,"column":6},"end":{"line":113,"column":93}}]},"19":{"loc":{"start":{"line":113,"column":10},"end":{"line":113,"column":79}},"type":"binary-expr","locations":[{"start":{"line":113,"column":10},"end":{"line":113,"column":42}},{"start":{"line":113,"column":46},"end":{"line":113,"column":79}}]},"20":{"loc":{"start":{"line":123,"column":4},"end":{"line":123,"column":153}},"type":"if","locations":[{"start":{"line":123,"column":4},"end":{"line":123,"column":153}}]},"21":{"loc":{"start":{"line":124,"column":4},"end":{"line":124,"column":186}},"type":"if","locations":[{"start":{"line":124,"column":4},"end":{"line":124,"column":186}}]},"22":{"loc":{"start":{"line":124,"column":8},"end":{"line":124,"column":36}},"type":"binary-expr","locations":[{"start":{"line":124,"column":8},"end":{"line":124,"column":11}},{"start":{"line":124,"column":15},"end":{"line":124,"column":36}}]},"23":{"loc":{"start":{"line":127,"column":6},"end":{"line":129,"column":7}},"type":"if","locations":[{"start":{"line":127,"column":6},"end":{"line":129,"column":7}}]},"24":{"loc":{"start":{"line":136,"column":6},"end":{"line":136,"column":159}},"type":"if","locations":[{"start":{"line":136,"column":6},"end":{"line":136,"column":159}}]},"25":{"loc":{"start":{"line":148,"column":4},"end":{"line":148,"column":153}},"type":"if","locations":[{"start":{"line":148,"column":4},"end":{"line":148,"column":153}}]},"26":{"loc":{"start":{"line":153,"column":6},"end":{"line":153,"column":138}},"type":"if","locations":[{"start":{"line":153,"column":6},"end":{"line":153,"column":138}}]},"27":{"loc":{"start":{"line":165,"column":4},"end":{"line":165,"column":162}},"type":"if","locations":[{"start":{"line":165,"column":4},"end":{"line":165,"column":162}}]},"28":{"loc":{"start":{"line":184,"column":4},"end":{"line":184,"column":120}},"type":"if","locations":[{"start":{"line":184,"column":4},"end":{"line":184,"column":120}}]},"29":{"loc":{"start":{"line":185,"column":4},"end":{"line":185,"column":200}},"type":"if","locations":[{"start":{"line":185,"column":4},"end":{"line":185,"column":200}}]},"30":{"loc":{"start":{"line":185,"column":8},"end":{"line":185,"column":58}},"type":"binary-expr","locations":[{"start":{"line":185,"column":8},"end":{"line":185,"column":22}},{"start":{"line":185,"column":26},"end":{"line":185,"column":58}}]},"31":{"loc":{"start":{"line":206,"column":6},"end":{"line":206,"column":114}},"type":"if","locations":[{"start":{"line":206,"column":6},"end":{"line":206,"column":114}}]},"32":{"loc":{"start":{"line":209,"column":6},"end":{"line":209,"column":93}},"type":"if","locations":[{"start":{"line":209,"column":6},"end":{"line":209,"column":93}}]},"33":{"loc":{"start":{"line":209,"column":10},"end":{"line":209,"column":79}},"type":"binary-expr","locations":[{"start":{"line":209,"column":10},"end":{"line":209,"column":42}},{"start":{"line":209,"column":46},"end":{"line":209,"column":79}}]},"34":{"loc":{"start":{"line":224,"column":4},"end":{"line":226,"column":5}},"type":"if","locations":[{"start":{"line":224,"column":4},"end":{"line":226,"column":5}}]},"35":{"loc":{"start":{"line":228,"column":4},"end":{"line":246,"column":5}},"type":"if","locations":[{"start":{"line":228,"column":4},"end":{"line":246,"column":5}}]},"36":{"loc":{"start":{"line":229,"column":6},"end":{"line":237,"column":7}},"type":"if","locations":[{"start":{"line":229,"column":6},"end":{"line":237,"column":7}}]},"37":{"loc":{"start":{"line":238,"column":6},"end":{"line":245,"column":7}},"type":"if","locations":[{"start":{"line":238,"column":6},"end":{"line":245,"column":7}}]},"38":{"loc":{"start":{"line":248,"column":4},"end":{"line":255,"column":5}},"type":"if","locations":[{"start":{"line":248,"column":4},"end":{"line":255,"column":5}}]},"39":{"loc":{"start":{"line":248,"column":8},"end":{"line":248,"column":60}},"type":"binary-expr","locations":[{"start":{"line":248,"column":8},"end":{"line":248,"column":32}},{"start":{"line":248,"column":36},"end":{"line":248,"column":60}}]},"40":{"loc":{"start":{"line":275,"column":4},"end":{"line":275,"column":125}},"type":"if","locations":[{"start":{"line":275,"column":4},"end":{"line":275,"column":125}}]},"41":{"loc":{"start":{"line":278,"column":4},"end":{"line":278,"column":147}},"type":"if","locations":[{"start":{"line":278,"column":4},"end":{"line":278,"column":147}}]},"42":{"loc":{"start":{"line":293,"column":4},"end":{"line":293,"column":125}},"type":"if","locations":[{"start":{"line":293,"column":4},"end":{"line":293,"column":125}}]},"43":{"loc":{"start":{"line":295,"column":11},"end":{"line":295,"column":42}},"type":"cond-expr","locations":[{"start":{"line":295,"column":19},"end":{"line":295,"column":37}},{"start":{"line":295,"column":40},"end":{"line":295,"column":42}}]},"44":{"loc":{"start":{"line":302,"column":4},"end":{"line":302,"column":125}},"type":"if","locations":[{"start":{"line":302,"column":4},"end":{"line":302,"column":125}}]},"45":{"loc":{"start":{"line":310,"column":4},"end":{"line":310,"column":116}},"type":"if","locations":[{"start":{"line":310,"column":4},"end":{"line":310,"column":116}}]},"46":{"loc":{"start":{"line":318,"column":4},"end":{"line":323,"column":5}},"type":"if","locations":[{"start":{"line":318,"column":4},"end":{"line":323,"column":5}}]},"47":{"loc":{"start":{"line":318,"column":8},"end":{"line":318,"column":42}},"type":"binary-expr","locations":[{"start":{"line":318,"column":8},"end":{"line":318,"column":13}},{"start":{"line":318,"column":17},"end":{"line":318,"column":42}}]},"48":{"loc":{"start":{"line":320,"column":6},"end":{"line":320,"column":56}},"type":"if","locations":[{"start":{"line":320,"column":6},"end":{"line":320,"column":56}}]},"49":{"loc":{"start":{"line":321,"column":6},"end":{"line":321,"column":176}},"type":"if","locations":[{"start":{"line":321,"column":6},"end":{"line":321,"column":176}}]},"50":{"loc":{"start":{"line":321,"column":10},"end":{"line":321,"column":113}},"type":"binary-expr","locations":[{"start":{"line":321,"column":10},"end":{"line":321,"column":16}},{"start":{"line":321,"column":20},"end":{"line":321
[...]
232,"column":95}}]},"32":{"loc":{"start":{"line":237,"column":6},"end":{"line":242,"column":7}},"type":"if","locations":[{"start":{"line":237,"column":6},"end":{"line":242,"column":7}}]},"33":{"loc":{"start":{"line":249,"column":10},"end":{"line":251,"column":11}},"type":"if","locations":[{"start":{"line":249,"column":10},"end":{"line":251,"column":11}}]},"34":{"loc":{"start":{"line":276,"column":4},"end":{"line":278,"column":5}},"type":"if","locations":[{"start":{"line":276,"column":4},"end":{"line":278,"column":5}}]},"35":{"loc":{"start":{"line":347,"column":4},"end":{"line":349,"column":5}},"type":"if","locations":[{"start":{"line":347,"column":4},"end":{"line":349,"column":5}}]},"36":{"loc":{"start":{"line":363,"column":4},"end":{"line":371,"column":5}},"type":"if","locations":[{"start":{"line":363,"column":4},"end":{"line":371,"column":5}}]},"37":{"loc":{"start":{"line":363,"column":8},"end":{"line":363,"column":51}},"type":"binary-expr","locations":[{"start":{"line":363,"column":8},"end":{"line":363,"column":26}},{"start":{"line":363,"column":30},"end":{"line":363,"column":51}}]},"38":{"loc":{"start":{"line":374,"column":4},"end":{"line":385,"column":5}},"type":"if","locations":[{"start":{"line":374,"column":4},"end":{"line":385,"column":5}}]},"39":{"loc":{"start":{"line":374,"column":8},"end":{"line":374,"column":51}},"type":"binary-expr","locations":[{"start":{"line":374,"column":8},"end":{"line":374,"column":26}},{"start":{"line":374,"column":30},"end":{"line":374,"column":51}}]},"40":{"loc":{"start":{"line":379,"column":8},"end":{"line":381,"column":9}},"type":"if","locations":[{"start":{"line":379,"column":8},"end":{"line":381,"column":9}}]},"41":{"loc":{"start":{"line":395,"column":6},"end":{"line":402,"column":7}},"type":"if","locations":[{"start":{"line":395,"column":6},"end":{"line":402,"column":7}},{"start":{"line":397,"column":13},"end":{"line":402,"column":7}}]},"42":{"loc":{"start":{"line":395,"column":10},"end":{"line":395,"column":82}},"type":"binary-expr","locations":[{"start":{"line":395,"column":10},"end":{"line":395,"column":21}},{"start":{"line":395,"column":25},"end":{"line":395,"column":49}},{"start":{"line":395,"column":53},"end":{"line":395,"column":82}}]},"43":{"loc":{"start":{"line":400,"column":36},"end":{"line":400,"column":61}},"type":"binary-expr","locations":[{"start":{"line":400,"column":36},"end":{"line":400,"column":56}},{"start":{"line":400,"column":60},"end":{"line":400,"column":61}}]},"44":{"loc":{"start":{"line":400,"column":87},"end":{"line":400,"column":131}},"type":"binary-expr","locations":[{"start":{"line":400,"column":87},"end":{"line":400,"column":122}},{"start":{"line":400,"column":126},"end":{"line":400,"column":131}}]},"45":{"loc":{"start":{"line":410,"column":24},"end":{"line":410,"column":62}},"type":"cond-expr","locations":[{"start":{"line":410,"column":36},"end":{"line":410,"column":58}},{"start":{"line":410,"column":61},"end":{"line":410,"column":62}}]},"46":{"loc":{"start":{"line":411,"column":4},"end":{"line":413,"column":5}},"type":"if","locations":[{"start":{"line":411,"column":4},"end":{"line":413,"column":5}}]},"47":{"loc":{"start":{"line":411,"column":8},"end":{"line":411,"column":50}},"type":"binary-expr","locations":[{"start":{"line":411,"column":8},"end":{"line":411,"column":29}},{"start":{"line":411,"column":33},"end":{"line":411,"column":50}}]},"48":{"loc":{"start":{"line":416,"column":23},"end":{"line":418,"column":9}},"type":"cond-expr","locations":[{"start":{"line":417,"column":8},"end":{"line":417,"column":81}},{"start":{"line":418,"column":8},"end":{"line":418,"column":9}}]},"49":{"loc":{"start":{"line":428,"column":20},"end":{"line":428,"column":98}},"type":"binary-expr","locations":[{"start":{"line":428,"column":20},"end":{"line":428,"column":38}},{"start":{"line":428,"column":42},"end":{"line":428,"column":54}},{"start":{"line":428,"column":58},"end":{"line":428,"column":75}},{"start":{"line":428,"column":79},"end":{"line":428,"column":98}}]},"50":{"loc":{"start":{"line":445,"column":20},"end":{"line":445,"column":58}},"type":"binary-expr","locations":[{"start":{"line":445,"column":20},"end":{"line":445,"column":50}},{"start":{"line":445,"column":54},"end":{"line":445,"column":58}}]},"51":{"loc":{"start":{"line":464,"column":4},"end":{"line":466,"column":5}},"type":"if","locations":[{"start":{"line":464,"column":4},"end":{"line":466,"column":5}}]},"52":{"loc":{"start":{"line":464,"column":8},"end":{"line":464,"column":43}},"type":"binary-expr","locations":[{"start":{"line":464,"column":8},"end":{"line":464,"column":27}},{"start":{"line":464,"column":31},"end":{"line":464,"column":43}}]},"53":{"loc":{"start":{"line":469,"column":4},"end":{"line":471,"column":5}},"type":"if","locations":[{"start":{"line":469,"column":4},"end":{"line":471,"column":5}}]},"54":{"loc":{"start":{"line":478,"column":4},"end":{"line":487,"column":5}},"type":"if","locations":[{"start":{"line":478,"column":4},"end":{"line":487,"column":5}}]}},"s":{"0":3,"1":3,"2":3,"3":3,"4":3,"5":3,"6":3,"7":3,"8":46,"9":46,"10":46,"11":46,"12":46,"13":46,"14":46,"15":46,"16":46,"17":46,"18":46,"19":46,"20":46,"21":46,"22":46,"23":46,"24":1,"25":1,"26":1,"27":1,"28":1,"29":1,"30":46,"31":1,"32":1,"33":46,"34":1,"35":1,"36":0,"37":1,"38":0,"39":1,"40":12,"41":11,"42":11,"43":12,"44":1,"45":11,"46":11,"47":1,"48":1,"49":10,"50":2,"51":2,"52":8,"53":1,"54":1,"55":7,"56":6,"57":1,"58":1,"59":0,"60":7,"61":7,"62":7,"63":7,"64":0,"65":7,"66":7,"67":7,"68":2,"69":5,"70":5,"71":5,"72":1,"73":4,"74":4,"75":4,"76":4,"77":0,"78":0,"79":0,"80":0,"81":4,"82":6,"83":1,"84":5,"85":5,"86":5,"87":5,"88":5,"89":5,"90":25,"91":1,"92":24,"93":24,"94":24,"95":24,"96":24,"97":24,"98":24,"99":0,"100":24,"101":4,"102":4,"103":24,"104":0,"105":0,"106":0,"107":0,"108":0,"109":0,"110":24,"111":24,"112":0,"113":0,"114":0,"115":0,"116":3,"117":1,"118":2,"119":2,"120":2,"121":1,"122":1,"123":1,"124":1,"125":1,"126":2,"127":2,"128":11,"129":11,"130":8,"131":7,"132":7,"133":1,"134":10,"135":10,"136":10,"137":10,"138":10,"139":9,"140":9,"141":6,"142":3,"143":3,"144":10,"145":9,"146":9,"147":9,"148":9,"149":9,"150":2,"151":0,"152":10,"153":10,"154":7,"155":5,"156":6,"157":5,"158":1,"159":1,"160":4,"161":4,"162":10,"163":10,"164":10,"165":1,"166":10,"167":3,"168":10,"169":10,"170":11,"171":10,"172":10,"173":3,"174":1,"175":2,"176":2,"177":0,"178":2,"179":2,"180":2,"181":2,"182":2,"183":0,"184":0,"185":0,"186":2,"187":3},"f":{"0":46,"1":1,"2":1,"3":1,"4":0,"5":1,"6":12,"7":7,"8":5,"9":0,"10":6,"11":25,"12":0,"13":0,"14":0,"15":3,"16":2,"17":1,"18":1,"19":1,"20":2,"21":2,"22":11,"23":8,"24":7,"25":10,"26":7,"27":5,"28":3,"29":3},"b":{"0":[46,45],"1":[0],"2":[11],"3":[12,11],"4":[10,1],"5":[1],"6":[11,10],"7":[1],"8":[2],"9":[2],"10":[2,1],"11":[1],"12":[8,7],"13":[6,1],"14":[1,0],"15":[7,7],"16":[0],"17":[7,7],"18":[7,7],"19":[2],"20":[7,6],"21":[5,5],"22":[5,5],"23":[5,5],"24":[1],"25":[5,4],"26":[4,4],"27":[0],"28":[1],"29":[1],"30":[0],"31":[24,4],"32":[4],"33":[0],"34":[1],"35":[1],"36":[9],"37":[10,9],"38":[9],"39":[10,9],"40":[2],"41":[5,1],"42":[6,6,5],"43":[1,0],"44":[1,0],"45":[2,8],"46":[1],"47":[10,1],"48":[1,9],"49":[10,9,6,4],"50":[10,10],"51":[1],"52":[3,2],"53":[0],"54":[0]}}
,"/home/axcpeter/.tikitaka/sdk/src/types.ts": {"path":"/home/axcpeter/.tikitaka/sdk/src/types.ts","statementMap":{"0":{"start":{"line":9,"column":13},"end":{"line":14,"column":2}}},"fnMap":{},"branchMap":{},"s":{"0":6},"f":{},"b":{}}
,"/home/axcpeter/.tikitaka/sdk/src/v4_hook.ts": {"path":"/home/axcpeter/.tikitaka/sdk/src/v4_hook.ts","statementMap":{"0":{"start":{"line":1,"column":0},"end":{"line":1,"column":32}},"1":{"start":{"line":6,"column":0},"end":{"line":6,"column":34}},"2":{"start":{"line":26,"column":48},"end":{"line":26,"column":52}},"3":{"start":{"line":30,"column":18},"end":{"line":35,"column":4}},"4":{"start":{"line":45,"column":4},"end":{"line":45,"column":37}},"5":{"start":{"line":46,"column":4},"end":{"line":46,"column":35}},"6":{"start":{"line":47,"column":4},"end":{"line":47,"column":43}},"7":{"start":{"line":48,"column":4},"end":{"line":48,"column":39}},"8":{"start":{"line":49,"column":4},"end":{"line":49,"column":33}},"9":{"start":{"line":50,"column":4},"end":{"line":50,"column":37}},"10":{"start":{"line":58,"column":4},"end":{"line":58,"column":82}},"11":{"start":{"line":60,"column":21},"end":{"line":60,"column":52}},"12":{"start":{"line":63,"column":4},"end":{"line":66,"column":5}},"13":{"start":{"line":64,"column":21},"end":{"line":64,"column":84}},"14":{"start":{"line":65,"column":6},"end":{"line":65,"column":85}},"15":{"start":{"line":69,"column":4},"end":{"line":84,"column":5}},"16":{"start":{"line":71,"column":30},"end":{"line":71,"column":80}},"17":{"start":{"line":73,"column":6},"end":{"line":78,"column":7}},"18":{"start":{"line":74,"column":8},"end":{"line":77,"column":10}},"19":{"start":{"line":80,"column":6},"end":{"line":80,"column":94}},"20":{"start":{"line":82,"column":6},"end":{"line":82,"column":117}},"21":{"start":{"line":82,"column":105},"end":{"line":82,"column":117}},"22":{"start":{"line":83,"column":6},"end":{"line":83,"column":130}},"23":{"start":{"line":88,"column":4},"end":{"line":88,"column":53}},"24":{"start":{"line":89,"column":4},"end":{"line":89,"column":96}},"25":{"start":{"line":103,"column":4},"end":{"line":103,"column":81}},"26":{"start":{"line":106,"column":4},"end":{"line":123,"column":5}},"27":{"start":{"line":107,"column":22},"end":{"line":107,"column":97}},"28":{"start":{"line":109,"column":6},"end":{"line":109,"column":67}},"29":{"start":{"line":110,"column":6},"end":{"line":110,"column":111}},"30":{"start":{"line":113,"column":6},"end":{"line":119,"column":7}},"31":{"start":{"line":114,"column":8},"end":{"line":118,"column":9}},"32":{"start":{"line":115,"column":10},"end":{"line":115,"column":105}},"33":{"start":{"line":117,"column":10},"end":{"line":117,"column":153}},"34":{"start":{"line":121,"column":6},"end":{"line":121,"column":34}},"35":{"start":{"line":122,"column":6},"end":{"line":122,"column":126}},"36":{"start":{"line":125,"column":4},"end":{"line":125,"column":31}},"37":{"start":{"line":126,"column":4},"end":{"line":126,"column":65}},"38":{"start":{"line":129,"column":33},"end":{"line":129,"column":45}},"39":{"start":{"line":130,"column":4},"end":{"line":130,"column":87}},"40":{"start":{"line":138,"column":4},"end":{"line":138,"column":28}},"41":{"start":{"line":145,"column":4},"end":{"line":150,"column":6}},"42":{"start":{"line":20,"column":0},"end":{"line":20,"column":13}}},"fnMap":{"0":{"name":"(anonymous_0)","decl":{"start":{"line":37,"column":2},"end":{"line":37,"column":null}},"loc":{"start":{"line":43,"column":39},"end":{"line":51,"column":3}}},"1":{"name":"(anonymous_1)","decl":{"start":{"line":57,"column":2},"end":{"line":57,"column":7}},"loc":{"start":{"line":57,"column":43},"end":{"line":90,"column":3}}},"2":{"name":"(anonymous_2)","decl":{"start":{"line":96,"column":2},"end":{"line":96,"column":7}},"loc":{"start":{"line":101,"column":21},"end":{"line":131,"column":3}}},"3":{"name":"(anonymous_3)","decl":{"start":{"line":137,"column":2},"end":{"line":137,"column":16}},"loc":{"start":{"line":137,"column":16},"end":{"line":139,"column":3}}},"4":{"name":"(anonymous_4)","decl":{"start":{"line":144,"column":2},"end":{"line":144,"column":10}},"loc":{"start":{"line":144,"column":10},"end":{"line":151,"column":3}}}},"branchMap":{"0":{"loc":{"start":{"line":41,"column":4},"end":{"line":41,"column":52}},"type":"default-arg","locations":[{"start":{"line":41,"column":28},"end":{"line":41,"column":52}}]},"1":{"loc":{"start":{"line":42,"column":4},"end":{"line":42,"column":49}},"type":"default-arg","locations":[{"start":{"line":42,"column":25},"end":{"line":42,"column":49}}]},"2":{"loc":{"start":{"line":63,"column":4},"end":{"line":66,"column":5}},"type":"if","locations":[{"start":{"line":63,"column":4},"end":{"line":66,"column":5}}]},"3":{"loc":{"start":{"line":73,"column":6},"end":{"line":78,"column":7}},"type":"if","locations":[{"start":{"line":73,"column":6},"end":{"line":78,"column":7}}]},"4":{"loc":{"start":{"line":82,"column":6},"end":{"line":82,"column":117}},"type":"if","locations":[{"start":{"line":82,"column":6},"end":{"line":82,"column":117}}]},"5":{"loc":{"start":{"line":82,"column":11},"end":{"line":82,"column":65}},"type":"cond-expr","locations":[{"start":{"line":82,"column":36},"end":{"line":82,"column":49}},{"start":{"line":82,"column":52},"end":{"line":82,"column":65}}]},"6":{"loc":{"start":{"line":83,"column":71},"end":{"line":83,"column":125}},"type":"cond-expr","locations":[{"start":{"line":83,"column":96},"end":{"line":83,"column":109}},{"start":{"line":83,"column":112},"end":{"line":83,"column":125}}]},"7":{"loc":{"start":{"line":113,"column":6},"end":{"line":119,"column":7}},"type":"if","locations":[{"start":{"line":113,"column":6},"end":{"line":119,"column":7}}]},"8":{"loc":{"start":{"line":113,"column":10},"end":{"line":113,"column":104}},"type":"binary-expr","locations":[{"start":{"line":113,"column":10},"end":{"line":113,"column":27}},{"start":{"line":113,"column":31},"end":{"line":113,"column":42}},{"start":{"line":113,"column":46},"end":{"line":113,"column":55}},{"start":{"line":113,"column":59},"end":{"line":113,"column":78}},{"start":{"line":113,"column":82},"end":{"line":113,"column":104}}]},"9":{"loc":{"start":{"line":117,"column":94},"end":{"line":117,"column":149}},"type":"cond-expr","locations":[{"start":{"line":117,"column":122},"end":{"line":117,"column":138}},{"start":{"line":117,"column":141},"end":{"line":117,"column":149}}]},"10":{"loc":{"start":{"line":122,"column":67},"end":{"line":122,"column":121}},"type":"cond-expr","locations":[{"start":{"line":122,"column":92},"end":{"line":122,"column":105}},{"start":{"line":122,"column":108},"end":{"line":122,"column":121}}]}},"s":{"0":3,"1":3,"2":6,"3":6,"4":6,"5":6,"6":6,"7":6,"8":6,"9":6,"10":4,"11":4,"12":4,"13":4,"14":4,"15":4,"16":4,"17":3,"18":1,"19":2,"20":2,"21":1,"22":1,"23":2,"24":2,"25":2,"26":2,"27":2,"28":2,"29":2,"30":2,"31":0,"32":0,"33":0,"34":0,"35":0,"36":2,"37":2,"38":2,"39":2,"40":1,"41":4,"42":3},"f":{"0":6,"1":4,"2":2,"3":1,"4":4},"b":{"0":[6],"1":[6],"2":[4],"3":[1],"4":[1],"5":[2,0],"6":[1,0],"7":[0],"8":[2,0,0,0,0],"9":[0,0],"10":[0,0]}}
,"/home/axcpeter/.tikitaka/sdk/src/x402_enforcer.ts": {"path":"/home/axcpeter/.tikitaka/sdk/src/x402_enforcer.ts","statementMap":{"0":{"start":{"line":7,"column":0},"end":{"line":7,"column":34}},"1":{"start":{"line":18,"column":41},"end":{"line":23,"column":2}},"2":{"start":{"line":28,"column":20},"end":{"line":28,"column":48}},"3":{"start":{"line":29,"column":20},"end":{"line":29,"column":61}},"4":{"start":{"line":30,"column":4},"end":{"line":30,"column":29}},"5":{"start":{"line":61,"column":17},"end":{"line":61,"column":52}},"6":{"start":{"line":64,"column":4},"end":{"line":74,"column":5}},"7":{"start":{"line":65,"column":6},"end":{"line":67,"column":7}},"8":{"start":{"line":66,"column":8},"end":{"line":66,"column":95}},"9":{"start":{"line":68,"column":29},"end":{"line":68,"column":78}},"10":{"start":{"line":69,"column":6},"end":{"line":73,"column":7}},"11":{"start":{"line":70,"column":8},"end":{"line":72,"column":10}},"12":{"start":{"line":76,"column":4},"end":{"line":78,"column":5}},"13":{"start":{"line":77,"column":6},"end":{"line":77,"column":115}},"14":{"start":{"line":80,"column":23},"end":{"line":80,"column":37}},"15":{"start":{"line":81,"column":4},"end":{"line":81,"column":106}},"16":{"start":{"line":83,"column":4},"end":{"line":87,"column":6}},"17":{"start":{"line":105,"column":4},"end":{"line":105,"column":81}},"18":{"start":{"line":106,"column":17},"end":{"line":106,"column":52}},"19":{"start":{"line":108,"column":4},"end":{"line":124,"column":5}},"20":{"start":{"line":109,"column":22},"end":{"line":109,"column":66}},"21":{"start":{"line":112,"column":6},"end":{"line":118,"column":7}},"22":{"start":{"line":113,"column":8},"end":{"line":117,"column":9}},"23":{"start":{"line":114,"column":10},"end":{"line":114,"column":96}},"24":{"start":{"line":116,"column":10},"end":{"line":116,"column":144}},"25":{"start":{"line":120,"column":6},"end":{"line":120,"column":26}},"26":{"start":{"line":122,"column":6},"end":{"line":122,"column":108}},"27":{"start":{"line":123,"column":6},"end":{"line":123,"column":18}},"28":{"start":{"line":131,"column":17},"end":{"line":131,"column":52}},"29":{"start":{"line":132,"column":4},"end":{"line":132,"column":30}},"30":{"start":{"line":25,"column":0},"end":{"line":25,"column":13}}},"fnMap":{"0":{"name":"(anonymous_0)","decl":{"start":{"line":27,"column":10},"end":{"line":27,"column":16}},"loc":{"start":{"line":27,"column":72},"end":{"line":31,"column":3}}},"1":{"name":"(anonymous_1)","decl":{"start":{"line":51,"column":2},"end":{"line":51,"column":8}},"loc":{"start":{"line":59,"column":20},"end":{"line":88,"column":3}}},"2":{"name":"(anonymous_2)","decl":{"start":{"line":93,"column":2},"end":{"line":93,"column":8}},"loc":{"start":{"line":103,"column":21},"end":{"line":125,"column":3}}},"3":{"name":"(anonymous_3)","decl":{"start":{"line":130,"column":2},"end":{"line":130,"column":8}},"loc":{"start":{"line":130,"column":107},"end":{"line":133,"column":3}}}},"branchMap":{"0":{"loc":{"start":{"line":28,"column":20},"end":{"line":28,"column":48}},"type":"binary-expr","locations":[{"start":{"line":28,"column":20},"end":{"line":28,"column":34}},{"start":{"line":28,"column":38},"end":{"line":28,"column":48}}]},"1":{"loc":{"start":{"line":57,"column":4},"end":{"line":57,"column":34}},"type":"default-arg","locations":[{"start":{"line":57,"column":29},"end":{"line":57,"column":34}}]},"2":{"loc":{"start":{"line":64,"column":4},"end":{"line":74,"column":5}},"type":"if","locations":[{"start":{"line":64,"column":4},"end":{"line":74,"column":5}}]},"3":{"loc":{"start":{"line":65,"column":6},"end":{"line":67,"column":7}},"type":"if","locations":[{"start":{"line":65,"column":6},"end":{"line":67,"column":7}}]},"4":{"loc":{"start":{"line":65,"column":10},"end":{"line":65,"column":45}},"type":"binary-expr","locations":[{"start":{"line":65,"column":10},"end":{"line":65,"column":20}},{"start":{"line":65,"column":24},"end":{"line":65,"column":45}}]},"5":{"loc":{"start":{"line":69,"column":6},"end":{"line":73,"column":7}},"type":"if","locations":[{"start":{"line":69,"column":6},"end":{"line":73,"column":7}}]},"6":{"loc":{"start":{"line":76,"column":4},"end":{"line":78,"column":5}},"type":"if","locations":[{"start":{"line":76,"column":4},"end":{"line":78,"column":5}}]},"7":{"loc":{"start":{"line":112,"column":6},"end":{"line":118,"column":7}},"type":"if","locations":[{"start":{"line":112,"column":6},"end":{"line":118,"column":7}}]},"8":{"loc":{"start":{"line":112,"column":10},"end":{"line":112,"column":99}},"type":"binary-expr","locations":[{"start":{"line":112,"column":10},"end":{"line":112,"column":22}},{"start":{"line":112,"column":26},"end":{"line":112,"column":37}},{"start":{"line":112,"column":41},"end":{"line":112,"column":50}},{"start":{"line":112,"column":54},"end":{"line":112,"column":73}},{"start":{"line":112,"column":77},"end":{"line":112,"column":99}}]},"9":{"loc":{"start":{"line":116,"column":85},"end":{"line":116,"column":140}},"type":"cond-expr","locations":[{"start":{"line":116,"column":113},"end":{"line":116,"column":129}},{"start":{"line":116,"column":132},"end":{"line":116,"column":140}}]},"10":{"loc":{"start":{"line":122,"column":58},"end":{"line":122,"column":104}},"type":"cond-expr","locations":[{"start":{"line":122,"column":83},"end":{"line":122,"column":96}},{"start":{"line":122,"column":99},"end":{"line":122,"column":104}}]}},"s":{"0":3,"1":3,"2":11,"3":11,"4":11,"5":9,"6":9,"7":0,"8":0,"9":0,"10":0,"11":0,"12":9,"13":3,"14":6,"15":6,"16":6,"17":0,"18":0,"19":0,"20":0,"21":0,"22":0,"23":0,"24":0,"25":0,"26":0,"27":0,"28":2,"29":2,"30":3},"f":{"0":11,"1":9,"2":0,"3":2},"b":{"0":[11,0],"1":[9],"2":[0],"3":[0],"4":[0,0],"5":[0],"6":[3],"7":[0],"8":[0,0,0,0,0],"9":[0,0],"10":[0,0]}}
}
