TN:
SF:src/adaptive_switch.ts
FN:7,(anonymous_0)
FN:46,(anonymous_1)
FN:53,(anonymous_2)
FN:85,(anonymous_3)
FN:114,(anonymous_4)
FN:121,(anonymous_5)
FN:128,(anonymous_6)
FN:139,(anonymous_7)
FN:152,(anonymous_8)
FN:162,(anonymous_9)
FNF:10
FNH:10
FNDA:7,(anonymous_0)
FNDA:32,(anonymous_1)
FNDA:337,(anonymous_2)
FNDA:4169,(anonymous_3)
FNDA:6,(anonymous_4)
FNDA:23,(anonymous_5)
FNDA:2,(anonymous_6)
FNDA:3,(anonymous_7)
FNDA:3,(anonymous_8)
FNDA:337,(anonymous_9)
DA:4,7
DA:5,7
DA:7,7
DA:8,7
DA:9,7
DA:27,7
DA:34,7
DA:35,32
DA:36,32
DA:37,32
DA:38,32
DA:39,32
DA:40,32
DA:41,32
DA:42,32
DA:43,32
DA:47,32
DA:55,337
DA:56,337
DA:57,337
DA:58,337
DA:62,337
DA:63,337
DA:64,5
DA:65,5
DA:66,5
DA:67,1
DA:69,1
DA:70,1
DA:75,337
DA:76,337
DA:77,72
DA:80,337
DA:81,24
DA:85,4169
DA:86,337
DA:89,337
DA:93,337
DA:94,35
DA:95,11
DA:97,35
DA:98,35
DA:100,302
DA:101,2
DA:103,302
DA:106,337
DA:115,6
DA:122,23
DA:129,2
DA:130,2
DA:131,2
DA:132,2
DA:140,3
DA:153,3
DA:154,3
DA:155,3
DA:156,3
DA:157,3
DA:158,3
DA:159,3
DA:163,337
DA:164,333
DA:165,934
DA:167,300
LF:64
LH:64
BRDA:7,0,0,7
BRDA:7,0,1,7
BRDA:47,1,0,32
BRDA:47,1,1,28
BRDA:56,2,0,40
BRDA:56,2,1,297
BRDA:56,3,0,40
BRDA:56,3,1,0
BRDA:58,4,0,337
BRDA:58,4,1,300
BRDA:63,5,0,5
BRDA:66,6,0,1
BRDA:76,7,0,72
BRDA:80,8,0,24
BRDA:86,9,0,337
BRDA:86,9,1,0
BRDA:89,10,0,26
BRDA:89,10,1,311
BRDA:93,11,0,35
BRDA:93,11,1,302
BRDA:93,12,0,337
BRDA:93,12,1,85
BRDA:93,12,2,43
BRDA:94,13,0,11
BRDA:100,14,0,2
BRDA:115,15,0,3
BRDA:115,15,1,3
BRDA:154,16,0,3
BRDA:154,16,1,2
BRDA:163,17,0,4
BRDA:165,18,0,33
BRF:31
BRH:29
end_of_record
TN:
SF:src/auto_mint.ts
FN:41,(anonymous_0)
FN:58,(anonymous_1)
FN:62,(anonymous_2)
FN:66,(anonymous_3)
FN:70,(anonymous_4)
FN:74,(anonymous_5)
FN:81,(anonymous_6)
FN:124,(anonymous_7)
FN:136,(anonymous_8)
FN:169,(anonymous_9)
FN:182,(anonymous_10)
FN:191,(anonymous_11)
FN:192,(anonymous_12)
FN:199,(anonymous_13)
FN:359,(anonymous_14)
FNF:15
FNH:14
FNDA:26,(anonymous_0)
FNDA:12,(anonymous_1)
FNDA:4,(anonymous_2)
FNDA:5,(anonymous_3)
FNDA:2,(anonymous_4)
FNDA:1,(anonymous_5)
FNDA:12,(anonymous_6)
FNDA:10,(anonymous_7)
FNDA:1,(anonymous_8)
FNDA:33,(anonymous_9)
FNDA:2,(anonymous_10)
FNDA:3,(anonymous_11)
FNDA:3,(anonymous_12)
FNDA:10,(anonymous_13)
FNDA:0,(anonymous_14)
DA:1,4
DA:2,4
DA:3,4
DA:4,4
DA:5,4
DA:6,4
DA:7,4
DA:8,4
DA:9,4
DA:10,4
DA:13,4
DA:16,4
DA:22,4
DA:27,26
DA:28,26
DA:29,26
DA:30,26
DA:34,26
DA:35,26
DA:36,26
DA:37,26
DA:39,26
DA:42,26
DA:43,26
DA:44,26
DA:48,26
DA:49,26
DA:50,1
DA:53,26
DA:59,12
DA:63,4
DA:67,5
DA:71,2
DA:75,1
DA:82,12
DA:83,12
DA:84,12
DA:86,11
DA:87,11
DA:89,11
DA:91,11
DA:100,11
DA:102,11
DA:103,0
DA:109,0
DA:113,1
DA:114,1
DA:115,1
DA:116,1
DA:117,1
DA:125,10
DA:128,9
DA:129,0
DA:130,0
DA:133,9
DA:134,9
DA:136,9
DA:137,1
DA:138,1
DA:139,1
DA:140,1
DA:141,1
DA:142,1
DA:144,1
DA:145,1
DA:148,0
DA:150,0
DA:151,0
DA:153,0
DA:154,0
DA:155,0
DA:156,0
DA:159,1
DA:163,9
DA:170,33
DA:171,9
DA:172,9
DA:174,33
DA:175,33
DA:183,2
DA:184,2
DA:185,2
DA:192,3
DA:201,10
DA:202,10
DA:203,1
DA:204,1
DA:208,9
DA:209,1
DA:213,8
DA:214,8
DA:215,1
DA:220,7
DA:221,7
DA:236,7
DA:237,7
DA:238,7
DA:244,7
DA:245,7
DA:253,7
DA:256,7
DA:260,7
DA:261,7
DA:266,7
DA:267,7
DA:268,7
DA:269,1
DA:272,7
DA:275,7
DA:276,0
DA:278,7
DA:280,7
DA:284,7
DA:285,7
DA:286,10
DA:287,10
DA:293,6
DA:294,6
DA:296,4
DA:297,4
DA:298,3
DA:299,3
DA:300,3
DA:304,7
DA:305,1
DA:310,6
DA:311,6
DA:312,0
DA:317,0
DA:322,0
DA:323,0
DA:325,0
DA:326,0
DA:328,0
DA:336,0
DA:338,0
DA:343,6
DA:345,6
DA:347,6
DA:348,4
DA:360,0
DA:361,0
DA:365,0
DA:366,0
DA:367,0
DA:370,0
DA:377,0
DA:386,0
DA:393,0
LF:149
LH:119
BRDA:46,0,0,26
BRDA:46,0,1,25
BRDA:49,1,0,1
BRDA:53,2,0,0
BRDA:53,2,1,26
BRDA:83,3,0,12
BRDA:83,3,1,12
BRDA:84,4,0,1
BRDA:102,5,0,0
BRDA:116,6,0,1
BRDA:116,6,1,0
BRDA:125,7,0,1
BRDA:128,8,0,0
BRDA:137,9,0,0
BRDA:144,10,0,1
BRDA:150,11,0,0
BRDA:151,12,0,0
BRDA:151,12,1,0
BRDA:153,13,0,0
BRDA:153,13,1,0
BRDA:154,14,0,0
BRDA:170,15,0,9
BRDA:202,16,0,1
BRDA:208,17,0,1
BRDA:208,18,0,9
BRDA:208,18,1,8
BRDA:214,19,0,1
BRDA:236,20,0,7
BRDA:268,21,0,1
BRDA:275,22,0,0
BRDA:296,23,0,4
BRDA:296,23,1,0
BRDA:297,24,0,3
BRDA:304,25,0,1
BRDA:304,26,0,7
BRDA:304,26,1,6
BRDA:305,27,0,1
BRDA:305,27,1,0
BRDA:311,28,0,0
BRDA:311,29,0,6
BRDA:311,29,1,0
BRDA:336,30,0,0
BRDA:336,30,1,0
BRDA:347,31,0,4
BRDA:360,32,0,0
BRDA:366,33,0,0
BRF:46
BRH:26
end_of_record
TN:
SF:src/dynamic_fee.ts
FN:65,(anonymous_0)
FN:81,(anonymous_1)
FN:83,(anonymous_2)
FN:86,(anonymous_3)
FN:94,(anonymous_4)
FN:115,(anonymous_5)
FN:151,(anonymous_6)
FN:156,(anonymous_7)
FN:173,(anonymous_8)
FN:200,(anonymous_9)
FN:212,(anonymous_10)
FN:248,(anonymous_11)
FN:280,(anonymous_12)
FNF:13
FNH:11
FNDA:27,(anonymous_0)
FNDA:3,(anonymous_1)
FNDA:3,(anonymous_2)
FNDA:1,(anonymous_3)
FNDA:1,(anonymous_4)
FNDA:25,(anonymous_5)
FNDA:1,(anonymous_6)
FNDA:0,(anonymous_7)
FNDA:0,(anonymous_8)
FNDA:29,(anonymous_9)
FNDA:19,(anonymous_10)
FNDA:9,(anonymous_11)
FNDA:2,(anonymous_12)
DA:5,6
DA:6,6
DA:21,6
DA:29,6
DA:56,6
DA:57,27
DA:58,27
DA:59,27
DA:63,6
DA:67,27
DA:68,2
DA:70,25
DA:72,25
DA:73,2
DA:82,3
DA:83,3
DA:84,2
DA:86,1
DA:87,1
DA:95,1
DA:96,1
DA:97,1
DA:98,1
DA:100,1
DA:101,0
DA:102,0
DA:103,0
DA:105,1
DA:106,1
DA:111,1
DA:112,1
DA:116,25
DA:117,25
DA:118,10
DA:121,15
DA:124,15
DA:125,0
DA:126,15
DA:127,0
DA:128,0
DA:130,15
DA:133,15
DA:134,0
DA:135,0
DA:137,0
DA:140,15
DA:141,15
DA:143,0
DA:144,0
DA:152,1
DA:153,1
DA:157,0
DA:158,0
DA:159,0
DA:160,0
DA:161,0
DA:162,0
DA:165,0
DA:166,0
DA:168,0
DA:169,0
DA:174,0
DA:175,0
DA:176,0
DA:177,0
DA:178,0
DA:179,0
DA:182,0
DA:184,0
DA:185,0
DA:188,0
DA:189,0
DA:190,0
DA:193,0
DA:195,0
DA:196,0
DA:201,29
DA:202,2
DA:203,27
DA:204,23
DA:205,4
DA:206,2
DA:208,2
DA:219,19
DA:220,17
DA:222,15
DA:223,15
DA:224,15
DA:226,15
DA:229,15
DA:232,15
DA:234,15
DA:255,9
DA:256,7
DA:258,6
DA:259,6
DA:260,6
DA:262,6
DA:263,6
DA:264,6
DA:266,6
DA:281,2
DA:282,1
DA:283,1
LF:104
LH:68
BRDA:67,0,0,2
BRDA:72,1,0,2
BRDA:82,2,0,2
BRDA:82,2,1,1
BRDA:83,3,0,2
BRDA:83,4,0,3
BRDA:83,4,1,2
BRDA:105,5,0,0
BRDA:105,5,1,1
BRDA:117,6,0,10
BRDA:117,7,0,25
BRDA:117,7,1,10
BRDA:124,8,0,0
BRDA:124,8,1,15
BRDA:124,9,0,15
BRDA:124,9,1,0
BRDA:126,10,0,0
BRDA:126,10,1,15
BRDA:126,11,0,15
BRDA:126,11,1,0
BRDA:133,12,0,0
BRDA:137,13,0,0
BRDA:157,14,0,0
BRDA:157,15,0,0
BRDA:157,15,1,0
BRDA:168,16,0,0
BRDA:168,16,1,0
BRDA:174,17,0,0
BRDA:174,18,0,0
BRDA:174,18,1,0
BRDA:184,19,0,0
BRDA:189,20,0,0
BRDA:195,21,0,0
BRDA:195,21,1,0
BRDA:201,22,0,2
BRDA:201,22,1,27
BRDA:203,23,0,23
BRDA:203,23,1,4
BRDA:205,24,0,2
BRDA:205,24,1,2
BRDA:214,25,0,13
BRDA:215,26,0,19
BRDA:216,27,0,19
BRDA:219,28,0,2
BRDA:220,29,0,2
BRDA:250,30,0,6
BRDA:251,31,0,9
BRDA:252,32,0,9
BRDA:255,33,0,2
BRDA:256,34,0,1
BRDA:280,35,0,2
BRF:51
BRH:32
end_of_record
TN:
SF:src/errors.ts
FN:5,(anonymous_0)
FN:20,(anonymous_1)
FN:29,(anonymous_2)
FN:38,(anonymous_3)
FN:47,(anonymous_4)
FN:56,(anonymous_5)
FN:65,(anonymous_6)
FNF:7
FNH:6
FNDA:68,(anonymous_0)
FNDA:1,(anonymous_1)
FNDA:16,(anonymous_2)
FNDA:11,(anonymous_3)
FNDA:33,(anonymous_4)
FNDA:7,(anonymous_5)
FNDA:0,(anonymous_6)
DA:4,13
DA:6,68
DA:7,68
DA:8,68
DA:10,68
DA:11,68
DA:12,68
DA:19,13
DA:21,1
DA:28,13
DA:30,16
DA:37,13
DA:39,11
DA:46,13
DA:48,33
DA:55,13
DA:57,7
DA:64,13
DA:66,0
LF:19
LH:18
BRF:0
BRH:0
end_of_record
TN:
SF:src/evm_connector.ts
FN:27,(anonymous_0)
FN:32,(anonymous_1)
FN:35,(anonymous_2)
FN:35,(anonymous_3)
FN:42,(anonymous_4)
FN:76,(anonymous_5)
FN:85,(anonymous_6)
FN:94,(anonymous_7)
FN:122,(anonymous_8)
FN:147,(anonymous_9)
FN:164,(anonymous_10)
FN:177,(anonymous_11)
FN:218,(anonymous_12)
FN:230,(anonymous_13)
FN:236,(anonymous_14)
FN:239,(anonymous_15)
FN:244,(anonymous_16)
FN:249,(anonymous_17)
FN:254,(anonymous_18)
FN:263,(anonymous_19)
FN:274,(anonymous_20)
FN:292,(anonymous_21)
FN:301,(anonymous_22)
FN:309,(anonymous_23)
FN:317,(anonymous_24)
FNF:25
FNH:19
FNDA:65,(anonymous_0)
FNDA:4,(anonymous_1)
FNDA:4,(anonymous_2)
FNDA:0,(anonymous_3)
FNDA:39,(anonymous_4)
FNDA:25,(anonymous_5)
FNDA:2,(anonymous_6)
FNDA:1,(anonymous_7)
FNDA:8,(anonymous_8)
FNDA:5,(anonymous_9)
FNDA:7,(anonymous_10)
FNDA:3,(anonymous_11)
FNDA:6,(anonymous_12)
FNDA:0,(anonymous_13)
FNDA:2,(anonymous_14)
FNDA:0,(anonymous_15)
FNDA:0,(anonymous_16)
FNDA:0,(anonymous_17)
FNDA:0,(anonymous_18)
FNDA:4,(anonymous_19)
FNDA:3,(anonymous_20)
FNDA:3,(anonymous_21)
FNDA:3,(anonymous_22)
FNDA:3,(anonymous_23)
FNDA:8,(anonymous_24)
DA:4,6
DA:6,6
DA:7,6
DA:17,6
DA:18,65
DA:19,65
DA:20,65
DA:21,65
DA:22,65
DA:25,6
DA:33,4
DA:35,4
DA:43,39
DA:45,36
DA:46,36
DA:47,36
DA:48,34
DA:49,3
DA:51,31
DA:54,2
DA:57,33
DA:58,32
DA:60,4
DA:61,1
DA:71,6
DA:77,25
DA:78,21
DA:79,19
DA:86,2
DA:87,1
DA:88,0
DA:95,1
DA:97,0
DA:99,0
DA:101,0
DA:103,0
DA:107,0
DA:108,0
DA:110,0
DA:111,0
DA:113,0
DA:114,0
DA:115,0
DA:123,8
DA:124,6
DA:126,4
DA:127,4
DA:128,1
DA:131,4
DA:132,3
DA:135,3
DA:136,3
DA:137,2
DA:139,2
DA:140,2
DA:148,5
DA:150,3
DA:151,3
DA:152,2
DA:153,2
DA:154,1
DA:156,2
DA:157,2
DA:165,7
DA:166,5
DA:167,5
DA:169,4
DA:170,4
DA:184,3
DA:185,1
DA:187,0
DA:190,0
DA:194,0
DA:196,0
DA:198,0
DA:200,0
DA:204,0
DA:205,0
DA:206,0
DA:207,0
DA:209,0
DA:210,0
DA:211,0
DA:224,6
DA:225,1
DA:228,6
DA:229,5
DA:230,4
DA:231,0
DA:233,4
DA:235,4
DA:236,4
DA:238,5
DA:239,1
DA:240,0
DA:242,1
DA:243,1
DA:244,1
DA:248,6
DA:249,0
DA:250,0
DA:252,0
DA:253,0
DA:254,0
DA:257,6
DA:264,4
DA:265,2
DA:267,4
DA:268,4
DA:275,3
DA:277,2
DA:278,2
DA:280,1
DA:293,3
DA:294,2
DA:295,2
DA:302,3
DA:303,1
DA:310,3
DA:311,1
DA:318,8
DA:319,6
DA:320,6
DA:321,3
DA:322,1
DA:324,2
LF:126
LH:94
BRDA:32,0,0,4
BRDA:43,1,0,3
BRDA:43,2,0,39
BRDA:43,2,1,37
BRDA:47,3,0,34
BRDA:47,3,1,2
BRDA:48,4,0,3
BRDA:48,5,0,34
BRDA:48,5,1,33
BRDA:54,6,0,1
BRDA:54,6,1,1
BRDA:60,7,0,3
BRDA:60,8,0,4
BRDA:60,8,1,1
BRDA:61,9,0,1
BRDA:61,9,1,0
BRDA:77,10,0,4
BRDA:78,11,0,2
BRDA:78,12,0,21
BRDA:78,12,1,20
BRDA:86,13,0,1
BRDA:87,14,0,1
BRDA:87,15,0,1
BRDA:87,15,1,1
BRDA:95,16,0,1
BRDA:110,17,0,0
BRDA:113,18,0,0
BRDA:113,19,0,0
BRDA:113,19,1,0
BRDA:123,20,0,2
BRDA:124,21,0,2
BRDA:124,22,0,6
BRDA:124,22,1,5
BRDA:127,23,0,1
BRDA:136,24,0,1
BRDA:148,25,0,2
BRDA:153,26,0,1
BRDA:165,27,0,2
BRDA:184,28,0,2
BRDA:185,29,0,1
BRDA:185,30,0,1
BRDA:185,30,1,1
BRDA:206,31,0,0
BRDA:209,32,0,0
BRDA:209,33,0,0
BRDA:209,33,1,0
BRDA:224,34,0,1
BRDA:228,35,0,5
BRDA:229,36,0,4
BRDA:238,37,0,1
BRDA:248,38,0,0
BRDA:248,39,0,6
BRDA:248,39,1,0
BRDA:275,40,0,1
BRDA:278,41,0,1
BRDA:293,42,0,1
BRDA:295,43,0,1
BRDA:295,43,1,1
BRDA:302,44,0,2
BRDA:310,45,0,2
BRDA:318,46,0,6
BRDA:318,47,0,8
BRDA:318,47,1,7
BRDA:320,48,0,3
BRDA:321,49,0,2
BRDA:321,50,0,3
BRDA:321,50,1,2
BRDA:321,50,2,2
BRDA:322,51,0,1
BRDA:324,52,0,2
BRDA:324,52,1,1
BRF:71
BRH:60
end_of_record
TN:
SF:src/golay.ts
FN:30,weight
FN:43,multiplyP
FN:57,multiplyPT
FN:67,encodeWord
FN:75,decodeWord
FN:116,golayEncode
FN:146,golayDecode
FNF:7
FNH:7
FNDA:41,weight
FNDA:7138,multiplyP
FNDA:1,multiplyPT
FNDA:1832,encodeWord
FNDA:5306,decodeWord
FNDA:163,golayEncode
FNDA:2072,golayDecode
DA:9,13
DA:17,13
DA:22,13
DA:31,41
DA:32,41
DA:33,41
DA:34,220
DA:35,220
DA:37,41
DA:44,7138
DA:45,7138
DA:46,85656
DA:47,33376
DA:50,7138
DA:58,1
DA:59,1
DA:60,12
DA:61,6
DA:64,1
DA:68,1832
DA:69,1832
DA:76,5306
DA:77,5306
DA:80,5306
DA:82,5306
DA:85,4
DA:86,1
DA:90,3
DA:91,21
DA:92,2
DA:97,1
DA:100,1
DA:101,0
DA:106,1
DA:107,12
DA:108,0
DA:109,0
DA:113,1
DA:116,13
DA:118,163
DA:119,163
DA:122,163
DA:123,916
DA:124,916
DA:125,916
DA:128,916
DA:129,916
DA:130,916
DA:131,916
DA:132,916
DA:134,916
DA:136,916
DA:137,916
DA:138,916
DA:139,916
DA:140,916
DA:143,163
DA:146,13
DA:148,2072
DA:149,0
DA:151,2072
DA:152,2072
DA:153,2072
DA:154,2072
DA:155,2072
DA:157,2072
DA:158,2653
DA:159,2653
DA:160,2653
DA:161,2653
DA:163,2653
DA:164,2653
DA:166,2653
DA:167,2653
DA:168,2653
DA:169,2653
DA:170,2653
DA:172,2653
DA:173,2653
DA:175,0
DA:179,2072
LF:81
LH:76
BRDA:46,0,0,33376
BRDA:60,1,0,6
BRDA:82,2,0,5302
BRDA:85,3,0,1
BRDA:91,4,0,2
BRDA:100,5,0,0
BRDA:107,6,0,0
BRDA:124,7,0,916
BRDA:124,7,1,0
BRDA:125,8,0,915
BRDA:125,8,1,1
BRDA:134,9,0,916
BRDA:148,10,0,0
BRDA:161,11,0,1
BRDA:163,12,0,2653
BRDA:166,13,0,2653
BRDA:166,13,1,0
BRDA:170,14,0,0
BRDA:172,15,0,2653
BRDA:173,16,0,2653
BRDA:175,17,0,0
BRF:21
BRH:14
end_of_record
TN:
SF:src/grg_forward.ts
FN:19,(anonymous_0)
FN:41,(anonymous_1)
FN:49,(anonymous_2)
FN:60,(anonymous_3)
FN:74,(anonymous_4)
FN:89,(anonymous_5)
FNF:6
FNH:6
FNDA:32,(anonymous_0)
FNDA:28,(anonymous_1)
FNDA:377,(anonymous_2)
FNDA:157,(anonymous_3)
FNDA:27,(anonymous_4)
FNDA:156,(anonymous_5)
DA:1,12
DA:2,12
DA:3,12
DA:4,12
DA:6,12
DA:20,32
DA:21,31
DA:22,31
DA:24,30
DA:25,30
DA:26,1441
DA:27,1441
DA:28,5821
DA:29,1441
DA:30,5764
DA:33,30
DA:34,30
DA:35,13026
DA:37,30
DA:42,28
DA:50,377
DA:51,2
DA:53,375
DA:56,375
DA:61,157
DA:64,157
DA:65,157
DA:66,157
DA:68,157
DA:69,157
DA:70,157
DA:71,157
DA:76,27
DA:77,1
DA:79,26
DA:81,26
DA:82,26
DA:83,26
DA:84,26
DA:85,26
DA:86,26
DA:87,26
DA:88,26
DA:89,156
LF:44
LH:44
BRDA:19,0,0,26
BRDA:20,1,0,1
BRDA:22,2,0,1
BRDA:35,3,0,7622
BRDA:41,4,0,26
BRDA:41,5,0,26
BRDA:50,6,0,2
BRDA:50,7,0,377
BRDA:50,7,1,376
BRDA:50,7,2,376
BRDA:76,8,0,1
BRF:11
BRH:11
end_of_record
TN:
SF:src/grg_inverse.ts
FN:10,(anonymous_0)
FN:35,(anonymous_1)
FN:52,(anonymous_2)
FN:58,(anonymous_3)
FN:89,(anonymous_4)
FN:92,(anonymous_5)
FNF:6
FNH:6
FNDA:2084,(anonymous_0)
FNDA:348,(anonymous_1)
FNDA:347,(anonymous_2)
FNDA:35521,(anonymous_3)
FNDA:344,(anonymous_4)
FNDA:2064,(anonymous_5)
DA:1,9
DA:2,9
DA:3,9
DA:4,9
DA:5,9
DA:7,9
DA:11,2084
DA:14,2083
DA:15,2083
DA:18,2083
DA:19,2083
DA:20,2083
DA:22,2083
DA:23,17
DA:27,2066
DA:28,2066
DA:29,0
DA:31,2066
DA:36,348
DA:41,9
DA:53,347
DA:54,346
DA:55,346
DA:58,346
DA:59,35521
DA:62,346
DA:63,346
DA:64,346
DA:66,5287
DA:69,5285
DA:70,5285
DA:71,5179
DA:72,5179
DA:73,5179
DA:75,5285
DA:78,5285
DA:79,4943
DA:80,4943
DA:81,19772
DA:83,4943
DA:84,4943
DA:86,346
DA:90,344
DA:91,344
DA:92,344
DA:93,2064
DA:94,2064
DA:96,16
DA:99,344
DA:102,341
DA:103,341
DA:104,341
DA:106,341
DA:107,341
DA:109,341
DA:110,341
DA:111,4535
DA:113,336
DA:115,3
DA:116,3
LF:60
LH:59
BRDA:11,0,0,1
BRDA:22,1,0,17
BRDA:28,2,0,0
BRDA:35,3,0,347
BRDA:35,4,0,347
BRDA:52,5,0,344
BRDA:53,6,0,1
BRDA:66,7,0,2
BRDA:66,8,0,5287
BRDA:66,8,1,7
BRDA:70,9,0,10464
BRDA:70,9,1,10464
BRDA:73,10,0,0
BRDA:75,11,0,5285
BRDA:75,12,0,5285
BRDA:75,12,1,5285
BRDA:78,13,0,342
BRDA:102,14,0,0
BRDA:109,15,0,0
BRDA:111,16,0,5
BRF:20
BRH:16
end_of_record
TN:
SF:src/grg_pipeline.ts
FN:13,(anonymous_0)
FN:32,(anonymous_1)
FN:36,(anonymous_2)
FNF:3
FNH:3
FNDA:5,(anonymous_0)
FNDA:3,(anonymous_1)
FNDA:18,(anonymous_2)
DA:1,2
DA:2,2
DA:3,2
DA:5,2
DA:7,2
DA:14,5
DA:15,0
DA:17,5
DA:18,5
DA:19,5
DA:20,5
DA:21,5
DA:23,0
DA:24,0
DA:33,3
DA:34,3
DA:35,3
DA:36,3
DA:37,18
DA:38,18
DA:40,0
DA:41,0
DA:44,3
DA:47,3
DA:48,3
DA:50,3
DA:51,3
DA:54,3
DA:55,1
DA:58,2
DA:59,2
DA:61,1
DA:62,1
LF:33
LH:28
BRDA:14,0,0,0
BRDA:54,1,0,1
BRF:2
BRH:1
end_of_record
TN:
SF:src/index.ts
FNF:0
FNH:0
DA:2,1
DA:3,1
DA:4,1
DA:5,1
DA:6,1
DA:7,1
DA:8,1
DA:9,1
DA:10,1
DA:11,1
DA:12,1
DA:13,1
DA:14,1
DA:15,1
DA:16,1
DA:17,1
DA:18,1
DA:19,1
DA:20,1
DA:21,1
DA:22,1
DA:23,1
LF:22
LH:22
BRF:0
BRH:0
end_of_record
TN:
SF:src/logger.ts
FN:3,(anonymous_0)
FN:34,(anonymous_1)
FN:57,(anonymous_2)
FN:61,(anonymous_3)
FN:79,(anonymous_4)
FN:92,(anonymous_5)
FN:96,(anonymous_6)
FN:101,(anonymous_7)
FN:107,(anonymous_8)
FN:111,(anonymous_9)
FN:115,(anonymous_10)
FN:126,(anonymous_11)
FNF:12
FNH:9
FNDA:23,(anonymous_0)
FNDA:343,(anonymous_1)
FNDA:23,(anonymous_2)
FNDA:23,(anonymous_3)
FNDA:0,(anonymous_4)
FNDA:0,(anonymous_5)
FNDA:343,(anonymous_6)
FNDA:343,(anonymous_7)
FNDA:291,(anonymous_8)
FNDA:45,(anonymous_9)
FNDA:7,(anonymous_10)
FNDA:0,(anonymous_11)
DA:3,23
DA:4,23
DA:5,23
DA:6,23
DA:7,23
DA:8,23
DA:23,23
DA:34,23
DA:35,343
DA:37,0
DA:38,0
DA:40,291
DA:41,291
DA:43,45
DA:44,45
DA:46,7
DA:47,7
DA:51,23
DA:53,23
DA:54,23
DA:58,23
DA:62,23
DA:63,23
DA:65,23
DA:80,0
DA:81,0
DA:83,0
DA:84,0
DA:93,0
DA:97,343
DA:98,343
DA:102,343
DA:103,343
DA:104,343
DA:108,291
DA:112,45
DA:116,7
DA:117,7
DA:118,0
DA:119,0
DA:120,0
DA:123,7
DA:127,0
DA:131,23
LF:44
LH:33
BRDA:3,0,0,23
BRDA:3,0,1,23
BRDA:35,1,0,0
BRDA:35,1,1,291
BRDA:35,1,2,45
BRDA:35,1,3,7
BRDA:57,2,0,23
BRDA:62,3,0,23
BRDA:80,4,0,0
BRDA:83,5,0,0
BRDA:102,6,0,0
BRDA:117,7,0,0
BRDA:119,8,0,0
BRF:13
BRH:7
end_of_record
TN:
SF:src/networks.ts
FNF:0
FNH:0
DA:32,3
DA:40,3
DA:48,3
DA:56,3
LF:4
LH:4
BRF:0
BRH:0
end_of_record
TN:
SF:src/pool_registry.ts
FN:20,(anonymous_0)
FN:40,(anonymous_1)
FN:78,(anonymous_2)
FN:90,(anonymous_3)
FN:105,(anonymous_4)
FN:119,(anonymous_5)
FN:132,(anonymous_6)
FN:140,(anonymous_7)
FN:141,(anonymous_8)
FN:147,(anonymous_9)
FN:157,(anonymous_10)
FNF:11
FNH:6
FNDA:9,(anonymous_0)
FNDA:5,(anonymous_1)
FNDA:3,(anonymous_2)
FNDA:6,(anonymous_3)
FNDA:3,(anonymous_4)
FNDA:2,(anonymous_5)
FNDA:0,(anonymous_6)
FNDA:0,(anonymous_7)
FNDA:0,(anonymous_8)
FNDA:0,(anonymous_9)
FNDA:0,(anonymous_10)
DA:1,4
DA:7,4
DA:9,4
DA:10,12
DA:12,4
DA:13,12
DA:21,9
DA:22,9
DA:23,9
DA:25,9
DA:26,0
DA:28,9
DA:41,5
DA:43,5
DA:44,0
DA:48,5
DA:49,0
DA:52,5
DA:53,5
DA:54,5
DA:63,5
DA:64,0
DA:65,0
DA:67,5
DA:69,5
DA:79,3
DA:80,3
DA:81,3
DA:82,3
DA:91,6
DA:92,6
DA:93,6
DA:94,6
DA:95,1
DA:97,5
DA:106,3
DA:107,3
DA:108,3
DA:109,3
DA:110,3
DA:120,2
DA:121,2
DA:122,2
DA:123,2
DA:124,2
DA:133,0
DA:141,0
DA:147,0
DA:151,0
DA:158,0
DA:159,0
DA:160,0
DA:161,0
DA:167,0
DA:168,0
DA:169,0
DA:172,0
LF:57
LH:40
BRDA:21,0,0,0
BRDA:21,1,0,9
BRDA:21,1,1,9
BRDA:23,2,0,9
BRDA:25,3,0,0
BRDA:41,4,0,0
BRDA:41,5,0,5
BRDA:41,5,1,5
BRDA:43,6,0,0
BRDA:43,7,0,5
BRDA:43,7,1,5
BRDA:43,7,2,5
BRDA:48,8,0,0
BRDA:63,9,0,0
BRDA:65,10,0,0
BRDA:79,11,0,0
BRDA:79,12,0,3
BRDA:79,12,1,3
BRDA:91,13,0,0
BRDA:91,14,0,6
BRDA:91,14,1,6
BRDA:94,15,0,1
BRDA:106,16,0,0
BRDA:106,17,0,3
BRDA:106,17,1,3
BRDA:109,18,0,3
BRDA:120,19,0,0
BRDA:120,20,0,2
BRDA:120,20,1,2
BRDA:123,21,0,2
BRDA:167,22,0,0
BRF:31
BRH:19
end_of_record
TN:
SF:src/pot_signer.ts
FN:17,(anonymous_0)
FN:33,(anonymous_1)
FN:38,(anonymous_2)
FN:47,(anonymous_3)
FN:68,(anonymous_4)
FN:77,(anonymous_5)
FN:90,(anonymous_6)
FN:94,(anonymous_7)
FNF:8
FNH:5
FNDA:51,(anonymous_0)
FNDA:23,(anonymous_1)
FNDA:5,(anonymous_2)
FNDA:20,(anonymous_3)
FNDA:0,(anonymous_4)
FNDA:0,(anonymous_5)
FNDA:0,(anonymous_6)
FNDA:15,(anonymous_7)
DA:3,6
DA:4,6
DA:12,6
DA:18,51
DA:20,2
DA:21,2
DA:22,2
DA:25,49
DA:26,49
DA:27,49
DA:29,51
DA:34,23
DA:39,5
DA:48,20
DA:49,20
DA:50,20
DA:69,0
DA:70,0
DA:78,0
DA:79,0
DA:81,0
DA:82,0
DA:83,0
DA:91,0
DA:95,15
DA:96,13
DA:97,13
DA:98,13
DA:99,13
DA:104,12
DA:106,1
LF:31
LH:23
BRDA:18,0,0,2
BRDA:18,0,1,49
BRDA:48,1,0,9
BRDA:48,1,1,11
BRDA:78,2,0,0
BRDA:95,3,0,2
BRDA:95,4,0,15
BRDA:95,4,1,4
BRDA:97,5,0,2
BRDA:97,5,1,11
BRF:10
BRH:9
end_of_record
TN:
SF:src/protocol_fee.ts
FN:27,(anonymous_0)
FN:32,(anonymous_1)
FN:43,(anonymous_2)
FN:48,(anonymous_3)
FN:63,(anonymous_4)
FN:85,(anonymous_5)
FN:101,(anonymous_6)
FN:109,(anonymous_7)
FN:128,(anonymous_8)
FN:164,(anonymous_9)
FN:195,(anonymous_10)
FN:202,(anonymous_11)
FNF:12
FNH:12
FNDA:15,(anonymous_0)
FNDA:15,(anonymous_1)
FNDA:13,(anonymous_2)
FNDA:28,(anonymous_3)
FNDA:3,(anonymous_4)
FNDA:15,(anonymous_5)
FNDA:2,(anonymous_6)
FNDA:7,(anonymous_7)
FNDA:8,(anonymous_8)
FNDA:3,(anonymous_9)
FNDA:4,(anonymous_10)
FNDA:11,(anonymous_11)
DA:1,6
DA:3,6
DA:20,6
DA:21,15
DA:24,15
DA:25,6
DA:28,15
DA:29,15
DA:33,15
DA:34,15
DA:35,15
DA:36,4
DA:37,1
DA:38,1
DA:40,3
DA:44,13
DA:45,13
DA:49,28
DA:50,28
DA:52,14
DA:54,14
DA:56,14
DA:57,4
DA:58,0
DA:62,14
DA:63,3
DA:64,1
DA:65,1
DA:66,1
DA:76,6
DA:77,15
DA:83,15
DA:87,15
DA:88,3
DA:90,12
DA:91,12
DA:92,11
DA:93,11
DA:94,11
DA:102,2
DA:103,2
DA:104,2
DA:105,1
DA:110,7
DA:112,6
DA:116,6
DA:117,6
DA:135,8
DA:136,8
DA:139,4
DA:140,4
DA:147,4
DA:149,4
DA:150,4
DA:152,4
DA:171,3
DA:172,3
DA:175,3
DA:176,3
DA:183,2
DA:185,2
DA:186,2
DA:188,1
DA:196,4
DA:210,11
DA:211,1
DA:215,10
DA:216,10
DA:217,1
DA:220,9
DA:221,9
DA:228,9
DA:237,9
DA:244,9
DA:245,9
DA:246,8
DA:247,1
DA:249,7
DA:251,2
LF:79
LH:78
BRDA:27,0,0,13
BRDA:27,1,0,13
BRDA:35,2,0,11
BRDA:36,3,0,1
BRDA:50,4,0,14
BRDA:50,5,0,28
BRDA:50,5,1,15
BRDA:57,6,0,0
BRDA:62,7,0,1
BRDA:87,8,0,3
BRDA:87,9,0,15
BRDA:87,9,1,14
BRDA:94,10,0,11
BRDA:94,10,1,11
BRDA:104,11,0,1
BRDA:110,12,0,1
BRDA:152,13,0,4
BRDA:152,13,1,0
BRDA:188,14,0,1
BRDA:188,14,1,0
BRDA:210,15,0,1
BRDA:216,16,0,1
BRDA:246,17,0,1
BRDA:251,18,0,2
BRDA:251,18,1,0
BRF:25
BRH:21
end_of_record
TN:
SF:src/reed_solomon.ts
FN:13,(anonymous_0)
FN:29,(anonymous_1)
FN:34,(anonymous_2)
FN:40,(anonymous_3)
FN:98,(anonymous_4)
FN:139,(anonymous_5)
FN:183,(anonymous_6)
FNF:7
FNH:7
FNDA:400,(anonymous_0)
FNDA:29353,(anonymous_1)
FNDA:369,(anonymous_2)
FNDA:375,(anonymous_3)
FNDA:396,(anonymous_4)
FNDA:33,(anonymous_5)
FNDA:367,(anonymous_6)
DA:1,13
DA:2,13
DA:3,13
DA:4,13
DA:11,13
DA:14,400
DA:15,12
DA:16,12
DA:17,3060
DA:18,3060
DA:19,3060
DA:20,3060
DA:21,1536
DA:24,12
DA:25,12
DA:26,12
DA:30,29353
DA:31,9761
DA:35,369
DA:36,369
DA:37,283
DA:41,375
DA:42,375
DA:43,375
DA:44,1500
DA:45,1500
DA:46,6000
DA:48,1500
DA:49,6000
DA:53,375
DA:54,1500
DA:55,1500
DA:56,44
DA:58,1500
DA:60,1500
DA:61,27
DA:62,27
DA:63,27
DA:66,1500
DA:67,1500
DA:68,59
DA:69,369
DA:73,1500
DA:74,6000
DA:75,201
DA:76,201
DA:77,1321
DA:83,375
DA:84,375
DA:85,1500
DA:86,1500
DA:87,6000
DA:90,375
DA:99,396
DA:100,396
DA:101,396
DA:103,12
DA:104,12
DA:105,72
DA:106,72
DA:107,72
DA:108,288
DA:109,72
DA:111,216
DA:116,12
DA:117,12
DA:118,48
DA:121,12
DA:123,12
DA:124,12
DA:125,72
DA:126,72
DA:127,288
DA:128,288
DA:129,1152
DA:131,288
DA:135,12
DA:136,12
DA:140,33
DA:141,33
DA:142,33
DA:143,33
DA:145,33
DA:147,33
DA:148,33
DA:149,198
DA:152,33
DA:153,132
DA:156,33
DA:157,483
DA:158,966
DA:159,966
DA:160,3864
DA:162,966
DA:166,33
DA:184,367
DA:185,367
DA:187,367
DA:188,0
DA:191,367
DA:192,367
DA:193,367
DA:194,1503
DA:195,1458
DA:196,1458
DA:197,1458
DA:201,367
DA:202,4
DA:205,363
DA:206,363
DA:207,363
DA:208,363
DA:209,1452
DA:212,363
DA:213,363
DA:215,363
DA:216,1425
DA:217,5700
DA:218,5700
DA:219,22800
DA:221,5700
DA:225,363
LF:122
LH:121
BRDA:14,0,0,388
BRDA:20,1,0,1536
BRDA:30,2,0,19592
BRDA:30,3,0,29353
BRDA:30,3,1,12658
BRDA:35,4,0,0
BRDA:36,5,0,86
BRDA:49,6,0,1500
BRDA:49,6,1,4500
BRDA:55,7,0,1544
BRDA:55,7,1,1544
BRDA:58,8,0,0
BRDA:60,9,0,27
BRDA:67,10,0,59
BRDA:74,11,0,201
BRDA:74,12,0,6000
BRDA:74,12,1,4500
BRDA:101,13,0,384
BRDA:108,14,0,72
BRDA:108,14,1,216
BRDA:139,15,0,0
BRDA:139,16,0,0
BRDA:183,17,0,0
BRDA:183,18,0,0
BRDA:187,19,0,0
BRDA:194,20,0,1458
BRDA:194,21,0,1503
BRDA:194,21,1,1458
BRDA:197,22,0,363
BRDA:201,23,0,4
BRF:30
BRH:23
end_of_record
TN:
SF:src/signer.ts
FN:7,(anonymous_9)
FN:27,(anonymous_10)
FN:29,(anonymous_11)
FN:38,(anonymous_12)
FN:47,(anonymous_13)
FN:56,(anonymous_14)
FN:65,(anonymous_15)
FN:78,extractPublicKeyFromDER
FN:81,readTag
FN:86,readLength
FN:128,parseDERSignature
FN:157,(anonymous_20)
FN:165,(anonymous_21)
FN:169,(anonymous_22)
FN:179,(anonymous_23)
FN:184,(anonymous_24)
FN:196,(anonymous_25)
FN:201,(anonymous_26)
FN:203,(anonymous_27)
FN:225,(anonymous_28)
FN:236,(anonymous_29)
FN:244,(anonymous_30)
FN:256,(anonymous_31)
FN:260,(anonymous_32)
FN:272,(anonymous_33)
FN:277,(anonymous_34)
FN:300,(anonymous_35)
FN:308,createSigner
FN:326,(anonymous_37)
FN:327,(anonymous_38)
FN:352,(anonymous_39)
FN:365,(anonymous_40)
FNF:32
FNH:13
FNDA:4,(anonymous_9)
FNDA:9,(anonymous_10)
FNDA:3,(anonymous_11)
FNDA:5,(anonymous_12)
FNDA:1,(anonymous_13)
FNDA:0,(anonymous_14)
FNDA:3,(anonymous_15)
FNDA:0,extractPublicKeyFromDER
FNDA:0,readTag
FNDA:0,readLength
FNDA:0,parseDERSignature
FNDA:2,(anonymous_20)
FNDA:0,(anonymous_21)
FNDA:0,(anonymous_22)
FNDA:0,(anonymous_23)
FNDA:0,(anonymous_24)
FNDA:0,(anonymous_25)
FNDA:0,(anonymous_26)
FNDA:0,(anonymous_27)
FNDA:0,(anonymous_28)
FNDA:1,(anonymous_29)
FNDA:0,(anonymous_30)
FNDA:0,(anonymous_31)
FNDA:0,(anonymous_32)
FNDA:0,(anonymous_33)
FNDA:0,(anonymous_34)
FNDA:0,(anonymous_35)
FNDA:25,createSigner
FNDA:1,(anonymous_37)
FNDA:1,(anonymous_38)
FNDA:2,(anonymous_39)
FNDA:1,(anonymous_40)
DA:1,4
DA:2,4
DA:7,4
DA:8,4
DA:9,4
DA:10,4
DA:11,4
DA:26,4
DA:27,9
DA:30,3
DA:37,4
DA:39,5
DA:46,4
DA:48,1
DA:55,4
DA:57,0
DA:64,4
DA:66,3
DA:79,0
DA:82,0
DA:83,0
DA:87,0
DA:88,0
DA:89,0
DA:90,0
DA:91,0
DA:92,0
DA:93,0
DA:94,0
DA:95,0
DA:97,0
DA:101,0
DA:102,0
DA:103,0
DA:106,0
DA:107,0
DA:108,0
DA:109,0
DA:112,0
DA:113,0
DA:114,0
DA:115,0
DA:116,0
DA:118,0
DA:119,0
DA:120,0
DA:122,0
DA:129,0
DA:131,0
DA:132,0
DA:133,0
DA:134,0
DA:135,0
DA:136,0
DA:137,0
DA:139,0
DA:140,0
DA:141,0
DA:142,0
DA:143,0
DA:145,0
DA:155,2
DA:158,2
DA:159,2
DA:162,2
DA:166,0
DA:169,0
DA:170,0
DA:171,0
DA:173,0
DA:174,0
DA:175,0
DA:176,0
DA:180,0
DA:181,0
DA:185,0
DA:186,0
DA:187,0
DA:189,0
DA:190,0
DA:192,0
DA:193,0
DA:197,0
DA:198,0
DA:203,0
DA:204,0
DA:211,0
DA:212,0
DA:213,0
DA:215,0
DA:216,0
DA:217,0
DA:218,0
DA:219,0
DA:222,0
DA:226,0
DA:234,1
DA:237,1
DA:238,1
DA:241,1
DA:245,0
DA:247,0
DA:248,0
DA:249,0
DA:250,0
DA:251,0
DA:252,0
DA:253,0
DA:257,0
DA:261,0
DA:262,0
DA:263,0
DA:265,0
DA:266,0
DA:268,0
DA:269,0
DA:273,0
DA:274,0
DA:278,0
DA:280,0
DA:287,0
DA:288,0
DA:290,0
DA:291,0
DA:292,0
DA:293,0
DA:294,0
DA:297,0
DA:301,0
DA:308,4
DA:309,25
DA:311,11
DA:312,11
DA:313,2
DA:315,11
DA:317,8
DA:318,8
DA:320,5
DA:321,5
DA:326,2
DA:327,2
DA:329,1
DA:334,1
DA:341,1
DA:345,2
DA:349,9
DA:350,2
DA:352,4
DA:353,2
DA:354,2
DA:355,2
DA:357,0
DA:359,7
DA:360,6
DA:361,5
DA:363,1
DA:365,2
DA:366,1
DA:367,1
DA:374,1
DA:375,1
DA:377,0
DA:380,1
DA:385,2
LF:164
LH:58
BRDA:7,0,0,4
BRDA:7,0,1,4
BRDA:82,1,0,0
BRDA:87,2,0,0
BRDA:89,3,0,0
BRDA:91,4,0,0
BRDA:91,5,0,0
BRDA:91,5,1,0
BRDA:94,6,0,0
BRDA:102,7,0,0
BRDA:107,8,0,0
BRDA:113,9,0,0
BRDA:116,10,0,0
BRDA:119,11,0,0
BRDA:119,12,0,0
BRDA:119,12,1,0
BRDA:129,13,0,0
BRDA:132,14,0,0
BRDA:136,15,0,0
BRDA:139,16,0,0
BRDA:143,17,0,0
BRDA:166,18,0,0
BRDA:218,19,0,0
BRDA:245,20,0,0
BRDA:293,21,0,0
BRDA:309,22,0,11
BRDA:309,22,1,1
BRDA:309,22,2,2
BRDA:309,22,3,9
BRDA:309,22,4,2
BRDA:312,23,0,2
BRDA:312,24,0,11
BRDA:312,24,1,4
BRDA:315,25,0,3
BRDA:317,26,0,1
BRDA:318,27,0,3
BRDA:349,28,0,2
BRDA:349,28,1,7
BRDA:353,29,0,2
BRDA:353,29,1,1
BRDA:359,30,0,6
BRDA:360,31,0,5
BRDA:360,32,0,6
BRDA:360,32,1,4
BRDA:360,32,2,3
BRDA:360,32,3,2
BRF:46
BRH:23
end_of_record
TN:
SF:src/time_synthesis.ts
FN:18,(anonymous_9)
FN:20,(anonymous_10)
FN:21,(anonymous_11)
FN:30,(anonymous_12)
FN:35,(anonymous_13)
FN:41,(anonymous_14)
FN:95,(anonymous_15)
FN:126,(anonymous_16)
FN:128,(anonymous_17)
FN:130,(anonymous_18)
FN:131,(anonymous_19)
FN:139,(anonymous_20)
FN:163,(anonymous_21)
FN:184,(anonymous_22)
FN:203,(anonymous_23)
FN:204,(anonymous_24)
FN:209,(anonymous_25)
FN:212,(anonymous_26)
FN:237,(anonymous_27)
FN:266,(anonymous_28)
FN:268,(anonymous_29)
FN:280,(anonymous_30)
FN:301,(anonymous_31)
FN:345,(anonymous_32)
FN:351,(anonymous_33)
FN:403,(anonymous_34)
FN:421,(anonymous_35)
FN:422,(anonymous_36)
FN:430,(anonymous_37)
FN:436,(anonymous_38)
FN:447,(anonymous_39)
FN:485,(anonymous_40)
FNF:32
FNH:29
FNDA:8,(anonymous_9)
FNDA:1,(anonymous_10)
FNDA:1,(anonymous_11)
FNDA:0,(anonymous_12)
FNDA:0,(anonymous_13)
FNDA:1,(anonymous_14)
FNDA:1,(anonymous_15)
FNDA:32,(anonymous_16)
FNDA:3,(anonymous_17)
FNDA:3,(anonymous_18)
FNDA:0,(anonymous_19)
FNDA:1,(anonymous_20)
FNDA:2,(anonymous_21)
FNDA:21,(anonymous_22)
FNDA:1,(anonymous_23)
FNDA:1,(anonymous_24)
FNDA:5,(anonymous_25)
FNDA:16,(anonymous_26)
FNDA:6,(anonymous_27)
FNDA:4,(anonymous_28)
FNDA:9,(anonymous_29)
FNDA:3,(anonymous_30)
FNDA:6,(anonymous_31)
FNDA:9,(anonymous_32)
FNDA:11,(anonymous_33)
FNDA:1,(anonymous_34)
FNDA:1,(anonymous_35)
FNDA:17,(anonymous_36)
FNDA:1,(anonymous_37)
FNDA:2,(anonymous_38)
FNDA:1,(anonymous_39)
FNDA:1,(anonymous_40)
DA:1,4
DA:2,4
DA:3,4
DA:4,4
DA:5,4
DA:7,4
DA:8,4
DA:15,4
DA:17,4
DA:18,8
DA:21,1
DA:22,1
DA:23,1
DA:26,1
DA:28,1
DA:30,1
DA:31,0
DA:32,0
DA:35,1
DA:36,0
DA:37,0
DA:38,0
DA:41,1
DA:42,1
DA:43,1
DA:44,1
DA:46,1
DA:47,0
DA:48,0
DA:51,1
DA:52,1
DA:53,0
DA:54,0
DA:58,1
DA:59,1
DA:60,1
DA:61,0
DA:62,0
DA:64,1
DA:67,1
DA:68,1
DA:69,1
DA:70,0
DA:71,0
DA:73,1
DA:76,1
DA:77,1
DA:80,1
DA:81,1
DA:83,1
DA:84,1
DA:86,1
DA:94,1
DA:95,1
DA:96,1
DA:97,0
DA:98,0
DA:99,0
DA:103,0
DA:104,0
DA:105,0
DA:125,4
DA:126,32
DA:129,3
DA:130,3
DA:131,3
DA:132,0
DA:139,3
DA:140,1
DA:141,1
DA:142,1
DA:143,1
DA:144,0
DA:149,0
DA:151,1
DA:152,1
DA:153,1
DA:155,1
DA:156,1
DA:163,3
DA:164,2
DA:165,2
DA:171,3
DA:176,4
DA:177,21
DA:180,21
DA:181,21
DA:182,21
DA:185,21
DA:187,21
DA:188,39
DA:190,18
DA:191,21
DA:193,7
DA:194,7
DA:195,14
DA:196,10
DA:197,4
DA:198,3
DA:204,1
DA:205,1
DA:206,0
DA:210,5
DA:212,16
DA:214,5
DA:215,16
DA:216,8
DA:218,8
DA:222,5
DA:223,1
DA:226,4
DA:227,1
DA:228,1
DA:237,6
DA:243,3
DA:244,2
DA:245,2
DA:246,2
DA:248,1
DA:249,1
DA:250,1
DA:251,1
DA:254,3
DA:267,4
DA:268,9
DA:270,4
DA:271,9
DA:272,6
DA:276,4
DA:277,1
DA:280,3
DA:286,3
DA:287,1
DA:288,1
DA:289,1
DA:290,2
DA:291,1
DA:292,1
DA:293,1
DA:295,1
DA:296,1
DA:297,1
DA:298,1
DA:301,6
DA:309,3
DA:310,3
DA:312,3
DA:324,3
DA:325,0
DA:328,3
DA:346,9
DA:347,6
DA:348,1
DA:352,11
DA:353,10
DA:357,9
DA:358,9
DA:359,12
DA:360,0
DA:363,9
DA:366,9
DA:367,1
DA:368,1
DA:372,8
DA:374,8
DA:375,0
DA:376,0
DA:379,8
DA:380,1
DA:381,1
DA:383,7
DA:385,0
DA:386,0
DA:388,7
DA:390,7
DA:391,10
DA:392,10
DA:393,1
DA:394,1
DA:397,6
DA:404,1
DA:422,1
DA:423,17
DA:431,1
DA:432,1
DA:436,2
DA:448,1
DA:451,1
DA:452,1
DA:453,2
DA:456,1
DA:457,1
DA:459,1
DA:460,1
DA:461,1
DA:462,1
DA:463,1
DA:464,1
DA:467,1
DA:468,1
DA:470,1
DA:472,1
DA:473,2
DA:474,2
DA:475,2
DA:476,2
DA:479,1
DA:486,1
DA:487,1
DA:488,1
DA:489,1
DA:490,1
DA:491,1
DA:492,1
DA:495,1
DA:496,1
DA:498,1
DA:500,1
DA:501,1
DA:502,2
DA:503,2
DA:504,2
DA:505,2
DA:506,2
DA:509,1
LF:225
LH:196
BRDA:18,0,0,7
BRDA:46,1,0,0
BRDA:52,2,0,0
BRDA:52,3,0,1
BRDA:52,3,1,1
BRDA:60,4,0,0
BRDA:69,5,0,0
BRDA:96,6,0,0
BRDA:105,7,0,0
BRDA:105,7,1,0
BRDA:143,8,0,0
BRDA:185,9,0,21
BRDA:185,9,1,2
BRDA:188,10,0,18
BRDA:188,10,1,21
BRDA:191,11,0,7
BRDA:191,11,1,14
BRDA:195,12,0,10
BRDA:195,12,1,4
BRDA:195,13,0,14
BRDA:195,13,1,4
BRDA:197,14,0,3
BRDA:205,15,0,1
BRDA:215,16,0,8
BRDA:215,16,1,8
BRDA:222,17,0,1
BRDA:226,18,0,1
BRDA:237,19,0,4
BRDA:237,19,1,2
BRDA:237,20,0,2
BRDA:237,20,1,0
BRDA:243,21,0,2
BRDA:243,21,1,1
BRDA:271,22,0,6
BRDA:276,23,0,1
BRDA:280,24,0,0
BRDA:280,24,1,3
BRDA:280,25,0,3
BRDA:280,25,1,0
BRDA:286,26,0,1
BRDA:286,26,1,2
BRDA:290,27,0,1
BRDA:290,27,1,1
BRDA:324,28,0,0
BRDA:346,29,0,3
BRDA:347,30,0,5
BRDA:352,31,0,1
BRDA:353,32,0,1
BRDA:359,33,0,0
BRDA:359,34,0,12
BRDA:359,34,1,8
BRDA:366,35,0,1
BRDA:374,36,0,0
BRDA:376,37,0,0
BRDA:379,38,0,1
BRDA:383,39,0,0
BRDA:386,40,0,0
BRDA:391,41,0,5
BRDA:391,41,1,5
BRDA:392,42,0,1
BRDA:423,43,0,4
BRDA:423,43,1,13
BRF:62
BRH:45
end_of_record
TN:
SF:src/ttt_builder.ts
FN:15,(anonymous_0)
FN:53,(anonymous_2)
FN:88,(anonymous_3)
FN:101,(anonymous_4)
FN:108,(anonymous_5)
FNF:5
FNH:5
FNDA:8,(anonymous_0)
FNDA:3,(anonymous_2)
FNDA:23,(anonymous_3)
FNDA:4,(anonymous_4)
FNDA:4,(anonymous_5)
DA:3,3
DA:4,3
DA:5,3
DA:6,3
DA:7,3
DA:9,3
DA:10,8
DA:12,8
DA:16,8
DA:17,8
DA:31,3
DA:34,3
DA:36,3
DA:44,3
DA:46,3
DA:54,3
DA:58,3
DA:59,3
DA:63,3
DA:64,3
DA:65,3
DA:66,0
DA:67,0
DA:70,3
DA:71,1
DA:75,2
DA:76,2
DA:77,2
DA:79,2
DA:81,2
DA:89,23
DA:91,23
DA:92,23
DA:94,23
DA:95,23
DA:102,4
DA:109,4
LF:37
LH:35
BRDA:16,0,0,8
BRDA:16,0,1,0
BRDA:27,1,0,3
BRDA:28,2,0,3
BRDA:29,3,0,3
BRDA:53,4,0,1
BRDA:58,5,0,3
BRDA:58,5,1,0
BRDA:64,6,0,3
BRDA:64,6,1,0
BRDA:65,7,0,0
BRDA:70,8,0,1
BRDA:76,9,0,2
BRDA:76,9,1,0
BRF:14
BRH:9
end_of_record
TN:
SF:src/ttt_client.ts
FN:44,(anonymous_0)
FN:52,(anonymous_1)
FN:66,(anonymous_2)
FN:71,(anonymous_3)
FN:83,(anonymous_4)
FN:90,(anonymous_5)
FN:97,(anonymous_6)
FN:158,(anonymous_7)
FN:168,(anonymous_8)
FN:184,(anonymous_9)
FN:197,(anonymous_10)
FN:218,(anonymous_11)
FN:246,(anonymous_12)
FN:253,(anonymous_13)
FN:257,(anonymous_14)
FN:275,(anonymous_15)
FN:287,(anonymous_16)
FN:295,(anonymous_17)
FN:304,(anonymous_18)
FN:311,(anonymous_19)
FN:318,(anonymous_20)
FN:326,(anonymous_21)
FN:330,(anonymous_22)
FN:338,(anonymous_23)
FN:345,(anonymous_24)
FN:356,(anonymous_25)
FN:391,(anonymous_26)
FN:392,(anonymous_27)
FN:417,(anonymous_28)
FN:455,(anonymous_29)
FNF:30
FNH:25
FNDA:46,(anonymous_0)
FNDA:1,(anonymous_1)
FNDA:1,(anonymous_2)
FNDA:1,(anonymous_3)
FNDA:0,(anonymous_4)
FNDA:1,(anonymous_5)
FNDA:12,(anonymous_6)
FNDA:7,(anonymous_7)
FNDA:5,(anonymous_8)
FNDA:0,(anonymous_9)
FNDA:6,(anonymous_10)
FNDA:25,(anonymous_11)
FNDA:0,(anonymous_12)
FNDA:0,(anonymous_13)
FNDA:0,(anonymous_14)
FNDA:3,(anonymous_15)
FNDA:2,(anonymous_16)
FNDA:1,(anonymous_17)
FNDA:1,(anonymous_18)
FNDA:1,(anonymous_19)
FNDA:2,(anonymous_20)
FNDA:2,(anonymous_21)
FNDA:11,(anonymous_22)
FNDA:8,(anonymous_23)
FNDA:7,(anonymous_24)
FNDA:10,(anonymous_25)
FNDA:7,(anonymous_26)
FNDA:5,(anonymous_27)
FNDA:3,(anonymous_28)
FNDA:3,(anonymous_29)
DA:1,3
DA:2,3
DA:3,3
DA:4,3
DA:5,3
DA:6,3
DA:7,3
DA:8,3
DA:28,3
DA:32,46
DA:33,46
DA:34,46
DA:35,46
DA:36,46
DA:37,46
DA:38,46
DA:40,46
DA:41,46
DA:42,46
DA:45,46
DA:46,46
DA:47,46
DA:48,46
DA:49,46
DA:52,46
DA:53,1
DA:54,1
DA:55,1
DA:56,1
DA:59,1
DA:62,1
DA:66,46
DA:67,1
DA:68,1
DA:71,46
DA:72,1
DA:73,1
DA:74,0
DA:76,1
DA:84,0
DA:91,1
DA:99,12
DA:100,11
DA:101,11
DA:105,12
DA:106,1
DA:112,11
DA:113,11
DA:114,1
DA:115,1
DA:119,10
DA:120,2
DA:121,2
DA:126,8
DA:127,1
DA:128,1
DA:133,7
DA:134,6
DA:135,1
DA:136,1
DA:138,0
DA:142,7
DA:143,7
DA:146,7
DA:147,7
DA:148,0
DA:152,7
DA:159,7
DA:160,7
DA:161,2
DA:163,5
DA:169,5
DA:170,5
DA:171,1
DA:173,4
DA:180,4
DA:181,4
DA:183,4
DA:184,0
DA:185,0
DA:186,0
DA:187,0
DA:191,4
DA:198,6
DA:200,5
DA:203,5
DA:206,5
DA:209,5
DA:210,5
DA:212,5
DA:219,25
DA:221,24
DA:222,24
DA:223,24
DA:225,24
DA:226,24
DA:229,24
DA:232,24
DA:233,0
DA:237,24
DA:238,4
DA:241,4
DA:245,24
DA:247,0
DA:248,0
DA:249,0
DA:254,0
DA:255,0
DA:258,0
DA:262,24
DA:263,24
DA:265,0
DA:266,0
DA:267,0
DA:268,0
DA:276,3
DA:277,1
DA:280,2
DA:281,2
DA:288,2
DA:296,1
DA:297,1
DA:298,1
DA:305,1
DA:312,1
DA:319,2
DA:327,2
DA:331,11
DA:332,11
DA:339,8
DA:346,7
DA:347,7
DA:348,1
DA:357,10
DA:358,10
DA:359,10
DA:360,10
DA:363,10
DA:364,9
DA:365,9
DA:366,6
DA:368,3
DA:369,3
DA:374,10
DA:375,9
DA:376,9
DA:377,9
DA:378,9
DA:379,9
DA:380,2
DA:383,0
DA:388,10
DA:389,10
DA:392,7
DA:395,6
DA:396,5
DA:398,1
DA:399,1
DA:404,4
DA:405,4
DA:409,10
DA:410,10
DA:411,10
DA:412,1
DA:416,10
DA:417,3
DA:421,10
DA:424,10
DA:425,11
DA:428,10
DA:430,10
DA:464,3
DA:465,1
DA:468,2
DA:469,2
DA:470,0
DA:473,2
DA:474,2
DA:475,2
DA:477,2
DA:478,2
DA:479,0
DA:480,0
DA:485,0
DA:489,2
LF:185
LH:161
BRDA:47,0,0,46
BRDA:47,0,1,45
BRDA:73,1,0,0
BRDA:99,2,0,11
BRDA:99,3,0,12
BRDA:99,3,1,11
BRDA:100,4,0,10
BRDA:100,4,1,1
BRDA:105,5,0,1
BRDA:112,6,0,11
BRDA:112,6,1,10
BRDA:113,7,0,1
BRDA:119,8,0,2
BRDA:120,9,0,2
BRDA:120,10,0,2
BRDA:120,10,1,1
BRDA:126,11,0,1
BRDA:126,12,0,8
BRDA:126,12,1,7
BRDA:133,13,0,6
BRDA:133,13,1,1
BRDA:135,14,0,1
BRDA:135,14,1,0
BRDA:146,15,0,7
BRDA:146,15,1,7
BRDA:147,16,0,0
BRDA:154,17,0,7
BRDA:154,17,1,7
BRDA:156,18,0,7
BRDA:156,18,1,7
BRDA:160,19,0,2
BRDA:160,20,0,7
BRDA:160,20,1,6
BRDA:165,21,0,5
BRDA:165,21,1,5
BRDA:166,22,0,5
BRDA:166,22,1,5
BRDA:167,23,0,5
BRDA:167,23,1,5
BRDA:170,24,0,1
BRDA:170,25,0,5
BRDA:170,25,1,4
BRDA:175,26,0,4
BRDA:175,26,1,4
BRDA:183,27,0,0
BRDA:198,28,0,1
BRDA:219,29,0,1
BRDA:232,30,0,0
BRDA:232,31,0,24
BRDA:232,31,1,4
BRDA:237,32,0,4
BRDA:249,33,0,0
BRDA:276,34,0,1
BRDA:347,35,0,1
BRDA:363,36,0,9
BRDA:363,37,0,10
BRDA:363,37,1,9
BRDA:374,38,0,9
BRDA:374,39,0,10
BRDA:374,39,1,9
BRDA:379,40,0,2
BRDA:395,41,0,5
BRDA:395,41,1,1
BRDA:395,42,0,6
BRDA:395,42,1,6
BRDA:395,42,2,5
BRDA:400,43,0,1
BRDA:400,43,1,0
BRDA:400,44,0,1
BRDA:400,44,1,0
BRDA:410,45,0,2
BRDA:410,45,1,8
BRDA:411,46,0,1
BRDA:411,47,0,10
BRDA:411,47,1,1
BRDA:416,48,0,1
BRDA:416,48,1,9
BRDA:428,49,0,10
BRDA:428,49,1,9
BRDA:428,49,2,6
BRDA:428,49,3,4
BRDA:445,50,0,10
BRDA:445,50,1,10
BRDA:464,51,0,1
BRDA:464,52,0,3
BRDA:464,52,1,2
BRDA:469,53,0,0
BRDA:478,54,0,0
BRF:88
BRH:78
end_of_record
TN:
SF:src/types.ts
FNF:0
FNH:0
DA:9,6
LF:1
LH:1
BRF:0
BRH:0
end_of_record
TN:
SF:src/v4_hook.ts
FN:37,(anonymous_0)
FN:57,(anonymous_1)
FN:96,(anonymous_2)
FN:137,(anonymous_3)
FN:144,(anonymous_4)
FNF:5
FNH:5
FNDA:6,(anonymous_0)
FNDA:4,(anonymous_1)
FNDA:2,(anonymous_2)
FNDA:1,(anonymous_3)
FNDA:4,(anonymous_4)
DA:1,3
DA:6,3
DA:20,3
DA:26,6
DA:30,6
DA:45,6
DA:46,6
DA:47,6
DA:48,6
DA:49,6
DA:50,6
DA:58,4
DA:60,4
DA:63,4
DA:64,4
DA:65,4
DA:69,4
DA:71,4
DA:73,3
DA:74,1
DA:80,2
DA:82,2
DA:83,1
DA:88,2
DA:89,2
DA:103,2
DA:106,2
DA:107,2
DA:109,2
DA:110,2
DA:113,2
DA:114,0
DA:115,0
DA:117,0
DA:121,0
DA:122,0
DA:125,2
DA:126,2
DA:129,2
DA:130,2
DA:138,1
DA:145,4
LF:42
LH:37
BRDA:41,0,0,6
BRDA:42,1,0,6
BRDA:63,2,0,4
BRDA:73,3,0,1
BRDA:82,4,0,1
BRDA:82,5,0,2
BRDA:82,5,1,0
BRDA:83,6,0,1
BRDA:83,6,1,0
BRDA:113,7,0,0
BRDA:113,8,0,2
BRDA:113,8,1,0
BRDA:113,8,2,0
BRDA:113,8,3,0
BRDA:113,8,4,0
BRDA:117,9,0,0
BRDA:117,9,1,0
BRDA:122,10,0,0
BRDA:122,10,1,0
BRF:19
BRH:8
end_of_record
TN:
SF:src/x402_enforcer.ts
FN:27,(anonymous_0)
FN:51,(anonymous_1)
FN:93,(anonymous_2)
FN:130,(anonymous_3)
FNF:4
FNH:3
FNDA:11,(anonymous_0)
FNDA:9,(anonymous_1)
FNDA:0,(anonymous_2)
FNDA:2,(anonymous_3)
DA:7,3
DA:18,3
DA:25,3
DA:28,11
DA:29,11
DA:30,11
DA:61,9
DA:64,9
DA:65,0
DA:66,0
DA:68,0
DA:69,0
DA:70,0
DA:76,9
DA:77,3
DA:80,6
DA:81,6
DA:83,6
DA:105,0
DA:106,0
DA:108,0
DA:109,0
DA:112,0
DA:113,0
DA:114,0
DA:116,0
DA:120,0
DA:122,0
DA:123,0
DA:131,2
DA:132,2
LF:31
LH:15
BRDA:28,0,0,11
BRDA:28,0,1,0
BRDA:57,1,0,9
BRDA:64,2,0,0
BRDA:65,3,0,0
BRDA:65,4,0,0
BRDA:65,4,1,0
BRDA:69,5,0,0
BRDA:76,6,0,3
BRDA:112,7,0,0
BRDA:112,8,0,0
BRDA:112,8,1,0
BRDA:112,8,2,0
BRDA:112,8,3,0
BRDA:112,8,4,0
BRDA:116,9,0,0
BRDA:116,9,1,0
BRDA:122,10,0,0
BRDA:122,10,1,0
BRF:19
BRH:3
end_of_record
