TN:
SF:src/adaptive_switch.ts
FN:7,(anonymous_0)
FN:37,(anonymous_1)
FN:66,(anonymous_2)
FN:90,(anonymous_3)
FN:97,(anonymous_4)
FN:104,(anonymous_5)
FN:110,(anonymous_6)
FNF:7
FNH:6
FNDA:5,(anonymous_0)
FNDA:190,(anonymous_1)
FNDA:2299,(anonymous_2)
FNDA:7,(anonymous_3)
FNDA:7,(anonymous_4)
FNDA:0,(anonymous_5)
FNDA:190,(anonymous_6)
DA:4,5
DA:5,5
DA:7,5
DA:8,5
DA:9,5
DA:24,5
DA:26,5
DA:27,24
DA:28,24
DA:29,24
DA:30,24
DA:31,24
DA:32,24
DA:39,190
DA:40,190
DA:41,190
DA:45,190
DA:46,190
DA:47,4
DA:48,4
DA:49,4
DA:50,0
DA:51,0
DA:56,190
DA:57,190
DA:58,41
DA:61,190
DA:62,0
DA:66,2299
DA:67,190
DA:70,190
DA:71,8
DA:72,6
DA:74,8
DA:76,182
DA:77,1
DA:79,182
DA:82,190
DA:91,7
DA:98,7
DA:105,0
DA:106,0
DA:107,0
DA:111,190
DA:112,187
DA:113,496
DA:115,154
LF:47
LH:41
BRDA:7,0,0,5
BRDA:7,0,1,5
BRDA:41,1,0,190
BRDA:41,1,1,154
BRDA:46,2,0,4
BRDA:49,3,0,0
BRDA:57,4,0,41
BRDA:61,5,0,0
BRDA:67,6,0,190
BRDA:67,6,1,0
BRDA:70,7,0,8
BRDA:70,7,1,182
BRDA:70,8,0,190
BRDA:70,8,1,48
BRDA:70,8,2,8
BRDA:71,9,0,6
BRDA:76,10,0,1
BRDA:91,11,0,2
BRDA:91,11,1,5
BRDA:111,12,0,3
BRDA:113,13,0,33
BRF:21
BRH:18
end_of_record
TN:
SF:src/auto_mint.ts
FN:25,(anonymous_0)
FN:35,(anonymous_1)
FN:39,(anonymous_2)
FN:46,(anonymous_3)
FN:83,(anonymous_4)
FN:95,(anonymous_5)
FN:114,(anonymous_6)
FN:127,(anonymous_7)
FN:147,(anonymous_8)
FN:220,(anonymous_9)
FNF:10
FNH:8
FNDA:4,(anonymous_0)
FNDA:10,(anonymous_1)
FNDA:1,(anonymous_2)
FNDA:3,(anonymous_3)
FNDA:1,(anonymous_4)
FNDA:0,(anonymous_5)
FNDA:1,(anonymous_6)
FNDA:2,(anonymous_7)
FNDA:30,(anonymous_8)
FNDA:0,(anonymous_9)
DA:1,3
DA:2,3
DA:3,3
DA:4,3
DA:5,3
DA:6,3
DA:7,3
DA:13,3
DA:18,4
DA:19,4
DA:20,4
DA:21,4
DA:23,4
DA:26,4
DA:27,4
DA:28,4
DA:32,4
DA:36,10
DA:40,1
DA:47,3
DA:48,3
DA:49,3
DA:51,3
DA:53,3
DA:60,3
DA:62,3
DA:63,0
DA:72,0
DA:73,0
DA:74,0
DA:75,0
DA:76,0
DA:84,1
DA:87,1
DA:88,0
DA:89,0
DA:92,1
DA:93,1
DA:95,1
DA:96,0
DA:97,0
DA:98,0
DA:99,0
DA:102,0
DA:104,0
DA:108,1
DA:115,1
DA:116,1
DA:117,1
DA:119,1
DA:120,1
DA:129,2
DA:130,2
DA:131,0
DA:132,0
DA:136,2
DA:137,0
DA:141,2
DA:142,2
DA:143,0
DA:145,2
DA:148,30
DA:155,2
DA:163,2
DA:167,2
DA:170,2
DA:171,0
DA:173,2
DA:175,2
DA:177,2
DA:186,2
DA:187,0
DA:188,0
DA:189,0
DA:191,0
DA:192,0
DA:194,0
DA:202,0
DA:206,2
DA:208,2
DA:209,1
DA:221,0
DA:222,0
DA:225,0
DA:232,0
DA:241,0
DA:248,0
LF:87
LH:55
BRDA:30,0,0,4
BRDA:30,0,1,3
BRDA:62,1,0,0
BRDA:84,2,0,0
BRDA:87,3,0,0
BRDA:96,4,0,0
BRDA:115,5,0,1
BRDA:130,6,0,0
BRDA:136,7,0,0
BRDA:136,8,0,2
BRDA:136,8,1,2
BRDA:142,9,0,0
BRDA:148,10,0,6
BRDA:148,10,1,24
BRDA:170,11,0,0
BRDA:186,12,0,0
BRDA:186,13,0,2
BRDA:186,13,1,0
BRDA:208,14,0,1
BRDA:221,15,0,0
BRF:20
BRH:9
end_of_record
TN:
SF:src/dynamic_fee.ts
FN:50,(anonymous_0)
FN:54,(anonymous_1)
FN:59,(anonymous_2)
FN:88,(anonymous_3)
FN:104,(anonymous_4)
FN:129,(anonymous_5)
FN:141,(anonymous_6)
FN:177,(anonymous_7)
FN:209,(anonymous_8)
FN:227,(anonymous_9)
FN:237,(anonymous_10)
FNF:11
FNH:5
FNDA:1,(anonymous_0)
FNDA:1,(anonymous_1)
FNDA:1,(anonymous_2)
FNDA:0,(anonymous_3)
FNDA:0,(anonymous_4)
FNDA:1,(anonymous_5)
FNDA:1,(anonymous_6)
FNDA:0,(anonymous_7)
FNDA:0,(anonymous_8)
FNDA:0,(anonymous_9)
FNDA:0,(anonymous_10)
DA:5,3
DA:6,3
DA:10,3
DA:18,3
DA:45,3
DA:46,1
DA:47,1
DA:51,1
DA:55,1
DA:56,1
DA:60,1
DA:61,1
DA:62,0
DA:65,1
DA:67,1
DA:68,0
DA:69,1
DA:70,0
DA:72,1
DA:75,1
DA:76,0
DA:77,0
DA:80,1
DA:81,1
DA:83,0
DA:84,0
DA:89,0
DA:90,0
DA:91,0
DA:92,0
DA:93,0
DA:94,0
DA:97,0
DA:98,0
DA:100,0
DA:105,0
DA:106,0
DA:107,0
DA:108,0
DA:109,0
DA:110,0
DA:113,0
DA:114,0
DA:115,0
DA:118,0
DA:119,0
DA:120,0
DA:123,0
DA:125,0
DA:130,1
DA:131,0
DA:132,1
DA:133,1
DA:134,0
DA:135,0
DA:137,0
DA:148,1
DA:149,1
DA:151,1
DA:152,1
DA:153,1
DA:155,1
DA:158,1
DA:161,1
DA:163,1
DA:184,0
DA:185,0
DA:187,0
DA:188,0
DA:189,0
DA:191,0
DA:192,0
DA:193,0
DA:195,0
DA:210,0
DA:211,0
DA:212,0
DA:220,3
DA:224,0
DA:225,0
DA:232,0
DA:233,0
DA:234,0
DA:247,0
DA:248,0
DA:249,0
DA:250,0
DA:253,0
DA:254,0
DA:256,0
DA:257,0
DA:260,0
DA:261,0
DA:263,0
DA:264,0
DA:265,0
DA:266,0
DA:267,0
DA:268,0
DA:269,0
DA:270,0
DA:271,0
DA:273,0
LF:103
LH:32
BRDA:55,0,0,0
BRDA:61,1,0,0
BRDA:61,2,0,1
BRDA:61,2,1,0
BRDA:67,3,0,0
BRDA:67,3,1,1
BRDA:67,4,0,1
BRDA:67,4,1,0
BRDA:69,5,0,0
BRDA:69,5,1,1
BRDA:69,6,0,1
BRDA:69,6,1,0
BRDA:75,7,0,0
BRDA:89,8,0,0
BRDA:89,9,0,0
BRDA:89,9,1,0
BRDA:105,10,0,0
BRDA:105,11,0,0
BRDA:105,11,1,0
BRDA:114,12,0,0
BRDA:119,13,0,0
BRDA:130,14,0,0
BRDA:130,14,1,1
BRDA:132,15,0,1
BRDA:132,15,1,0
BRDA:134,16,0,0
BRDA:134,16,1,0
BRDA:143,17,0,1
BRDA:144,18,0,1
BRDA:145,19,0,1
BRDA:148,20,0,0
BRDA:149,21,0,0
BRDA:179,22,0,0
BRDA:180,23,0,0
BRDA:181,24,0,0
BRDA:184,25,0,0
BRDA:185,26,0,0
BRDA:209,27,0,0
BRDA:248,28,0,0
BRDA:256,29,0,0
BRDA:263,30,0,0
BRDA:263,30,1,0
BRDA:267,31,0,0
BRDA:267,31,1,0
BRF:44
BRH:10
end_of_record
TN:
SF:src/evm_connector.ts
FN:22,(anonymous_0)
FN:27,(anonymous_1)
FN:46,(anonymous_2)
FN:55,(anonymous_3)
FN:64,(anonymous_4)
FN:90,(anonymous_5)
FN:110,(anonymous_6)
FN:126,(anonymous_7)
FN:139,(anonymous_8)
FN:178,(anonymous_9)
FN:185,(anonymous_10)
FN:190,(anonymous_11)
FN:197,(anonymous_12)
FN:208,(anonymous_13)
FN:226,(anonymous_14)
FN:235,(anonymous_15)
FN:243,(anonymous_16)
FN:251,(anonymous_17)
FNF:18
FNH:1
FNDA:1,(anonymous_0)
FNDA:0,(anonymous_1)
FNDA:0,(anonymous_2)
FNDA:0,(anonymous_3)
FNDA:0,(anonymous_4)
FNDA:0,(anonymous_5)
FNDA:0,(anonymous_6)
FNDA:0,(anonymous_7)
FNDA:0,(anonymous_8)
FNDA:0,(anonymous_9)
FNDA:0,(anonymous_10)
FNDA:0,(anonymous_11)
FNDA:0,(anonymous_12)
FNDA:0,(anonymous_13)
FNDA:0,(anonymous_14)
FNDA:0,(anonymous_15)
FNDA:0,(anonymous_16)
FNDA:0,(anonymous_17)
DA:4,3
DA:6,3
DA:16,3
DA:17,1
DA:18,1
DA:19,1
DA:20,1
DA:28,0
DA:29,0
DA:30,0
DA:33,0
DA:34,0
DA:35,0
DA:36,0
DA:37,0
DA:39,0
DA:47,0
DA:48,0
DA:49,0
DA:56,0
DA:57,0
DA:58,0
DA:65,0
DA:67,0
DA:69,0
DA:71,0
DA:74,0
DA:78,0
DA:79,0
DA:80,0
DA:82,0
DA:83,0
DA:91,0
DA:92,0
DA:94,0
DA:95,0
DA:96,0
DA:98,0
DA:99,0
DA:100,0
DA:102,0
DA:103,0
DA:111,0
DA:113,0
DA:114,0
DA:115,0
DA:116,0
DA:118,0
DA:119,0
DA:127,0
DA:128,0
DA:129,0
DA:131,0
DA:132,0
DA:146,0
DA:147,0
DA:149,0
DA:152,0
DA:156,0
DA:158,0
DA:160,0
DA:162,0
DA:166,0
DA:167,0
DA:168,0
DA:170,0
DA:171,0
DA:183,0
DA:184,0
DA:185,0
DA:186,0
DA:189,0
DA:190,0
DA:191,0
DA:196,0
DA:197,0
DA:198,0
DA:202,0
DA:209,0
DA:211,0
DA:212,0
DA:214,0
DA:227,0
DA:228,0
DA:229,0
DA:236,0
DA:237,0
DA:244,0
DA:245,0
DA:252,0
DA:253,0
DA:254,0
DA:255,0
LF:93
LH:7
BRDA:28,0,0,0
BRDA:28,1,0,0
BRDA:28,1,1,0
BRDA:29,2,0,0
BRDA:29,3,0,0
BRDA:29,3,1,0
BRDA:29,3,2,0
BRDA:29,3,3,0
BRDA:47,4,0,0
BRDA:48,5,0,0
BRDA:48,6,0,0
BRDA:48,6,1,0
BRDA:56,7,0,0
BRDA:57,8,0,0
BRDA:57,9,0,0
BRDA:57,9,1,0
BRDA:65,10,0,0
BRDA:91,11,0,0
BRDA:92,12,0,0
BRDA:92,13,0,0
BRDA:92,13,1,0
BRDA:95,14,0,0
BRDA:111,15,0,0
BRDA:127,16,0,0
BRDA:146,17,0,0
BRDA:147,18,0,0
BRDA:147,19,0,0
BRDA:147,19,1,0
BRDA:183,20,0,0
BRDA:184,21,0,0
BRDA:189,22,0,0
BRDA:196,23,0,0
BRDA:196,24,0,0
BRDA:196,24,1,0
BRDA:209,25,0,0
BRDA:212,26,0,0
BRDA:227,27,0,0
BRDA:229,28,0,0
BRDA:229,28,1,0
BRDA:236,29,0,0
BRDA:244,30,0,0
BRDA:252,31,0,0
BRDA:253,32,0,0
BRDA:253,33,0,0
BRDA:253,33,1,0
BRDA:254,34,0,0
BRF:46
BRH:0
end_of_record
TN:
SF:src/golay.ts
FN:20,weight
FN:33,multiplyP
FN:43,encodeWord
FN:51,decodeWord
FN:91,golayEncode
FN:121,golayDecode
FNF:6
FNH:6
FNDA:41,weight
FNDA:3581,multiplyP
FNDA:146,encodeWord
FNDA:3434,decodeWord
FNDA:48,golayEncode
FNDA:1152,golayDecode
DA:7,6
DA:12,6
DA:21,41
DA:22,41
DA:23,41
DA:24,219
DA:25,219
DA:27,41
DA:34,3581
DA:35,3581
DA:36,42972
DA:37,15667
DA:40,3581
DA:44,146
DA:45,146
DA:52,3434
DA:53,3434
DA:56,3434
DA:58,3434
DA:61,4
DA:62,1
DA:66,3
DA:67,21
DA:68,2
DA:73,1
DA:76,1
DA:77,0
DA:81,1
DA:82,12
DA:83,0
DA:84,0
DA:88,1
DA:91,6
DA:93,48
DA:94,48
DA:97,48
DA:98,73
DA:99,73
DA:100,73
DA:103,73
DA:104,73
DA:105,73
DA:106,73
DA:107,73
DA:109,73
DA:111,73
DA:112,73
DA:113,73
DA:114,73
DA:115,73
DA:118,48
DA:121,6
DA:123,1152
DA:124,0
DA:126,1152
DA:127,1152
DA:128,1152
DA:129,1152
DA:130,1152
DA:132,1152
DA:133,1717
DA:134,1717
DA:135,1717
DA:136,1717
DA:138,1717
DA:139,1717
DA:141,1717
DA:142,1717
DA:143,1717
DA:144,1717
DA:145,1717
DA:147,1717
DA:148,1717
DA:150,0
DA:154,1152
LF:75
LH:70
BRDA:36,0,0,15667
BRDA:58,1,0,3430
BRDA:61,2,0,1
BRDA:67,3,0,2
BRDA:76,4,0,0
BRDA:82,5,0,0
BRDA:99,6,0,73
BRDA:99,6,1,0
BRDA:100,7,0,73
BRDA:100,7,1,0
BRDA:109,8,0,73
BRDA:123,9,0,0
BRDA:136,10,0,1
BRDA:138,11,0,1717
BRDA:141,12,0,1717
BRDA:141,12,1,0
BRDA:145,13,0,0
BRDA:147,14,0,1717
BRDA:148,15,0,1717
BRDA:150,16,0,0
BRF:20
BRH:12
end_of_record
TN:
SF:src/grg_forward.ts
FN:7,(anonymous_0)
FN:26,(anonymous_1)
FN:53,(anonymous_2)
FN:66,(anonymous_3)
FN:76,(anonymous_4)
FNF:5
FNH:5
FNDA:7,(anonymous_0)
FNDA:7,(anonymous_1)
FNDA:42,(anonymous_2)
FNDA:7,(anonymous_3)
FNDA:42,(anonymous_4)
DA:1,4
DA:2,4
DA:4,4
DA:8,7
DA:9,7
DA:11,7
DA:12,7
DA:13,104
DA:14,104
DA:15,104
DA:18,7
DA:19,7
DA:20,96
DA:22,7
DA:28,7
DA:29,7
DA:30,7
DA:32,7
DA:33,28
DA:34,28
DA:35,28
DA:38,7
DA:39,14
DA:40,14
DA:41,66
DA:42,66
DA:43,264
DA:45,66
DA:47,14
DA:49,7
DA:54,42
DA:57,42
DA:58,42
DA:60,42
DA:61,42
DA:62,42
DA:63,42
DA:67,7
DA:69,7
DA:70,7
DA:71,7
DA:72,7
DA:73,7
DA:74,7
DA:75,7
DA:76,42
LF:46
LH:46
BRDA:7,0,0,7
BRDA:9,1,0,0
BRDA:26,2,0,7
BRDA:26,3,0,7
BRF:4
BRH:3
end_of_record
TN:
SF:src/grg_inverse.ts
FN:8,(anonymous_0)
FN:32,(anonymous_1)
FN:42,(anonymous_2)
FN:68,(anonymous_3)
FN:70,(anonymous_4)
FNF:5
FNH:5
FNDA:1148,(anonymous_0)
FNDA:191,(anonymous_1)
FNDA:191,(anonymous_2)
FNDA:193,(anonymous_3)
FNDA:1148,(anonymous_4)
DA:1,5
DA:2,5
DA:3,5
DA:5,5
DA:9,1148
DA:12,1148
DA:13,1148
DA:16,1148
DA:17,1148
DA:19,1148
DA:20,2
DA:24,1146
DA:25,1146
DA:26,0
DA:28,1146
DA:33,191
DA:34,191
DA:35,191
DA:36,764
DA:38,191
DA:43,191
DA:44,191
DA:45,191
DA:46,2656
DA:49,191
DA:50,191
DA:51,191
DA:52,3282
DA:53,3282
DA:54,5029
DA:55,5029
DA:57,3282
DA:59,3282
DA:60,3282
DA:61,3091
DA:62,3091
DA:63,3091
DA:65,191
DA:69,193
DA:70,1148
DA:71,191
DA:74,191
DA:75,191
DA:76,191
DA:78,191
DA:79,191
DA:81,191
DA:82,191
DA:83,2751
DA:85,188
DA:87,2
DA:88,2
LF:52
LH:51
BRDA:9,0,0,0
BRDA:19,1,0,2
BRDA:25,2,0,0
BRDA:32,3,0,191
BRDA:42,4,0,191
BRDA:57,5,0,3282
BRDA:60,6,0,191
BRDA:74,7,0,0
BRDA:81,8,0,0
BRDA:83,9,0,3
BRF:10
BRH:6
end_of_record
TN:
SF:src/grg_pipeline.ts
FN:10,(anonymous_0)
FN:26,(anonymous_1)
FN:29,(anonymous_2)
FNF:3
FNH:0
FNDA:0,(anonymous_0)
FNDA:0,(anonymous_1)
FNDA:0,(anonymous_2)
DA:1,1
DA:2,1
DA:3,1
DA:5,1
DA:11,0
DA:12,0
DA:13,0
DA:14,0
DA:15,0
DA:17,0
DA:18,0
DA:27,0
DA:28,0
DA:29,0
DA:30,0
DA:33,0
DA:34,0
DA:36,0
DA:37,0
DA:39,0
DA:40,0
DA:43,0
DA:44,0
DA:46,0
DA:47,0
LF:25
LH:4
BRDA:39,0,0,0
BRF:1
BRH:0
end_of_record
TN:
SF:src/index.ts
FNF:0
FNH:0
DA:2,1
DA:3,1
DA:4,1
DA:5,1
DA:6,1
DA:7,1
DA:8,1
DA:9,1
DA:10,1
DA:11,1
DA:12,1
DA:13,1
DA:14,1
DA:15,1
DA:16,1
DA:17,1
DA:18,1
LF:17
LH:17
BRF:0
BRH:0
end_of_record
TN:
SF:src/logger.ts
FN:3,(anonymous_0)
FN:14,(anonymous_1)
FN:18,(anonymous_2)
FN:25,(anonymous_3)
FN:30,(anonymous_4)
FN:34,(anonymous_5)
FN:38,(anonymous_6)
FN:49,(anonymous_7)
FNF:8
FNH:7
FNDA:10,(anonymous_0)
FNDA:10,(anonymous_1)
FNDA:10,(anonymous_2)
FNDA:112,(anonymous_3)
FNDA:98,(anonymous_4)
FNDA:10,(anonymous_5)
FNDA:4,(anonymous_6)
FNDA:0,(anonymous_7)
DA:3,10
DA:4,10
DA:5,10
DA:6,10
DA:7,10
DA:10,10
DA:15,10
DA:19,10
DA:20,10
DA:22,10
DA:26,112
DA:27,112
DA:31,98
DA:35,10
DA:39,4
DA:40,4
DA:41,0
DA:42,0
DA:43,0
DA:46,4
DA:50,0
DA:51,0
DA:56,10
LF:23
LH:18
BRDA:3,0,0,10
BRDA:3,0,1,10
BRDA:14,1,0,10
BRDA:19,2,0,10
BRDA:40,3,0,0
BRDA:42,4,0,0
BRDA:50,5,0,0
BRF:7
BRH:4
end_of_record
TN:
SF:src/pool_registry.ts
FN:16,(anonymous_0)
FN:32,(anonymous_1)
FN:61,(anonymous_2)
FN:73,(anonymous_3)
FN:88,(anonymous_4)
FN:102,(anonymous_5)
FN:115,(anonymous_6)
FNF:7
FNH:6
FNDA:6,(anonymous_0)
FNDA:5,(anonymous_1)
FNDA:3,(anonymous_2)
FNDA:6,(anonymous_3)
FNDA:3,(anonymous_4)
FNDA:2,(anonymous_5)
FNDA:0,(anonymous_6)
DA:1,4
DA:7,4
DA:8,9
DA:9,9
DA:17,6
DA:18,6
DA:19,6
DA:20,6
DA:33,5
DA:36,5
DA:37,0
DA:40,5
DA:41,5
DA:42,5
DA:50,5
DA:52,5
DA:62,3
DA:63,3
DA:64,3
DA:65,3
DA:74,6
DA:75,6
DA:76,6
DA:77,6
DA:78,1
DA:80,5
DA:89,3
DA:90,3
DA:91,3
DA:92,3
DA:93,3
DA:103,2
DA:104,2
DA:105,2
DA:106,2
DA:107,2
DA:116,0
LF:37
LH:35
BRDA:17,0,0,0
BRDA:17,1,0,6
BRDA:17,1,1,6
BRDA:19,2,0,6
BRDA:33,3,0,0
BRDA:33,4,0,5
BRDA:33,4,1,5
BRDA:36,5,0,0
BRDA:62,6,0,0
BRDA:62,7,0,3
BRDA:62,7,1,3
BRDA:74,8,0,0
BRDA:74,9,0,6
BRDA:74,9,1,6
BRDA:77,10,0,1
BRDA:89,11,0,0
BRDA:89,12,0,3
BRDA:89,12,1,3
BRDA:92,13,0,3
BRDA:103,14,0,0
BRDA:103,15,0,2
BRDA:103,15,1,2
BRDA:106,16,0,2
BRF:23
BRH:16
end_of_record
TN:
SF:src/protocol_fee.ts
FN:19,(anonymous_0)
FN:26,(anonymous_1)
FN:45,(anonymous_2)
FN:81,(anonymous_3)
FN:112,(anonymous_4)
FN:119,(anonymous_5)
FNF:6
FNH:6
FNDA:8,(anonymous_0)
FNDA:6,(anonymous_1)
FNDA:8,(anonymous_2)
FNDA:2,(anonymous_3)
FNDA:4,(anonymous_4)
FNDA:10,(anonymous_5)
DA:1,4
DA:3,4
DA:10,4
DA:11,8
DA:14,8
DA:17,8
DA:20,8
DA:21,8
DA:22,8
DA:23,8
DA:27,6
DA:29,5
DA:33,5
DA:34,5
DA:52,8
DA:53,8
DA:56,4
DA:57,4
DA:64,4
DA:66,4
DA:67,4
DA:69,4
DA:88,2
DA:89,2
DA:92,2
DA:93,2
DA:100,2
DA:102,2
DA:103,2
DA:105,0
DA:113,4
DA:127,10
DA:128,1
DA:132,9
DA:133,9
DA:134,1
DA:137,8
DA:138,8
DA:145,8
DA:154,8
DA:161,8
DA:162,8
DA:163,7
DA:164,1
DA:166,6
DA:168,2
LF:46
LH:45
BRDA:27,0,0,1
BRDA:127,1,0,1
BRDA:133,2,0,1
BRDA:163,3,0,1
BRF:4
BRH:4
end_of_record
TN:
SF:src/time_synthesis.ts
FN:14,(anonymous_9)
FN:16,(anonymous_10)
FN:17,(anonymous_11)
FN:26,(anonymous_12)
FN:31,(anonymous_13)
FN:37,(anonymous_14)
FN:82,(anonymous_15)
FN:96,(anonymous_16)
FN:111,(anonymous_17)
FN:112,(anonymous_18)
FN:123,(anonymous_19)
FN:126,(anonymous_20)
FN:152,(anonymous_21)
FN:183,(anonymous_22)
FN:185,(anonymous_23)
FN:200,(anonymous_24)
FN:223,(anonymous_25)
FN:242,(anonymous_26)
FNF:18
FNH:13
FNDA:18,(anonymous_9)
FNDA:3,(anonymous_10)
FNDA:3,(anonymous_11)
FNDA:0,(anonymous_12)
FNDA:0,(anonymous_13)
FNDA:3,(anonymous_14)
FNDA:3,(anonymous_15)
FNDA:7,(anonymous_16)
FNDA:0,(anonymous_17)
FNDA:0,(anonymous_18)
FNDA:6,(anonymous_19)
FNDA:18,(anonymous_20)
FNDA:11,(anonymous_21)
FNDA:1,(anonymous_22)
FNDA:3,(anonymous_23)
FNDA:2,(anonymous_24)
FNDA:3,(anonymous_25)
FNDA:0,(anonymous_26)
DA:1,3
DA:2,3
DA:4,3
DA:11,3
DA:13,3
DA:14,18
DA:17,3
DA:18,3
DA:19,3
DA:22,3
DA:24,3
DA:26,3
DA:27,0
DA:28,0
DA:31,3
DA:32,0
DA:33,0
DA:34,0
DA:37,3
DA:38,3
DA:39,3
DA:40,3
DA:42,3
DA:43,0
DA:44,0
DA:47,3
DA:48,3
DA:49,0
DA:50,0
DA:54,3
DA:55,3
DA:56,3
DA:59,3
DA:60,3
DA:61,3
DA:64,3
DA:65,3
DA:68,3
DA:69,3
DA:71,3
DA:72,3
DA:74,3
DA:82,3
DA:83,3
DA:84,0
DA:85,0
DA:86,0
DA:93,3
DA:94,7
DA:97,7
DA:99,7
DA:100,18
DA:101,6
DA:102,12
DA:103,6
DA:104,6
DA:106,6
DA:112,0
DA:113,0
DA:114,0
DA:124,6
DA:126,18
DA:128,6
DA:129,18
DA:130,12
DA:132,6
DA:136,6
DA:137,1
DA:140,5
DA:141,1
DA:142,1
DA:152,11
DA:158,4
DA:160,1
DA:161,1
DA:162,1
DA:165,3
DA:166,3
DA:167,3
DA:168,3
DA:171,4
DA:184,1
DA:185,3
DA:187,1
DA:188,3
DA:189,3
DA:193,1
DA:194,0
DA:197,1
DA:200,2
DA:206,1
DA:207,0
DA:208,0
DA:209,0
DA:210,1
DA:211,0
DA:212,0
DA:213,0
DA:215,1
DA:216,1
DA:217,1
DA:218,1
DA:223,3
DA:229,1
DA:243,0
DA:244,0
DA:245,0
DA:247,0
DA:248,0
DA:249,0
DA:251,0
LF:111
LH:82
BRDA:14,0,0,18
BRDA:42,1,0,0
BRDA:48,2,0,0
BRDA:48,3,0,3
BRDA:48,3,1,3
BRDA:83,4,0,0
BRDA:97,5,0,7
BRDA:97,5,1,1
BRDA:100,6,0,6
BRDA:100,6,1,12
BRDA:102,7,0,6
BRDA:102,7,1,6
BRDA:104,8,0,6
BRDA:104,9,0,6
BRDA:104,9,1,0
BRDA:113,10,0,0
BRDA:129,11,0,12
BRDA:129,11,1,6
BRDA:136,12,0,1
BRDA:140,13,0,1
BRDA:152,14,0,6
BRDA:152,14,1,5
BRDA:152,15,0,5
BRDA:152,15,1,0
BRDA:158,16,0,1
BRDA:158,16,1,3
BRDA:188,17,0,3
BRDA:193,18,0,0
BRDA:200,19,0,0
BRDA:200,19,1,2
BRDA:200,20,0,2
BRDA:200,20,1,0
BRDA:206,21,0,0
BRDA:206,21,1,1
BRDA:210,22,0,0
BRDA:210,22,1,1
BRDA:244,23,0,0
BRDA:245,24,0,0
BRDA:248,25,0,0
BRDA:248,25,1,0
BRDA:249,26,0,0
BRF:41
BRH:25
end_of_record
TN:
SF:src/ttt_builder.ts
FN:15,(anonymous_0)
FN:23,(anonymous_1)
FN:45,(anonymous_2)
FN:79,(anonymous_3)
FN:92,(anonymous_4)
FN:99,(anonymous_5)
FNF:6
FNH:6
FNDA:8,(anonymous_0)
FNDA:3,(anonymous_1)
FNDA:3,(anonymous_2)
FNDA:23,(anonymous_3)
FNDA:4,(anonymous_4)
FNDA:4,(anonymous_5)
DA:3,3
DA:4,3
DA:5,3
DA:6,3
DA:7,3
DA:9,3
DA:10,8
DA:12,8
DA:16,8
DA:17,8
DA:24,3
DA:27,3
DA:28,3
DA:36,3
DA:38,3
DA:46,3
DA:50,3
DA:51,3
DA:54,3
DA:55,3
DA:56,0
DA:57,0
DA:58,0
DA:61,3
DA:62,1
DA:66,2
DA:67,2
DA:68,2
DA:70,2
DA:72,2
DA:80,23
DA:82,23
DA:83,23
DA:85,23
DA:86,23
DA:93,4
DA:100,4
LF:37
LH:34
BRDA:16,0,0,8
BRDA:16,0,1,0
BRDA:23,1,0,3
BRDA:45,2,0,1
BRDA:50,3,0,3
BRDA:50,3,1,0
BRDA:55,4,0,0
BRDA:61,5,0,1
BRDA:67,6,0,2
BRDA:67,6,1,0
BRF:10
BRH:6
end_of_record
TN:
SF:src/ttt_client.ts
FN:21,(anonymous_0)
FN:27,(anonymous_1)
FN:40,(anonymous_2)
FN:63,(anonymous_3)
FN:69,(anonymous_4)
FN:73,(anonymous_5)
FN:91,(anonymous_6)
FN:103,(anonymous_7)
FN:110,(anonymous_8)
FN:117,(anonymous_9)
FN:124,(anonymous_10)
FNF:11
FNH:5
FNDA:2,(anonymous_0)
FNDA:0,(anonymous_1)
FNDA:2,(anonymous_2)
FNDA:0,(anonymous_3)
FNDA:0,(anonymous_4)
FNDA:0,(anonymous_5)
FNDA:1,(anonymous_6)
FNDA:1,(anonymous_7)
FNDA:0,(anonymous_8)
FNDA:0,(anonymous_9)
FNDA:1,(anonymous_10)
DA:1,2
DA:2,2
DA:4,2
DA:5,2
DA:11,2
DA:15,2
DA:16,2
DA:17,2
DA:18,2
DA:19,2
DA:22,2
DA:23,2
DA:24,2
DA:27,2
DA:28,0
DA:29,0
DA:30,0
DA:33,0
DA:41,2
DA:43,2
DA:44,2
DA:45,2
DA:47,2
DA:48,2
DA:51,2
DA:54,2
DA:55,0
DA:58,0
DA:62,2
DA:64,0
DA:65,0
DA:70,0
DA:71,0
DA:74,0
DA:78,2
DA:79,2
DA:81,0
DA:82,0
DA:83,0
DA:84,0
DA:92,1
DA:93,0
DA:96,1
DA:97,1
DA:104,1
DA:111,0
DA:118,0
DA:133,1
DA:134,0
DA:137,1
DA:138,1
DA:139,0
DA:142,1
DA:143,1
DA:145,1
DA:146,1
DA:147,0
DA:148,0
DA:153,0
DA:160,1
LF:60
LH:37
BRDA:41,0,0,0
BRDA:54,1,0,0
BRDA:65,2,0,0
BRDA:92,3,0,0
BRDA:133,4,0,0
BRDA:133,5,0,1
BRDA:133,5,1,1
BRDA:138,6,0,0
BRDA:146,7,0,0
BRDA:146,7,1,1
BRF:10
BRH:3
end_of_record
TN:
SF:src/types.ts
FNF:0
FNH:0
DA:5,3
LF:1
LH:1
BRF:0
BRH:0
end_of_record
TN:
SF:src/v4_hook.ts
FN:25,(anonymous_0)
FN:43,(anonymous_1)
FN:81,(anonymous_2)
FN:108,(anonymous_3)
FN:115,(anonymous_4)
FNF:5
FNH:5
FNDA:6,(anonymous_0)
FNDA:4,(anonymous_1)
FNDA:2,(anonymous_2)
FNDA:1,(anonymous_3)
FNDA:4,(anonymous_4)
DA:1,3
DA:4,3
DA:10,3
DA:16,6
DA:18,6
DA:32,6
DA:33,6
DA:34,6
DA:35,6
DA:36,6
DA:44,4
DA:46,4
DA:49,4
DA:50,4
DA:51,4
DA:55,4
DA:56,4
DA:58,3
DA:59,1
DA:65,2
DA:67,2
DA:68,1
DA:73,2
DA:74,2
DA:82,2
DA:85,2
DA:86,2
DA:88,2
DA:89,2
DA:91,0
DA:92,0
DA:93,0
DA:96,2
DA:97,2
DA:100,2
DA:101,2
DA:109,1
DA:116,4
LF:38
LH:35
BRDA:29,0,0,6
BRDA:30,1,0,6
BRDA:49,2,0,4
BRDA:58,3,0,1
BRDA:67,4,0,1
BRF:5
BRH:5
end_of_record
TN:
SF:src/x402_enforcer.ts
FN:26,(anonymous_0)
FN:35,(anonymous_1)
FN:61,(anonymous_2)
FN:83,(anonymous_3)
FNF:4
FNH:2
FNDA:6,(anonymous_0)
FNDA:6,(anonymous_1)
FNDA:0,(anonymous_2)
FNDA:0,(anonymous_3)
DA:6,2
DA:17,2
DA:24,2
DA:27,6
DA:28,6
DA:29,6
DA:42,6
DA:44,6
DA:45,2
DA:48,4
DA:49,4
DA:51,4
DA:68,0
DA:69,0
DA:71,0
DA:72,0
DA:73,0
DA:75,0
DA:76,0
DA:84,0
DA:85,0
LF:21
LH:12
BRDA:27,0,0,6
BRDA:27,0,1,0
BRDA:44,1,0,2
BRF:3
BRH:2
end_of_record
